[2022-02-23 23:07:40,928] {taskinstance.py:1032} INFO - Dependencies all met for <TaskInstance: Download_Stock_Price.download_prices manual__2022-02-23T15:07:37.961468+00:00 [queued]>
[2022-02-23 23:07:40,930] {taskinstance.py:1032} INFO - Dependencies all met for <TaskInstance: Download_Stock_Price.download_prices manual__2022-02-23T15:07:37.961468+00:00 [queued]>
[2022-02-23 23:07:40,930] {taskinstance.py:1238} INFO - 
--------------------------------------------------------------------------------
[2022-02-23 23:07:40,930] {taskinstance.py:1239} INFO - Starting attempt 1 of 2
[2022-02-23 23:07:40,930] {taskinstance.py:1240} INFO - 
--------------------------------------------------------------------------------
[2022-02-23 23:07:40,934] {taskinstance.py:1259} INFO - Executing <Task(PythonOperator): download_prices> on 2022-02-23 15:07:37.961468+00:00
[2022-02-23 23:07:40,935] {standard_task_runner.py:52} INFO - Started process 23844 to run task
[2022-02-23 23:07:40,938] {standard_task_runner.py:76} INFO - Running: ['airflow', 'tasks', 'run', 'Download_Stock_Price', 'download_prices', 'manual__2022-02-23T15:07:37.961468+00:00', '--job-id', '4', '--raw', '--subdir', 'DAGS_FOLDER/download_stock_price.py', '--cfg-path', '/var/folders/7y/kt4ctk651rggrj3r9z9t02wc0000gp/T/tmpm9rtrbi3', '--error-file', '/var/folders/7y/kt4ctk651rggrj3r9z9t02wc0000gp/T/tmpzblu3kpf']
[2022-02-23 23:07:40,938] {standard_task_runner.py:77} INFO - Job 4: Subtask download_prices
[2022-02-23 23:07:40,952] {logging_mixin.py:109} INFO - Running <TaskInstance: Download_Stock_Price.download_prices manual__2022-02-23T15:07:37.961468+00:00 [running]> on host 1.0.0.0.0.0.0.0.0.0.0.0.0.0.0.0.0.0.0.0.0.0.0.0.0.0.0.0.0.0.0.0.ip6.arpa
[2022-02-23 23:07:40,963] {taskinstance.py:1424} INFO - Exporting the following env vars:
AIRFLOW_CTX_DAG_EMAIL=andy.hsu871226@gmail.com
AIRFLOW_CTX_DAG_OWNER=andyhsu
AIRFLOW_CTX_DAG_ID=Download_Stock_Price
AIRFLOW_CTX_TASK_ID=download_prices
AIRFLOW_CTX_EXECUTION_DATE=2022-02-23T15:07:37.961468+00:00
AIRFLOW_CTX_DAG_RUN_ID=manual__2022-02-23T15:07:37.961468+00:00
[2022-02-23 23:07:41,647] {logging_mixin.py:109} INFO - <class 'pandas.core.frame.DataFrame'>
[2022-02-23 23:07:41,647] {logging_mixin.py:109} INFO - (9062, 7)
[2022-02-23 23:07:41,655] {logging_mixin.py:109} INFO -                   Open        High  ...  Dividends  Stock Splits
Date                                ...                         
1986-03-13    0.055783    0.063987  ...       0.00           0.0
1986-03-14    0.061252    0.064533  ...       0.00           0.0
1986-03-17    0.063439    0.065080  ...       0.00           0.0
1986-03-18    0.064533    0.065080  ...       0.00           0.0
1986-03-19    0.062892    0.063439  ...       0.00           0.0
...                ...         ...  ...        ...           ...
2022-02-16  298.369995  300.869995  ...       0.62           0.0
2022-02-17  296.359985  296.799988  ...       0.00           0.0
2022-02-18  293.049988  293.859985  ...       0.00           0.0
2022-02-22  285.000000  291.540009  ...       0.00           0.0
2022-02-23  290.179993  291.700012  ...       0.00           0.0

[9062 rows x 7 columns]
[2022-02-23 23:07:41,656] {python.py:175} INFO - Done. Returned value was: None
[2022-02-23 23:07:41,659] {taskinstance.py:1267} INFO - Marking task as SUCCESS. dag_id=Download_Stock_Price, task_id=download_prices, execution_date=20220223T150737, start_date=20220223T150740, end_date=20220223T150741
[2022-02-23 23:07:41,706] {local_task_job.py:154} INFO - Task exited with return code 0
[2022-02-23 23:07:41,715] {local_task_job.py:264} INFO - 0 downstream tasks scheduled from follow-on schedule check
