[2022-02-23 23:22:58,181] {taskinstance.py:1032} INFO - Dependencies all met for <TaskInstance: Download_Stock_Price.download_prices manual__2022-02-23T15:22:55.265122+00:00 [queued]>
[2022-02-23 23:22:58,184] {taskinstance.py:1032} INFO - Dependencies all met for <TaskInstance: Download_Stock_Price.download_prices manual__2022-02-23T15:22:55.265122+00:00 [queued]>
[2022-02-23 23:22:58,184] {taskinstance.py:1238} INFO - 
--------------------------------------------------------------------------------
[2022-02-23 23:22:58,184] {taskinstance.py:1239} INFO - Starting attempt 1 of 2
[2022-02-23 23:22:58,185] {taskinstance.py:1240} INFO - 
--------------------------------------------------------------------------------
[2022-02-23 23:22:58,189] {taskinstance.py:1259} INFO - Executing <Task(PythonOperator): download_prices> on 2022-02-23 15:22:55.265122+00:00
[2022-02-23 23:22:58,191] {standard_task_runner.py:52} INFO - Started process 24536 to run task
[2022-02-23 23:22:58,193] {standard_task_runner.py:76} INFO - Running: ['airflow', 'tasks', 'run', 'Download_Stock_Price', 'download_prices', 'manual__2022-02-23T15:22:55.265122+00:00', '--job-id', '9', '--raw', '--subdir', 'DAGS_FOLDER/download_stock_price.py', '--cfg-path', '/var/folders/7y/kt4ctk651rggrj3r9z9t02wc0000gp/T/tmp9fqy9jmr', '--error-file', '/var/folders/7y/kt4ctk651rggrj3r9z9t02wc0000gp/T/tmpk0_0hppq']
[2022-02-23 23:22:58,194] {standard_task_runner.py:77} INFO - Job 9: Subtask download_prices
[2022-02-23 23:22:58,210] {logging_mixin.py:109} INFO - Running <TaskInstance: Download_Stock_Price.download_prices manual__2022-02-23T15:22:55.265122+00:00 [running]> on host 1.0.0.0.0.0.0.0.0.0.0.0.0.0.0.0.0.0.0.0.0.0.0.0.0.0.0.0.0.0.0.0.ip6.arpa
[2022-02-23 23:22:58,223] {taskinstance.py:1424} INFO - Exporting the following env vars:
AIRFLOW_CTX_DAG_EMAIL=andy.hsu871226@gmail.com
AIRFLOW_CTX_DAG_OWNER=andyhsu
AIRFLOW_CTX_DAG_ID=Download_Stock_Price
AIRFLOW_CTX_TASK_ID=download_prices
AIRFLOW_CTX_EXECUTION_DATE=2022-02-23T15:22:55.265122+00:00
AIRFLOW_CTX_DAG_RUN_ID=manual__2022-02-23T15:22:55.265122+00:00
[2022-02-23 23:22:58,225] {logging_mixin.py:109} INFO - IBM GE MSFT AAPL
[2022-02-23 23:22:58,225] {logging_mixin.py:109} INFO - ['IBM', 'GE', 'AAPL', 'MSFT']
[2022-02-23 23:22:58,225] {logging_mixin.py:109} INFO - 4
[2022-02-23 23:22:58,225] {logging_mixin.py:109} INFO - ['IBM', 'GE']
[2022-02-23 23:22:58,823] {logging_mixin.py:109} INFO - <class 'pandas.core.frame.DataFrame'>
[2022-02-23 23:22:58,823] {logging_mixin.py:109} INFO - (9062, 7)
[2022-02-23 23:22:58,823] {logging_mixin.py:109} INFO - /
[2022-02-23 23:22:59,153] {logging_mixin.py:109} INFO - Finished dowloading price
[2022-02-23 23:22:59,153] {python.py:175} INFO - Done. Returned value was: None
[2022-02-23 23:22:59,155] {taskinstance.py:1267} INFO - Marking task as SUCCESS. dag_id=Download_Stock_Price, task_id=download_prices, execution_date=20220223T152255, start_date=20220223T152258, end_date=20220223T152259
[2022-02-23 23:22:59,194] {local_task_job.py:154} INFO - Task exited with return code 0
[2022-02-23 23:22:59,202] {local_task_job.py:264} INFO - 0 downstream tasks scheduled from follow-on schedule check
