[2022-02-27 15:57:04,953] {taskinstance.py:1032} INFO - Dependencies all met for <TaskInstance: Download_Stock_Price.save_to_database manual__2022-02-27T07:56:57.068905+00:00 [queued]>
[2022-02-27 15:57:04,970] {taskinstance.py:1032} INFO - Dependencies all met for <TaskInstance: Download_Stock_Price.save_to_database manual__2022-02-27T07:56:57.068905+00:00 [queued]>
[2022-02-27 15:57:04,970] {taskinstance.py:1238} INFO - 
--------------------------------------------------------------------------------
[2022-02-27 15:57:04,970] {taskinstance.py:1239} INFO - Starting attempt 1 of 1
[2022-02-27 15:57:04,970] {taskinstance.py:1240} INFO - 
--------------------------------------------------------------------------------
[2022-02-27 15:57:04,987] {taskinstance.py:1259} INFO - Executing <Task(PythonOperator): save_to_database> on 2022-02-27 07:56:57.068905+00:00
[2022-02-27 15:57:04,991] {standard_task_runner.py:52} INFO - Started process 49671 to run task
[2022-02-27 15:57:04,995] {standard_task_runner.py:76} INFO - Running: ['***', 'tasks', 'run', 'Download_Stock_Price', 'save_to_database', 'manual__2022-02-27T07:56:57.068905+00:00', '--job-id', '17', '--raw', '--subdir', 'DAGS_FOLDER/download_stock_price.py', '--cfg-path', '/var/folders/7y/kt4ctk651rggrj3r9z9t02wc0000gp/T/tmpwsar9xyp', '--error-file', '/var/folders/7y/kt4ctk651rggrj3r9z9t02wc0000gp/T/tmpo9yhw85a']
[2022-02-27 15:57:04,998] {standard_task_runner.py:77} INFO - Job 17: Subtask save_to_database
[2022-02-27 15:57:05,115] {logging_mixin.py:109} INFO - Running <TaskInstance: Download_Stock_Price.save_to_database manual__2022-02-27T07:56:57.068905+00:00 [running]> on host 1.0.0.0.0.0.0.0.0.0.0.0.0.0.0.0.0.0.0.0.0.0.0.0.0.0.0.0.0.0.0.0.ip6.arpa
[2022-02-27 15:57:05,208] {taskinstance.py:1424} INFO - Exporting the following env vars:
AIRFLOW_CTX_DAG_OWNER=andyhsu
AIRFLOW_CTX_DAG_ID=Download_Stock_Price
AIRFLOW_CTX_TASK_ID=save_to_database
AIRFLOW_CTX_EXECUTION_DATE=2022-02-27T07:56:57.068905+00:00
AIRFLOW_CTX_DAG_RUN_ID=manual__2022-02-27T07:56:57.068905+00:00
[2022-02-27 15:57:05,211] {logging_mixin.py:109} WARNING - /Users/andyhsu/tutorial-env/lib/python3.9/site-packages/***/utils/context.py:152 AirflowContextDeprecationWarning: Accessing 'execution_date' from the template is deprecated and will be removed in a future version. Please use 'data_interval_start' or 'logical_date' instead.
[2022-02-27 15:57:05,212] {logging_mixin.py:109} WARNING - /Users/andyhsu/tutorial-env/lib/python3.9/site-packages/***/utils/context.py:152 AirflowContextDeprecationWarning: Accessing 'next_ds' from the template is deprecated and will be removed in a future version. Please use '{{ data_interval_end | ds }}' instead.
[2022-02-27 15:57:05,213] {logging_mixin.py:109} WARNING - /Users/andyhsu/tutorial-env/lib/python3.9/site-packages/***/utils/context.py:152 AirflowContextDeprecationWarning: Accessing 'next_ds_nodash' from the template is deprecated and will be removed in a future version. Please use '{{ data_interval_end | ds_nodash }}' instead.
[2022-02-27 15:57:05,213] {logging_mixin.py:109} WARNING - /Users/andyhsu/tutorial-env/lib/python3.9/site-packages/***/utils/context.py:152 AirflowContextDeprecationWarning: Accessing 'next_execution_date' from the template is deprecated and will be removed in a future version. Please use 'data_interval_end' instead.
[2022-02-27 15:57:05,214] {logging_mixin.py:109} WARNING - /Users/andyhsu/tutorial-env/lib/python3.9/site-packages/***/utils/context.py:152 AirflowContextDeprecationWarning: Accessing 'prev_ds' from the template is deprecated and will be removed in a future version.
[2022-02-27 15:57:05,214] {logging_mixin.py:109} WARNING - /Users/andyhsu/tutorial-env/lib/python3.9/site-packages/***/utils/context.py:152 AirflowContextDeprecationWarning: Accessing 'prev_ds_nodash' from the template is deprecated and will be removed in a future version.
[2022-02-27 15:57:05,215] {logging_mixin.py:109} WARNING - /Users/andyhsu/tutorial-env/lib/python3.9/site-packages/***/utils/context.py:152 AirflowContextDeprecationWarning: Accessing 'prev_execution_date' from the template is deprecated and will be removed in a future version.
[2022-02-27 15:57:05,215] {logging_mixin.py:109} WARNING - /Users/andyhsu/tutorial-env/lib/python3.9/site-packages/***/utils/context.py:152 AirflowContextDeprecationWarning: Accessing 'prev_execution_date_success' from the template is deprecated and will be removed in a future version. Please use 'prev_data_interval_start_success' instead.
[2022-02-27 15:57:05,216] {logging_mixin.py:109} WARNING - /Users/andyhsu/tutorial-env/lib/python3.9/site-packages/***/utils/context.py:152 AirflowContextDeprecationWarning: Accessing 'tomorrow_ds' from the template is deprecated and will be removed in a future version.
[2022-02-27 15:57:05,216] {logging_mixin.py:109} WARNING - /Users/andyhsu/tutorial-env/lib/python3.9/site-packages/***/utils/context.py:152 AirflowContextDeprecationWarning: Accessing 'tomorrow_ds_nodash' from the template is deprecated and will be removed in a future version.
[2022-02-27 15:57:05,217] {logging_mixin.py:109} WARNING - /Users/andyhsu/tutorial-env/lib/python3.9/site-packages/***/utils/context.py:152 AirflowContextDeprecationWarning: Accessing 'yesterday_ds' from the template is deprecated and will be removed in a future version.
[2022-02-27 15:57:05,218] {logging_mixin.py:109} WARNING - /Users/andyhsu/tutorial-env/lib/python3.9/site-packages/***/utils/context.py:152 AirflowContextDeprecationWarning: Accessing 'yesterday_ds_nodash' from the template is deprecated and will be removed in a future version.
[2022-02-27 15:57:05,288] {logging_mixin.py:109} INFO - IBM lengeth=22   ['IBM', '2022-01-27', '132.0691647317324', '133.1461877899524', '130.50796829012884', '130.94273376464844']
[2022-02-27 15:57:05,303] {logging_mixin.py:109} INFO - 22 record inserted
[2022-02-27 15:57:05,304] {logging_mixin.py:109} INFO - GE lengeth=22   ['GE', '2022-01-27', '90.0', '91.7699966430664', '88.06999969482422', '89.9000015258789']
[2022-02-27 15:57:05,315] {logging_mixin.py:109} INFO - 22 record inserted
[2022-02-27 15:57:05,316] {logging_mixin.py:109} INFO - AAPL lengeth=22   ['AAPL', '2022-01-27', '162.2432961712072', '163.63152693075827', '158.07860389255396', '159.0174102783203']
[2022-02-27 15:57:05,327] {logging_mixin.py:109} INFO - 22 record inserted
[2022-02-27 15:57:05,327] {logging_mixin.py:109} INFO - FB lengeth=22   ['FB', '2022-01-27', '297.75', '301.7099914550781', '294.260009765625', '294.6400146484375']
[2022-02-27 15:57:05,340] {logging_mixin.py:109} INFO - 22 record inserted
[2022-02-27 15:57:05,341] {logging_mixin.py:109} INFO - MSFT lengeth=22   ['MSFT', '2022-01-27', '302.0354712587854', '306.66588088225836', '297.31522054832226', '299.2212829589844']
[2022-02-27 15:57:05,353] {logging_mixin.py:109} INFO - 22 record inserted
[2022-02-27 15:57:05,357] {python.py:175} INFO - Done. Returned value was: None
[2022-02-27 15:57:05,531] {taskinstance.py:1267} INFO - Marking task as SUCCESS. dag_id=Download_Stock_Price, task_id=save_to_database, execution_date=20220227T075657, start_date=20220227T075704, end_date=20220227T075705
[2022-02-27 15:57:05,627] {local_task_job.py:154} INFO - Task exited with return code 0
[2022-02-27 15:57:05,701] {local_task_job.py:264} INFO - 0 downstream tasks scheduled from follow-on schedule check
