[2022-02-27 13:37:55,584] {taskinstance.py:1032} INFO - Dependencies all met for <TaskInstance: Download_Stock_Price.download_prices scheduled__2022-02-26T00:00:00+00:00 [queued]>
[2022-02-27 13:37:55,599] {taskinstance.py:1032} INFO - Dependencies all met for <TaskInstance: Download_Stock_Price.download_prices scheduled__2022-02-26T00:00:00+00:00 [queued]>
[2022-02-27 13:37:55,599] {taskinstance.py:1238} INFO - 
--------------------------------------------------------------------------------
[2022-02-27 13:37:55,599] {taskinstance.py:1239} INFO - Starting attempt 2 of 3
[2022-02-27 13:37:55,599] {taskinstance.py:1240} INFO - 
--------------------------------------------------------------------------------
[2022-02-27 13:37:55,620] {taskinstance.py:1259} INFO - Executing <Task(PythonOperator): download_prices> on 2022-02-26 00:00:00+00:00
[2022-02-27 13:37:55,623] {standard_task_runner.py:52} INFO - Started process 30306 to run task
[2022-02-27 13:37:55,626] {standard_task_runner.py:76} INFO - Running: ['***', 'tasks', 'run', 'Download_Stock_Price', 'download_prices', 'scheduled__2022-02-26T00:00:00+00:00', '--job-id', '4', '--raw', '--subdir', 'DAGS_FOLDER/download_stock_price.py', '--cfg-path', '/var/folders/7y/kt4ctk651rggrj3r9z9t02wc0000gp/T/tmp_dx92b3b', '--error-file', '/var/folders/7y/kt4ctk651rggrj3r9z9t02wc0000gp/T/tmpyrg097s4']
[2022-02-27 13:37:55,627] {standard_task_runner.py:77} INFO - Job 4: Subtask download_prices
[2022-02-27 13:37:55,726] {logging_mixin.py:109} INFO - Running <TaskInstance: Download_Stock_Price.download_prices scheduled__2022-02-26T00:00:00+00:00 [running]> on host andydemacbook-air.local
[2022-02-27 13:37:55,796] {taskinstance.py:1424} INFO - Exporting the following env vars:
AIRFLOW_CTX_DAG_EMAIL=andy.hsu871226@gmail.com
AIRFLOW_CTX_DAG_OWNER=andyhsu
AIRFLOW_CTX_DAG_ID=Download_Stock_Price
AIRFLOW_CTX_TASK_ID=download_prices
AIRFLOW_CTX_EXECUTION_DATE=2022-02-26T00:00:00+00:00
AIRFLOW_CTX_DAG_RUN_ID=scheduled__2022-02-26T00:00:00+00:00
[2022-02-27 13:37:55,799] {logging_mixin.py:109} WARNING - /Users/andyhsu/tutorial-env/lib/python3.9/site-packages/***/utils/context.py:152 AirflowContextDeprecationWarning: Accessing 'execution_date' from the template is deprecated and will be removed in a future version. Please use 'data_interval_start' or 'logical_date' instead.
[2022-02-27 13:37:55,799] {logging_mixin.py:109} WARNING - /Users/andyhsu/tutorial-env/lib/python3.9/site-packages/***/utils/context.py:152 AirflowContextDeprecationWarning: Accessing 'next_ds' from the template is deprecated and will be removed in a future version. Please use '{{ data_interval_end | ds }}' instead.
[2022-02-27 13:37:55,800] {logging_mixin.py:109} WARNING - /Users/andyhsu/tutorial-env/lib/python3.9/site-packages/***/utils/context.py:152 AirflowContextDeprecationWarning: Accessing 'next_ds_nodash' from the template is deprecated and will be removed in a future version. Please use '{{ data_interval_end | ds_nodash }}' instead.
[2022-02-27 13:37:55,800] {logging_mixin.py:109} WARNING - /Users/andyhsu/tutorial-env/lib/python3.9/site-packages/***/utils/context.py:152 AirflowContextDeprecationWarning: Accessing 'next_execution_date' from the template is deprecated and will be removed in a future version. Please use 'data_interval_end' instead.
[2022-02-27 13:37:55,801] {logging_mixin.py:109} WARNING - /Users/andyhsu/tutorial-env/lib/python3.9/site-packages/***/utils/context.py:152 AirflowContextDeprecationWarning: Accessing 'prev_ds' from the template is deprecated and will be removed in a future version.
[2022-02-27 13:37:55,801] {logging_mixin.py:109} WARNING - /Users/andyhsu/tutorial-env/lib/python3.9/site-packages/***/utils/context.py:152 AirflowContextDeprecationWarning: Accessing 'prev_ds_nodash' from the template is deprecated and will be removed in a future version.
[2022-02-27 13:37:55,801] {logging_mixin.py:109} WARNING - /Users/andyhsu/tutorial-env/lib/python3.9/site-packages/***/utils/context.py:152 AirflowContextDeprecationWarning: Accessing 'prev_execution_date' from the template is deprecated and will be removed in a future version.
[2022-02-27 13:37:55,802] {logging_mixin.py:109} WARNING - /Users/andyhsu/tutorial-env/lib/python3.9/site-packages/***/utils/context.py:152 AirflowContextDeprecationWarning: Accessing 'prev_execution_date_success' from the template is deprecated and will be removed in a future version. Please use 'prev_data_interval_start_success' instead.
[2022-02-27 13:37:55,802] {logging_mixin.py:109} WARNING - /Users/andyhsu/tutorial-env/lib/python3.9/site-packages/***/utils/context.py:152 AirflowContextDeprecationWarning: Accessing 'tomorrow_ds' from the template is deprecated and will be removed in a future version.
[2022-02-27 13:37:55,802] {logging_mixin.py:109} WARNING - /Users/andyhsu/tutorial-env/lib/python3.9/site-packages/***/utils/context.py:152 AirflowContextDeprecationWarning: Accessing 'tomorrow_ds_nodash' from the template is deprecated and will be removed in a future version.
[2022-02-27 13:37:55,803] {logging_mixin.py:109} WARNING - /Users/andyhsu/tutorial-env/lib/python3.9/site-packages/***/utils/context.py:152 AirflowContextDeprecationWarning: Accessing 'yesterday_ds' from the template is deprecated and will be removed in a future version.
[2022-02-27 13:37:55,803] {logging_mixin.py:109} WARNING - /Users/andyhsu/tutorial-env/lib/python3.9/site-packages/***/utils/context.py:152 AirflowContextDeprecationWarning: Accessing 'yesterday_ds_nodash' from the template is deprecated and will be removed in a future version.
[2022-02-27 13:37:55,816] {logging_mixin.py:109} INFO - None
[2022-02-27 13:37:57,696] {logging_mixin.py:109} INFO - Finished dowloading priceIBM
[2022-02-27 13:37:59,796] {logging_mixin.py:109} INFO - Finished dowloading priceGE
[2022-02-27 13:38:01,426] {logging_mixin.py:109} INFO - Finished dowloading priceAAPL
[2022-02-27 13:38:01,816] {logging_mixin.py:109} INFO - Finished dowloading priceFB
[2022-02-27 13:38:03,013] {logging_mixin.py:109} INFO - Finished dowloading priceMSFT
[2022-02-27 13:38:03,013] {python.py:175} INFO - Done. Returned value was: None
[2022-02-27 13:38:03,036] {taskinstance.py:1267} INFO - Marking task as SUCCESS. dag_id=Download_Stock_Price, task_id=download_prices, execution_date=20220226T000000, start_date=20220227T053755, end_date=20220227T053803
[2022-02-27 13:38:03,091] {local_task_job.py:154} INFO - Task exited with return code 0
[2022-02-27 13:38:03,130] {local_task_job.py:264} INFO - 0 downstream tasks scheduled from follow-on schedule check
