[2022-02-24 00:05:17,432] {taskinstance.py:1032} INFO - Dependencies all met for <TaskInstance: Download_Stock_Price.download_prices manual__2022-02-23T16:05:14.436181+00:00 [queued]>
[2022-02-24 00:05:17,434] {taskinstance.py:1032} INFO - Dependencies all met for <TaskInstance: Download_Stock_Price.download_prices manual__2022-02-23T16:05:14.436181+00:00 [queued]>
[2022-02-24 00:05:17,434] {taskinstance.py:1238} INFO - 
--------------------------------------------------------------------------------
[2022-02-24 00:05:17,434] {taskinstance.py:1239} INFO - Starting attempt 1 of 2
[2022-02-24 00:05:17,434] {taskinstance.py:1240} INFO - 
--------------------------------------------------------------------------------
[2022-02-24 00:05:17,437] {taskinstance.py:1259} INFO - Executing <Task(PythonOperator): download_prices> on 2022-02-23 16:05:14.436181+00:00
[2022-02-24 00:05:17,438] {standard_task_runner.py:52} INFO - Started process 26514 to run task
[2022-02-24 00:05:17,440] {standard_task_runner.py:76} INFO - Running: ['airflow', 'tasks', 'run', 'Download_Stock_Price', 'download_prices', 'manual__2022-02-23T16:05:14.436181+00:00', '--job-id', '12', '--raw', '--subdir', 'DAGS_FOLDER/download_stock_price.py', '--cfg-path', '/var/folders/7y/kt4ctk651rggrj3r9z9t02wc0000gp/T/tmp8cur_abj', '--error-file', '/var/folders/7y/kt4ctk651rggrj3r9z9t02wc0000gp/T/tmp4s470b_8']
[2022-02-24 00:05:17,441] {standard_task_runner.py:77} INFO - Job 12: Subtask download_prices
[2022-02-24 00:05:17,455] {logging_mixin.py:109} INFO - Running <TaskInstance: Download_Stock_Price.download_prices manual__2022-02-23T16:05:14.436181+00:00 [running]> on host 1.0.0.0.0.0.0.0.0.0.0.0.0.0.0.0.0.0.0.0.0.0.0.0.0.0.0.0.0.0.0.0.ip6.arpa
[2022-02-24 00:05:17,466] {taskinstance.py:1424} INFO - Exporting the following env vars:
AIRFLOW_CTX_DAG_EMAIL=andy.hsu871226@gmail.com
AIRFLOW_CTX_DAG_OWNER=andyhsu
AIRFLOW_CTX_DAG_ID=Download_Stock_Price
AIRFLOW_CTX_TASK_ID=download_prices
AIRFLOW_CTX_EXECUTION_DATE=2022-02-23T16:05:14.436181+00:00
AIRFLOW_CTX_DAG_RUN_ID=manual__2022-02-23T16:05:14.436181+00:00
[2022-02-24 00:05:17,468] {logging_mixin.py:109} WARNING - /Users/andyhsu/tutorial-env/lib/python3.9/site-packages/airflow/utils/context.py:152 AirflowContextDeprecationWarning: Accessing 'execution_date' from the template is deprecated and will be removed in a future version. Please use 'data_interval_start' or 'logical_date' instead.
[2022-02-24 00:05:17,468] {logging_mixin.py:109} WARNING - /Users/andyhsu/tutorial-env/lib/python3.9/site-packages/airflow/utils/context.py:152 AirflowContextDeprecationWarning: Accessing 'next_ds' from the template is deprecated and will be removed in a future version. Please use '{{ data_interval_end | ds }}' instead.
[2022-02-24 00:05:17,469] {logging_mixin.py:109} WARNING - /Users/andyhsu/tutorial-env/lib/python3.9/site-packages/airflow/utils/context.py:152 AirflowContextDeprecationWarning: Accessing 'next_ds_nodash' from the template is deprecated and will be removed in a future version. Please use '{{ data_interval_end | ds_nodash }}' instead.
[2022-02-24 00:05:17,469] {logging_mixin.py:109} WARNING - /Users/andyhsu/tutorial-env/lib/python3.9/site-packages/airflow/utils/context.py:152 AirflowContextDeprecationWarning: Accessing 'next_execution_date' from the template is deprecated and will be removed in a future version. Please use 'data_interval_end' instead.
[2022-02-24 00:05:17,470] {logging_mixin.py:109} WARNING - /Users/andyhsu/tutorial-env/lib/python3.9/site-packages/airflow/utils/context.py:152 AirflowContextDeprecationWarning: Accessing 'prev_ds' from the template is deprecated and will be removed in a future version.
[2022-02-24 00:05:17,470] {logging_mixin.py:109} WARNING - /Users/andyhsu/tutorial-env/lib/python3.9/site-packages/airflow/utils/context.py:152 AirflowContextDeprecationWarning: Accessing 'prev_ds_nodash' from the template is deprecated and will be removed in a future version.
[2022-02-24 00:05:17,470] {logging_mixin.py:109} WARNING - /Users/andyhsu/tutorial-env/lib/python3.9/site-packages/airflow/utils/context.py:152 AirflowContextDeprecationWarning: Accessing 'prev_execution_date' from the template is deprecated and will be removed in a future version.
[2022-02-24 00:05:17,470] {logging_mixin.py:109} WARNING - /Users/andyhsu/tutorial-env/lib/python3.9/site-packages/airflow/utils/context.py:152 AirflowContextDeprecationWarning: Accessing 'prev_execution_date_success' from the template is deprecated and will be removed in a future version. Please use 'prev_data_interval_start_success' instead.
[2022-02-24 00:05:17,471] {logging_mixin.py:109} WARNING - /Users/andyhsu/tutorial-env/lib/python3.9/site-packages/airflow/utils/context.py:152 AirflowContextDeprecationWarning: Accessing 'tomorrow_ds' from the template is deprecated and will be removed in a future version.
[2022-02-24 00:05:17,471] {logging_mixin.py:109} WARNING - /Users/andyhsu/tutorial-env/lib/python3.9/site-packages/airflow/utils/context.py:152 AirflowContextDeprecationWarning: Accessing 'tomorrow_ds_nodash' from the template is deprecated and will be removed in a future version.
[2022-02-24 00:05:17,471] {logging_mixin.py:109} WARNING - /Users/andyhsu/tutorial-env/lib/python3.9/site-packages/airflow/utils/context.py:152 AirflowContextDeprecationWarning: Accessing 'yesterday_ds' from the template is deprecated and will be removed in a future version.
[2022-02-24 00:05:17,472] {logging_mixin.py:109} WARNING - /Users/andyhsu/tutorial-env/lib/python3.9/site-packages/airflow/utils/context.py:152 AirflowContextDeprecationWarning: Accessing 'yesterday_ds_nodash' from the template is deprecated and will be removed in a future version.
[2022-02-24 00:05:17,473] {logging_mixin.py:109} INFO - None
[2022-02-24 00:05:18,923] {logging_mixin.py:109} INFO - Finished dowloading priceIBM
[2022-02-24 00:05:20,194] {logging_mixin.py:109} INFO - Finished dowloading priceGE
[2022-02-24 00:05:21,317] {logging_mixin.py:109} INFO - Finished dowloading priceAAPL
[2022-02-24 00:05:22,266] {logging_mixin.py:109} INFO - Finished dowloading priceMSFT
[2022-02-24 00:05:22,267] {python.py:175} INFO - Done. Returned value was: None
[2022-02-24 00:05:22,269] {taskinstance.py:1267} INFO - Marking task as SUCCESS. dag_id=Download_Stock_Price, task_id=download_prices, execution_date=20220223T160514, start_date=20220223T160517, end_date=20220223T160522
[2022-02-24 00:05:22,276] {local_task_job.py:154} INFO - Task exited with return code 0
[2022-02-24 00:05:22,281] {local_task_job.py:264} INFO - 0 downstream tasks scheduled from follow-on schedule check
