[2022-02-27 17:15:07,619] {taskinstance.py:1032} INFO - Dependencies all met for <TaskInstance: Download_Stock_Price.download_prices manual__2022-02-27T09:15:04.370088+00:00 [queued]>
[2022-02-27 17:15:07,634] {taskinstance.py:1032} INFO - Dependencies all met for <TaskInstance: Download_Stock_Price.download_prices manual__2022-02-27T09:15:04.370088+00:00 [queued]>
[2022-02-27 17:15:07,634] {taskinstance.py:1238} INFO - 
--------------------------------------------------------------------------------
[2022-02-27 17:15:07,634] {taskinstance.py:1239} INFO - Starting attempt 1 of 1
[2022-02-27 17:15:07,634] {taskinstance.py:1240} INFO - 
--------------------------------------------------------------------------------
[2022-02-27 17:15:07,649] {taskinstance.py:1259} INFO - Executing <Task(PythonOperator): download_prices> on 2022-02-27 09:15:04.370088+00:00
[2022-02-27 17:15:07,652] {standard_task_runner.py:52} INFO - Started process 60638 to run task
[2022-02-27 17:15:07,655] {standard_task_runner.py:76} INFO - Running: ['***', 'tasks', 'run', 'Download_Stock_Price', 'download_prices', 'manual__2022-02-27T09:15:04.370088+00:00', '--job-id', '20', '--raw', '--subdir', 'DAGS_FOLDER/download_stock_price.py', '--cfg-path', '/var/folders/7y/kt4ctk651rggrj3r9z9t02wc0000gp/T/tmp7tkrynr1', '--error-file', '/var/folders/7y/kt4ctk651rggrj3r9z9t02wc0000gp/T/tmp1bdkw5n_']
[2022-02-27 17:15:07,656] {standard_task_runner.py:77} INFO - Job 20: Subtask download_prices
[2022-02-27 17:15:07,766] {logging_mixin.py:109} INFO - Running <TaskInstance: Download_Stock_Price.download_prices manual__2022-02-27T09:15:04.370088+00:00 [running]> on host 1.0.0.0.0.0.0.0.0.0.0.0.0.0.0.0.0.0.0.0.0.0.0.0.0.0.0.0.0.0.0.0.ip6.arpa
[2022-02-27 17:15:07,864] {taskinstance.py:1424} INFO - Exporting the following env vars:
AIRFLOW_CTX_DAG_OWNER=andyhsu
AIRFLOW_CTX_DAG_ID=Download_Stock_Price
AIRFLOW_CTX_TASK_ID=download_prices
AIRFLOW_CTX_EXECUTION_DATE=2022-02-27T09:15:04.370088+00:00
AIRFLOW_CTX_DAG_RUN_ID=manual__2022-02-27T09:15:04.370088+00:00
[2022-02-27 17:15:07,868] {logging_mixin.py:109} WARNING - /Users/andyhsu/tutorial-env/lib/python3.9/site-packages/***/utils/context.py:152 AirflowContextDeprecationWarning: Accessing 'execution_date' from the template is deprecated and will be removed in a future version. Please use 'data_interval_start' or 'logical_date' instead.
[2022-02-27 17:15:07,868] {logging_mixin.py:109} WARNING - /Users/andyhsu/tutorial-env/lib/python3.9/site-packages/***/utils/context.py:152 AirflowContextDeprecationWarning: Accessing 'next_ds' from the template is deprecated and will be removed in a future version. Please use '{{ data_interval_end | ds }}' instead.
[2022-02-27 17:15:07,869] {logging_mixin.py:109} WARNING - /Users/andyhsu/tutorial-env/lib/python3.9/site-packages/***/utils/context.py:152 AirflowContextDeprecationWarning: Accessing 'next_ds_nodash' from the template is deprecated and will be removed in a future version. Please use '{{ data_interval_end | ds_nodash }}' instead.
[2022-02-27 17:15:07,869] {logging_mixin.py:109} WARNING - /Users/andyhsu/tutorial-env/lib/python3.9/site-packages/***/utils/context.py:152 AirflowContextDeprecationWarning: Accessing 'next_execution_date' from the template is deprecated and will be removed in a future version. Please use 'data_interval_end' instead.
[2022-02-27 17:15:07,870] {logging_mixin.py:109} WARNING - /Users/andyhsu/tutorial-env/lib/python3.9/site-packages/***/utils/context.py:152 AirflowContextDeprecationWarning: Accessing 'prev_ds' from the template is deprecated and will be removed in a future version.
[2022-02-27 17:15:07,870] {logging_mixin.py:109} WARNING - /Users/andyhsu/tutorial-env/lib/python3.9/site-packages/***/utils/context.py:152 AirflowContextDeprecationWarning: Accessing 'prev_ds_nodash' from the template is deprecated and will be removed in a future version.
[2022-02-27 17:15:07,871] {logging_mixin.py:109} WARNING - /Users/andyhsu/tutorial-env/lib/python3.9/site-packages/***/utils/context.py:152 AirflowContextDeprecationWarning: Accessing 'prev_execution_date' from the template is deprecated and will be removed in a future version.
[2022-02-27 17:15:07,871] {logging_mixin.py:109} WARNING - /Users/andyhsu/tutorial-env/lib/python3.9/site-packages/***/utils/context.py:152 AirflowContextDeprecationWarning: Accessing 'prev_execution_date_success' from the template is deprecated and will be removed in a future version. Please use 'prev_data_interval_start_success' instead.
[2022-02-27 17:15:07,872] {logging_mixin.py:109} WARNING - /Users/andyhsu/tutorial-env/lib/python3.9/site-packages/***/utils/context.py:152 AirflowContextDeprecationWarning: Accessing 'tomorrow_ds' from the template is deprecated and will be removed in a future version.
[2022-02-27 17:15:07,872] {logging_mixin.py:109} WARNING - /Users/andyhsu/tutorial-env/lib/python3.9/site-packages/***/utils/context.py:152 AirflowContextDeprecationWarning: Accessing 'tomorrow_ds_nodash' from the template is deprecated and will be removed in a future version.
[2022-02-27 17:15:07,873] {logging_mixin.py:109} WARNING - /Users/andyhsu/tutorial-env/lib/python3.9/site-packages/***/utils/context.py:152 AirflowContextDeprecationWarning: Accessing 'yesterday_ds' from the template is deprecated and will be removed in a future version.
[2022-02-27 17:15:07,873] {logging_mixin.py:109} WARNING - /Users/andyhsu/tutorial-env/lib/python3.9/site-packages/***/utils/context.py:152 AirflowContextDeprecationWarning: Accessing 'yesterday_ds_nodash' from the template is deprecated and will be removed in a future version.
[2022-02-27 17:15:08,488] {logging_mixin.py:109} INFO - Downloaded IBM
[2022-02-27 17:15:08,932] {logging_mixin.py:109} INFO - Downloaded GE
[2022-02-27 17:15:09,371] {logging_mixin.py:109} INFO - Downloaded AAPL
[2022-02-27 17:15:09,692] {logging_mixin.py:109} INFO - - FBABC: No data found, symbol may be delisted
[2022-02-27 17:15:09,973] {logging_mixin.py:109} INFO - Downloaded MSFT
[2022-02-27 17:15:09,973] {python.py:175} INFO - Done. Returned value was: ['IBM', 'GE', 'AAPL', 'MSFT']
[2022-02-27 17:15:10,014] {taskinstance.py:1267} INFO - Marking task as SUCCESS. dag_id=Download_Stock_Price, task_id=download_prices, execution_date=20220227T091504, start_date=20220227T091507, end_date=20220227T091510
[2022-02-27 17:15:10,077] {local_task_job.py:154} INFO - Task exited with return code 0
[2022-02-27 17:15:10,133] {local_task_job.py:264} INFO - 1 downstream tasks scheduled from follow-on schedule check
