[2022-02-23 23:33:38,253] {taskinstance.py:1032} INFO - Dependencies all met for <TaskInstance: Download_Stock_Price.download_prices manual__2022-02-23T23:32:29+08:00 [queued]>
[2022-02-23 23:33:38,257] {taskinstance.py:1032} INFO - Dependencies all met for <TaskInstance: Download_Stock_Price.download_prices manual__2022-02-23T23:32:29+08:00 [queued]>
[2022-02-23 23:33:38,257] {taskinstance.py:1238} INFO - 
--------------------------------------------------------------------------------
[2022-02-23 23:33:38,257] {taskinstance.py:1239} INFO - Starting attempt 1 of 2
[2022-02-23 23:33:38,257] {taskinstance.py:1240} INFO - 
--------------------------------------------------------------------------------
[2022-02-23 23:33:38,261] {taskinstance.py:1259} INFO - Executing <Task(PythonOperator): download_prices> on 2022-02-23 15:32:29+00:00
[2022-02-23 23:33:38,264] {standard_task_runner.py:52} INFO - Started process 25017 to run task
[2022-02-23 23:33:38,267] {standard_task_runner.py:76} INFO - Running: ['airflow', 'tasks', 'run', 'Download_Stock_Price', 'download_prices', 'manual__2022-02-23T23:32:29+08:00', '--job-id', '11', '--raw', '--subdir', 'DAGS_FOLDER/download_stock_price.py', '--cfg-path', '/var/folders/7y/kt4ctk651rggrj3r9z9t02wc0000gp/T/tmp8comfahn', '--error-file', '/var/folders/7y/kt4ctk651rggrj3r9z9t02wc0000gp/T/tmp4mnx8rj0']
[2022-02-23 23:33:38,268] {standard_task_runner.py:77} INFO - Job 11: Subtask download_prices
[2022-02-23 23:33:38,286] {logging_mixin.py:109} INFO - Running <TaskInstance: Download_Stock_Price.download_prices manual__2022-02-23T23:32:29+08:00 [running]> on host 1.0.0.0.0.0.0.0.0.0.0.0.0.0.0.0.0.0.0.0.0.0.0.0.0.0.0.0.0.0.0.0.ip6.arpa
[2022-02-23 23:33:38,298] {taskinstance.py:1424} INFO - Exporting the following env vars:
AIRFLOW_CTX_DAG_EMAIL=andy.hsu871226@gmail.com
AIRFLOW_CTX_DAG_OWNER=andyhsu
AIRFLOW_CTX_DAG_ID=Download_Stock_Price
AIRFLOW_CTX_TASK_ID=download_prices
AIRFLOW_CTX_EXECUTION_DATE=2022-02-23T15:32:29+00:00
AIRFLOW_CTX_DAG_RUN_ID=manual__2022-02-23T23:32:29+08:00
[2022-02-23 23:33:38,301] {logging_mixin.py:109} WARNING - /Users/andyhsu/tutorial-env/lib/python3.9/site-packages/airflow/utils/context.py:152 AirflowContextDeprecationWarning: Accessing 'execution_date' from the template is deprecated and will be removed in a future version. Please use 'data_interval_start' or 'logical_date' instead.
[2022-02-23 23:33:38,301] {logging_mixin.py:109} WARNING - /Users/andyhsu/tutorial-env/lib/python3.9/site-packages/airflow/utils/context.py:152 AirflowContextDeprecationWarning: Accessing 'next_ds' from the template is deprecated and will be removed in a future version. Please use '{{ data_interval_end | ds }}' instead.
[2022-02-23 23:33:38,302] {logging_mixin.py:109} WARNING - /Users/andyhsu/tutorial-env/lib/python3.9/site-packages/airflow/utils/context.py:152 AirflowContextDeprecationWarning: Accessing 'next_ds_nodash' from the template is deprecated and will be removed in a future version. Please use '{{ data_interval_end | ds_nodash }}' instead.
[2022-02-23 23:33:38,302] {logging_mixin.py:109} WARNING - /Users/andyhsu/tutorial-env/lib/python3.9/site-packages/airflow/utils/context.py:152 AirflowContextDeprecationWarning: Accessing 'next_execution_date' from the template is deprecated and will be removed in a future version. Please use 'data_interval_end' instead.
[2022-02-23 23:33:38,302] {logging_mixin.py:109} WARNING - /Users/andyhsu/tutorial-env/lib/python3.9/site-packages/airflow/utils/context.py:152 AirflowContextDeprecationWarning: Accessing 'prev_ds' from the template is deprecated and will be removed in a future version.
[2022-02-23 23:33:38,303] {logging_mixin.py:109} WARNING - /Users/andyhsu/tutorial-env/lib/python3.9/site-packages/airflow/utils/context.py:152 AirflowContextDeprecationWarning: Accessing 'prev_ds_nodash' from the template is deprecated and will be removed in a future version.
[2022-02-23 23:33:38,303] {logging_mixin.py:109} WARNING - /Users/andyhsu/tutorial-env/lib/python3.9/site-packages/airflow/utils/context.py:152 AirflowContextDeprecationWarning: Accessing 'prev_execution_date' from the template is deprecated and will be removed in a future version.
[2022-02-23 23:33:38,303] {logging_mixin.py:109} WARNING - /Users/andyhsu/tutorial-env/lib/python3.9/site-packages/airflow/utils/context.py:152 AirflowContextDeprecationWarning: Accessing 'prev_execution_date_success' from the template is deprecated and will be removed in a future version. Please use 'prev_data_interval_start_success' instead.
[2022-02-23 23:33:38,304] {logging_mixin.py:109} WARNING - /Users/andyhsu/tutorial-env/lib/python3.9/site-packages/airflow/utils/context.py:152 AirflowContextDeprecationWarning: Accessing 'tomorrow_ds' from the template is deprecated and will be removed in a future version.
[2022-02-23 23:33:38,304] {logging_mixin.py:109} WARNING - /Users/andyhsu/tutorial-env/lib/python3.9/site-packages/airflow/utils/context.py:152 AirflowContextDeprecationWarning: Accessing 'tomorrow_ds_nodash' from the template is deprecated and will be removed in a future version.
[2022-02-23 23:33:38,304] {logging_mixin.py:109} WARNING - /Users/andyhsu/tutorial-env/lib/python3.9/site-packages/airflow/utils/context.py:152 AirflowContextDeprecationWarning: Accessing 'yesterday_ds' from the template is deprecated and will be removed in a future version.
[2022-02-23 23:33:38,305] {logging_mixin.py:109} WARNING - /Users/andyhsu/tutorial-env/lib/python3.9/site-packages/airflow/utils/context.py:152 AirflowContextDeprecationWarning: Accessing 'yesterday_ds_nodash' from the template is deprecated and will be removed in a future version.
[2022-02-23 23:33:38,306] {logging_mixin.py:109} INFO - ['FB']
[2022-02-23 23:33:38,937] {logging_mixin.py:109} INFO - Finished dowloading priceFB
[2022-02-23 23:33:38,937] {python.py:175} INFO - Done. Returned value was: None
[2022-02-23 23:33:38,939] {taskinstance.py:1267} INFO - Marking task as SUCCESS. dag_id=Download_Stock_Price, task_id=download_prices, execution_date=20220223T153229, start_date=20220223T153338, end_date=20220223T153338
[2022-02-23 23:33:38,954] {local_task_job.py:154} INFO - Task exited with return code 0
[2022-02-23 23:33:38,961] {local_task_job.py:264} INFO - 0 downstream tasks scheduled from follow-on schedule check
