[2022-02-27 17:15:12,182] {taskinstance.py:1032} INFO - Dependencies all met for <TaskInstance: Download_Stock_Price.save_to_database manual__2022-02-27T09:15:04.370088+00:00 [queued]>
[2022-02-27 17:15:12,199] {taskinstance.py:1032} INFO - Dependencies all met for <TaskInstance: Download_Stock_Price.save_to_database manual__2022-02-27T09:15:04.370088+00:00 [queued]>
[2022-02-27 17:15:12,199] {taskinstance.py:1238} INFO - 
--------------------------------------------------------------------------------
[2022-02-27 17:15:12,199] {taskinstance.py:1239} INFO - Starting attempt 1 of 1
[2022-02-27 17:15:12,199] {taskinstance.py:1240} INFO - 
--------------------------------------------------------------------------------
[2022-02-27 17:15:12,216] {taskinstance.py:1259} INFO - Executing <Task(PythonOperator): save_to_database> on 2022-02-27 09:15:04.370088+00:00
[2022-02-27 17:15:12,219] {standard_task_runner.py:52} INFO - Started process 60648 to run task
[2022-02-27 17:15:12,222] {standard_task_runner.py:76} INFO - Running: ['***', 'tasks', 'run', 'Download_Stock_Price', 'save_to_database', 'manual__2022-02-27T09:15:04.370088+00:00', '--job-id', '21', '--raw', '--subdir', 'DAGS_FOLDER/download_stock_price.py', '--cfg-path', '/var/folders/7y/kt4ctk651rggrj3r9z9t02wc0000gp/T/tmpbcqp555v', '--error-file', '/var/folders/7y/kt4ctk651rggrj3r9z9t02wc0000gp/T/tmp46onmwgl']
[2022-02-27 17:15:12,223] {standard_task_runner.py:77} INFO - Job 21: Subtask save_to_database
[2022-02-27 17:15:12,364] {logging_mixin.py:109} INFO - Running <TaskInstance: Download_Stock_Price.save_to_database manual__2022-02-27T09:15:04.370088+00:00 [running]> on host 1.0.0.0.0.0.0.0.0.0.0.0.0.0.0.0.0.0.0.0.0.0.0.0.0.0.0.0.0.0.0.0.ip6.arpa
[2022-02-27 17:15:12,460] {taskinstance.py:1424} INFO - Exporting the following env vars:
AIRFLOW_CTX_DAG_OWNER=andyhsu
AIRFLOW_CTX_DAG_ID=Download_Stock_Price
AIRFLOW_CTX_TASK_ID=save_to_database
AIRFLOW_CTX_EXECUTION_DATE=2022-02-27T09:15:04.370088+00:00
AIRFLOW_CTX_DAG_RUN_ID=manual__2022-02-27T09:15:04.370088+00:00
[2022-02-27 17:15:12,464] {logging_mixin.py:109} WARNING - /Users/andyhsu/tutorial-env/lib/python3.9/site-packages/***/utils/context.py:152 AirflowContextDeprecationWarning: Accessing 'execution_date' from the template is deprecated and will be removed in a future version. Please use 'data_interval_start' or 'logical_date' instead.
[2022-02-27 17:15:12,465] {logging_mixin.py:109} WARNING - /Users/andyhsu/tutorial-env/lib/python3.9/site-packages/***/utils/context.py:152 AirflowContextDeprecationWarning: Accessing 'next_ds' from the template is deprecated and will be removed in a future version. Please use '{{ data_interval_end | ds }}' instead.
[2022-02-27 17:15:12,466] {logging_mixin.py:109} WARNING - /Users/andyhsu/tutorial-env/lib/python3.9/site-packages/***/utils/context.py:152 AirflowContextDeprecationWarning: Accessing 'next_ds_nodash' from the template is deprecated and will be removed in a future version. Please use '{{ data_interval_end | ds_nodash }}' instead.
[2022-02-27 17:15:12,466] {logging_mixin.py:109} WARNING - /Users/andyhsu/tutorial-env/lib/python3.9/site-packages/***/utils/context.py:152 AirflowContextDeprecationWarning: Accessing 'next_execution_date' from the template is deprecated and will be removed in a future version. Please use 'data_interval_end' instead.
[2022-02-27 17:15:12,467] {logging_mixin.py:109} WARNING - /Users/andyhsu/tutorial-env/lib/python3.9/site-packages/***/utils/context.py:152 AirflowContextDeprecationWarning: Accessing 'prev_ds' from the template is deprecated and will be removed in a future version.
[2022-02-27 17:15:12,467] {logging_mixin.py:109} WARNING - /Users/andyhsu/tutorial-env/lib/python3.9/site-packages/***/utils/context.py:152 AirflowContextDeprecationWarning: Accessing 'prev_ds_nodash' from the template is deprecated and will be removed in a future version.
[2022-02-27 17:15:12,468] {logging_mixin.py:109} WARNING - /Users/andyhsu/tutorial-env/lib/python3.9/site-packages/***/utils/context.py:152 AirflowContextDeprecationWarning: Accessing 'prev_execution_date' from the template is deprecated and will be removed in a future version.
[2022-02-27 17:15:12,469] {logging_mixin.py:109} WARNING - /Users/andyhsu/tutorial-env/lib/python3.9/site-packages/***/utils/context.py:152 AirflowContextDeprecationWarning: Accessing 'prev_execution_date_success' from the template is deprecated and will be removed in a future version. Please use 'prev_data_interval_start_success' instead.
[2022-02-27 17:15:12,469] {logging_mixin.py:109} WARNING - /Users/andyhsu/tutorial-env/lib/python3.9/site-packages/***/utils/context.py:152 AirflowContextDeprecationWarning: Accessing 'tomorrow_ds' from the template is deprecated and will be removed in a future version.
[2022-02-27 17:15:12,470] {logging_mixin.py:109} WARNING - /Users/andyhsu/tutorial-env/lib/python3.9/site-packages/***/utils/context.py:152 AirflowContextDeprecationWarning: Accessing 'tomorrow_ds_nodash' from the template is deprecated and will be removed in a future version.
[2022-02-27 17:15:12,470] {logging_mixin.py:109} WARNING - /Users/andyhsu/tutorial-env/lib/python3.9/site-packages/***/utils/context.py:152 AirflowContextDeprecationWarning: Accessing 'yesterday_ds' from the template is deprecated and will be removed in a future version.
[2022-02-27 17:15:12,471] {logging_mixin.py:109} WARNING - /Users/andyhsu/tutorial-env/lib/python3.9/site-packages/***/utils/context.py:152 AirflowContextDeprecationWarning: Accessing 'yesterday_ds_nodash' from the template is deprecated and will be removed in a future version.
[2022-02-27 17:15:12,737] {logging_mixin.py:109} INFO - IBM lengeth=22   ['IBM', '2022-01-27', '132.0691647317324', '133.1461877899524', '130.50796829012884', '130.94273376464844']
[2022-02-27 17:15:12,754] {logging_mixin.py:109} INFO - 22 record inserted
[2022-02-27 17:15:12,754] {logging_mixin.py:109} INFO - GE lengeth=22   ['GE', '2022-01-27', '90.0', '91.7699966430664', '88.06999969482422', '89.9000015258789']
[2022-02-27 17:15:12,768] {logging_mixin.py:109} INFO - 22 record inserted
[2022-02-27 17:15:12,769] {logging_mixin.py:109} INFO - AAPL lengeth=22   ['AAPL', '2022-01-27', '162.2432961712072', '163.63152693075827', '158.07860389255396', '159.0174102783203']
[2022-02-27 17:15:12,782] {logging_mixin.py:109} INFO - 22 record inserted
[2022-02-27 17:15:12,783] {logging_mixin.py:109} INFO - MSFT lengeth=22   ['MSFT', '2022-01-27', '302.0354712587854', '306.66588088225836', '297.31522054832226', '299.2212829589844']
[2022-02-27 17:15:12,797] {logging_mixin.py:109} INFO - 22 record inserted
[2022-02-27 17:15:12,802] {python.py:175} INFO - Done. Returned value was: None
[2022-02-27 17:15:12,829] {taskinstance.py:1267} INFO - Marking task as SUCCESS. dag_id=Download_Stock_Price, task_id=save_to_database, execution_date=20220227T091504, start_date=20220227T091512, end_date=20220227T091512
[2022-02-27 17:15:12,878] {local_task_job.py:154} INFO - Task exited with return code 0
[2022-02-27 17:15:12,945] {local_task_job.py:264} INFO - 0 downstream tasks scheduled from follow-on schedule check
