[2022-02-27 13:50:27,707] {taskinstance.py:1032} INFO - Dependencies all met for <TaskInstance: Download_Stock_Price.download_prices manual__2022-02-27T05:50:25.477125+00:00 [queued]>
[2022-02-27 13:50:27,719] {taskinstance.py:1032} INFO - Dependencies all met for <TaskInstance: Download_Stock_Price.download_prices manual__2022-02-27T05:50:25.477125+00:00 [queued]>
[2022-02-27 13:50:27,719] {taskinstance.py:1238} INFO - 
--------------------------------------------------------------------------------
[2022-02-27 13:50:27,719] {taskinstance.py:1239} INFO - Starting attempt 1 of 2
[2022-02-27 13:50:27,719] {taskinstance.py:1240} INFO - 
--------------------------------------------------------------------------------
[2022-02-27 13:50:27,731] {taskinstance.py:1259} INFO - Executing <Task(PythonOperator): download_prices> on 2022-02-27 05:50:25.477125+00:00
[2022-02-27 13:50:27,733] {standard_task_runner.py:52} INFO - Started process 31326 to run task
[2022-02-27 13:50:27,736] {standard_task_runner.py:76} INFO - Running: ['***', 'tasks', 'run', 'Download_Stock_Price', 'download_prices', 'manual__2022-02-27T05:50:25.477125+00:00', '--job-id', '5', '--raw', '--subdir', 'DAGS_FOLDER/download_stock_price.py', '--cfg-path', '/var/folders/7y/kt4ctk651rggrj3r9z9t02wc0000gp/T/tmpz265m5r9', '--error-file', '/var/folders/7y/kt4ctk651rggrj3r9z9t02wc0000gp/T/tmpr0yi15r_']
[2022-02-27 13:50:27,737] {standard_task_runner.py:77} INFO - Job 5: Subtask download_prices
[2022-02-27 13:50:27,820] {logging_mixin.py:109} INFO - Running <TaskInstance: Download_Stock_Price.download_prices manual__2022-02-27T05:50:25.477125+00:00 [running]> on host andydemacbook-air.local
[2022-02-27 13:50:27,883] {taskinstance.py:1424} INFO - Exporting the following env vars:
AIRFLOW_CTX_DAG_EMAIL=andy.hsu871226@gmail.com
AIRFLOW_CTX_DAG_OWNER=andyhsu
AIRFLOW_CTX_DAG_ID=Download_Stock_Price
AIRFLOW_CTX_TASK_ID=download_prices
AIRFLOW_CTX_EXECUTION_DATE=2022-02-27T05:50:25.477125+00:00
AIRFLOW_CTX_DAG_RUN_ID=manual__2022-02-27T05:50:25.477125+00:00
[2022-02-27 13:50:27,885] {logging_mixin.py:109} WARNING - /Users/andyhsu/tutorial-env/lib/python3.9/site-packages/***/utils/context.py:152 AirflowContextDeprecationWarning: Accessing 'execution_date' from the template is deprecated and will be removed in a future version. Please use 'data_interval_start' or 'logical_date' instead.
[2022-02-27 13:50:27,886] {logging_mixin.py:109} WARNING - /Users/andyhsu/tutorial-env/lib/python3.9/site-packages/***/utils/context.py:152 AirflowContextDeprecationWarning: Accessing 'next_ds' from the template is deprecated and will be removed in a future version. Please use '{{ data_interval_end | ds }}' instead.
[2022-02-27 13:50:27,886] {logging_mixin.py:109} WARNING - /Users/andyhsu/tutorial-env/lib/python3.9/site-packages/***/utils/context.py:152 AirflowContextDeprecationWarning: Accessing 'next_ds_nodash' from the template is deprecated and will be removed in a future version. Please use '{{ data_interval_end | ds_nodash }}' instead.
[2022-02-27 13:50:27,887] {logging_mixin.py:109} WARNING - /Users/andyhsu/tutorial-env/lib/python3.9/site-packages/***/utils/context.py:152 AirflowContextDeprecationWarning: Accessing 'next_execution_date' from the template is deprecated and will be removed in a future version. Please use 'data_interval_end' instead.
[2022-02-27 13:50:27,887] {logging_mixin.py:109} WARNING - /Users/andyhsu/tutorial-env/lib/python3.9/site-packages/***/utils/context.py:152 AirflowContextDeprecationWarning: Accessing 'prev_ds' from the template is deprecated and will be removed in a future version.
[2022-02-27 13:50:27,888] {logging_mixin.py:109} WARNING - /Users/andyhsu/tutorial-env/lib/python3.9/site-packages/***/utils/context.py:152 AirflowContextDeprecationWarning: Accessing 'prev_ds_nodash' from the template is deprecated and will be removed in a future version.
[2022-02-27 13:50:27,888] {logging_mixin.py:109} WARNING - /Users/andyhsu/tutorial-env/lib/python3.9/site-packages/***/utils/context.py:152 AirflowContextDeprecationWarning: Accessing 'prev_execution_date' from the template is deprecated and will be removed in a future version.
[2022-02-27 13:50:27,888] {logging_mixin.py:109} WARNING - /Users/andyhsu/tutorial-env/lib/python3.9/site-packages/***/utils/context.py:152 AirflowContextDeprecationWarning: Accessing 'prev_execution_date_success' from the template is deprecated and will be removed in a future version. Please use 'prev_data_interval_start_success' instead.
[2022-02-27 13:50:27,889] {logging_mixin.py:109} WARNING - /Users/andyhsu/tutorial-env/lib/python3.9/site-packages/***/utils/context.py:152 AirflowContextDeprecationWarning: Accessing 'tomorrow_ds' from the template is deprecated and will be removed in a future version.
[2022-02-27 13:50:27,889] {logging_mixin.py:109} WARNING - /Users/andyhsu/tutorial-env/lib/python3.9/site-packages/***/utils/context.py:152 AirflowContextDeprecationWarning: Accessing 'tomorrow_ds_nodash' from the template is deprecated and will be removed in a future version.
[2022-02-27 13:50:27,889] {logging_mixin.py:109} WARNING - /Users/andyhsu/tutorial-env/lib/python3.9/site-packages/***/utils/context.py:152 AirflowContextDeprecationWarning: Accessing 'yesterday_ds' from the template is deprecated and will be removed in a future version.
[2022-02-27 13:50:27,890] {logging_mixin.py:109} WARNING - /Users/andyhsu/tutorial-env/lib/python3.9/site-packages/***/utils/context.py:152 AirflowContextDeprecationWarning: Accessing 'yesterday_ds_nodash' from the template is deprecated and will be removed in a future version.
[2022-02-27 13:50:27,900] {logging_mixin.py:109} INFO - None
[2022-02-27 13:50:30,033] {logging_mixin.py:109} INFO - Finished dowloading priceIBM
[2022-02-27 13:50:32,241] {logging_mixin.py:109} INFO - Finished dowloading priceGE
[2022-02-27 13:50:34,206] {logging_mixin.py:109} INFO - Finished dowloading priceAAPL
[2022-02-27 13:50:34,553] {logging_mixin.py:109} INFO - Finished dowloading priceFB
[2022-02-27 13:50:36,289] {logging_mixin.py:109} INFO - Finished dowloading priceMSFT
[2022-02-27 13:50:36,289] {python.py:175} INFO - Done. Returned value was: None
[2022-02-27 13:50:36,305] {taskinstance.py:1267} INFO - Marking task as SUCCESS. dag_id=Download_Stock_Price, task_id=download_prices, execution_date=20220227T055025, start_date=20220227T055027, end_date=20220227T055036
[2022-02-27 13:50:36,358] {local_task_job.py:154} INFO - Task exited with return code 0
[2022-02-27 13:50:36,397] {local_task_job.py:264} INFO - 0 downstream tasks scheduled from follow-on schedule check
