[2022-02-26 03:33:01,297] {processor.py:163} INFO - Started process (PID=5336) to work on /Users/andyhsu/tutorial-env/lib/python3.9/site-packages/airflow/example_dags/example_sla_dag.py
[2022-02-26 03:33:01,297] {processor.py:642} INFO - Processing file /Users/andyhsu/tutorial-env/lib/python3.9/site-packages/airflow/example_dags/example_sla_dag.py for tasks to queue
[2022-02-26 03:33:01,297] {logging_mixin.py:109} INFO - [2022-02-26 03:33:01,297] {dagbag.py:500} INFO - Filling up the DagBag from /Users/andyhsu/tutorial-env/lib/python3.9/site-packages/airflow/example_dags/example_sla_dag.py
[2022-02-26 03:33:01,313] {processor.py:654} INFO - DAG(s) dict_keys(['example_sla_dag']) retrieved from /Users/andyhsu/tutorial-env/lib/python3.9/site-packages/airflow/example_dags/example_sla_dag.py
[2022-02-26 03:33:01,318] {logging_mixin.py:109} INFO - [2022-02-26 03:33:01,318] {dag.py:2396} INFO - Sync 1 DAGs
[2022-02-26 03:33:01,322] {logging_mixin.py:109} INFO - [2022-02-26 03:33:01,322] {dag.py:2935} INFO - Setting next_dagrun for example_sla_dag to 2022-02-25T19:30:00+00:00
[2022-02-26 03:33:01,325] {processor.py:171} INFO - Processing /Users/andyhsu/tutorial-env/lib/python3.9/site-packages/airflow/example_dags/example_sla_dag.py took 0.028 seconds
[2022-02-26 03:33:51,297] {processor.py:163} INFO - Started process (PID=5380) to work on /Users/andyhsu/tutorial-env/lib/python3.9/site-packages/airflow/example_dags/example_sla_dag.py
[2022-02-26 03:33:51,298] {processor.py:642} INFO - Processing file /Users/andyhsu/tutorial-env/lib/python3.9/site-packages/airflow/example_dags/example_sla_dag.py for tasks to queue
[2022-02-26 03:33:51,298] {logging_mixin.py:109} INFO - [2022-02-26 03:33:51,298] {dagbag.py:500} INFO - Filling up the DagBag from /Users/andyhsu/tutorial-env/lib/python3.9/site-packages/airflow/example_dags/example_sla_dag.py
[2022-02-26 03:33:51,316] {processor.py:654} INFO - DAG(s) dict_keys(['example_sla_dag']) retrieved from /Users/andyhsu/tutorial-env/lib/python3.9/site-packages/airflow/example_dags/example_sla_dag.py
[2022-02-26 03:33:51,324] {logging_mixin.py:109} INFO - [2022-02-26 03:33:51,323] {dag.py:2396} INFO - Sync 1 DAGs
[2022-02-26 03:33:51,329] {logging_mixin.py:109} INFO - [2022-02-26 03:33:51,329] {dag.py:2935} INFO - Setting next_dagrun for example_sla_dag to 2022-02-25T19:30:00+00:00
[2022-02-26 03:33:51,332] {processor.py:171} INFO - Processing /Users/andyhsu/tutorial-env/lib/python3.9/site-packages/airflow/example_dags/example_sla_dag.py took 0.036 seconds
[2022-02-26 04:07:30,002] {processor.py:163} INFO - Started process (PID=5476) to work on /Users/andyhsu/tutorial-env/lib/python3.9/site-packages/airflow/example_dags/example_sla_dag.py
[2022-02-26 04:07:30,002] {processor.py:642} INFO - Processing file /Users/andyhsu/tutorial-env/lib/python3.9/site-packages/airflow/example_dags/example_sla_dag.py for tasks to queue
[2022-02-26 04:07:30,002] {logging_mixin.py:109} INFO - [2022-02-26 04:07:30,002] {dagbag.py:500} INFO - Filling up the DagBag from /Users/andyhsu/tutorial-env/lib/python3.9/site-packages/airflow/example_dags/example_sla_dag.py
[2022-02-26 04:07:30,017] {processor.py:654} INFO - DAG(s) dict_keys(['example_sla_dag']) retrieved from /Users/andyhsu/tutorial-env/lib/python3.9/site-packages/airflow/example_dags/example_sla_dag.py
[2022-02-26 04:07:30,023] {logging_mixin.py:109} INFO - [2022-02-26 04:07:30,023] {dag.py:2396} INFO - Sync 1 DAGs
[2022-02-26 04:07:30,027] {logging_mixin.py:109} INFO - [2022-02-26 04:07:30,027] {dag.py:2935} INFO - Setting next_dagrun for example_sla_dag to 2022-02-25T20:04:00+00:00
[2022-02-26 04:07:30,030] {processor.py:171} INFO - Processing /Users/andyhsu/tutorial-env/lib/python3.9/site-packages/airflow/example_dags/example_sla_dag.py took 0.028 seconds
[2022-02-26 04:22:54,468] {processor.py:163} INFO - Started process (PID=5514) to work on /Users/andyhsu/tutorial-env/lib/python3.9/site-packages/airflow/example_dags/example_sla_dag.py
[2022-02-26 04:22:54,469] {processor.py:642} INFO - Processing file /Users/andyhsu/tutorial-env/lib/python3.9/site-packages/airflow/example_dags/example_sla_dag.py for tasks to queue
[2022-02-26 04:22:54,469] {logging_mixin.py:109} INFO - [2022-02-26 04:22:54,469] {dagbag.py:500} INFO - Filling up the DagBag from /Users/andyhsu/tutorial-env/lib/python3.9/site-packages/airflow/example_dags/example_sla_dag.py
[2022-02-26 04:22:54,484] {processor.py:654} INFO - DAG(s) dict_keys(['example_sla_dag']) retrieved from /Users/andyhsu/tutorial-env/lib/python3.9/site-packages/airflow/example_dags/example_sla_dag.py
[2022-02-26 04:22:54,490] {logging_mixin.py:109} INFO - [2022-02-26 04:22:54,490] {dag.py:2396} INFO - Sync 1 DAGs
[2022-02-26 04:22:54,493] {logging_mixin.py:109} INFO - [2022-02-26 04:22:54,493] {dag.py:2935} INFO - Setting next_dagrun for example_sla_dag to 2022-02-25T20:20:00+00:00
[2022-02-26 04:22:54,496] {processor.py:171} INFO - Processing /Users/andyhsu/tutorial-env/lib/python3.9/site-packages/airflow/example_dags/example_sla_dag.py took 0.028 seconds
[2022-02-26 04:37:47,536] {processor.py:163} INFO - Started process (PID=5549) to work on /Users/andyhsu/tutorial-env/lib/python3.9/site-packages/airflow/example_dags/example_sla_dag.py
[2022-02-26 04:37:47,537] {processor.py:642} INFO - Processing file /Users/andyhsu/tutorial-env/lib/python3.9/site-packages/airflow/example_dags/example_sla_dag.py for tasks to queue
[2022-02-26 04:37:47,537] {logging_mixin.py:109} INFO - [2022-02-26 04:37:47,537] {dagbag.py:500} INFO - Filling up the DagBag from /Users/andyhsu/tutorial-env/lib/python3.9/site-packages/airflow/example_dags/example_sla_dag.py
[2022-02-26 04:37:47,552] {processor.py:654} INFO - DAG(s) dict_keys(['example_sla_dag']) retrieved from /Users/andyhsu/tutorial-env/lib/python3.9/site-packages/airflow/example_dags/example_sla_dag.py
[2022-02-26 04:37:47,558] {logging_mixin.py:109} INFO - [2022-02-26 04:37:47,558] {dag.py:2396} INFO - Sync 1 DAGs
[2022-02-26 04:37:47,561] {logging_mixin.py:109} INFO - [2022-02-26 04:37:47,561] {dag.py:2935} INFO - Setting next_dagrun for example_sla_dag to 2022-02-25T20:34:00+00:00
[2022-02-26 04:37:47,564] {processor.py:171} INFO - Processing /Users/andyhsu/tutorial-env/lib/python3.9/site-packages/airflow/example_dags/example_sla_dag.py took 0.028 seconds
[2022-02-26 04:52:47,287] {processor.py:163} INFO - Started process (PID=5585) to work on /Users/andyhsu/tutorial-env/lib/python3.9/site-packages/airflow/example_dags/example_sla_dag.py
[2022-02-26 04:52:47,288] {processor.py:642} INFO - Processing file /Users/andyhsu/tutorial-env/lib/python3.9/site-packages/airflow/example_dags/example_sla_dag.py for tasks to queue
[2022-02-26 04:52:47,288] {logging_mixin.py:109} INFO - [2022-02-26 04:52:47,288] {dagbag.py:500} INFO - Filling up the DagBag from /Users/andyhsu/tutorial-env/lib/python3.9/site-packages/airflow/example_dags/example_sla_dag.py
[2022-02-26 04:52:47,303] {processor.py:654} INFO - DAG(s) dict_keys(['example_sla_dag']) retrieved from /Users/andyhsu/tutorial-env/lib/python3.9/site-packages/airflow/example_dags/example_sla_dag.py
[2022-02-26 04:52:47,309] {logging_mixin.py:109} INFO - [2022-02-26 04:52:47,309] {dag.py:2396} INFO - Sync 1 DAGs
[2022-02-26 04:52:47,312] {logging_mixin.py:109} INFO - [2022-02-26 04:52:47,312] {dag.py:2935} INFO - Setting next_dagrun for example_sla_dag to 2022-02-25T20:50:00+00:00
[2022-02-26 04:52:47,315] {processor.py:171} INFO - Processing /Users/andyhsu/tutorial-env/lib/python3.9/site-packages/airflow/example_dags/example_sla_dag.py took 0.028 seconds
[2022-02-26 05:07:46,387] {processor.py:163} INFO - Started process (PID=5623) to work on /Users/andyhsu/tutorial-env/lib/python3.9/site-packages/airflow/example_dags/example_sla_dag.py
[2022-02-26 05:07:46,387] {processor.py:642} INFO - Processing file /Users/andyhsu/tutorial-env/lib/python3.9/site-packages/airflow/example_dags/example_sla_dag.py for tasks to queue
[2022-02-26 05:07:46,387] {logging_mixin.py:109} INFO - [2022-02-26 05:07:46,387] {dagbag.py:500} INFO - Filling up the DagBag from /Users/andyhsu/tutorial-env/lib/python3.9/site-packages/airflow/example_dags/example_sla_dag.py
[2022-02-26 05:07:46,402] {processor.py:654} INFO - DAG(s) dict_keys(['example_sla_dag']) retrieved from /Users/andyhsu/tutorial-env/lib/python3.9/site-packages/airflow/example_dags/example_sla_dag.py
[2022-02-26 05:07:46,408] {logging_mixin.py:109} INFO - [2022-02-26 05:07:46,408] {dag.py:2396} INFO - Sync 1 DAGs
[2022-02-26 05:07:46,412] {logging_mixin.py:109} INFO - [2022-02-26 05:07:46,412] {dag.py:2935} INFO - Setting next_dagrun for example_sla_dag to 2022-02-25T21:04:00+00:00
[2022-02-26 05:07:46,414] {processor.py:171} INFO - Processing /Users/andyhsu/tutorial-env/lib/python3.9/site-packages/airflow/example_dags/example_sla_dag.py took 0.028 seconds
[2022-02-26 05:22:46,871] {processor.py:163} INFO - Started process (PID=5675) to work on /Users/andyhsu/tutorial-env/lib/python3.9/site-packages/airflow/example_dags/example_sla_dag.py
[2022-02-26 05:22:46,871] {processor.py:642} INFO - Processing file /Users/andyhsu/tutorial-env/lib/python3.9/site-packages/airflow/example_dags/example_sla_dag.py for tasks to queue
[2022-02-26 05:22:46,871] {logging_mixin.py:109} INFO - [2022-02-26 05:22:46,871] {dagbag.py:500} INFO - Filling up the DagBag from /Users/andyhsu/tutorial-env/lib/python3.9/site-packages/airflow/example_dags/example_sla_dag.py
[2022-02-26 05:22:46,887] {processor.py:654} INFO - DAG(s) dict_keys(['example_sla_dag']) retrieved from /Users/andyhsu/tutorial-env/lib/python3.9/site-packages/airflow/example_dags/example_sla_dag.py
[2022-02-26 05:22:46,893] {logging_mixin.py:109} INFO - [2022-02-26 05:22:46,892] {dag.py:2396} INFO - Sync 1 DAGs
[2022-02-26 05:22:46,896] {logging_mixin.py:109} INFO - [2022-02-26 05:22:46,896] {dag.py:2935} INFO - Setting next_dagrun for example_sla_dag to 2022-02-25T21:20:00+00:00
[2022-02-26 05:22:46,899] {processor.py:171} INFO - Processing /Users/andyhsu/tutorial-env/lib/python3.9/site-packages/airflow/example_dags/example_sla_dag.py took 0.028 seconds
[2022-02-26 05:37:47,974] {processor.py:163} INFO - Started process (PID=5716) to work on /Users/andyhsu/tutorial-env/lib/python3.9/site-packages/airflow/example_dags/example_sla_dag.py
[2022-02-26 05:37:47,975] {processor.py:642} INFO - Processing file /Users/andyhsu/tutorial-env/lib/python3.9/site-packages/airflow/example_dags/example_sla_dag.py for tasks to queue
[2022-02-26 05:37:47,975] {logging_mixin.py:109} INFO - [2022-02-26 05:37:47,975] {dagbag.py:500} INFO - Filling up the DagBag from /Users/andyhsu/tutorial-env/lib/python3.9/site-packages/airflow/example_dags/example_sla_dag.py
[2022-02-26 05:37:47,990] {processor.py:654} INFO - DAG(s) dict_keys(['example_sla_dag']) retrieved from /Users/andyhsu/tutorial-env/lib/python3.9/site-packages/airflow/example_dags/example_sla_dag.py
[2022-02-26 05:37:47,996] {logging_mixin.py:109} INFO - [2022-02-26 05:37:47,996] {dag.py:2396} INFO - Sync 1 DAGs
[2022-02-26 05:37:48,000] {logging_mixin.py:109} INFO - [2022-02-26 05:37:48,000] {dag.py:2935} INFO - Setting next_dagrun for example_sla_dag to 2022-02-25T21:34:00+00:00
[2022-02-26 05:37:48,002] {processor.py:171} INFO - Processing /Users/andyhsu/tutorial-env/lib/python3.9/site-packages/airflow/example_dags/example_sla_dag.py took 0.028 seconds
[2022-02-26 05:52:47,618] {processor.py:163} INFO - Started process (PID=5761) to work on /Users/andyhsu/tutorial-env/lib/python3.9/site-packages/airflow/example_dags/example_sla_dag.py
[2022-02-26 05:52:47,619] {processor.py:642} INFO - Processing file /Users/andyhsu/tutorial-env/lib/python3.9/site-packages/airflow/example_dags/example_sla_dag.py for tasks to queue
[2022-02-26 05:52:47,619] {logging_mixin.py:109} INFO - [2022-02-26 05:52:47,619] {dagbag.py:500} INFO - Filling up the DagBag from /Users/andyhsu/tutorial-env/lib/python3.9/site-packages/airflow/example_dags/example_sla_dag.py
[2022-02-26 05:52:47,634] {processor.py:654} INFO - DAG(s) dict_keys(['example_sla_dag']) retrieved from /Users/andyhsu/tutorial-env/lib/python3.9/site-packages/airflow/example_dags/example_sla_dag.py
[2022-02-26 05:52:47,640] {logging_mixin.py:109} INFO - [2022-02-26 05:52:47,640] {dag.py:2396} INFO - Sync 1 DAGs
[2022-02-26 05:52:47,643] {logging_mixin.py:109} INFO - [2022-02-26 05:52:47,643] {dag.py:2935} INFO - Setting next_dagrun for example_sla_dag to 2022-02-25T21:50:00+00:00
[2022-02-26 05:52:47,646] {processor.py:171} INFO - Processing /Users/andyhsu/tutorial-env/lib/python3.9/site-packages/airflow/example_dags/example_sla_dag.py took 0.028 seconds
[2022-02-26 06:41:39,949] {processor.py:163} INFO - Started process (PID=5805) to work on /Users/andyhsu/tutorial-env/lib/python3.9/site-packages/airflow/example_dags/example_sla_dag.py
[2022-02-26 06:41:39,949] {processor.py:642} INFO - Processing file /Users/andyhsu/tutorial-env/lib/python3.9/site-packages/airflow/example_dags/example_sla_dag.py for tasks to queue
[2022-02-26 06:41:39,949] {logging_mixin.py:109} INFO - [2022-02-26 06:41:39,949] {dagbag.py:500} INFO - Filling up the DagBag from /Users/andyhsu/tutorial-env/lib/python3.9/site-packages/airflow/example_dags/example_sla_dag.py
[2022-02-26 06:41:39,964] {processor.py:654} INFO - DAG(s) dict_keys(['example_sla_dag']) retrieved from /Users/andyhsu/tutorial-env/lib/python3.9/site-packages/airflow/example_dags/example_sla_dag.py
[2022-02-26 06:41:39,970] {logging_mixin.py:109} INFO - [2022-02-26 06:41:39,970] {dag.py:2396} INFO - Sync 1 DAGs
[2022-02-26 06:41:39,974] {logging_mixin.py:109} INFO - [2022-02-26 06:41:39,974] {dag.py:2935} INFO - Setting next_dagrun for example_sla_dag to 2022-02-25T22:38:00+00:00
[2022-02-26 06:41:39,977] {processor.py:171} INFO - Processing /Users/andyhsu/tutorial-env/lib/python3.9/site-packages/airflow/example_dags/example_sla_dag.py took 0.028 seconds
[2022-02-26 07:50:20,148] {processor.py:163} INFO - Started process (PID=5866) to work on /Users/andyhsu/tutorial-env/lib/python3.9/site-packages/airflow/example_dags/example_sla_dag.py
[2022-02-26 07:50:20,148] {processor.py:642} INFO - Processing file /Users/andyhsu/tutorial-env/lib/python3.9/site-packages/airflow/example_dags/example_sla_dag.py for tasks to queue
[2022-02-26 07:50:20,148] {logging_mixin.py:109} INFO - [2022-02-26 07:50:20,148] {dagbag.py:500} INFO - Filling up the DagBag from /Users/andyhsu/tutorial-env/lib/python3.9/site-packages/airflow/example_dags/example_sla_dag.py
[2022-02-26 07:50:20,164] {processor.py:654} INFO - DAG(s) dict_keys(['example_sla_dag']) retrieved from /Users/andyhsu/tutorial-env/lib/python3.9/site-packages/airflow/example_dags/example_sla_dag.py
[2022-02-26 07:50:20,169] {logging_mixin.py:109} INFO - [2022-02-26 07:50:20,169] {dag.py:2396} INFO - Sync 1 DAGs
[2022-02-26 07:50:20,173] {logging_mixin.py:109} INFO - [2022-02-26 07:50:20,173] {dag.py:2935} INFO - Setting next_dagrun for example_sla_dag to 2022-02-25T23:48:00+00:00
[2022-02-26 07:50:20,176] {processor.py:171} INFO - Processing /Users/andyhsu/tutorial-env/lib/python3.9/site-packages/airflow/example_dags/example_sla_dag.py took 0.028 seconds
