[2022-02-26 03:33:24,812] {processor.py:163} INFO - Started process (PID=5354) to work on /Users/andyhsu/tutorial-env/lib/python3.9/site-packages/airflow/example_dags/example_branch_datetime_operator.py
[2022-02-26 03:33:24,812] {processor.py:642} INFO - Processing file /Users/andyhsu/tutorial-env/lib/python3.9/site-packages/airflow/example_dags/example_branch_datetime_operator.py for tasks to queue
[2022-02-26 03:33:24,812] {logging_mixin.py:109} INFO - [2022-02-26 03:33:24,812] {dagbag.py:500} INFO - Filling up the DagBag from /Users/andyhsu/tutorial-env/lib/python3.9/site-packages/airflow/example_dags/example_branch_datetime_operator.py
[2022-02-26 03:33:24,824] {processor.py:654} INFO - DAG(s) dict_keys(['example_branch_datetime_operator_2']) retrieved from /Users/andyhsu/tutorial-env/lib/python3.9/site-packages/airflow/example_dags/example_branch_datetime_operator.py
[2022-02-26 03:33:24,830] {logging_mixin.py:109} INFO - [2022-02-26 03:33:24,830] {dag.py:2396} INFO - Sync 1 DAGs
[2022-02-26 03:33:24,833] {logging_mixin.py:109} INFO - [2022-02-26 03:33:24,833] {dag.py:2935} INFO - Setting next_dagrun for example_branch_datetime_operator_2 to 2022-02-24 00:00:00+00:00
[2022-02-26 03:33:24,836] {processor.py:171} INFO - Processing /Users/andyhsu/tutorial-env/lib/python3.9/site-packages/airflow/example_dags/example_branch_datetime_operator.py took 0.024 seconds
[2022-02-26 03:51:50,023] {processor.py:163} INFO - Started process (PID=5457) to work on /Users/andyhsu/tutorial-env/lib/python3.9/site-packages/airflow/example_dags/example_branch_datetime_operator.py
[2022-02-26 03:51:50,023] {processor.py:642} INFO - Processing file /Users/andyhsu/tutorial-env/lib/python3.9/site-packages/airflow/example_dags/example_branch_datetime_operator.py for tasks to queue
[2022-02-26 03:51:50,023] {logging_mixin.py:109} INFO - [2022-02-26 03:51:50,023] {dagbag.py:500} INFO - Filling up the DagBag from /Users/andyhsu/tutorial-env/lib/python3.9/site-packages/airflow/example_dags/example_branch_datetime_operator.py
[2022-02-26 03:51:50,033] {processor.py:654} INFO - DAG(s) dict_keys(['example_branch_datetime_operator_2']) retrieved from /Users/andyhsu/tutorial-env/lib/python3.9/site-packages/airflow/example_dags/example_branch_datetime_operator.py
[2022-02-26 03:51:50,040] {logging_mixin.py:109} INFO - [2022-02-26 03:51:50,040] {dag.py:2396} INFO - Sync 1 DAGs
[2022-02-26 03:51:50,043] {logging_mixin.py:109} INFO - [2022-02-26 03:51:50,043] {dag.py:2935} INFO - Setting next_dagrun for example_branch_datetime_operator_2 to 2022-02-24 00:00:00+00:00
[2022-02-26 03:51:50,046] {processor.py:171} INFO - Processing /Users/andyhsu/tutorial-env/lib/python3.9/site-packages/airflow/example_dags/example_branch_datetime_operator.py took 0.023 seconds
[2022-02-26 04:23:08,979] {processor.py:163} INFO - Started process (PID=5524) to work on /Users/andyhsu/tutorial-env/lib/python3.9/site-packages/airflow/example_dags/example_branch_datetime_operator.py
[2022-02-26 04:23:08,979] {processor.py:642} INFO - Processing file /Users/andyhsu/tutorial-env/lib/python3.9/site-packages/airflow/example_dags/example_branch_datetime_operator.py for tasks to queue
[2022-02-26 04:23:08,980] {logging_mixin.py:109} INFO - [2022-02-26 04:23:08,980] {dagbag.py:500} INFO - Filling up the DagBag from /Users/andyhsu/tutorial-env/lib/python3.9/site-packages/airflow/example_dags/example_branch_datetime_operator.py
[2022-02-26 04:23:08,990] {processor.py:654} INFO - DAG(s) dict_keys(['example_branch_datetime_operator_2']) retrieved from /Users/andyhsu/tutorial-env/lib/python3.9/site-packages/airflow/example_dags/example_branch_datetime_operator.py
[2022-02-26 04:23:08,996] {logging_mixin.py:109} INFO - [2022-02-26 04:23:08,996] {dag.py:2396} INFO - Sync 1 DAGs
[2022-02-26 04:23:08,999] {logging_mixin.py:109} INFO - [2022-02-26 04:23:08,999] {dag.py:2935} INFO - Setting next_dagrun for example_branch_datetime_operator_2 to 2022-02-24 00:00:00+00:00
[2022-02-26 04:23:09,002] {processor.py:171} INFO - Processing /Users/andyhsu/tutorial-env/lib/python3.9/site-packages/airflow/example_dags/example_branch_datetime_operator.py took 0.023 seconds
[2022-02-26 04:52:24,531] {processor.py:163} INFO - Started process (PID=5565) to work on /Users/andyhsu/tutorial-env/lib/python3.9/site-packages/airflow/example_dags/example_branch_datetime_operator.py
[2022-02-26 04:52:24,531] {processor.py:642} INFO - Processing file /Users/andyhsu/tutorial-env/lib/python3.9/site-packages/airflow/example_dags/example_branch_datetime_operator.py for tasks to queue
[2022-02-26 04:52:24,531] {logging_mixin.py:109} INFO - [2022-02-26 04:52:24,531] {dagbag.py:500} INFO - Filling up the DagBag from /Users/andyhsu/tutorial-env/lib/python3.9/site-packages/airflow/example_dags/example_branch_datetime_operator.py
[2022-02-26 04:52:24,542] {processor.py:654} INFO - DAG(s) dict_keys(['example_branch_datetime_operator_2']) retrieved from /Users/andyhsu/tutorial-env/lib/python3.9/site-packages/airflow/example_dags/example_branch_datetime_operator.py
[2022-02-26 04:52:24,548] {logging_mixin.py:109} INFO - [2022-02-26 04:52:24,548] {dag.py:2396} INFO - Sync 1 DAGs
[2022-02-26 04:52:24,552] {logging_mixin.py:109} INFO - [2022-02-26 04:52:24,552] {dag.py:2935} INFO - Setting next_dagrun for example_branch_datetime_operator_2 to 2022-02-24 00:00:00+00:00
[2022-02-26 04:52:24,554] {processor.py:171} INFO - Processing /Users/andyhsu/tutorial-env/lib/python3.9/site-packages/airflow/example_dags/example_branch_datetime_operator.py took 0.024 seconds
[2022-02-26 05:08:09,033] {processor.py:163} INFO - Started process (PID=5656) to work on /Users/andyhsu/tutorial-env/lib/python3.9/site-packages/airflow/example_dags/example_branch_datetime_operator.py
[2022-02-26 05:08:09,033] {processor.py:642} INFO - Processing file /Users/andyhsu/tutorial-env/lib/python3.9/site-packages/airflow/example_dags/example_branch_datetime_operator.py for tasks to queue
[2022-02-26 05:08:09,033] {logging_mixin.py:109} INFO - [2022-02-26 05:08:09,033] {dagbag.py:500} INFO - Filling up the DagBag from /Users/andyhsu/tutorial-env/lib/python3.9/site-packages/airflow/example_dags/example_branch_datetime_operator.py
[2022-02-26 05:08:09,044] {processor.py:654} INFO - DAG(s) dict_keys(['example_branch_datetime_operator_2']) retrieved from /Users/andyhsu/tutorial-env/lib/python3.9/site-packages/airflow/example_dags/example_branch_datetime_operator.py
[2022-02-26 05:08:09,050] {logging_mixin.py:109} INFO - [2022-02-26 05:08:09,050] {dag.py:2396} INFO - Sync 1 DAGs
[2022-02-26 05:08:09,053] {logging_mixin.py:109} INFO - [2022-02-26 05:08:09,053] {dag.py:2935} INFO - Setting next_dagrun for example_branch_datetime_operator_2 to 2022-02-24 00:00:00+00:00
[2022-02-26 05:08:09,056] {processor.py:171} INFO - Processing /Users/andyhsu/tutorial-env/lib/python3.9/site-packages/airflow/example_dags/example_branch_datetime_operator.py took 0.023 seconds
[2022-02-26 05:23:09,295] {processor.py:163} INFO - Started process (PID=5691) to work on /Users/andyhsu/tutorial-env/lib/python3.9/site-packages/airflow/example_dags/example_branch_datetime_operator.py
[2022-02-26 05:23:09,295] {processor.py:642} INFO - Processing file /Users/andyhsu/tutorial-env/lib/python3.9/site-packages/airflow/example_dags/example_branch_datetime_operator.py for tasks to queue
[2022-02-26 05:23:09,295] {logging_mixin.py:109} INFO - [2022-02-26 05:23:09,295] {dagbag.py:500} INFO - Filling up the DagBag from /Users/andyhsu/tutorial-env/lib/python3.9/site-packages/airflow/example_dags/example_branch_datetime_operator.py
[2022-02-26 05:23:09,306] {processor.py:654} INFO - DAG(s) dict_keys(['example_branch_datetime_operator_2']) retrieved from /Users/andyhsu/tutorial-env/lib/python3.9/site-packages/airflow/example_dags/example_branch_datetime_operator.py
[2022-02-26 05:23:09,312] {logging_mixin.py:109} INFO - [2022-02-26 05:23:09,312] {dag.py:2396} INFO - Sync 1 DAGs
[2022-02-26 05:23:09,315] {logging_mixin.py:109} INFO - [2022-02-26 05:23:09,315] {dag.py:2935} INFO - Setting next_dagrun for example_branch_datetime_operator_2 to 2022-02-24 00:00:00+00:00
[2022-02-26 05:23:09,318] {processor.py:171} INFO - Processing /Users/andyhsu/tutorial-env/lib/python3.9/site-packages/airflow/example_dags/example_branch_datetime_operator.py took 0.023 seconds
[2022-02-26 06:10:52,490] {processor.py:163} INFO - Started process (PID=5778) to work on /Users/andyhsu/tutorial-env/lib/python3.9/site-packages/airflow/example_dags/example_branch_datetime_operator.py
[2022-02-26 06:10:52,490] {processor.py:642} INFO - Processing file /Users/andyhsu/tutorial-env/lib/python3.9/site-packages/airflow/example_dags/example_branch_datetime_operator.py for tasks to queue
[2022-02-26 06:10:52,491] {logging_mixin.py:109} INFO - [2022-02-26 06:10:52,491] {dagbag.py:500} INFO - Filling up the DagBag from /Users/andyhsu/tutorial-env/lib/python3.9/site-packages/airflow/example_dags/example_branch_datetime_operator.py
[2022-02-26 06:10:52,501] {processor.py:654} INFO - DAG(s) dict_keys(['example_branch_datetime_operator_2']) retrieved from /Users/andyhsu/tutorial-env/lib/python3.9/site-packages/airflow/example_dags/example_branch_datetime_operator.py
[2022-02-26 06:10:52,508] {logging_mixin.py:109} INFO - [2022-02-26 06:10:52,508] {dag.py:2396} INFO - Sync 1 DAGs
[2022-02-26 06:10:52,512] {logging_mixin.py:109} INFO - [2022-02-26 06:10:52,512] {dag.py:2935} INFO - Setting next_dagrun for example_branch_datetime_operator_2 to 2022-02-24 00:00:00+00:00
[2022-02-26 06:10:52,514] {processor.py:171} INFO - Processing /Users/andyhsu/tutorial-env/lib/python3.9/site-packages/airflow/example_dags/example_branch_datetime_operator.py took 0.024 seconds
