[2022-02-26 03:33:23,203] {processor.py:163} INFO - Started process (PID=5353) to work on /Users/andyhsu/tutorial-env/lib/python3.9/site-packages/airflow/example_dags/example_branch_day_of_week_operator.py
[2022-02-26 03:33:23,203] {processor.py:642} INFO - Processing file /Users/andyhsu/tutorial-env/lib/python3.9/site-packages/airflow/example_dags/example_branch_day_of_week_operator.py for tasks to queue
[2022-02-26 03:33:23,203] {logging_mixin.py:109} INFO - [2022-02-26 03:33:23,203] {dagbag.py:500} INFO - Filling up the DagBag from /Users/andyhsu/tutorial-env/lib/python3.9/site-packages/airflow/example_dags/example_branch_day_of_week_operator.py
[2022-02-26 03:33:23,215] {processor.py:654} INFO - DAG(s) dict_keys(['example_weekday_branch_operator']) retrieved from /Users/andyhsu/tutorial-env/lib/python3.9/site-packages/airflow/example_dags/example_branch_day_of_week_operator.py
[2022-02-26 03:33:23,222] {logging_mixin.py:109} INFO - [2022-02-26 03:33:23,222] {dag.py:2396} INFO - Sync 1 DAGs
[2022-02-26 03:33:23,225] {logging_mixin.py:109} INFO - [2022-02-26 03:33:23,225] {dag.py:2935} INFO - Setting next_dagrun for example_weekday_branch_operator to 2022-02-24 00:00:00+00:00
[2022-02-26 03:33:23,228] {processor.py:171} INFO - Processing /Users/andyhsu/tutorial-env/lib/python3.9/site-packages/airflow/example_dags/example_branch_day_of_week_operator.py took 0.025 seconds
[2022-02-26 03:51:48,420] {processor.py:163} INFO - Started process (PID=5456) to work on /Users/andyhsu/tutorial-env/lib/python3.9/site-packages/airflow/example_dags/example_branch_day_of_week_operator.py
[2022-02-26 03:51:48,420] {processor.py:642} INFO - Processing file /Users/andyhsu/tutorial-env/lib/python3.9/site-packages/airflow/example_dags/example_branch_day_of_week_operator.py for tasks to queue
[2022-02-26 03:51:48,420] {logging_mixin.py:109} INFO - [2022-02-26 03:51:48,420] {dagbag.py:500} INFO - Filling up the DagBag from /Users/andyhsu/tutorial-env/lib/python3.9/site-packages/airflow/example_dags/example_branch_day_of_week_operator.py
[2022-02-26 03:51:48,431] {processor.py:654} INFO - DAG(s) dict_keys(['example_weekday_branch_operator']) retrieved from /Users/andyhsu/tutorial-env/lib/python3.9/site-packages/airflow/example_dags/example_branch_day_of_week_operator.py
[2022-02-26 03:51:48,437] {logging_mixin.py:109} INFO - [2022-02-26 03:51:48,437] {dag.py:2396} INFO - Sync 1 DAGs
[2022-02-26 03:51:48,440] {logging_mixin.py:109} INFO - [2022-02-26 03:51:48,440] {dag.py:2935} INFO - Setting next_dagrun for example_weekday_branch_operator to 2022-02-24 00:00:00+00:00
[2022-02-26 03:51:48,443] {processor.py:171} INFO - Processing /Users/andyhsu/tutorial-env/lib/python3.9/site-packages/airflow/example_dags/example_branch_day_of_week_operator.py took 0.024 seconds
[2022-02-26 04:23:07,375] {processor.py:163} INFO - Started process (PID=5523) to work on /Users/andyhsu/tutorial-env/lib/python3.9/site-packages/airflow/example_dags/example_branch_day_of_week_operator.py
[2022-02-26 04:23:07,375] {processor.py:642} INFO - Processing file /Users/andyhsu/tutorial-env/lib/python3.9/site-packages/airflow/example_dags/example_branch_day_of_week_operator.py for tasks to queue
[2022-02-26 04:23:07,375] {logging_mixin.py:109} INFO - [2022-02-26 04:23:07,375] {dagbag.py:500} INFO - Filling up the DagBag from /Users/andyhsu/tutorial-env/lib/python3.9/site-packages/airflow/example_dags/example_branch_day_of_week_operator.py
[2022-02-26 04:23:07,386] {processor.py:654} INFO - DAG(s) dict_keys(['example_weekday_branch_operator']) retrieved from /Users/andyhsu/tutorial-env/lib/python3.9/site-packages/airflow/example_dags/example_branch_day_of_week_operator.py
[2022-02-26 04:23:07,392] {logging_mixin.py:109} INFO - [2022-02-26 04:23:07,392] {dag.py:2396} INFO - Sync 1 DAGs
[2022-02-26 04:23:07,395] {logging_mixin.py:109} INFO - [2022-02-26 04:23:07,395] {dag.py:2935} INFO - Setting next_dagrun for example_weekday_branch_operator to 2022-02-24 00:00:00+00:00
[2022-02-26 04:23:07,398] {processor.py:171} INFO - Processing /Users/andyhsu/tutorial-env/lib/python3.9/site-packages/airflow/example_dags/example_branch_day_of_week_operator.py took 0.024 seconds
[2022-02-26 04:38:08,337] {processor.py:163} INFO - Started process (PID=5564) to work on /Users/andyhsu/tutorial-env/lib/python3.9/site-packages/airflow/example_dags/example_branch_day_of_week_operator.py
[2022-02-26 04:38:08,337] {processor.py:642} INFO - Processing file /Users/andyhsu/tutorial-env/lib/python3.9/site-packages/airflow/example_dags/example_branch_day_of_week_operator.py for tasks to queue
[2022-02-26 04:38:08,337] {logging_mixin.py:109} INFO - [2022-02-26 04:38:08,337] {dagbag.py:500} INFO - Filling up the DagBag from /Users/andyhsu/tutorial-env/lib/python3.9/site-packages/airflow/example_dags/example_branch_day_of_week_operator.py
[2022-02-26 04:38:08,348] {processor.py:654} INFO - DAG(s) dict_keys(['example_weekday_branch_operator']) retrieved from /Users/andyhsu/tutorial-env/lib/python3.9/site-packages/airflow/example_dags/example_branch_day_of_week_operator.py
[2022-02-26 04:38:08,354] {logging_mixin.py:109} INFO - [2022-02-26 04:38:08,354] {dag.py:2396} INFO - Sync 1 DAGs
[2022-02-26 04:38:08,357] {logging_mixin.py:109} INFO - [2022-02-26 04:38:08,357] {dag.py:2935} INFO - Setting next_dagrun for example_weekday_branch_operator to 2022-02-24 00:00:00+00:00
[2022-02-26 04:38:08,360] {processor.py:171} INFO - Processing /Users/andyhsu/tutorial-env/lib/python3.9/site-packages/airflow/example_dags/example_branch_day_of_week_operator.py took 0.023 seconds
[2022-02-26 04:53:07,999] {processor.py:163} INFO - Started process (PID=5600) to work on /Users/andyhsu/tutorial-env/lib/python3.9/site-packages/airflow/example_dags/example_branch_day_of_week_operator.py
[2022-02-26 04:53:07,999] {processor.py:642} INFO - Processing file /Users/andyhsu/tutorial-env/lib/python3.9/site-packages/airflow/example_dags/example_branch_day_of_week_operator.py for tasks to queue
[2022-02-26 04:53:07,999] {logging_mixin.py:109} INFO - [2022-02-26 04:53:07,999] {dagbag.py:500} INFO - Filling up the DagBag from /Users/andyhsu/tutorial-env/lib/python3.9/site-packages/airflow/example_dags/example_branch_day_of_week_operator.py
[2022-02-26 04:53:08,010] {processor.py:654} INFO - DAG(s) dict_keys(['example_weekday_branch_operator']) retrieved from /Users/andyhsu/tutorial-env/lib/python3.9/site-packages/airflow/example_dags/example_branch_day_of_week_operator.py
[2022-02-26 04:53:08,017] {logging_mixin.py:109} INFO - [2022-02-26 04:53:08,017] {dag.py:2396} INFO - Sync 1 DAGs
[2022-02-26 04:53:08,021] {logging_mixin.py:109} INFO - [2022-02-26 04:53:08,021] {dag.py:2935} INFO - Setting next_dagrun for example_weekday_branch_operator to 2022-02-24 00:00:00+00:00
[2022-02-26 04:53:08,024] {processor.py:171} INFO - Processing /Users/andyhsu/tutorial-env/lib/python3.9/site-packages/airflow/example_dags/example_branch_day_of_week_operator.py took 0.026 seconds
[2022-02-26 05:08:07,804] {processor.py:163} INFO - Started process (PID=5655) to work on /Users/andyhsu/tutorial-env/lib/python3.9/site-packages/airflow/example_dags/example_branch_day_of_week_operator.py
[2022-02-26 05:08:07,804] {processor.py:642} INFO - Processing file /Users/andyhsu/tutorial-env/lib/python3.9/site-packages/airflow/example_dags/example_branch_day_of_week_operator.py for tasks to queue
[2022-02-26 05:08:07,804] {logging_mixin.py:109} INFO - [2022-02-26 05:08:07,804] {dagbag.py:500} INFO - Filling up the DagBag from /Users/andyhsu/tutorial-env/lib/python3.9/site-packages/airflow/example_dags/example_branch_day_of_week_operator.py
[2022-02-26 05:08:07,815] {processor.py:654} INFO - DAG(s) dict_keys(['example_weekday_branch_operator']) retrieved from /Users/andyhsu/tutorial-env/lib/python3.9/site-packages/airflow/example_dags/example_branch_day_of_week_operator.py
[2022-02-26 05:08:07,821] {logging_mixin.py:109} INFO - [2022-02-26 05:08:07,821] {dag.py:2396} INFO - Sync 1 DAGs
[2022-02-26 05:08:07,824] {logging_mixin.py:109} INFO - [2022-02-26 05:08:07,824] {dag.py:2935} INFO - Setting next_dagrun for example_weekday_branch_operator to 2022-02-24 00:00:00+00:00
[2022-02-26 05:08:07,827] {processor.py:171} INFO - Processing /Users/andyhsu/tutorial-env/lib/python3.9/site-packages/airflow/example_dags/example_branch_day_of_week_operator.py took 0.023 seconds
[2022-02-26 05:23:07,689] {processor.py:163} INFO - Started process (PID=5690) to work on /Users/andyhsu/tutorial-env/lib/python3.9/site-packages/airflow/example_dags/example_branch_day_of_week_operator.py
[2022-02-26 05:23:07,690] {processor.py:642} INFO - Processing file /Users/andyhsu/tutorial-env/lib/python3.9/site-packages/airflow/example_dags/example_branch_day_of_week_operator.py for tasks to queue
[2022-02-26 05:23:07,690] {logging_mixin.py:109} INFO - [2022-02-26 05:23:07,690] {dagbag.py:500} INFO - Filling up the DagBag from /Users/andyhsu/tutorial-env/lib/python3.9/site-packages/airflow/example_dags/example_branch_day_of_week_operator.py
[2022-02-26 05:23:07,700] {processor.py:654} INFO - DAG(s) dict_keys(['example_weekday_branch_operator']) retrieved from /Users/andyhsu/tutorial-env/lib/python3.9/site-packages/airflow/example_dags/example_branch_day_of_week_operator.py
[2022-02-26 05:23:07,706] {logging_mixin.py:109} INFO - [2022-02-26 05:23:07,706] {dag.py:2396} INFO - Sync 1 DAGs
[2022-02-26 05:23:07,710] {logging_mixin.py:109} INFO - [2022-02-26 05:23:07,710] {dag.py:2935} INFO - Setting next_dagrun for example_weekday_branch_operator to 2022-02-24 00:00:00+00:00
[2022-02-26 05:23:07,713] {processor.py:171} INFO - Processing /Users/andyhsu/tutorial-env/lib/python3.9/site-packages/airflow/example_dags/example_branch_day_of_week_operator.py took 0.024 seconds
[2022-02-26 05:38:08,779] {processor.py:163} INFO - Started process (PID=5743) to work on /Users/andyhsu/tutorial-env/lib/python3.9/site-packages/airflow/example_dags/example_branch_day_of_week_operator.py
[2022-02-26 05:38:08,779] {processor.py:642} INFO - Processing file /Users/andyhsu/tutorial-env/lib/python3.9/site-packages/airflow/example_dags/example_branch_day_of_week_operator.py for tasks to queue
[2022-02-26 05:38:08,780] {logging_mixin.py:109} INFO - [2022-02-26 05:38:08,780] {dagbag.py:500} INFO - Filling up the DagBag from /Users/andyhsu/tutorial-env/lib/python3.9/site-packages/airflow/example_dags/example_branch_day_of_week_operator.py
[2022-02-26 05:38:08,790] {processor.py:654} INFO - DAG(s) dict_keys(['example_weekday_branch_operator']) retrieved from /Users/andyhsu/tutorial-env/lib/python3.9/site-packages/airflow/example_dags/example_branch_day_of_week_operator.py
[2022-02-26 05:38:08,796] {logging_mixin.py:109} INFO - [2022-02-26 05:38:08,796] {dag.py:2396} INFO - Sync 1 DAGs
[2022-02-26 05:38:08,799] {logging_mixin.py:109} INFO - [2022-02-26 05:38:08,799] {dag.py:2935} INFO - Setting next_dagrun for example_weekday_branch_operator to 2022-02-24 00:00:00+00:00
[2022-02-26 05:38:08,802] {processor.py:171} INFO - Processing /Users/andyhsu/tutorial-env/lib/python3.9/site-packages/airflow/example_dags/example_branch_day_of_week_operator.py took 0.023 seconds
[2022-02-26 05:53:08,513] {processor.py:163} INFO - Started process (PID=5776) to work on /Users/andyhsu/tutorial-env/lib/python3.9/site-packages/airflow/example_dags/example_branch_day_of_week_operator.py
[2022-02-26 05:53:08,513] {processor.py:642} INFO - Processing file /Users/andyhsu/tutorial-env/lib/python3.9/site-packages/airflow/example_dags/example_branch_day_of_week_operator.py for tasks to queue
[2022-02-26 05:53:08,513] {logging_mixin.py:109} INFO - [2022-02-26 05:53:08,513] {dagbag.py:500} INFO - Filling up the DagBag from /Users/andyhsu/tutorial-env/lib/python3.9/site-packages/airflow/example_dags/example_branch_day_of_week_operator.py
[2022-02-26 05:53:08,523] {processor.py:654} INFO - DAG(s) dict_keys(['example_weekday_branch_operator']) retrieved from /Users/andyhsu/tutorial-env/lib/python3.9/site-packages/airflow/example_dags/example_branch_day_of_week_operator.py
[2022-02-26 05:53:08,529] {logging_mixin.py:109} INFO - [2022-02-26 05:53:08,529] {dag.py:2396} INFO - Sync 1 DAGs
[2022-02-26 05:53:08,533] {logging_mixin.py:109} INFO - [2022-02-26 05:53:08,533] {dag.py:2935} INFO - Setting next_dagrun for example_weekday_branch_operator to 2022-02-24 00:00:00+00:00
[2022-02-26 05:53:08,535] {processor.py:171} INFO - Processing /Users/andyhsu/tutorial-env/lib/python3.9/site-packages/airflow/example_dags/example_branch_day_of_week_operator.py took 0.023 seconds
[2022-02-26 07:14:52,978] {processor.py:163} INFO - Started process (PID=5827) to work on /Users/andyhsu/tutorial-env/lib/python3.9/site-packages/airflow/example_dags/example_branch_day_of_week_operator.py
[2022-02-26 07:14:52,978] {processor.py:642} INFO - Processing file /Users/andyhsu/tutorial-env/lib/python3.9/site-packages/airflow/example_dags/example_branch_day_of_week_operator.py for tasks to queue
[2022-02-26 07:14:52,978] {logging_mixin.py:109} INFO - [2022-02-26 07:14:52,978] {dagbag.py:500} INFO - Filling up the DagBag from /Users/andyhsu/tutorial-env/lib/python3.9/site-packages/airflow/example_dags/example_branch_day_of_week_operator.py
[2022-02-26 07:14:52,988] {processor.py:654} INFO - DAG(s) dict_keys(['example_weekday_branch_operator']) retrieved from /Users/andyhsu/tutorial-env/lib/python3.9/site-packages/airflow/example_dags/example_branch_day_of_week_operator.py
[2022-02-26 07:14:52,995] {logging_mixin.py:109} INFO - [2022-02-26 07:14:52,994] {dag.py:2396} INFO - Sync 1 DAGs
[2022-02-26 07:14:52,998] {logging_mixin.py:109} INFO - [2022-02-26 07:14:52,998] {dag.py:2935} INFO - Setting next_dagrun for example_weekday_branch_operator to 2022-02-24 00:00:00+00:00
[2022-02-26 07:14:53,001] {processor.py:171} INFO - Processing /Users/andyhsu/tutorial-env/lib/python3.9/site-packages/airflow/example_dags/example_branch_day_of_week_operator.py took 0.023 seconds
