[2022-02-26 03:33:15,878] {processor.py:163} INFO - Started process (PID=5348) to work on /Users/andyhsu/tutorial-env/lib/python3.9/site-packages/airflow/example_dags/example_dag_decorator.py
[2022-02-26 03:33:15,879] {processor.py:642} INFO - Processing file /Users/andyhsu/tutorial-env/lib/python3.9/site-packages/airflow/example_dags/example_dag_decorator.py for tasks to queue
[2022-02-26 03:33:15,879] {logging_mixin.py:109} INFO - [2022-02-26 03:33:15,879] {dagbag.py:500} INFO - Filling up the DagBag from /Users/andyhsu/tutorial-env/lib/python3.9/site-packages/airflow/example_dags/example_dag_decorator.py
[2022-02-26 03:33:15,897] {processor.py:654} INFO - DAG(s) dict_keys(['example_dag_decorator']) retrieved from /Users/andyhsu/tutorial-env/lib/python3.9/site-packages/airflow/example_dags/example_dag_decorator.py
[2022-02-26 03:33:15,972] {logging_mixin.py:109} INFO - [2022-02-26 03:33:15,972] {dag.py:2396} INFO - Sync 1 DAGs
[2022-02-26 03:33:15,975] {logging_mixin.py:109} INFO - [2022-02-26 03:33:15,975] {dag.py:2935} INFO - Setting next_dagrun for example_dag_decorator to None
[2022-02-26 03:33:15,978] {processor.py:171} INFO - Processing /Users/andyhsu/tutorial-env/lib/python3.9/site-packages/airflow/example_dags/example_dag_decorator.py took 0.100 seconds
[2022-02-26 03:51:42,145] {processor.py:163} INFO - Started process (PID=5450) to work on /Users/andyhsu/tutorial-env/lib/python3.9/site-packages/airflow/example_dags/example_dag_decorator.py
[2022-02-26 03:51:42,146] {processor.py:642} INFO - Processing file /Users/andyhsu/tutorial-env/lib/python3.9/site-packages/airflow/example_dags/example_dag_decorator.py for tasks to queue
[2022-02-26 03:51:42,146] {logging_mixin.py:109} INFO - [2022-02-26 03:51:42,146] {dagbag.py:500} INFO - Filling up the DagBag from /Users/andyhsu/tutorial-env/lib/python3.9/site-packages/airflow/example_dags/example_dag_decorator.py
[2022-02-26 03:51:42,163] {processor.py:654} INFO - DAG(s) dict_keys(['example_dag_decorator']) retrieved from /Users/andyhsu/tutorial-env/lib/python3.9/site-packages/airflow/example_dags/example_dag_decorator.py
[2022-02-26 03:51:42,232] {logging_mixin.py:109} INFO - [2022-02-26 03:51:42,232] {dag.py:2396} INFO - Sync 1 DAGs
[2022-02-26 03:51:42,235] {logging_mixin.py:109} INFO - [2022-02-26 03:51:42,235] {dag.py:2935} INFO - Setting next_dagrun for example_dag_decorator to None
[2022-02-26 03:51:42,239] {processor.py:171} INFO - Processing /Users/andyhsu/tutorial-env/lib/python3.9/site-packages/airflow/example_dags/example_dag_decorator.py took 0.094 seconds
[2022-02-26 04:23:00,072] {processor.py:163} INFO - Started process (PID=5518) to work on /Users/andyhsu/tutorial-env/lib/python3.9/site-packages/airflow/example_dags/example_dag_decorator.py
[2022-02-26 04:23:00,072] {processor.py:642} INFO - Processing file /Users/andyhsu/tutorial-env/lib/python3.9/site-packages/airflow/example_dags/example_dag_decorator.py for tasks to queue
[2022-02-26 04:23:00,072] {logging_mixin.py:109} INFO - [2022-02-26 04:23:00,072] {dagbag.py:500} INFO - Filling up the DagBag from /Users/andyhsu/tutorial-env/lib/python3.9/site-packages/airflow/example_dags/example_dag_decorator.py
[2022-02-26 04:23:00,088] {processor.py:654} INFO - DAG(s) dict_keys(['example_dag_decorator']) retrieved from /Users/andyhsu/tutorial-env/lib/python3.9/site-packages/airflow/example_dags/example_dag_decorator.py
[2022-02-26 04:23:00,157] {logging_mixin.py:109} INFO - [2022-02-26 04:23:00,157] {dag.py:2396} INFO - Sync 1 DAGs
[2022-02-26 04:23:00,160] {logging_mixin.py:109} INFO - [2022-02-26 04:23:00,160] {dag.py:2935} INFO - Setting next_dagrun for example_dag_decorator to None
[2022-02-26 04:23:00,164] {processor.py:171} INFO - Processing /Users/andyhsu/tutorial-env/lib/python3.9/site-packages/airflow/example_dags/example_dag_decorator.py took 0.092 seconds
[2022-02-26 04:38:01,146] {processor.py:163} INFO - Started process (PID=5559) to work on /Users/andyhsu/tutorial-env/lib/python3.9/site-packages/airflow/example_dags/example_dag_decorator.py
[2022-02-26 04:38:01,146] {processor.py:642} INFO - Processing file /Users/andyhsu/tutorial-env/lib/python3.9/site-packages/airflow/example_dags/example_dag_decorator.py for tasks to queue
[2022-02-26 04:38:01,146] {logging_mixin.py:109} INFO - [2022-02-26 04:38:01,146] {dagbag.py:500} INFO - Filling up the DagBag from /Users/andyhsu/tutorial-env/lib/python3.9/site-packages/airflow/example_dags/example_dag_decorator.py
[2022-02-26 04:38:01,162] {processor.py:654} INFO - DAG(s) dict_keys(['example_dag_decorator']) retrieved from /Users/andyhsu/tutorial-env/lib/python3.9/site-packages/airflow/example_dags/example_dag_decorator.py
[2022-02-26 04:38:01,231] {logging_mixin.py:109} INFO - [2022-02-26 04:38:01,231] {dag.py:2396} INFO - Sync 1 DAGs
[2022-02-26 04:38:01,234] {logging_mixin.py:109} INFO - [2022-02-26 04:38:01,234] {dag.py:2935} INFO - Setting next_dagrun for example_dag_decorator to None
[2022-02-26 04:38:01,237] {processor.py:171} INFO - Processing /Users/andyhsu/tutorial-env/lib/python3.9/site-packages/airflow/example_dags/example_dag_decorator.py took 0.091 seconds
[2022-02-26 04:53:00,891] {processor.py:163} INFO - Started process (PID=5595) to work on /Users/andyhsu/tutorial-env/lib/python3.9/site-packages/airflow/example_dags/example_dag_decorator.py
[2022-02-26 04:53:00,891] {processor.py:642} INFO - Processing file /Users/andyhsu/tutorial-env/lib/python3.9/site-packages/airflow/example_dags/example_dag_decorator.py for tasks to queue
[2022-02-26 04:53:00,891] {logging_mixin.py:109} INFO - [2022-02-26 04:53:00,891] {dagbag.py:500} INFO - Filling up the DagBag from /Users/andyhsu/tutorial-env/lib/python3.9/site-packages/airflow/example_dags/example_dag_decorator.py
[2022-02-26 04:53:00,908] {processor.py:654} INFO - DAG(s) dict_keys(['example_dag_decorator']) retrieved from /Users/andyhsu/tutorial-env/lib/python3.9/site-packages/airflow/example_dags/example_dag_decorator.py
[2022-02-26 04:53:00,977] {logging_mixin.py:109} INFO - [2022-02-26 04:53:00,977] {dag.py:2396} INFO - Sync 1 DAGs
[2022-02-26 04:53:00,980] {logging_mixin.py:109} INFO - [2022-02-26 04:53:00,980] {dag.py:2935} INFO - Setting next_dagrun for example_dag_decorator to None
[2022-02-26 04:53:00,983] {processor.py:171} INFO - Processing /Users/andyhsu/tutorial-env/lib/python3.9/site-packages/airflow/example_dags/example_dag_decorator.py took 0.092 seconds
[2022-02-26 05:08:00,636] {processor.py:163} INFO - Started process (PID=5633) to work on /Users/andyhsu/tutorial-env/lib/python3.9/site-packages/airflow/example_dags/example_dag_decorator.py
[2022-02-26 05:08:00,636] {processor.py:642} INFO - Processing file /Users/andyhsu/tutorial-env/lib/python3.9/site-packages/airflow/example_dags/example_dag_decorator.py for tasks to queue
[2022-02-26 05:08:00,636] {logging_mixin.py:109} INFO - [2022-02-26 05:08:00,636] {dagbag.py:500} INFO - Filling up the DagBag from /Users/andyhsu/tutorial-env/lib/python3.9/site-packages/airflow/example_dags/example_dag_decorator.py
[2022-02-26 05:08:00,652] {processor.py:654} INFO - DAG(s) dict_keys(['example_dag_decorator']) retrieved from /Users/andyhsu/tutorial-env/lib/python3.9/site-packages/airflow/example_dags/example_dag_decorator.py
[2022-02-26 05:08:00,721] {logging_mixin.py:109} INFO - [2022-02-26 05:08:00,721] {dag.py:2396} INFO - Sync 1 DAGs
[2022-02-26 05:08:00,724] {logging_mixin.py:109} INFO - [2022-02-26 05:08:00,724] {dag.py:2935} INFO - Setting next_dagrun for example_dag_decorator to None
[2022-02-26 05:08:00,728] {processor.py:171} INFO - Processing /Users/andyhsu/tutorial-env/lib/python3.9/site-packages/airflow/example_dags/example_dag_decorator.py took 0.092 seconds
[2022-02-26 05:23:00,499] {processor.py:163} INFO - Started process (PID=5685) to work on /Users/andyhsu/tutorial-env/lib/python3.9/site-packages/airflow/example_dags/example_dag_decorator.py
[2022-02-26 05:23:00,500] {processor.py:642} INFO - Processing file /Users/andyhsu/tutorial-env/lib/python3.9/site-packages/airflow/example_dags/example_dag_decorator.py for tasks to queue
[2022-02-26 05:23:00,500] {logging_mixin.py:109} INFO - [2022-02-26 05:23:00,500] {dagbag.py:500} INFO - Filling up the DagBag from /Users/andyhsu/tutorial-env/lib/python3.9/site-packages/airflow/example_dags/example_dag_decorator.py
[2022-02-26 05:23:00,516] {processor.py:654} INFO - DAG(s) dict_keys(['example_dag_decorator']) retrieved from /Users/andyhsu/tutorial-env/lib/python3.9/site-packages/airflow/example_dags/example_dag_decorator.py
[2022-02-26 05:23:00,585] {logging_mixin.py:109} INFO - [2022-02-26 05:23:00,585] {dag.py:2396} INFO - Sync 1 DAGs
[2022-02-26 05:23:00,588] {logging_mixin.py:109} INFO - [2022-02-26 05:23:00,588] {dag.py:2935} INFO - Setting next_dagrun for example_dag_decorator to None
[2022-02-26 05:23:00,591] {processor.py:171} INFO - Processing /Users/andyhsu/tutorial-env/lib/python3.9/site-packages/airflow/example_dags/example_dag_decorator.py took 0.092 seconds
[2022-02-26 05:38:02,386] {processor.py:163} INFO - Started process (PID=5737) to work on /Users/andyhsu/tutorial-env/lib/python3.9/site-packages/airflow/example_dags/example_dag_decorator.py
[2022-02-26 05:38:02,386] {processor.py:642} INFO - Processing file /Users/andyhsu/tutorial-env/lib/python3.9/site-packages/airflow/example_dags/example_dag_decorator.py for tasks to queue
[2022-02-26 05:38:02,386] {logging_mixin.py:109} INFO - [2022-02-26 05:38:02,386] {dagbag.py:500} INFO - Filling up the DagBag from /Users/andyhsu/tutorial-env/lib/python3.9/site-packages/airflow/example_dags/example_dag_decorator.py
[2022-02-26 05:38:02,403] {processor.py:654} INFO - DAG(s) dict_keys(['example_dag_decorator']) retrieved from /Users/andyhsu/tutorial-env/lib/python3.9/site-packages/airflow/example_dags/example_dag_decorator.py
[2022-02-26 05:38:02,474] {logging_mixin.py:109} INFO - [2022-02-26 05:38:02,474] {dag.py:2396} INFO - Sync 1 DAGs
[2022-02-26 05:38:02,477] {logging_mixin.py:109} INFO - [2022-02-26 05:38:02,477] {dag.py:2935} INFO - Setting next_dagrun for example_dag_decorator to None
[2022-02-26 05:38:02,480] {processor.py:171} INFO - Processing /Users/andyhsu/tutorial-env/lib/python3.9/site-packages/airflow/example_dags/example_dag_decorator.py took 0.094 seconds
[2022-02-26 05:53:01,224] {processor.py:163} INFO - Started process (PID=5771) to work on /Users/andyhsu/tutorial-env/lib/python3.9/site-packages/airflow/example_dags/example_dag_decorator.py
[2022-02-26 05:53:01,224] {processor.py:642} INFO - Processing file /Users/andyhsu/tutorial-env/lib/python3.9/site-packages/airflow/example_dags/example_dag_decorator.py for tasks to queue
[2022-02-26 05:53:01,224] {logging_mixin.py:109} INFO - [2022-02-26 05:53:01,224] {dagbag.py:500} INFO - Filling up the DagBag from /Users/andyhsu/tutorial-env/lib/python3.9/site-packages/airflow/example_dags/example_dag_decorator.py
[2022-02-26 05:53:01,240] {processor.py:654} INFO - DAG(s) dict_keys(['example_dag_decorator']) retrieved from /Users/andyhsu/tutorial-env/lib/python3.9/site-packages/airflow/example_dags/example_dag_decorator.py
[2022-02-26 05:53:01,310] {logging_mixin.py:109} INFO - [2022-02-26 05:53:01,309] {dag.py:2396} INFO - Sync 1 DAGs
[2022-02-26 05:53:01,313] {logging_mixin.py:109} INFO - [2022-02-26 05:53:01,313] {dag.py:2935} INFO - Setting next_dagrun for example_dag_decorator to None
[2022-02-26 05:53:01,316] {processor.py:171} INFO - Processing /Users/andyhsu/tutorial-env/lib/python3.9/site-packages/airflow/example_dags/example_dag_decorator.py took 0.092 seconds
[2022-02-26 06:57:33,082] {processor.py:163} INFO - Started process (PID=5820) to work on /Users/andyhsu/tutorial-env/lib/python3.9/site-packages/airflow/example_dags/example_dag_decorator.py
[2022-02-26 06:57:33,082] {processor.py:642} INFO - Processing file /Users/andyhsu/tutorial-env/lib/python3.9/site-packages/airflow/example_dags/example_dag_decorator.py for tasks to queue
[2022-02-26 06:57:33,082] {logging_mixin.py:109} INFO - [2022-02-26 06:57:33,082] {dagbag.py:500} INFO - Filling up the DagBag from /Users/andyhsu/tutorial-env/lib/python3.9/site-packages/airflow/example_dags/example_dag_decorator.py
[2022-02-26 06:57:33,099] {processor.py:654} INFO - DAG(s) dict_keys(['example_dag_decorator']) retrieved from /Users/andyhsu/tutorial-env/lib/python3.9/site-packages/airflow/example_dags/example_dag_decorator.py
[2022-02-26 06:57:33,168] {logging_mixin.py:109} INFO - [2022-02-26 06:57:33,168] {dag.py:2396} INFO - Sync 1 DAGs
[2022-02-26 06:57:33,171] {logging_mixin.py:109} INFO - [2022-02-26 06:57:33,171] {dag.py:2935} INFO - Setting next_dagrun for example_dag_decorator to None
[2022-02-26 06:57:33,175] {processor.py:171} INFO - Processing /Users/andyhsu/tutorial-env/lib/python3.9/site-packages/airflow/example_dags/example_dag_decorator.py took 0.093 seconds
