[2022-02-26 03:32:56,193] {processor.py:163} INFO - Started process (PID=5327) to work on /Users/andyhsu/tutorial-env/lib/python3.9/site-packages/airflow/example_dags/example_task_group_decorator.py
[2022-02-26 03:32:56,193] {processor.py:642} INFO - Processing file /Users/andyhsu/tutorial-env/lib/python3.9/site-packages/airflow/example_dags/example_task_group_decorator.py for tasks to queue
[2022-02-26 03:32:56,193] {logging_mixin.py:109} INFO - [2022-02-26 03:32:56,193] {dagbag.py:500} INFO - Filling up the DagBag from /Users/andyhsu/tutorial-env/lib/python3.9/site-packages/airflow/example_dags/example_task_group_decorator.py
[2022-02-26 03:32:56,214] {processor.py:654} INFO - DAG(s) dict_keys(['example_task_group_decorator']) retrieved from /Users/andyhsu/tutorial-env/lib/python3.9/site-packages/airflow/example_dags/example_task_group_decorator.py
[2022-02-26 03:32:56,296] {logging_mixin.py:109} INFO - [2022-02-26 03:32:56,296] {dag.py:2396} INFO - Sync 1 DAGs
[2022-02-26 03:32:56,300] {logging_mixin.py:109} INFO - [2022-02-26 03:32:56,300] {dag.py:2935} INFO - Setting next_dagrun for example_task_group_decorator to 2022-02-24T19:32:56.300283+00:00
[2022-02-26 03:32:56,304] {processor.py:171} INFO - Processing /Users/andyhsu/tutorial-env/lib/python3.9/site-packages/airflow/example_dags/example_task_group_decorator.py took 0.111 seconds
[2022-02-26 03:33:44,428] {processor.py:163} INFO - Started process (PID=5373) to work on /Users/andyhsu/tutorial-env/lib/python3.9/site-packages/airflow/example_dags/example_task_group_decorator.py
[2022-02-26 03:33:44,429] {processor.py:642} INFO - Processing file /Users/andyhsu/tutorial-env/lib/python3.9/site-packages/airflow/example_dags/example_task_group_decorator.py for tasks to queue
[2022-02-26 03:33:44,430] {logging_mixin.py:109} INFO - [2022-02-26 03:33:44,430] {dagbag.py:500} INFO - Filling up the DagBag from /Users/andyhsu/tutorial-env/lib/python3.9/site-packages/airflow/example_dags/example_task_group_decorator.py
[2022-02-26 03:33:44,448] {processor.py:654} INFO - DAG(s) dict_keys(['example_task_group_decorator']) retrieved from /Users/andyhsu/tutorial-env/lib/python3.9/site-packages/airflow/example_dags/example_task_group_decorator.py
[2022-02-26 03:33:44,519] {logging_mixin.py:109} INFO - [2022-02-26 03:33:44,519] {dag.py:2396} INFO - Sync 1 DAGs
[2022-02-26 03:33:44,523] {logging_mixin.py:109} INFO - [2022-02-26 03:33:44,523] {dag.py:2935} INFO - Setting next_dagrun for example_task_group_decorator to 2022-02-24T19:33:44.523001+00:00
[2022-02-26 03:33:44,526] {processor.py:171} INFO - Processing /Users/andyhsu/tutorial-env/lib/python3.9/site-packages/airflow/example_dags/example_task_group_decorator.py took 0.098 seconds
[2022-02-26 04:07:25,979] {processor.py:163} INFO - Started process (PID=5473) to work on /Users/andyhsu/tutorial-env/lib/python3.9/site-packages/airflow/example_dags/example_task_group_decorator.py
[2022-02-26 04:07:25,979] {processor.py:642} INFO - Processing file /Users/andyhsu/tutorial-env/lib/python3.9/site-packages/airflow/example_dags/example_task_group_decorator.py for tasks to queue
[2022-02-26 04:07:25,980] {logging_mixin.py:109} INFO - [2022-02-26 04:07:25,980] {dagbag.py:500} INFO - Filling up the DagBag from /Users/andyhsu/tutorial-env/lib/python3.9/site-packages/airflow/example_dags/example_task_group_decorator.py
[2022-02-26 04:07:25,997] {processor.py:654} INFO - DAG(s) dict_keys(['example_task_group_decorator']) retrieved from /Users/andyhsu/tutorial-env/lib/python3.9/site-packages/airflow/example_dags/example_task_group_decorator.py
[2022-02-26 04:07:26,067] {logging_mixin.py:109} INFO - [2022-02-26 04:07:26,067] {dag.py:2396} INFO - Sync 1 DAGs
[2022-02-26 04:07:26,070] {logging_mixin.py:109} INFO - [2022-02-26 04:07:26,070] {dag.py:2935} INFO - Setting next_dagrun for example_task_group_decorator to 2022-02-24T20:07:26.070191+00:00
[2022-02-26 04:07:26,074] {processor.py:171} INFO - Processing /Users/andyhsu/tutorial-env/lib/python3.9/site-packages/airflow/example_dags/example_task_group_decorator.py took 0.095 seconds
[2022-02-26 04:22:50,287] {processor.py:163} INFO - Started process (PID=5511) to work on /Users/andyhsu/tutorial-env/lib/python3.9/site-packages/airflow/example_dags/example_task_group_decorator.py
[2022-02-26 04:22:50,287] {processor.py:642} INFO - Processing file /Users/andyhsu/tutorial-env/lib/python3.9/site-packages/airflow/example_dags/example_task_group_decorator.py for tasks to queue
[2022-02-26 04:22:50,287] {logging_mixin.py:109} INFO - [2022-02-26 04:22:50,287] {dagbag.py:500} INFO - Filling up the DagBag from /Users/andyhsu/tutorial-env/lib/python3.9/site-packages/airflow/example_dags/example_task_group_decorator.py
[2022-02-26 04:22:50,305] {processor.py:654} INFO - DAG(s) dict_keys(['example_task_group_decorator']) retrieved from /Users/andyhsu/tutorial-env/lib/python3.9/site-packages/airflow/example_dags/example_task_group_decorator.py
[2022-02-26 04:22:50,375] {logging_mixin.py:109} INFO - [2022-02-26 04:22:50,375] {dag.py:2396} INFO - Sync 1 DAGs
[2022-02-26 04:22:50,378] {logging_mixin.py:109} INFO - [2022-02-26 04:22:50,378] {dag.py:2935} INFO - Setting next_dagrun for example_task_group_decorator to 2022-02-24T20:22:50.378349+00:00
[2022-02-26 04:22:50,382] {processor.py:171} INFO - Processing /Users/andyhsu/tutorial-env/lib/python3.9/site-packages/airflow/example_dags/example_task_group_decorator.py took 0.095 seconds
[2022-02-26 04:37:42,640] {processor.py:163} INFO - Started process (PID=5546) to work on /Users/andyhsu/tutorial-env/lib/python3.9/site-packages/airflow/example_dags/example_task_group_decorator.py
[2022-02-26 04:37:42,640] {processor.py:642} INFO - Processing file /Users/andyhsu/tutorial-env/lib/python3.9/site-packages/airflow/example_dags/example_task_group_decorator.py for tasks to queue
[2022-02-26 04:37:42,640] {logging_mixin.py:109} INFO - [2022-02-26 04:37:42,640] {dagbag.py:500} INFO - Filling up the DagBag from /Users/andyhsu/tutorial-env/lib/python3.9/site-packages/airflow/example_dags/example_task_group_decorator.py
[2022-02-26 04:37:42,657] {processor.py:654} INFO - DAG(s) dict_keys(['example_task_group_decorator']) retrieved from /Users/andyhsu/tutorial-env/lib/python3.9/site-packages/airflow/example_dags/example_task_group_decorator.py
[2022-02-26 04:37:42,728] {logging_mixin.py:109} INFO - [2022-02-26 04:37:42,728] {dag.py:2396} INFO - Sync 1 DAGs
[2022-02-26 04:37:42,731] {logging_mixin.py:109} INFO - [2022-02-26 04:37:42,731] {dag.py:2935} INFO - Setting next_dagrun for example_task_group_decorator to 2022-02-24T20:37:42.731184+00:00
[2022-02-26 04:37:42,735] {processor.py:171} INFO - Processing /Users/andyhsu/tutorial-env/lib/python3.9/site-packages/airflow/example_dags/example_task_group_decorator.py took 0.095 seconds
[2022-02-26 04:52:42,376] {processor.py:163} INFO - Started process (PID=5582) to work on /Users/andyhsu/tutorial-env/lib/python3.9/site-packages/airflow/example_dags/example_task_group_decorator.py
[2022-02-26 04:52:42,376] {processor.py:642} INFO - Processing file /Users/andyhsu/tutorial-env/lib/python3.9/site-packages/airflow/example_dags/example_task_group_decorator.py for tasks to queue
[2022-02-26 04:52:42,376] {logging_mixin.py:109} INFO - [2022-02-26 04:52:42,376] {dagbag.py:500} INFO - Filling up the DagBag from /Users/andyhsu/tutorial-env/lib/python3.9/site-packages/airflow/example_dags/example_task_group_decorator.py
[2022-02-26 04:52:42,394] {processor.py:654} INFO - DAG(s) dict_keys(['example_task_group_decorator']) retrieved from /Users/andyhsu/tutorial-env/lib/python3.9/site-packages/airflow/example_dags/example_task_group_decorator.py
[2022-02-26 04:52:42,463] {logging_mixin.py:109} INFO - [2022-02-26 04:52:42,463] {dag.py:2396} INFO - Sync 1 DAGs
[2022-02-26 04:52:42,466] {logging_mixin.py:109} INFO - [2022-02-26 04:52:42,466] {dag.py:2935} INFO - Setting next_dagrun for example_task_group_decorator to 2022-02-24T20:52:42.466884+00:00
[2022-02-26 04:52:42,470] {processor.py:171} INFO - Processing /Users/andyhsu/tutorial-env/lib/python3.9/site-packages/airflow/example_dags/example_task_group_decorator.py took 0.095 seconds
[2022-02-26 05:07:42,130] {processor.py:163} INFO - Started process (PID=5620) to work on /Users/andyhsu/tutorial-env/lib/python3.9/site-packages/airflow/example_dags/example_task_group_decorator.py
[2022-02-26 05:07:42,130] {processor.py:642} INFO - Processing file /Users/andyhsu/tutorial-env/lib/python3.9/site-packages/airflow/example_dags/example_task_group_decorator.py for tasks to queue
[2022-02-26 05:07:42,130] {logging_mixin.py:109} INFO - [2022-02-26 05:07:42,130] {dagbag.py:500} INFO - Filling up the DagBag from /Users/andyhsu/tutorial-env/lib/python3.9/site-packages/airflow/example_dags/example_task_group_decorator.py
[2022-02-26 05:07:42,148] {processor.py:654} INFO - DAG(s) dict_keys(['example_task_group_decorator']) retrieved from /Users/andyhsu/tutorial-env/lib/python3.9/site-packages/airflow/example_dags/example_task_group_decorator.py
[2022-02-26 05:07:42,218] {logging_mixin.py:109} INFO - [2022-02-26 05:07:42,218] {dag.py:2396} INFO - Sync 1 DAGs
[2022-02-26 05:07:42,221] {logging_mixin.py:109} INFO - [2022-02-26 05:07:42,221] {dag.py:2935} INFO - Setting next_dagrun for example_task_group_decorator to 2022-02-24T21:07:42.221352+00:00
[2022-02-26 05:07:42,225] {processor.py:171} INFO - Processing /Users/andyhsu/tutorial-env/lib/python3.9/site-packages/airflow/example_dags/example_task_group_decorator.py took 0.095 seconds
[2022-02-26 05:22:41,967] {processor.py:163} INFO - Started process (PID=5671) to work on /Users/andyhsu/tutorial-env/lib/python3.9/site-packages/airflow/example_dags/example_task_group_decorator.py
[2022-02-26 05:22:41,967] {processor.py:642} INFO - Processing file /Users/andyhsu/tutorial-env/lib/python3.9/site-packages/airflow/example_dags/example_task_group_decorator.py for tasks to queue
[2022-02-26 05:22:41,967] {logging_mixin.py:109} INFO - [2022-02-26 05:22:41,967] {dagbag.py:500} INFO - Filling up the DagBag from /Users/andyhsu/tutorial-env/lib/python3.9/site-packages/airflow/example_dags/example_task_group_decorator.py
[2022-02-26 05:22:41,985] {processor.py:654} INFO - DAG(s) dict_keys(['example_task_group_decorator']) retrieved from /Users/andyhsu/tutorial-env/lib/python3.9/site-packages/airflow/example_dags/example_task_group_decorator.py
[2022-02-26 05:22:42,055] {logging_mixin.py:109} INFO - [2022-02-26 05:22:42,055] {dag.py:2396} INFO - Sync 1 DAGs
[2022-02-26 05:22:42,058] {logging_mixin.py:109} INFO - [2022-02-26 05:22:42,058] {dag.py:2935} INFO - Setting next_dagrun for example_task_group_decorator to 2022-02-24T21:22:42.058393+00:00
[2022-02-26 05:22:42,062] {processor.py:171} INFO - Processing /Users/andyhsu/tutorial-env/lib/python3.9/site-packages/airflow/example_dags/example_task_group_decorator.py took 0.095 seconds
[2022-02-26 05:37:43,978] {processor.py:163} INFO - Started process (PID=5713) to work on /Users/andyhsu/tutorial-env/lib/python3.9/site-packages/airflow/example_dags/example_task_group_decorator.py
[2022-02-26 05:37:43,978] {processor.py:642} INFO - Processing file /Users/andyhsu/tutorial-env/lib/python3.9/site-packages/airflow/example_dags/example_task_group_decorator.py for tasks to queue
[2022-02-26 05:37:43,978] {logging_mixin.py:109} INFO - [2022-02-26 05:37:43,978] {dagbag.py:500} INFO - Filling up the DagBag from /Users/andyhsu/tutorial-env/lib/python3.9/site-packages/airflow/example_dags/example_task_group_decorator.py
[2022-02-26 05:37:43,996] {processor.py:654} INFO - DAG(s) dict_keys(['example_task_group_decorator']) retrieved from /Users/andyhsu/tutorial-env/lib/python3.9/site-packages/airflow/example_dags/example_task_group_decorator.py
[2022-02-26 05:37:44,066] {logging_mixin.py:109} INFO - [2022-02-26 05:37:44,066] {dag.py:2396} INFO - Sync 1 DAGs
[2022-02-26 05:37:44,069] {logging_mixin.py:109} INFO - [2022-02-26 05:37:44,069] {dag.py:2935} INFO - Setting next_dagrun for example_task_group_decorator to 2022-02-24T21:37:44.069156+00:00
[2022-02-26 05:37:44,073] {processor.py:171} INFO - Processing /Users/andyhsu/tutorial-env/lib/python3.9/site-packages/airflow/example_dags/example_task_group_decorator.py took 0.095 seconds
[2022-02-26 05:52:43,626] {processor.py:163} INFO - Started process (PID=5758) to work on /Users/andyhsu/tutorial-env/lib/python3.9/site-packages/airflow/example_dags/example_task_group_decorator.py
[2022-02-26 05:52:43,627] {processor.py:642} INFO - Processing file /Users/andyhsu/tutorial-env/lib/python3.9/site-packages/airflow/example_dags/example_task_group_decorator.py for tasks to queue
[2022-02-26 05:52:43,627] {logging_mixin.py:109} INFO - [2022-02-26 05:52:43,627] {dagbag.py:500} INFO - Filling up the DagBag from /Users/andyhsu/tutorial-env/lib/python3.9/site-packages/airflow/example_dags/example_task_group_decorator.py
[2022-02-26 05:52:43,644] {processor.py:654} INFO - DAG(s) dict_keys(['example_task_group_decorator']) retrieved from /Users/andyhsu/tutorial-env/lib/python3.9/site-packages/airflow/example_dags/example_task_group_decorator.py
[2022-02-26 05:52:43,714] {logging_mixin.py:109} INFO - [2022-02-26 05:52:43,714] {dag.py:2396} INFO - Sync 1 DAGs
[2022-02-26 05:52:43,718] {logging_mixin.py:109} INFO - [2022-02-26 05:52:43,717] {dag.py:2935} INFO - Setting next_dagrun for example_task_group_decorator to 2022-02-24T21:52:43.717926+00:00
[2022-02-26 05:52:43,721] {processor.py:171} INFO - Processing /Users/andyhsu/tutorial-env/lib/python3.9/site-packages/airflow/example_dags/example_task_group_decorator.py took 0.095 seconds
[2022-02-26 06:26:35,067] {processor.py:163} INFO - Started process (PID=5796) to work on /Users/andyhsu/tutorial-env/lib/python3.9/site-packages/airflow/example_dags/example_task_group_decorator.py
[2022-02-26 06:26:35,068] {processor.py:642} INFO - Processing file /Users/andyhsu/tutorial-env/lib/python3.9/site-packages/airflow/example_dags/example_task_group_decorator.py for tasks to queue
[2022-02-26 06:26:35,068] {logging_mixin.py:109} INFO - [2022-02-26 06:26:35,068] {dagbag.py:500} INFO - Filling up the DagBag from /Users/andyhsu/tutorial-env/lib/python3.9/site-packages/airflow/example_dags/example_task_group_decorator.py
[2022-02-26 06:26:35,085] {processor.py:654} INFO - DAG(s) dict_keys(['example_task_group_decorator']) retrieved from /Users/andyhsu/tutorial-env/lib/python3.9/site-packages/airflow/example_dags/example_task_group_decorator.py
[2022-02-26 06:26:35,155] {logging_mixin.py:109} INFO - [2022-02-26 06:26:35,155] {dag.py:2396} INFO - Sync 1 DAGs
[2022-02-26 06:26:35,158] {logging_mixin.py:109} INFO - [2022-02-26 06:26:35,158] {dag.py:2935} INFO - Setting next_dagrun for example_task_group_decorator to 2022-02-24T22:26:35.158628+00:00
[2022-02-26 06:26:35,162] {processor.py:171} INFO - Processing /Users/andyhsu/tutorial-env/lib/python3.9/site-packages/airflow/example_dags/example_task_group_decorator.py took 0.095 seconds
[2022-02-26 07:34:21,530] {processor.py:163} INFO - Started process (PID=5861) to work on /Users/andyhsu/tutorial-env/lib/python3.9/site-packages/airflow/example_dags/example_task_group_decorator.py
[2022-02-26 07:34:21,530] {processor.py:642} INFO - Processing file /Users/andyhsu/tutorial-env/lib/python3.9/site-packages/airflow/example_dags/example_task_group_decorator.py for tasks to queue
[2022-02-26 07:34:21,530] {logging_mixin.py:109} INFO - [2022-02-26 07:34:21,530] {dagbag.py:500} INFO - Filling up the DagBag from /Users/andyhsu/tutorial-env/lib/python3.9/site-packages/airflow/example_dags/example_task_group_decorator.py
[2022-02-26 07:34:21,548] {processor.py:654} INFO - DAG(s) dict_keys(['example_task_group_decorator']) retrieved from /Users/andyhsu/tutorial-env/lib/python3.9/site-packages/airflow/example_dags/example_task_group_decorator.py
[2022-02-26 07:34:21,619] {logging_mixin.py:109} INFO - [2022-02-26 07:34:21,619] {dag.py:2396} INFO - Sync 1 DAGs
[2022-02-26 07:34:21,622] {logging_mixin.py:109} INFO - [2022-02-26 07:34:21,622] {dag.py:2935} INFO - Setting next_dagrun for example_task_group_decorator to 2022-02-24T23:34:21.622193+00:00
[2022-02-26 07:34:21,625] {processor.py:171} INFO - Processing /Users/andyhsu/tutorial-env/lib/python3.9/site-packages/airflow/example_dags/example_task_group_decorator.py took 0.096 seconds
