[2022-02-26 03:33:09,553] {processor.py:163} INFO - Started process (PID=5344) to work on /Users/andyhsu/tutorial-env/lib/python3.9/site-packages/airflow/example_dags/example_latest_only_with_trigger.py
[2022-02-26 03:33:09,553] {processor.py:642} INFO - Processing file /Users/andyhsu/tutorial-env/lib/python3.9/site-packages/airflow/example_dags/example_latest_only_with_trigger.py for tasks to queue
[2022-02-26 03:33:09,553] {logging_mixin.py:109} INFO - [2022-02-26 03:33:09,553] {dagbag.py:500} INFO - Filling up the DagBag from /Users/andyhsu/tutorial-env/lib/python3.9/site-packages/airflow/example_dags/example_latest_only_with_trigger.py
[2022-02-26 03:33:09,563] {processor.py:654} INFO - DAG(s) dict_keys(['latest_only_with_trigger']) retrieved from /Users/andyhsu/tutorial-env/lib/python3.9/site-packages/airflow/example_dags/example_latest_only_with_trigger.py
[2022-02-26 03:33:09,570] {logging_mixin.py:109} INFO - [2022-02-26 03:33:09,570] {dag.py:2396} INFO - Sync 1 DAGs
[2022-02-26 03:33:09,573] {logging_mixin.py:109} INFO - [2022-02-26 03:33:09,573] {dag.py:2935} INFO - Setting next_dagrun for latest_only_with_trigger to 2022-02-25T15:33:09.573119+00:00
[2022-02-26 03:33:09,576] {processor.py:171} INFO - Processing /Users/andyhsu/tutorial-env/lib/python3.9/site-packages/airflow/example_dags/example_latest_only_with_trigger.py took 0.023 seconds
[2022-02-26 03:33:59,337] {processor.py:163} INFO - Started process (PID=5402) to work on /Users/andyhsu/tutorial-env/lib/python3.9/site-packages/airflow/example_dags/example_latest_only_with_trigger.py
[2022-02-26 03:33:59,338] {processor.py:642} INFO - Processing file /Users/andyhsu/tutorial-env/lib/python3.9/site-packages/airflow/example_dags/example_latest_only_with_trigger.py for tasks to queue
[2022-02-26 03:33:59,338] {logging_mixin.py:109} INFO - [2022-02-26 03:33:59,338] {dagbag.py:500} INFO - Filling up the DagBag from /Users/andyhsu/tutorial-env/lib/python3.9/site-packages/airflow/example_dags/example_latest_only_with_trigger.py
[2022-02-26 03:33:59,349] {processor.py:654} INFO - DAG(s) dict_keys(['latest_only_with_trigger']) retrieved from /Users/andyhsu/tutorial-env/lib/python3.9/site-packages/airflow/example_dags/example_latest_only_with_trigger.py
[2022-02-26 03:33:59,356] {logging_mixin.py:109} INFO - [2022-02-26 03:33:59,356] {dag.py:2396} INFO - Sync 1 DAGs
[2022-02-26 03:33:59,359] {logging_mixin.py:109} INFO - [2022-02-26 03:33:59,359] {dag.py:2935} INFO - Setting next_dagrun for latest_only_with_trigger to 2022-02-25T15:33:59.359009+00:00
[2022-02-26 03:33:59,361] {processor.py:171} INFO - Processing /Users/andyhsu/tutorial-env/lib/python3.9/site-packages/airflow/example_dags/example_latest_only_with_trigger.py took 0.024 seconds
[2022-02-26 04:22:27,909] {processor.py:163} INFO - Started process (PID=5484) to work on /Users/andyhsu/tutorial-env/lib/python3.9/site-packages/airflow/example_dags/example_latest_only_with_trigger.py
[2022-02-26 04:22:27,909] {processor.py:642} INFO - Processing file /Users/andyhsu/tutorial-env/lib/python3.9/site-packages/airflow/example_dags/example_latest_only_with_trigger.py for tasks to queue
[2022-02-26 04:22:27,909] {logging_mixin.py:109} INFO - [2022-02-26 04:22:27,909] {dagbag.py:500} INFO - Filling up the DagBag from /Users/andyhsu/tutorial-env/lib/python3.9/site-packages/airflow/example_dags/example_latest_only_with_trigger.py
[2022-02-26 04:22:27,919] {processor.py:654} INFO - DAG(s) dict_keys(['latest_only_with_trigger']) retrieved from /Users/andyhsu/tutorial-env/lib/python3.9/site-packages/airflow/example_dags/example_latest_only_with_trigger.py
[2022-02-26 04:22:27,926] {logging_mixin.py:109} INFO - [2022-02-26 04:22:27,926] {dag.py:2396} INFO - Sync 1 DAGs
[2022-02-26 04:22:27,929] {logging_mixin.py:109} INFO - [2022-02-26 04:22:27,929] {dag.py:2935} INFO - Setting next_dagrun for latest_only_with_trigger to 2022-02-25T16:22:27.929784+00:00
[2022-02-26 04:22:27,932] {processor.py:171} INFO - Processing /Users/andyhsu/tutorial-env/lib/python3.9/site-packages/airflow/example_dags/example_latest_only_with_trigger.py took 0.024 seconds
[2022-02-26 04:37:55,553] {processor.py:163} INFO - Started process (PID=5555) to work on /Users/andyhsu/tutorial-env/lib/python3.9/site-packages/airflow/example_dags/example_latest_only_with_trigger.py
[2022-02-26 04:37:55,553] {processor.py:642} INFO - Processing file /Users/andyhsu/tutorial-env/lib/python3.9/site-packages/airflow/example_dags/example_latest_only_with_trigger.py for tasks to queue
[2022-02-26 04:37:55,553] {logging_mixin.py:109} INFO - [2022-02-26 04:37:55,553] {dagbag.py:500} INFO - Filling up the DagBag from /Users/andyhsu/tutorial-env/lib/python3.9/site-packages/airflow/example_dags/example_latest_only_with_trigger.py
[2022-02-26 04:37:55,563] {processor.py:654} INFO - DAG(s) dict_keys(['latest_only_with_trigger']) retrieved from /Users/andyhsu/tutorial-env/lib/python3.9/site-packages/airflow/example_dags/example_latest_only_with_trigger.py
[2022-02-26 04:37:55,570] {logging_mixin.py:109} INFO - [2022-02-26 04:37:55,570] {dag.py:2396} INFO - Sync 1 DAGs
[2022-02-26 04:37:55,573] {logging_mixin.py:109} INFO - [2022-02-26 04:37:55,573] {dag.py:2935} INFO - Setting next_dagrun for latest_only_with_trigger to 2022-02-25T16:37:55.573313+00:00
[2022-02-26 04:37:55,576] {processor.py:171} INFO - Processing /Users/andyhsu/tutorial-env/lib/python3.9/site-packages/airflow/example_dags/example_latest_only_with_trigger.py took 0.023 seconds
[2022-02-26 04:52:55,271] {processor.py:163} INFO - Started process (PID=5591) to work on /Users/andyhsu/tutorial-env/lib/python3.9/site-packages/airflow/example_dags/example_latest_only_with_trigger.py
[2022-02-26 04:52:55,271] {processor.py:642} INFO - Processing file /Users/andyhsu/tutorial-env/lib/python3.9/site-packages/airflow/example_dags/example_latest_only_with_trigger.py for tasks to queue
[2022-02-26 04:52:55,271] {logging_mixin.py:109} INFO - [2022-02-26 04:52:55,271] {dagbag.py:500} INFO - Filling up the DagBag from /Users/andyhsu/tutorial-env/lib/python3.9/site-packages/airflow/example_dags/example_latest_only_with_trigger.py
[2022-02-26 04:52:55,281] {processor.py:654} INFO - DAG(s) dict_keys(['latest_only_with_trigger']) retrieved from /Users/andyhsu/tutorial-env/lib/python3.9/site-packages/airflow/example_dags/example_latest_only_with_trigger.py
[2022-02-26 04:52:55,288] {logging_mixin.py:109} INFO - [2022-02-26 04:52:55,288] {dag.py:2396} INFO - Sync 1 DAGs
[2022-02-26 04:52:55,291] {logging_mixin.py:109} INFO - [2022-02-26 04:52:55,291] {dag.py:2935} INFO - Setting next_dagrun for latest_only_with_trigger to 2022-02-25T16:52:55.291334+00:00
[2022-02-26 04:52:55,294] {processor.py:171} INFO - Processing /Users/andyhsu/tutorial-env/lib/python3.9/site-packages/airflow/example_dags/example_latest_only_with_trigger.py took 0.023 seconds
[2022-02-26 05:07:55,035] {processor.py:163} INFO - Started process (PID=5629) to work on /Users/andyhsu/tutorial-env/lib/python3.9/site-packages/airflow/example_dags/example_latest_only_with_trigger.py
[2022-02-26 05:07:55,035] {processor.py:642} INFO - Processing file /Users/andyhsu/tutorial-env/lib/python3.9/site-packages/airflow/example_dags/example_latest_only_with_trigger.py for tasks to queue
[2022-02-26 05:07:55,035] {logging_mixin.py:109} INFO - [2022-02-26 05:07:55,035] {dagbag.py:500} INFO - Filling up the DagBag from /Users/andyhsu/tutorial-env/lib/python3.9/site-packages/airflow/example_dags/example_latest_only_with_trigger.py
[2022-02-26 05:07:55,045] {processor.py:654} INFO - DAG(s) dict_keys(['latest_only_with_trigger']) retrieved from /Users/andyhsu/tutorial-env/lib/python3.9/site-packages/airflow/example_dags/example_latest_only_with_trigger.py
[2022-02-26 05:07:55,052] {logging_mixin.py:109} INFO - [2022-02-26 05:07:55,052] {dag.py:2396} INFO - Sync 1 DAGs
[2022-02-26 05:07:55,055] {logging_mixin.py:109} INFO - [2022-02-26 05:07:55,055] {dag.py:2935} INFO - Setting next_dagrun for latest_only_with_trigger to 2022-02-25T17:07:55.055053+00:00
[2022-02-26 05:07:55,057] {processor.py:171} INFO - Processing /Users/andyhsu/tutorial-env/lib/python3.9/site-packages/airflow/example_dags/example_latest_only_with_trigger.py took 0.023 seconds
[2022-02-26 05:22:54,708] {processor.py:163} INFO - Started process (PID=5681) to work on /Users/andyhsu/tutorial-env/lib/python3.9/site-packages/airflow/example_dags/example_latest_only_with_trigger.py
[2022-02-26 05:22:54,708] {processor.py:642} INFO - Processing file /Users/andyhsu/tutorial-env/lib/python3.9/site-packages/airflow/example_dags/example_latest_only_with_trigger.py for tasks to queue
[2022-02-26 05:22:54,708] {logging_mixin.py:109} INFO - [2022-02-26 05:22:54,708] {dagbag.py:500} INFO - Filling up the DagBag from /Users/andyhsu/tutorial-env/lib/python3.9/site-packages/airflow/example_dags/example_latest_only_with_trigger.py
[2022-02-26 05:22:54,718] {processor.py:654} INFO - DAG(s) dict_keys(['latest_only_with_trigger']) retrieved from /Users/andyhsu/tutorial-env/lib/python3.9/site-packages/airflow/example_dags/example_latest_only_with_trigger.py
[2022-02-26 05:22:54,725] {logging_mixin.py:109} INFO - [2022-02-26 05:22:54,725] {dag.py:2396} INFO - Sync 1 DAGs
[2022-02-26 05:22:54,728] {logging_mixin.py:109} INFO - [2022-02-26 05:22:54,728] {dag.py:2935} INFO - Setting next_dagrun for latest_only_with_trigger to 2022-02-25T17:22:54.728161+00:00
[2022-02-26 05:22:54,731] {processor.py:171} INFO - Processing /Users/andyhsu/tutorial-env/lib/python3.9/site-packages/airflow/example_dags/example_latest_only_with_trigger.py took 0.023 seconds
[2022-02-26 05:37:56,799] {processor.py:163} INFO - Started process (PID=5733) to work on /Users/andyhsu/tutorial-env/lib/python3.9/site-packages/airflow/example_dags/example_latest_only_with_trigger.py
[2022-02-26 05:37:56,799] {processor.py:642} INFO - Processing file /Users/andyhsu/tutorial-env/lib/python3.9/site-packages/airflow/example_dags/example_latest_only_with_trigger.py for tasks to queue
[2022-02-26 05:37:56,799] {logging_mixin.py:109} INFO - [2022-02-26 05:37:56,799] {dagbag.py:500} INFO - Filling up the DagBag from /Users/andyhsu/tutorial-env/lib/python3.9/site-packages/airflow/example_dags/example_latest_only_with_trigger.py
[2022-02-26 05:37:56,809] {processor.py:654} INFO - DAG(s) dict_keys(['latest_only_with_trigger']) retrieved from /Users/andyhsu/tutorial-env/lib/python3.9/site-packages/airflow/example_dags/example_latest_only_with_trigger.py
[2022-02-26 05:37:56,816] {logging_mixin.py:109} INFO - [2022-02-26 05:37:56,815] {dag.py:2396} INFO - Sync 1 DAGs
[2022-02-26 05:37:56,819] {logging_mixin.py:109} INFO - [2022-02-26 05:37:56,818] {dag.py:2935} INFO - Setting next_dagrun for latest_only_with_trigger to 2022-02-25T17:37:56.818934+00:00
[2022-02-26 05:37:56,822] {processor.py:171} INFO - Processing /Users/andyhsu/tutorial-env/lib/python3.9/site-packages/airflow/example_dags/example_latest_only_with_trigger.py took 0.023 seconds
[2022-02-26 05:52:55,620] {processor.py:163} INFO - Started process (PID=5767) to work on /Users/andyhsu/tutorial-env/lib/python3.9/site-packages/airflow/example_dags/example_latest_only_with_trigger.py
[2022-02-26 05:52:55,620] {processor.py:642} INFO - Processing file /Users/andyhsu/tutorial-env/lib/python3.9/site-packages/airflow/example_dags/example_latest_only_with_trigger.py for tasks to queue
[2022-02-26 05:52:55,621] {logging_mixin.py:109} INFO - [2022-02-26 05:52:55,621] {dagbag.py:500} INFO - Filling up the DagBag from /Users/andyhsu/tutorial-env/lib/python3.9/site-packages/airflow/example_dags/example_latest_only_with_trigger.py
[2022-02-26 05:52:55,631] {processor.py:654} INFO - DAG(s) dict_keys(['latest_only_with_trigger']) retrieved from /Users/andyhsu/tutorial-env/lib/python3.9/site-packages/airflow/example_dags/example_latest_only_with_trigger.py
[2022-02-26 05:52:55,637] {logging_mixin.py:109} INFO - [2022-02-26 05:52:55,637] {dag.py:2396} INFO - Sync 1 DAGs
[2022-02-26 05:52:55,640] {logging_mixin.py:109} INFO - [2022-02-26 05:52:55,640] {dag.py:2935} INFO - Setting next_dagrun for latest_only_with_trigger to 2022-02-25T17:52:55.640440+00:00
[2022-02-26 05:52:55,643] {processor.py:171} INFO - Processing /Users/andyhsu/tutorial-env/lib/python3.9/site-packages/airflow/example_dags/example_latest_only_with_trigger.py took 0.023 seconds
[2022-02-26 06:41:47,592] {processor.py:163} INFO - Started process (PID=5812) to work on /Users/andyhsu/tutorial-env/lib/python3.9/site-packages/airflow/example_dags/example_latest_only_with_trigger.py
[2022-02-26 06:41:47,592] {processor.py:642} INFO - Processing file /Users/andyhsu/tutorial-env/lib/python3.9/site-packages/airflow/example_dags/example_latest_only_with_trigger.py for tasks to queue
[2022-02-26 06:41:47,592] {logging_mixin.py:109} INFO - [2022-02-26 06:41:47,592] {dagbag.py:500} INFO - Filling up the DagBag from /Users/andyhsu/tutorial-env/lib/python3.9/site-packages/airflow/example_dags/example_latest_only_with_trigger.py
[2022-02-26 06:41:47,602] {processor.py:654} INFO - DAG(s) dict_keys(['latest_only_with_trigger']) retrieved from /Users/andyhsu/tutorial-env/lib/python3.9/site-packages/airflow/example_dags/example_latest_only_with_trigger.py
[2022-02-26 06:41:47,609] {logging_mixin.py:109} INFO - [2022-02-26 06:41:47,609] {dag.py:2396} INFO - Sync 1 DAGs
[2022-02-26 06:41:47,612] {logging_mixin.py:109} INFO - [2022-02-26 06:41:47,612] {dag.py:2935} INFO - Setting next_dagrun for latest_only_with_trigger to 2022-02-25T18:41:47.611968+00:00
[2022-02-26 06:41:47,614] {processor.py:171} INFO - Processing /Users/andyhsu/tutorial-env/lib/python3.9/site-packages/airflow/example_dags/example_latest_only_with_trigger.py took 0.023 seconds
[2022-02-26 07:50:28,125] {processor.py:163} INFO - Started process (PID=5873) to work on /Users/andyhsu/tutorial-env/lib/python3.9/site-packages/airflow/example_dags/example_latest_only_with_trigger.py
[2022-02-26 07:50:28,125] {processor.py:642} INFO - Processing file /Users/andyhsu/tutorial-env/lib/python3.9/site-packages/airflow/example_dags/example_latest_only_with_trigger.py for tasks to queue
[2022-02-26 07:50:28,125] {logging_mixin.py:109} INFO - [2022-02-26 07:50:28,125] {dagbag.py:500} INFO - Filling up the DagBag from /Users/andyhsu/tutorial-env/lib/python3.9/site-packages/airflow/example_dags/example_latest_only_with_trigger.py
[2022-02-26 07:50:28,135] {processor.py:654} INFO - DAG(s) dict_keys(['latest_only_with_trigger']) retrieved from /Users/andyhsu/tutorial-env/lib/python3.9/site-packages/airflow/example_dags/example_latest_only_with_trigger.py
[2022-02-26 07:50:28,142] {logging_mixin.py:109} INFO - [2022-02-26 07:50:28,142] {dag.py:2396} INFO - Sync 1 DAGs
[2022-02-26 07:50:28,145] {logging_mixin.py:109} INFO - [2022-02-26 07:50:28,145] {dag.py:2935} INFO - Setting next_dagrun for latest_only_with_trigger to 2022-02-25T19:50:28.144982+00:00
[2022-02-26 07:50:28,147] {processor.py:171} INFO - Processing /Users/andyhsu/tutorial-env/lib/python3.9/site-packages/airflow/example_dags/example_latest_only_with_trigger.py took 0.023 seconds
