[2022-02-26 03:32:59,589] {processor.py:163} INFO - Started process (PID=5335) to work on /Users/andyhsu/tutorial-env/lib/python3.9/site-packages/airflow/example_dags/example_subdag_operator.py
[2022-02-26 03:32:59,589] {processor.py:642} INFO - Processing file /Users/andyhsu/tutorial-env/lib/python3.9/site-packages/airflow/example_dags/example_subdag_operator.py for tasks to queue
[2022-02-26 03:32:59,589] {logging_mixin.py:109} INFO - [2022-02-26 03:32:59,589] {dagbag.py:500} INFO - Filling up the DagBag from /Users/andyhsu/tutorial-env/lib/python3.9/site-packages/airflow/example_dags/example_subdag_operator.py
[2022-02-26 03:32:59,602] {processor.py:654} INFO - DAG(s) dict_keys(['example_subdag_operator.section-1', 'example_subdag_operator.section-2', 'example_subdag_operator']) retrieved from /Users/andyhsu/tutorial-env/lib/python3.9/site-packages/airflow/example_dags/example_subdag_operator.py
[2022-02-26 03:32:59,671] {logging_mixin.py:109} INFO - [2022-02-26 03:32:59,671] {dag.py:2396} INFO - Sync 3 DAGs
[2022-02-26 03:32:59,675] {logging_mixin.py:109} INFO - [2022-02-26 03:32:59,675] {dag.py:2935} INFO - Setting next_dagrun for example_subdag_operator to 2022-02-23T00:00:00+00:00
[2022-02-26 03:32:59,675] {logging_mixin.py:109} INFO - [2022-02-26 03:32:59,675] {dag.py:2935} INFO - Setting next_dagrun for example_subdag_operator.section-1 to None
[2022-02-26 03:32:59,675] {logging_mixin.py:109} INFO - [2022-02-26 03:32:59,675] {dag.py:2935} INFO - Setting next_dagrun for example_subdag_operator.section-2 to None
[2022-02-26 03:32:59,677] {logging_mixin.py:109} INFO - [2022-02-26 03:32:59,677] {dag.py:2396} INFO - Sync 2 DAGs
[2022-02-26 03:32:59,678] {logging_mixin.py:109} INFO - [2022-02-26 03:32:59,678] {dag.py:2935} INFO - Setting next_dagrun for example_subdag_operator.section-1 to None
[2022-02-26 03:32:59,678] {logging_mixin.py:109} INFO - [2022-02-26 03:32:59,678] {dag.py:2935} INFO - Setting next_dagrun for example_subdag_operator.section-2 to None
[2022-02-26 03:32:59,681] {processor.py:171} INFO - Processing /Users/andyhsu/tutorial-env/lib/python3.9/site-packages/airflow/example_dags/example_subdag_operator.py took 0.092 seconds
[2022-02-26 03:33:49,645] {processor.py:163} INFO - Started process (PID=5379) to work on /Users/andyhsu/tutorial-env/lib/python3.9/site-packages/airflow/example_dags/example_subdag_operator.py
[2022-02-26 03:33:49,647] {processor.py:642} INFO - Processing file /Users/andyhsu/tutorial-env/lib/python3.9/site-packages/airflow/example_dags/example_subdag_operator.py for tasks to queue
[2022-02-26 03:33:49,647] {logging_mixin.py:109} INFO - [2022-02-26 03:33:49,647] {dagbag.py:500} INFO - Filling up the DagBag from /Users/andyhsu/tutorial-env/lib/python3.9/site-packages/airflow/example_dags/example_subdag_operator.py
[2022-02-26 03:33:49,660] {processor.py:654} INFO - DAG(s) dict_keys(['example_subdag_operator.section-1', 'example_subdag_operator.section-2', 'example_subdag_operator']) retrieved from /Users/andyhsu/tutorial-env/lib/python3.9/site-packages/airflow/example_dags/example_subdag_operator.py
[2022-02-26 03:33:49,666] {logging_mixin.py:109} INFO - [2022-02-26 03:33:49,666] {dag.py:2396} INFO - Sync 3 DAGs
[2022-02-26 03:33:49,670] {logging_mixin.py:109} INFO - [2022-02-26 03:33:49,669] {dag.py:2935} INFO - Setting next_dagrun for example_subdag_operator to 2022-02-23T00:00:00+00:00
[2022-02-26 03:33:49,670] {logging_mixin.py:109} INFO - [2022-02-26 03:33:49,670] {dag.py:2935} INFO - Setting next_dagrun for example_subdag_operator.section-1 to None
[2022-02-26 03:33:49,670] {logging_mixin.py:109} INFO - [2022-02-26 03:33:49,670] {dag.py:2935} INFO - Setting next_dagrun for example_subdag_operator.section-2 to None
[2022-02-26 03:33:49,671] {logging_mixin.py:109} INFO - [2022-02-26 03:33:49,671] {dag.py:2396} INFO - Sync 2 DAGs
[2022-02-26 03:33:49,673] {logging_mixin.py:109} INFO - [2022-02-26 03:33:49,673] {dag.py:2935} INFO - Setting next_dagrun for example_subdag_operator.section-1 to None
[2022-02-26 03:33:49,673] {logging_mixin.py:109} INFO - [2022-02-26 03:33:49,673] {dag.py:2935} INFO - Setting next_dagrun for example_subdag_operator.section-2 to None
[2022-02-26 03:33:49,674] {processor.py:171} INFO - Processing /Users/andyhsu/tutorial-env/lib/python3.9/site-packages/airflow/example_dags/example_subdag_operator.py took 0.029 seconds
[2022-02-26 04:07:29,298] {processor.py:163} INFO - Started process (PID=5475) to work on /Users/andyhsu/tutorial-env/lib/python3.9/site-packages/airflow/example_dags/example_subdag_operator.py
[2022-02-26 04:07:29,298] {processor.py:642} INFO - Processing file /Users/andyhsu/tutorial-env/lib/python3.9/site-packages/airflow/example_dags/example_subdag_operator.py for tasks to queue
[2022-02-26 04:07:29,298] {logging_mixin.py:109} INFO - [2022-02-26 04:07:29,298] {dagbag.py:500} INFO - Filling up the DagBag from /Users/andyhsu/tutorial-env/lib/python3.9/site-packages/airflow/example_dags/example_subdag_operator.py
[2022-02-26 04:07:29,311] {processor.py:654} INFO - DAG(s) dict_keys(['example_subdag_operator.section-1', 'example_subdag_operator.section-2', 'example_subdag_operator']) retrieved from /Users/andyhsu/tutorial-env/lib/python3.9/site-packages/airflow/example_dags/example_subdag_operator.py
[2022-02-26 04:07:29,317] {logging_mixin.py:109} INFO - [2022-02-26 04:07:29,317] {dag.py:2396} INFO - Sync 3 DAGs
[2022-02-26 04:07:29,320] {logging_mixin.py:109} INFO - [2022-02-26 04:07:29,320] {dag.py:2935} INFO - Setting next_dagrun for example_subdag_operator to 2022-02-23T00:00:00+00:00
[2022-02-26 04:07:29,320] {logging_mixin.py:109} INFO - [2022-02-26 04:07:29,320] {dag.py:2935} INFO - Setting next_dagrun for example_subdag_operator.section-1 to None
[2022-02-26 04:07:29,320] {logging_mixin.py:109} INFO - [2022-02-26 04:07:29,320] {dag.py:2935} INFO - Setting next_dagrun for example_subdag_operator.section-2 to None
[2022-02-26 04:07:29,321] {logging_mixin.py:109} INFO - [2022-02-26 04:07:29,321] {dag.py:2396} INFO - Sync 2 DAGs
[2022-02-26 04:07:29,323] {logging_mixin.py:109} INFO - [2022-02-26 04:07:29,323] {dag.py:2935} INFO - Setting next_dagrun for example_subdag_operator.section-1 to None
[2022-02-26 04:07:29,323] {logging_mixin.py:109} INFO - [2022-02-26 04:07:29,323] {dag.py:2935} INFO - Setting next_dagrun for example_subdag_operator.section-2 to None
[2022-02-26 04:07:29,325] {processor.py:171} INFO - Processing /Users/andyhsu/tutorial-env/lib/python3.9/site-packages/airflow/example_dags/example_subdag_operator.py took 0.028 seconds
[2022-02-26 04:22:53,578] {processor.py:163} INFO - Started process (PID=5513) to work on /Users/andyhsu/tutorial-env/lib/python3.9/site-packages/airflow/example_dags/example_subdag_operator.py
[2022-02-26 04:22:53,579] {processor.py:642} INFO - Processing file /Users/andyhsu/tutorial-env/lib/python3.9/site-packages/airflow/example_dags/example_subdag_operator.py for tasks to queue
[2022-02-26 04:22:53,579] {logging_mixin.py:109} INFO - [2022-02-26 04:22:53,579] {dagbag.py:500} INFO - Filling up the DagBag from /Users/andyhsu/tutorial-env/lib/python3.9/site-packages/airflow/example_dags/example_subdag_operator.py
[2022-02-26 04:22:53,591] {processor.py:654} INFO - DAG(s) dict_keys(['example_subdag_operator.section-1', 'example_subdag_operator.section-2', 'example_subdag_operator']) retrieved from /Users/andyhsu/tutorial-env/lib/python3.9/site-packages/airflow/example_dags/example_subdag_operator.py
[2022-02-26 04:22:53,598] {logging_mixin.py:109} INFO - [2022-02-26 04:22:53,598] {dag.py:2396} INFO - Sync 3 DAGs
[2022-02-26 04:22:53,601] {logging_mixin.py:109} INFO - [2022-02-26 04:22:53,601] {dag.py:2935} INFO - Setting next_dagrun for example_subdag_operator to 2022-02-23T00:00:00+00:00
[2022-02-26 04:22:53,601] {logging_mixin.py:109} INFO - [2022-02-26 04:22:53,601] {dag.py:2935} INFO - Setting next_dagrun for example_subdag_operator.section-1 to None
[2022-02-26 04:22:53,601] {logging_mixin.py:109} INFO - [2022-02-26 04:22:53,601] {dag.py:2935} INFO - Setting next_dagrun for example_subdag_operator.section-2 to None
[2022-02-26 04:22:53,602] {logging_mixin.py:109} INFO - [2022-02-26 04:22:53,602] {dag.py:2396} INFO - Sync 2 DAGs
[2022-02-26 04:22:53,604] {logging_mixin.py:109} INFO - [2022-02-26 04:22:53,604] {dag.py:2935} INFO - Setting next_dagrun for example_subdag_operator.section-1 to None
[2022-02-26 04:22:53,604] {logging_mixin.py:109} INFO - [2022-02-26 04:22:53,604] {dag.py:2935} INFO - Setting next_dagrun for example_subdag_operator.section-2 to None
[2022-02-26 04:22:53,606] {processor.py:171} INFO - Processing /Users/andyhsu/tutorial-env/lib/python3.9/site-packages/airflow/example_dags/example_subdag_operator.py took 0.028 seconds
[2022-02-26 04:37:45,932] {processor.py:163} INFO - Started process (PID=5548) to work on /Users/andyhsu/tutorial-env/lib/python3.9/site-packages/airflow/example_dags/example_subdag_operator.py
[2022-02-26 04:37:45,932] {processor.py:642} INFO - Processing file /Users/andyhsu/tutorial-env/lib/python3.9/site-packages/airflow/example_dags/example_subdag_operator.py for tasks to queue
[2022-02-26 04:37:45,932] {logging_mixin.py:109} INFO - [2022-02-26 04:37:45,932] {dagbag.py:500} INFO - Filling up the DagBag from /Users/andyhsu/tutorial-env/lib/python3.9/site-packages/airflow/example_dags/example_subdag_operator.py
[2022-02-26 04:37:45,945] {processor.py:654} INFO - DAG(s) dict_keys(['example_subdag_operator.section-1', 'example_subdag_operator.section-2', 'example_subdag_operator']) retrieved from /Users/andyhsu/tutorial-env/lib/python3.9/site-packages/airflow/example_dags/example_subdag_operator.py
[2022-02-26 04:37:45,951] {logging_mixin.py:109} INFO - [2022-02-26 04:37:45,951] {dag.py:2396} INFO - Sync 3 DAGs
[2022-02-26 04:37:45,955] {logging_mixin.py:109} INFO - [2022-02-26 04:37:45,954] {dag.py:2935} INFO - Setting next_dagrun for example_subdag_operator to 2022-02-23T00:00:00+00:00
[2022-02-26 04:37:45,955] {logging_mixin.py:109} INFO - [2022-02-26 04:37:45,955] {dag.py:2935} INFO - Setting next_dagrun for example_subdag_operator.section-1 to None
[2022-02-26 04:37:45,955] {logging_mixin.py:109} INFO - [2022-02-26 04:37:45,955] {dag.py:2935} INFO - Setting next_dagrun for example_subdag_operator.section-2 to None
[2022-02-26 04:37:45,956] {logging_mixin.py:109} INFO - [2022-02-26 04:37:45,956] {dag.py:2396} INFO - Sync 2 DAGs
[2022-02-26 04:37:45,958] {logging_mixin.py:109} INFO - [2022-02-26 04:37:45,958] {dag.py:2935} INFO - Setting next_dagrun for example_subdag_operator.section-1 to None
[2022-02-26 04:37:45,958] {logging_mixin.py:109} INFO - [2022-02-26 04:37:45,958] {dag.py:2935} INFO - Setting next_dagrun for example_subdag_operator.section-2 to None
[2022-02-26 04:37:45,960] {processor.py:171} INFO - Processing /Users/andyhsu/tutorial-env/lib/python3.9/site-packages/airflow/example_dags/example_subdag_operator.py took 0.028 seconds
[2022-02-26 04:52:45,673] {processor.py:163} INFO - Started process (PID=5584) to work on /Users/andyhsu/tutorial-env/lib/python3.9/site-packages/airflow/example_dags/example_subdag_operator.py
[2022-02-26 04:52:45,673] {processor.py:642} INFO - Processing file /Users/andyhsu/tutorial-env/lib/python3.9/site-packages/airflow/example_dags/example_subdag_operator.py for tasks to queue
[2022-02-26 04:52:45,673] {logging_mixin.py:109} INFO - [2022-02-26 04:52:45,673] {dagbag.py:500} INFO - Filling up the DagBag from /Users/andyhsu/tutorial-env/lib/python3.9/site-packages/airflow/example_dags/example_subdag_operator.py
[2022-02-26 04:52:45,686] {processor.py:654} INFO - DAG(s) dict_keys(['example_subdag_operator.section-1', 'example_subdag_operator.section-2', 'example_subdag_operator']) retrieved from /Users/andyhsu/tutorial-env/lib/python3.9/site-packages/airflow/example_dags/example_subdag_operator.py
[2022-02-26 04:52:45,692] {logging_mixin.py:109} INFO - [2022-02-26 04:52:45,692] {dag.py:2396} INFO - Sync 3 DAGs
[2022-02-26 04:52:45,696] {logging_mixin.py:109} INFO - [2022-02-26 04:52:45,696] {dag.py:2935} INFO - Setting next_dagrun for example_subdag_operator to 2022-02-23T00:00:00+00:00
[2022-02-26 04:52:45,696] {logging_mixin.py:109} INFO - [2022-02-26 04:52:45,696] {dag.py:2935} INFO - Setting next_dagrun for example_subdag_operator.section-1 to None
[2022-02-26 04:52:45,696] {logging_mixin.py:109} INFO - [2022-02-26 04:52:45,696] {dag.py:2935} INFO - Setting next_dagrun for example_subdag_operator.section-2 to None
[2022-02-26 04:52:45,697] {logging_mixin.py:109} INFO - [2022-02-26 04:52:45,697] {dag.py:2396} INFO - Sync 2 DAGs
[2022-02-26 04:52:45,699] {logging_mixin.py:109} INFO - [2022-02-26 04:52:45,699] {dag.py:2935} INFO - Setting next_dagrun for example_subdag_operator.section-1 to None
[2022-02-26 04:52:45,699] {logging_mixin.py:109} INFO - [2022-02-26 04:52:45,699] {dag.py:2935} INFO - Setting next_dagrun for example_subdag_operator.section-2 to None
[2022-02-26 04:52:45,701] {processor.py:171} INFO - Processing /Users/andyhsu/tutorial-env/lib/python3.9/site-packages/airflow/example_dags/example_subdag_operator.py took 0.028 seconds
[2022-02-26 05:07:44,789] {processor.py:163} INFO - Started process (PID=5622) to work on /Users/andyhsu/tutorial-env/lib/python3.9/site-packages/airflow/example_dags/example_subdag_operator.py
[2022-02-26 05:07:44,790] {processor.py:642} INFO - Processing file /Users/andyhsu/tutorial-env/lib/python3.9/site-packages/airflow/example_dags/example_subdag_operator.py for tasks to queue
[2022-02-26 05:07:44,790] {logging_mixin.py:109} INFO - [2022-02-26 05:07:44,790] {dagbag.py:500} INFO - Filling up the DagBag from /Users/andyhsu/tutorial-env/lib/python3.9/site-packages/airflow/example_dags/example_subdag_operator.py
[2022-02-26 05:07:44,802] {processor.py:654} INFO - DAG(s) dict_keys(['example_subdag_operator.section-1', 'example_subdag_operator.section-2', 'example_subdag_operator']) retrieved from /Users/andyhsu/tutorial-env/lib/python3.9/site-packages/airflow/example_dags/example_subdag_operator.py
[2022-02-26 05:07:44,809] {logging_mixin.py:109} INFO - [2022-02-26 05:07:44,809] {dag.py:2396} INFO - Sync 3 DAGs
[2022-02-26 05:07:44,812] {logging_mixin.py:109} INFO - [2022-02-26 05:07:44,812] {dag.py:2935} INFO - Setting next_dagrun for example_subdag_operator to 2022-02-23T00:00:00+00:00
[2022-02-26 05:07:44,812] {logging_mixin.py:109} INFO - [2022-02-26 05:07:44,812] {dag.py:2935} INFO - Setting next_dagrun for example_subdag_operator.section-1 to None
[2022-02-26 05:07:44,812] {logging_mixin.py:109} INFO - [2022-02-26 05:07:44,812] {dag.py:2935} INFO - Setting next_dagrun for example_subdag_operator.section-2 to None
[2022-02-26 05:07:44,813] {logging_mixin.py:109} INFO - [2022-02-26 05:07:44,813] {dag.py:2396} INFO - Sync 2 DAGs
[2022-02-26 05:07:44,815] {logging_mixin.py:109} INFO - [2022-02-26 05:07:44,815] {dag.py:2935} INFO - Setting next_dagrun for example_subdag_operator.section-1 to None
[2022-02-26 05:07:44,815] {logging_mixin.py:109} INFO - [2022-02-26 05:07:44,815] {dag.py:2935} INFO - Setting next_dagrun for example_subdag_operator.section-2 to None
[2022-02-26 05:07:44,817] {processor.py:171} INFO - Processing /Users/andyhsu/tutorial-env/lib/python3.9/site-packages/airflow/example_dags/example_subdag_operator.py took 0.028 seconds
[2022-02-26 05:22:45,262] {processor.py:163} INFO - Started process (PID=5673) to work on /Users/andyhsu/tutorial-env/lib/python3.9/site-packages/airflow/example_dags/example_subdag_operator.py
[2022-02-26 05:22:45,262] {processor.py:642} INFO - Processing file /Users/andyhsu/tutorial-env/lib/python3.9/site-packages/airflow/example_dags/example_subdag_operator.py for tasks to queue
[2022-02-26 05:22:45,262] {logging_mixin.py:109} INFO - [2022-02-26 05:22:45,262] {dagbag.py:500} INFO - Filling up the DagBag from /Users/andyhsu/tutorial-env/lib/python3.9/site-packages/airflow/example_dags/example_subdag_operator.py
[2022-02-26 05:22:45,275] {processor.py:654} INFO - DAG(s) dict_keys(['example_subdag_operator.section-1', 'example_subdag_operator.section-2', 'example_subdag_operator']) retrieved from /Users/andyhsu/tutorial-env/lib/python3.9/site-packages/airflow/example_dags/example_subdag_operator.py
[2022-02-26 05:22:45,281] {logging_mixin.py:109} INFO - [2022-02-26 05:22:45,281] {dag.py:2396} INFO - Sync 3 DAGs
[2022-02-26 05:22:45,285] {logging_mixin.py:109} INFO - [2022-02-26 05:22:45,285] {dag.py:2935} INFO - Setting next_dagrun for example_subdag_operator to 2022-02-23T00:00:00+00:00
[2022-02-26 05:22:45,285] {logging_mixin.py:109} INFO - [2022-02-26 05:22:45,285] {dag.py:2935} INFO - Setting next_dagrun for example_subdag_operator.section-1 to None
[2022-02-26 05:22:45,285] {logging_mixin.py:109} INFO - [2022-02-26 05:22:45,285] {dag.py:2935} INFO - Setting next_dagrun for example_subdag_operator.section-2 to None
[2022-02-26 05:22:45,286] {logging_mixin.py:109} INFO - [2022-02-26 05:22:45,286] {dag.py:2396} INFO - Sync 2 DAGs
[2022-02-26 05:22:45,288] {logging_mixin.py:109} INFO - [2022-02-26 05:22:45,288] {dag.py:2935} INFO - Setting next_dagrun for example_subdag_operator.section-1 to None
[2022-02-26 05:22:45,288] {logging_mixin.py:109} INFO - [2022-02-26 05:22:45,288] {dag.py:2935} INFO - Setting next_dagrun for example_subdag_operator.section-2 to None
[2022-02-26 05:22:45,290] {processor.py:171} INFO - Processing /Users/andyhsu/tutorial-env/lib/python3.9/site-packages/airflow/example_dags/example_subdag_operator.py took 0.028 seconds
[2022-02-26 05:37:46,359] {processor.py:163} INFO - Started process (PID=5715) to work on /Users/andyhsu/tutorial-env/lib/python3.9/site-packages/airflow/example_dags/example_subdag_operator.py
[2022-02-26 05:37:46,359] {processor.py:642} INFO - Processing file /Users/andyhsu/tutorial-env/lib/python3.9/site-packages/airflow/example_dags/example_subdag_operator.py for tasks to queue
[2022-02-26 05:37:46,359] {logging_mixin.py:109} INFO - [2022-02-26 05:37:46,359] {dagbag.py:500} INFO - Filling up the DagBag from /Users/andyhsu/tutorial-env/lib/python3.9/site-packages/airflow/example_dags/example_subdag_operator.py
[2022-02-26 05:37:46,372] {processor.py:654} INFO - DAG(s) dict_keys(['example_subdag_operator.section-1', 'example_subdag_operator.section-2', 'example_subdag_operator']) retrieved from /Users/andyhsu/tutorial-env/lib/python3.9/site-packages/airflow/example_dags/example_subdag_operator.py
[2022-02-26 05:37:46,378] {logging_mixin.py:109} INFO - [2022-02-26 05:37:46,378] {dag.py:2396} INFO - Sync 3 DAGs
[2022-02-26 05:37:46,381] {logging_mixin.py:109} INFO - [2022-02-26 05:37:46,381] {dag.py:2935} INFO - Setting next_dagrun for example_subdag_operator to 2022-02-23T00:00:00+00:00
[2022-02-26 05:37:46,381] {logging_mixin.py:109} INFO - [2022-02-26 05:37:46,381] {dag.py:2935} INFO - Setting next_dagrun for example_subdag_operator.section-1 to None
[2022-02-26 05:37:46,381] {logging_mixin.py:109} INFO - [2022-02-26 05:37:46,381] {dag.py:2935} INFO - Setting next_dagrun for example_subdag_operator.section-2 to None
[2022-02-26 05:37:46,382] {logging_mixin.py:109} INFO - [2022-02-26 05:37:46,382] {dag.py:2396} INFO - Sync 2 DAGs
[2022-02-26 05:37:46,384] {logging_mixin.py:109} INFO - [2022-02-26 05:37:46,384] {dag.py:2935} INFO - Setting next_dagrun for example_subdag_operator.section-1 to None
[2022-02-26 05:37:46,384] {logging_mixin.py:109} INFO - [2022-02-26 05:37:46,384] {dag.py:2935} INFO - Setting next_dagrun for example_subdag_operator.section-2 to None
[2022-02-26 05:37:46,386] {processor.py:171} INFO - Processing /Users/andyhsu/tutorial-env/lib/python3.9/site-packages/airflow/example_dags/example_subdag_operator.py took 0.028 seconds
[2022-02-26 05:52:46,014] {processor.py:163} INFO - Started process (PID=5760) to work on /Users/andyhsu/tutorial-env/lib/python3.9/site-packages/airflow/example_dags/example_subdag_operator.py
[2022-02-26 05:52:46,014] {processor.py:642} INFO - Processing file /Users/andyhsu/tutorial-env/lib/python3.9/site-packages/airflow/example_dags/example_subdag_operator.py for tasks to queue
[2022-02-26 05:52:46,014] {logging_mixin.py:109} INFO - [2022-02-26 05:52:46,014] {dagbag.py:500} INFO - Filling up the DagBag from /Users/andyhsu/tutorial-env/lib/python3.9/site-packages/airflow/example_dags/example_subdag_operator.py
[2022-02-26 05:52:46,027] {processor.py:654} INFO - DAG(s) dict_keys(['example_subdag_operator.section-1', 'example_subdag_operator.section-2', 'example_subdag_operator']) retrieved from /Users/andyhsu/tutorial-env/lib/python3.9/site-packages/airflow/example_dags/example_subdag_operator.py
[2022-02-26 05:52:46,033] {logging_mixin.py:109} INFO - [2022-02-26 05:52:46,033] {dag.py:2396} INFO - Sync 3 DAGs
[2022-02-26 05:52:46,036] {logging_mixin.py:109} INFO - [2022-02-26 05:52:46,036] {dag.py:2935} INFO - Setting next_dagrun for example_subdag_operator to 2022-02-23T00:00:00+00:00
[2022-02-26 05:52:46,036] {logging_mixin.py:109} INFO - [2022-02-26 05:52:46,036] {dag.py:2935} INFO - Setting next_dagrun for example_subdag_operator.section-1 to None
[2022-02-26 05:52:46,036] {logging_mixin.py:109} INFO - [2022-02-26 05:52:46,036] {dag.py:2935} INFO - Setting next_dagrun for example_subdag_operator.section-2 to None
[2022-02-26 05:52:46,038] {logging_mixin.py:109} INFO - [2022-02-26 05:52:46,038] {dag.py:2396} INFO - Sync 2 DAGs
[2022-02-26 05:52:46,039] {logging_mixin.py:109} INFO - [2022-02-26 05:52:46,039] {dag.py:2935} INFO - Setting next_dagrun for example_subdag_operator.section-1 to None
[2022-02-26 05:52:46,039] {logging_mixin.py:109} INFO - [2022-02-26 05:52:46,039] {dag.py:2935} INFO - Setting next_dagrun for example_subdag_operator.section-2 to None
[2022-02-26 05:52:46,042] {processor.py:171} INFO - Processing /Users/andyhsu/tutorial-env/lib/python3.9/site-packages/airflow/example_dags/example_subdag_operator.py took 0.028 seconds
[2022-02-26 06:41:38,346] {processor.py:163} INFO - Started process (PID=5802) to work on /Users/andyhsu/tutorial-env/lib/python3.9/site-packages/airflow/example_dags/example_subdag_operator.py
[2022-02-26 06:41:38,346] {processor.py:642} INFO - Processing file /Users/andyhsu/tutorial-env/lib/python3.9/site-packages/airflow/example_dags/example_subdag_operator.py for tasks to queue
[2022-02-26 06:41:38,346] {logging_mixin.py:109} INFO - [2022-02-26 06:41:38,346] {dagbag.py:500} INFO - Filling up the DagBag from /Users/andyhsu/tutorial-env/lib/python3.9/site-packages/airflow/example_dags/example_subdag_operator.py
[2022-02-26 06:41:38,359] {processor.py:654} INFO - DAG(s) dict_keys(['example_subdag_operator.section-1', 'example_subdag_operator.section-2', 'example_subdag_operator']) retrieved from /Users/andyhsu/tutorial-env/lib/python3.9/site-packages/airflow/example_dags/example_subdag_operator.py
[2022-02-26 06:41:38,365] {logging_mixin.py:109} INFO - [2022-02-26 06:41:38,365] {dag.py:2396} INFO - Sync 3 DAGs
[2022-02-26 06:41:38,368] {logging_mixin.py:109} INFO - [2022-02-26 06:41:38,368] {dag.py:2935} INFO - Setting next_dagrun for example_subdag_operator to 2022-02-23T00:00:00+00:00
[2022-02-26 06:41:38,368] {logging_mixin.py:109} INFO - [2022-02-26 06:41:38,368] {dag.py:2935} INFO - Setting next_dagrun for example_subdag_operator.section-1 to None
[2022-02-26 06:41:38,368] {logging_mixin.py:109} INFO - [2022-02-26 06:41:38,368] {dag.py:2935} INFO - Setting next_dagrun for example_subdag_operator.section-2 to None
[2022-02-26 06:41:38,369] {logging_mixin.py:109} INFO - [2022-02-26 06:41:38,369] {dag.py:2396} INFO - Sync 2 DAGs
[2022-02-26 06:41:38,371] {logging_mixin.py:109} INFO - [2022-02-26 06:41:38,371] {dag.py:2935} INFO - Setting next_dagrun for example_subdag_operator.section-1 to None
[2022-02-26 06:41:38,371] {logging_mixin.py:109} INFO - [2022-02-26 06:41:38,371] {dag.py:2935} INFO - Setting next_dagrun for example_subdag_operator.section-2 to None
[2022-02-26 06:41:38,373] {processor.py:171} INFO - Processing /Users/andyhsu/tutorial-env/lib/python3.9/site-packages/airflow/example_dags/example_subdag_operator.py took 0.028 seconds
[2022-02-26 07:50:18,530] {processor.py:163} INFO - Started process (PID=5863) to work on /Users/andyhsu/tutorial-env/lib/python3.9/site-packages/airflow/example_dags/example_subdag_operator.py
[2022-02-26 07:50:18,530] {processor.py:642} INFO - Processing file /Users/andyhsu/tutorial-env/lib/python3.9/site-packages/airflow/example_dags/example_subdag_operator.py for tasks to queue
[2022-02-26 07:50:18,530] {logging_mixin.py:109} INFO - [2022-02-26 07:50:18,530] {dagbag.py:500} INFO - Filling up the DagBag from /Users/andyhsu/tutorial-env/lib/python3.9/site-packages/airflow/example_dags/example_subdag_operator.py
[2022-02-26 07:50:18,543] {processor.py:654} INFO - DAG(s) dict_keys(['example_subdag_operator.section-1', 'example_subdag_operator.section-2', 'example_subdag_operator']) retrieved from /Users/andyhsu/tutorial-env/lib/python3.9/site-packages/airflow/example_dags/example_subdag_operator.py
[2022-02-26 07:50:18,549] {logging_mixin.py:109} INFO - [2022-02-26 07:50:18,549] {dag.py:2396} INFO - Sync 3 DAGs
[2022-02-26 07:50:18,552] {logging_mixin.py:109} INFO - [2022-02-26 07:50:18,552] {dag.py:2935} INFO - Setting next_dagrun for example_subdag_operator to 2022-02-23T00:00:00+00:00
[2022-02-26 07:50:18,552] {logging_mixin.py:109} INFO - [2022-02-26 07:50:18,552] {dag.py:2935} INFO - Setting next_dagrun for example_subdag_operator.section-1 to None
[2022-02-26 07:50:18,552] {logging_mixin.py:109} INFO - [2022-02-26 07:50:18,552] {dag.py:2935} INFO - Setting next_dagrun for example_subdag_operator.section-2 to None
[2022-02-26 07:50:18,553] {logging_mixin.py:109} INFO - [2022-02-26 07:50:18,553] {dag.py:2396} INFO - Sync 2 DAGs
[2022-02-26 07:50:18,555] {logging_mixin.py:109} INFO - [2022-02-26 07:50:18,555] {dag.py:2935} INFO - Setting next_dagrun for example_subdag_operator.section-1 to None
[2022-02-26 07:50:18,555] {logging_mixin.py:109} INFO - [2022-02-26 07:50:18,555] {dag.py:2935} INFO - Setting next_dagrun for example_subdag_operator.section-2 to None
[2022-02-26 07:50:18,557] {processor.py:171} INFO - Processing /Users/andyhsu/tutorial-env/lib/python3.9/site-packages/airflow/example_dags/example_subdag_operator.py took 0.028 seconds
