[2022-02-26 03:33:14,227] {processor.py:163} INFO - Started process (PID=5347) to work on /Users/andyhsu/tutorial-env/lib/python3.9/site-packages/airflow/example_dags/example_external_task_marker_dag.py
[2022-02-26 03:33:14,227] {processor.py:642} INFO - Processing file /Users/andyhsu/tutorial-env/lib/python3.9/site-packages/airflow/example_dags/example_external_task_marker_dag.py for tasks to queue
[2022-02-26 03:33:14,227] {logging_mixin.py:109} INFO - [2022-02-26 03:33:14,227] {dagbag.py:500} INFO - Filling up the DagBag from /Users/andyhsu/tutorial-env/lib/python3.9/site-packages/airflow/example_dags/example_external_task_marker_dag.py
[2022-02-26 03:33:14,239] {processor.py:654} INFO - DAG(s) dict_keys(['example_external_task_marker_parent', 'example_external_task_marker_child']) retrieved from /Users/andyhsu/tutorial-env/lib/python3.9/site-packages/airflow/example_dags/example_external_task_marker_dag.py
[2022-02-26 03:33:14,246] {logging_mixin.py:109} INFO - [2022-02-26 03:33:14,246] {dag.py:2396} INFO - Sync 2 DAGs
[2022-02-26 03:33:14,249] {logging_mixin.py:109} INFO - [2022-02-26 03:33:14,249] {dag.py:2935} INFO - Setting next_dagrun for example_external_task_marker_child to None
[2022-02-26 03:33:14,249] {logging_mixin.py:109} INFO - [2022-02-26 03:33:14,249] {dag.py:2935} INFO - Setting next_dagrun for example_external_task_marker_parent to None
[2022-02-26 03:33:14,252] {processor.py:171} INFO - Processing /Users/andyhsu/tutorial-env/lib/python3.9/site-packages/airflow/example_dags/example_external_task_marker_dag.py took 0.025 seconds
[2022-02-26 03:34:04,096] {processor.py:163} INFO - Started process (PID=5405) to work on /Users/andyhsu/tutorial-env/lib/python3.9/site-packages/airflow/example_dags/example_external_task_marker_dag.py
[2022-02-26 03:34:04,097] {processor.py:642} INFO - Processing file /Users/andyhsu/tutorial-env/lib/python3.9/site-packages/airflow/example_dags/example_external_task_marker_dag.py for tasks to queue
[2022-02-26 03:34:04,098] {logging_mixin.py:109} INFO - [2022-02-26 03:34:04,098] {dagbag.py:500} INFO - Filling up the DagBag from /Users/andyhsu/tutorial-env/lib/python3.9/site-packages/airflow/example_dags/example_external_task_marker_dag.py
[2022-02-26 03:34:04,108] {processor.py:654} INFO - DAG(s) dict_keys(['example_external_task_marker_parent', 'example_external_task_marker_child']) retrieved from /Users/andyhsu/tutorial-env/lib/python3.9/site-packages/airflow/example_dags/example_external_task_marker_dag.py
[2022-02-26 03:34:04,115] {logging_mixin.py:109} INFO - [2022-02-26 03:34:04,115] {dag.py:2396} INFO - Sync 2 DAGs
[2022-02-26 03:34:04,118] {logging_mixin.py:109} INFO - [2022-02-26 03:34:04,118] {dag.py:2935} INFO - Setting next_dagrun for example_external_task_marker_child to None
[2022-02-26 03:34:04,118] {logging_mixin.py:109} INFO - [2022-02-26 03:34:04,118] {dag.py:2935} INFO - Setting next_dagrun for example_external_task_marker_parent to None
[2022-02-26 03:34:04,121] {processor.py:171} INFO - Processing /Users/andyhsu/tutorial-env/lib/python3.9/site-packages/airflow/example_dags/example_external_task_marker_dag.py took 0.025 seconds
[2022-02-26 04:22:31,906] {processor.py:163} INFO - Started process (PID=5487) to work on /Users/andyhsu/tutorial-env/lib/python3.9/site-packages/airflow/example_dags/example_external_task_marker_dag.py
[2022-02-26 04:22:31,906] {processor.py:642} INFO - Processing file /Users/andyhsu/tutorial-env/lib/python3.9/site-packages/airflow/example_dags/example_external_task_marker_dag.py for tasks to queue
[2022-02-26 04:22:31,906] {logging_mixin.py:109} INFO - [2022-02-26 04:22:31,906] {dagbag.py:500} INFO - Filling up the DagBag from /Users/andyhsu/tutorial-env/lib/python3.9/site-packages/airflow/example_dags/example_external_task_marker_dag.py
[2022-02-26 04:22:31,916] {processor.py:654} INFO - DAG(s) dict_keys(['example_external_task_marker_parent', 'example_external_task_marker_child']) retrieved from /Users/andyhsu/tutorial-env/lib/python3.9/site-packages/airflow/example_dags/example_external_task_marker_dag.py
[2022-02-26 04:22:31,923] {logging_mixin.py:109} INFO - [2022-02-26 04:22:31,923] {dag.py:2396} INFO - Sync 2 DAGs
[2022-02-26 04:22:31,926] {logging_mixin.py:109} INFO - [2022-02-26 04:22:31,926] {dag.py:2935} INFO - Setting next_dagrun for example_external_task_marker_child to None
[2022-02-26 04:22:31,926] {logging_mixin.py:109} INFO - [2022-02-26 04:22:31,926] {dag.py:2935} INFO - Setting next_dagrun for example_external_task_marker_parent to None
[2022-02-26 04:22:31,929] {processor.py:171} INFO - Processing /Users/andyhsu/tutorial-env/lib/python3.9/site-packages/airflow/example_dags/example_external_task_marker_dag.py took 0.023 seconds
[2022-02-26 04:37:59,550] {processor.py:163} INFO - Started process (PID=5558) to work on /Users/andyhsu/tutorial-env/lib/python3.9/site-packages/airflow/example_dags/example_external_task_marker_dag.py
[2022-02-26 04:37:59,550] {processor.py:642} INFO - Processing file /Users/andyhsu/tutorial-env/lib/python3.9/site-packages/airflow/example_dags/example_external_task_marker_dag.py for tasks to queue
[2022-02-26 04:37:59,550] {logging_mixin.py:109} INFO - [2022-02-26 04:37:59,550] {dagbag.py:500} INFO - Filling up the DagBag from /Users/andyhsu/tutorial-env/lib/python3.9/site-packages/airflow/example_dags/example_external_task_marker_dag.py
[2022-02-26 04:37:59,560] {processor.py:654} INFO - DAG(s) dict_keys(['example_external_task_marker_parent', 'example_external_task_marker_child']) retrieved from /Users/andyhsu/tutorial-env/lib/python3.9/site-packages/airflow/example_dags/example_external_task_marker_dag.py
[2022-02-26 04:37:59,567] {logging_mixin.py:109} INFO - [2022-02-26 04:37:59,567] {dag.py:2396} INFO - Sync 2 DAGs
[2022-02-26 04:37:59,570] {logging_mixin.py:109} INFO - [2022-02-26 04:37:59,570] {dag.py:2935} INFO - Setting next_dagrun for example_external_task_marker_child to None
[2022-02-26 04:37:59,570] {logging_mixin.py:109} INFO - [2022-02-26 04:37:59,570] {dag.py:2935} INFO - Setting next_dagrun for example_external_task_marker_parent to None
[2022-02-26 04:37:59,573] {processor.py:171} INFO - Processing /Users/andyhsu/tutorial-env/lib/python3.9/site-packages/airflow/example_dags/example_external_task_marker_dag.py took 0.023 seconds
[2022-02-26 04:52:59,285] {processor.py:163} INFO - Started process (PID=5594) to work on /Users/andyhsu/tutorial-env/lib/python3.9/site-packages/airflow/example_dags/example_external_task_marker_dag.py
[2022-02-26 04:52:59,286] {processor.py:642} INFO - Processing file /Users/andyhsu/tutorial-env/lib/python3.9/site-packages/airflow/example_dags/example_external_task_marker_dag.py for tasks to queue
[2022-02-26 04:52:59,286] {logging_mixin.py:109} INFO - [2022-02-26 04:52:59,286] {dagbag.py:500} INFO - Filling up the DagBag from /Users/andyhsu/tutorial-env/lib/python3.9/site-packages/airflow/example_dags/example_external_task_marker_dag.py
[2022-02-26 04:52:59,296] {processor.py:654} INFO - DAG(s) dict_keys(['example_external_task_marker_parent', 'example_external_task_marker_child']) retrieved from /Users/andyhsu/tutorial-env/lib/python3.9/site-packages/airflow/example_dags/example_external_task_marker_dag.py
[2022-02-26 04:52:59,303] {logging_mixin.py:109} INFO - [2022-02-26 04:52:59,303] {dag.py:2396} INFO - Sync 2 DAGs
[2022-02-26 04:52:59,306] {logging_mixin.py:109} INFO - [2022-02-26 04:52:59,306] {dag.py:2935} INFO - Setting next_dagrun for example_external_task_marker_child to None
[2022-02-26 04:52:59,306] {logging_mixin.py:109} INFO - [2022-02-26 04:52:59,306] {dag.py:2935} INFO - Setting next_dagrun for example_external_task_marker_parent to None
[2022-02-26 04:52:59,309] {processor.py:171} INFO - Processing /Users/andyhsu/tutorial-env/lib/python3.9/site-packages/airflow/example_dags/example_external_task_marker_dag.py took 0.023 seconds
[2022-02-26 05:07:59,033] {processor.py:163} INFO - Started process (PID=5632) to work on /Users/andyhsu/tutorial-env/lib/python3.9/site-packages/airflow/example_dags/example_external_task_marker_dag.py
[2022-02-26 05:07:59,033] {processor.py:642} INFO - Processing file /Users/andyhsu/tutorial-env/lib/python3.9/site-packages/airflow/example_dags/example_external_task_marker_dag.py for tasks to queue
[2022-02-26 05:07:59,033] {logging_mixin.py:109} INFO - [2022-02-26 05:07:59,033] {dagbag.py:500} INFO - Filling up the DagBag from /Users/andyhsu/tutorial-env/lib/python3.9/site-packages/airflow/example_dags/example_external_task_marker_dag.py
[2022-02-26 05:07:59,043] {processor.py:654} INFO - DAG(s) dict_keys(['example_external_task_marker_parent', 'example_external_task_marker_child']) retrieved from /Users/andyhsu/tutorial-env/lib/python3.9/site-packages/airflow/example_dags/example_external_task_marker_dag.py
[2022-02-26 05:07:59,050] {logging_mixin.py:109} INFO - [2022-02-26 05:07:59,050] {dag.py:2396} INFO - Sync 2 DAGs
[2022-02-26 05:07:59,053] {logging_mixin.py:109} INFO - [2022-02-26 05:07:59,053] {dag.py:2935} INFO - Setting next_dagrun for example_external_task_marker_child to None
[2022-02-26 05:07:59,053] {logging_mixin.py:109} INFO - [2022-02-26 05:07:59,053] {dag.py:2935} INFO - Setting next_dagrun for example_external_task_marker_parent to None
[2022-02-26 05:07:59,056] {processor.py:171} INFO - Processing /Users/andyhsu/tutorial-env/lib/python3.9/site-packages/airflow/example_dags/example_external_task_marker_dag.py took 0.024 seconds
[2022-02-26 05:22:58,890] {processor.py:163} INFO - Started process (PID=5684) to work on /Users/andyhsu/tutorial-env/lib/python3.9/site-packages/airflow/example_dags/example_external_task_marker_dag.py
[2022-02-26 05:22:58,890] {processor.py:642} INFO - Processing file /Users/andyhsu/tutorial-env/lib/python3.9/site-packages/airflow/example_dags/example_external_task_marker_dag.py for tasks to queue
[2022-02-26 05:22:58,890] {logging_mixin.py:109} INFO - [2022-02-26 05:22:58,890] {dagbag.py:500} INFO - Filling up the DagBag from /Users/andyhsu/tutorial-env/lib/python3.9/site-packages/airflow/example_dags/example_external_task_marker_dag.py
[2022-02-26 05:22:58,900] {processor.py:654} INFO - DAG(s) dict_keys(['example_external_task_marker_parent', 'example_external_task_marker_child']) retrieved from /Users/andyhsu/tutorial-env/lib/python3.9/site-packages/airflow/example_dags/example_external_task_marker_dag.py
[2022-02-26 05:22:58,907] {logging_mixin.py:109} INFO - [2022-02-26 05:22:58,907] {dag.py:2396} INFO - Sync 2 DAGs
[2022-02-26 05:22:58,910] {logging_mixin.py:109} INFO - [2022-02-26 05:22:58,910] {dag.py:2935} INFO - Setting next_dagrun for example_external_task_marker_child to None
[2022-02-26 05:22:58,910] {logging_mixin.py:109} INFO - [2022-02-26 05:22:58,910] {dag.py:2935} INFO - Setting next_dagrun for example_external_task_marker_parent to None
[2022-02-26 05:22:58,913] {processor.py:171} INFO - Processing /Users/andyhsu/tutorial-env/lib/python3.9/site-packages/airflow/example_dags/example_external_task_marker_dag.py took 0.024 seconds
[2022-02-26 05:38:00,781] {processor.py:163} INFO - Started process (PID=5736) to work on /Users/andyhsu/tutorial-env/lib/python3.9/site-packages/airflow/example_dags/example_external_task_marker_dag.py
[2022-02-26 05:38:00,782] {processor.py:642} INFO - Processing file /Users/andyhsu/tutorial-env/lib/python3.9/site-packages/airflow/example_dags/example_external_task_marker_dag.py for tasks to queue
[2022-02-26 05:38:00,782] {logging_mixin.py:109} INFO - [2022-02-26 05:38:00,782] {dagbag.py:500} INFO - Filling up the DagBag from /Users/andyhsu/tutorial-env/lib/python3.9/site-packages/airflow/example_dags/example_external_task_marker_dag.py
[2022-02-26 05:38:00,792] {processor.py:654} INFO - DAG(s) dict_keys(['example_external_task_marker_parent', 'example_external_task_marker_child']) retrieved from /Users/andyhsu/tutorial-env/lib/python3.9/site-packages/airflow/example_dags/example_external_task_marker_dag.py
[2022-02-26 05:38:00,799] {logging_mixin.py:109} INFO - [2022-02-26 05:38:00,799] {dag.py:2396} INFO - Sync 2 DAGs
[2022-02-26 05:38:00,802] {logging_mixin.py:109} INFO - [2022-02-26 05:38:00,802] {dag.py:2935} INFO - Setting next_dagrun for example_external_task_marker_child to None
[2022-02-26 05:38:00,802] {logging_mixin.py:109} INFO - [2022-02-26 05:38:00,802] {dag.py:2935} INFO - Setting next_dagrun for example_external_task_marker_parent to None
[2022-02-26 05:38:00,805] {processor.py:171} INFO - Processing /Users/andyhsu/tutorial-env/lib/python3.9/site-packages/airflow/example_dags/example_external_task_marker_dag.py took 0.024 seconds
[2022-02-26 05:53:00,409] {processor.py:163} INFO - Started process (PID=5770) to work on /Users/andyhsu/tutorial-env/lib/python3.9/site-packages/airflow/example_dags/example_external_task_marker_dag.py
[2022-02-26 05:53:00,409] {processor.py:642} INFO - Processing file /Users/andyhsu/tutorial-env/lib/python3.9/site-packages/airflow/example_dags/example_external_task_marker_dag.py for tasks to queue
[2022-02-26 05:53:00,409] {logging_mixin.py:109} INFO - [2022-02-26 05:53:00,409] {dagbag.py:500} INFO - Filling up the DagBag from /Users/andyhsu/tutorial-env/lib/python3.9/site-packages/airflow/example_dags/example_external_task_marker_dag.py
[2022-02-26 05:53:00,419] {processor.py:654} INFO - DAG(s) dict_keys(['example_external_task_marker_parent', 'example_external_task_marker_child']) retrieved from /Users/andyhsu/tutorial-env/lib/python3.9/site-packages/airflow/example_dags/example_external_task_marker_dag.py
[2022-02-26 05:53:00,426] {logging_mixin.py:109} INFO - [2022-02-26 05:53:00,426] {dag.py:2396} INFO - Sync 2 DAGs
[2022-02-26 05:53:00,429] {logging_mixin.py:109} INFO - [2022-02-26 05:53:00,429] {dag.py:2935} INFO - Setting next_dagrun for example_external_task_marker_child to None
[2022-02-26 05:53:00,429] {logging_mixin.py:109} INFO - [2022-02-26 05:53:00,429] {dag.py:2935} INFO - Setting next_dagrun for example_external_task_marker_parent to None
[2022-02-26 05:53:00,432] {processor.py:171} INFO - Processing /Users/andyhsu/tutorial-env/lib/python3.9/site-packages/airflow/example_dags/example_external_task_marker_dag.py took 0.024 seconds
[2022-02-26 06:57:31,477] {processor.py:163} INFO - Started process (PID=5818) to work on /Users/andyhsu/tutorial-env/lib/python3.9/site-packages/airflow/example_dags/example_external_task_marker_dag.py
[2022-02-26 06:57:31,477] {processor.py:642} INFO - Processing file /Users/andyhsu/tutorial-env/lib/python3.9/site-packages/airflow/example_dags/example_external_task_marker_dag.py for tasks to queue
[2022-02-26 06:57:31,478] {logging_mixin.py:109} INFO - [2022-02-26 06:57:31,478] {dagbag.py:500} INFO - Filling up the DagBag from /Users/andyhsu/tutorial-env/lib/python3.9/site-packages/airflow/example_dags/example_external_task_marker_dag.py
[2022-02-26 06:57:31,488] {processor.py:654} INFO - DAG(s) dict_keys(['example_external_task_marker_parent', 'example_external_task_marker_child']) retrieved from /Users/andyhsu/tutorial-env/lib/python3.9/site-packages/airflow/example_dags/example_external_task_marker_dag.py
[2022-02-26 06:57:31,495] {logging_mixin.py:109} INFO - [2022-02-26 06:57:31,495] {dag.py:2396} INFO - Sync 2 DAGs
[2022-02-26 06:57:31,498] {logging_mixin.py:109} INFO - [2022-02-26 06:57:31,498] {dag.py:2935} INFO - Setting next_dagrun for example_external_task_marker_child to None
[2022-02-26 06:57:31,498] {logging_mixin.py:109} INFO - [2022-02-26 06:57:31,498] {dag.py:2935} INFO - Setting next_dagrun for example_external_task_marker_parent to None
[2022-02-26 06:57:31,501] {processor.py:171} INFO - Processing /Users/andyhsu/tutorial-env/lib/python3.9/site-packages/airflow/example_dags/example_external_task_marker_dag.py took 0.023 seconds
