[2022-02-26 03:33:04,577] {processor.py:163} INFO - Started process (PID=5340) to work on /Users/andyhsu/tutorial-env/lib/python3.9/site-packages/airflow/example_dags/example_short_circuit_operator.py
[2022-02-26 03:33:04,577] {processor.py:642} INFO - Processing file /Users/andyhsu/tutorial-env/lib/python3.9/site-packages/airflow/example_dags/example_short_circuit_operator.py for tasks to queue
[2022-02-26 03:33:04,577] {logging_mixin.py:109} INFO - [2022-02-26 03:33:04,577] {dagbag.py:500} INFO - Filling up the DagBag from /Users/andyhsu/tutorial-env/lib/python3.9/site-packages/airflow/example_dags/example_short_circuit_operator.py
[2022-02-26 03:33:04,592] {processor.py:654} INFO - DAG(s) dict_keys(['example_short_circuit_operator']) retrieved from /Users/andyhsu/tutorial-env/lib/python3.9/site-packages/airflow/example_dags/example_short_circuit_operator.py
[2022-02-26 03:33:04,599] {logging_mixin.py:109} INFO - [2022-02-26 03:33:04,599] {dag.py:2396} INFO - Sync 1 DAGs
[2022-02-26 03:33:04,602] {logging_mixin.py:109} INFO - [2022-02-26 03:33:04,602] {dag.py:2935} INFO - Setting next_dagrun for example_short_circuit_operator to 2022-02-24T19:33:04.602382+00:00
[2022-02-26 03:33:04,604] {processor.py:171} INFO - Processing /Users/andyhsu/tutorial-env/lib/python3.9/site-packages/airflow/example_dags/example_short_circuit_operator.py took 0.028 seconds
[2022-02-26 03:33:54,627] {processor.py:163} INFO - Started process (PID=5391) to work on /Users/andyhsu/tutorial-env/lib/python3.9/site-packages/airflow/example_dags/example_short_circuit_operator.py
[2022-02-26 03:33:54,628] {processor.py:642} INFO - Processing file /Users/andyhsu/tutorial-env/lib/python3.9/site-packages/airflow/example_dags/example_short_circuit_operator.py for tasks to queue
[2022-02-26 03:33:54,628] {logging_mixin.py:109} INFO - [2022-02-26 03:33:54,628] {dagbag.py:500} INFO - Filling up the DagBag from /Users/andyhsu/tutorial-env/lib/python3.9/site-packages/airflow/example_dags/example_short_circuit_operator.py
[2022-02-26 03:33:54,643] {processor.py:654} INFO - DAG(s) dict_keys(['example_short_circuit_operator']) retrieved from /Users/andyhsu/tutorial-env/lib/python3.9/site-packages/airflow/example_dags/example_short_circuit_operator.py
[2022-02-26 03:33:54,649] {logging_mixin.py:109} INFO - [2022-02-26 03:33:54,649] {dag.py:2396} INFO - Sync 1 DAGs
[2022-02-26 03:33:54,652] {logging_mixin.py:109} INFO - [2022-02-26 03:33:54,652] {dag.py:2935} INFO - Setting next_dagrun for example_short_circuit_operator to 2022-02-24T19:33:54.652740+00:00
[2022-02-26 03:33:54,655] {processor.py:171} INFO - Processing /Users/andyhsu/tutorial-env/lib/python3.9/site-packages/airflow/example_dags/example_short_circuit_operator.py took 0.029 seconds
[2022-02-26 04:07:33,216] {processor.py:163} INFO - Started process (PID=5478) to work on /Users/andyhsu/tutorial-env/lib/python3.9/site-packages/airflow/example_dags/example_short_circuit_operator.py
[2022-02-26 04:07:33,216] {processor.py:642} INFO - Processing file /Users/andyhsu/tutorial-env/lib/python3.9/site-packages/airflow/example_dags/example_short_circuit_operator.py for tasks to queue
[2022-02-26 04:07:33,216] {logging_mixin.py:109} INFO - [2022-02-26 04:07:33,216] {dagbag.py:500} INFO - Filling up the DagBag from /Users/andyhsu/tutorial-env/lib/python3.9/site-packages/airflow/example_dags/example_short_circuit_operator.py
[2022-02-26 04:07:33,230] {processor.py:654} INFO - DAG(s) dict_keys(['example_short_circuit_operator']) retrieved from /Users/andyhsu/tutorial-env/lib/python3.9/site-packages/airflow/example_dags/example_short_circuit_operator.py
[2022-02-26 04:07:33,236] {logging_mixin.py:109} INFO - [2022-02-26 04:07:33,236] {dag.py:2396} INFO - Sync 1 DAGs
[2022-02-26 04:07:33,239] {logging_mixin.py:109} INFO - [2022-02-26 04:07:33,239] {dag.py:2935} INFO - Setting next_dagrun for example_short_circuit_operator to 2022-02-24T20:07:33.239836+00:00
[2022-02-26 04:07:33,242] {processor.py:171} INFO - Processing /Users/andyhsu/tutorial-env/lib/python3.9/site-packages/airflow/example_dags/example_short_circuit_operator.py took 0.027 seconds
[2022-02-26 04:22:57,703] {processor.py:163} INFO - Started process (PID=5516) to work on /Users/andyhsu/tutorial-env/lib/python3.9/site-packages/airflow/example_dags/example_short_circuit_operator.py
[2022-02-26 04:22:57,703] {processor.py:642} INFO - Processing file /Users/andyhsu/tutorial-env/lib/python3.9/site-packages/airflow/example_dags/example_short_circuit_operator.py for tasks to queue
[2022-02-26 04:22:57,703] {logging_mixin.py:109} INFO - [2022-02-26 04:22:57,703] {dagbag.py:500} INFO - Filling up the DagBag from /Users/andyhsu/tutorial-env/lib/python3.9/site-packages/airflow/example_dags/example_short_circuit_operator.py
[2022-02-26 04:22:57,717] {processor.py:654} INFO - DAG(s) dict_keys(['example_short_circuit_operator']) retrieved from /Users/andyhsu/tutorial-env/lib/python3.9/site-packages/airflow/example_dags/example_short_circuit_operator.py
[2022-02-26 04:22:57,724] {logging_mixin.py:109} INFO - [2022-02-26 04:22:57,723] {dag.py:2396} INFO - Sync 1 DAGs
[2022-02-26 04:22:57,727] {logging_mixin.py:109} INFO - [2022-02-26 04:22:57,727] {dag.py:2935} INFO - Setting next_dagrun for example_short_circuit_operator to 2022-02-24T20:22:57.726959+00:00
[2022-02-26 04:22:57,730] {processor.py:171} INFO - Processing /Users/andyhsu/tutorial-env/lib/python3.9/site-packages/airflow/example_dags/example_short_circuit_operator.py took 0.027 seconds
[2022-02-26 04:37:49,931] {processor.py:163} INFO - Started process (PID=5551) to work on /Users/andyhsu/tutorial-env/lib/python3.9/site-packages/airflow/example_dags/example_short_circuit_operator.py
[2022-02-26 04:37:49,931] {processor.py:642} INFO - Processing file /Users/andyhsu/tutorial-env/lib/python3.9/site-packages/airflow/example_dags/example_short_circuit_operator.py for tasks to queue
[2022-02-26 04:37:49,932] {logging_mixin.py:109} INFO - [2022-02-26 04:37:49,932] {dagbag.py:500} INFO - Filling up the DagBag from /Users/andyhsu/tutorial-env/lib/python3.9/site-packages/airflow/example_dags/example_short_circuit_operator.py
[2022-02-26 04:37:49,946] {processor.py:654} INFO - DAG(s) dict_keys(['example_short_circuit_operator']) retrieved from /Users/andyhsu/tutorial-env/lib/python3.9/site-packages/airflow/example_dags/example_short_circuit_operator.py
[2022-02-26 04:37:49,952] {logging_mixin.py:109} INFO - [2022-02-26 04:37:49,952] {dag.py:2396} INFO - Sync 1 DAGs
[2022-02-26 04:37:49,955] {logging_mixin.py:109} INFO - [2022-02-26 04:37:49,955] {dag.py:2935} INFO - Setting next_dagrun for example_short_circuit_operator to 2022-02-24T20:37:49.955407+00:00
[2022-02-26 04:37:49,958] {processor.py:171} INFO - Processing /Users/andyhsu/tutorial-env/lib/python3.9/site-packages/airflow/example_dags/example_short_circuit_operator.py took 0.027 seconds
[2022-02-26 04:52:49,666] {processor.py:163} INFO - Started process (PID=5587) to work on /Users/andyhsu/tutorial-env/lib/python3.9/site-packages/airflow/example_dags/example_short_circuit_operator.py
[2022-02-26 04:52:49,666] {processor.py:642} INFO - Processing file /Users/andyhsu/tutorial-env/lib/python3.9/site-packages/airflow/example_dags/example_short_circuit_operator.py for tasks to queue
[2022-02-26 04:52:49,667] {logging_mixin.py:109} INFO - [2022-02-26 04:52:49,667] {dagbag.py:500} INFO - Filling up the DagBag from /Users/andyhsu/tutorial-env/lib/python3.9/site-packages/airflow/example_dags/example_short_circuit_operator.py
[2022-02-26 04:52:49,681] {processor.py:654} INFO - DAG(s) dict_keys(['example_short_circuit_operator']) retrieved from /Users/andyhsu/tutorial-env/lib/python3.9/site-packages/airflow/example_dags/example_short_circuit_operator.py
[2022-02-26 04:52:49,687] {logging_mixin.py:109} INFO - [2022-02-26 04:52:49,687] {dag.py:2396} INFO - Sync 1 DAGs
[2022-02-26 04:52:49,690] {logging_mixin.py:109} INFO - [2022-02-26 04:52:49,690] {dag.py:2935} INFO - Setting next_dagrun for example_short_circuit_operator to 2022-02-24T20:52:49.690592+00:00
[2022-02-26 04:52:49,693] {processor.py:171} INFO - Processing /Users/andyhsu/tutorial-env/lib/python3.9/site-packages/airflow/example_dags/example_short_circuit_operator.py took 0.027 seconds
[2022-02-26 05:07:49,420] {processor.py:163} INFO - Started process (PID=5625) to work on /Users/andyhsu/tutorial-env/lib/python3.9/site-packages/airflow/example_dags/example_short_circuit_operator.py
[2022-02-26 05:07:49,420] {processor.py:642} INFO - Processing file /Users/andyhsu/tutorial-env/lib/python3.9/site-packages/airflow/example_dags/example_short_circuit_operator.py for tasks to queue
[2022-02-26 05:07:49,420] {logging_mixin.py:109} INFO - [2022-02-26 05:07:49,420] {dagbag.py:500} INFO - Filling up the DagBag from /Users/andyhsu/tutorial-env/lib/python3.9/site-packages/airflow/example_dags/example_short_circuit_operator.py
[2022-02-26 05:07:49,434] {processor.py:654} INFO - DAG(s) dict_keys(['example_short_circuit_operator']) retrieved from /Users/andyhsu/tutorial-env/lib/python3.9/site-packages/airflow/example_dags/example_short_circuit_operator.py
[2022-02-26 05:07:49,440] {logging_mixin.py:109} INFO - [2022-02-26 05:07:49,440] {dag.py:2396} INFO - Sync 1 DAGs
[2022-02-26 05:07:49,443] {logging_mixin.py:109} INFO - [2022-02-26 05:07:49,443] {dag.py:2935} INFO - Setting next_dagrun for example_short_circuit_operator to 2022-02-24T21:07:49.443705+00:00
[2022-02-26 05:07:49,446] {processor.py:171} INFO - Processing /Users/andyhsu/tutorial-env/lib/python3.9/site-packages/airflow/example_dags/example_short_circuit_operator.py took 0.027 seconds
[2022-02-26 05:22:49,274] {processor.py:163} INFO - Started process (PID=5677) to work on /Users/andyhsu/tutorial-env/lib/python3.9/site-packages/airflow/example_dags/example_short_circuit_operator.py
[2022-02-26 05:22:49,274] {processor.py:642} INFO - Processing file /Users/andyhsu/tutorial-env/lib/python3.9/site-packages/airflow/example_dags/example_short_circuit_operator.py for tasks to queue
[2022-02-26 05:22:49,274] {logging_mixin.py:109} INFO - [2022-02-26 05:22:49,274] {dagbag.py:500} INFO - Filling up the DagBag from /Users/andyhsu/tutorial-env/lib/python3.9/site-packages/airflow/example_dags/example_short_circuit_operator.py
[2022-02-26 05:22:49,289] {processor.py:654} INFO - DAG(s) dict_keys(['example_short_circuit_operator']) retrieved from /Users/andyhsu/tutorial-env/lib/python3.9/site-packages/airflow/example_dags/example_short_circuit_operator.py
[2022-02-26 05:22:49,295] {logging_mixin.py:109} INFO - [2022-02-26 05:22:49,295] {dag.py:2396} INFO - Sync 1 DAGs
[2022-02-26 05:22:49,298] {logging_mixin.py:109} INFO - [2022-02-26 05:22:49,298] {dag.py:2935} INFO - Setting next_dagrun for example_short_circuit_operator to 2022-02-24T21:22:49.297993+00:00
[2022-02-26 05:22:49,300] {processor.py:171} INFO - Processing /Users/andyhsu/tutorial-env/lib/python3.9/site-packages/airflow/example_dags/example_short_circuit_operator.py took 0.027 seconds
[2022-02-26 05:37:51,186] {processor.py:163} INFO - Started process (PID=5729) to work on /Users/andyhsu/tutorial-env/lib/python3.9/site-packages/airflow/example_dags/example_short_circuit_operator.py
[2022-02-26 05:37:51,186] {processor.py:642} INFO - Processing file /Users/andyhsu/tutorial-env/lib/python3.9/site-packages/airflow/example_dags/example_short_circuit_operator.py for tasks to queue
[2022-02-26 05:37:51,186] {logging_mixin.py:109} INFO - [2022-02-26 05:37:51,186] {dagbag.py:500} INFO - Filling up the DagBag from /Users/andyhsu/tutorial-env/lib/python3.9/site-packages/airflow/example_dags/example_short_circuit_operator.py
[2022-02-26 05:37:51,201] {processor.py:654} INFO - DAG(s) dict_keys(['example_short_circuit_operator']) retrieved from /Users/andyhsu/tutorial-env/lib/python3.9/site-packages/airflow/example_dags/example_short_circuit_operator.py
[2022-02-26 05:37:51,207] {logging_mixin.py:109} INFO - [2022-02-26 05:37:51,207] {dag.py:2396} INFO - Sync 1 DAGs
[2022-02-26 05:37:51,210] {logging_mixin.py:109} INFO - [2022-02-26 05:37:51,210] {dag.py:2935} INFO - Setting next_dagrun for example_short_circuit_operator to 2022-02-24T21:37:51.210129+00:00
[2022-02-26 05:37:51,213] {processor.py:171} INFO - Processing /Users/andyhsu/tutorial-env/lib/python3.9/site-packages/airflow/example_dags/example_short_circuit_operator.py took 0.027 seconds
[2022-02-26 05:52:50,015] {processor.py:163} INFO - Started process (PID=5763) to work on /Users/andyhsu/tutorial-env/lib/python3.9/site-packages/airflow/example_dags/example_short_circuit_operator.py
[2022-02-26 05:52:50,015] {processor.py:642} INFO - Processing file /Users/andyhsu/tutorial-env/lib/python3.9/site-packages/airflow/example_dags/example_short_circuit_operator.py for tasks to queue
[2022-02-26 05:52:50,015] {logging_mixin.py:109} INFO - [2022-02-26 05:52:50,015] {dagbag.py:500} INFO - Filling up the DagBag from /Users/andyhsu/tutorial-env/lib/python3.9/site-packages/airflow/example_dags/example_short_circuit_operator.py
[2022-02-26 05:52:50,030] {processor.py:654} INFO - DAG(s) dict_keys(['example_short_circuit_operator']) retrieved from /Users/andyhsu/tutorial-env/lib/python3.9/site-packages/airflow/example_dags/example_short_circuit_operator.py
[2022-02-26 05:52:50,036] {logging_mixin.py:109} INFO - [2022-02-26 05:52:50,036] {dag.py:2396} INFO - Sync 1 DAGs
[2022-02-26 05:52:50,039] {logging_mixin.py:109} INFO - [2022-02-26 05:52:50,039] {dag.py:2935} INFO - Setting next_dagrun for example_short_circuit_operator to 2022-02-24T21:52:50.039089+00:00
[2022-02-26 05:52:50,042] {processor.py:171} INFO - Processing /Users/andyhsu/tutorial-env/lib/python3.9/site-packages/airflow/example_dags/example_short_circuit_operator.py took 0.027 seconds
[2022-02-26 06:41:42,148] {processor.py:163} INFO - Started process (PID=5807) to work on /Users/andyhsu/tutorial-env/lib/python3.9/site-packages/airflow/example_dags/example_short_circuit_operator.py
[2022-02-26 06:41:42,148] {processor.py:642} INFO - Processing file /Users/andyhsu/tutorial-env/lib/python3.9/site-packages/airflow/example_dags/example_short_circuit_operator.py for tasks to queue
[2022-02-26 06:41:42,148] {logging_mixin.py:109} INFO - [2022-02-26 06:41:42,148] {dagbag.py:500} INFO - Filling up the DagBag from /Users/andyhsu/tutorial-env/lib/python3.9/site-packages/airflow/example_dags/example_short_circuit_operator.py
[2022-02-26 06:41:42,162] {processor.py:654} INFO - DAG(s) dict_keys(['example_short_circuit_operator']) retrieved from /Users/andyhsu/tutorial-env/lib/python3.9/site-packages/airflow/example_dags/example_short_circuit_operator.py
[2022-02-26 06:41:42,168] {logging_mixin.py:109} INFO - [2022-02-26 06:41:42,168] {dag.py:2396} INFO - Sync 1 DAGs
[2022-02-26 06:41:42,171] {logging_mixin.py:109} INFO - [2022-02-26 06:41:42,171] {dag.py:2935} INFO - Setting next_dagrun for example_short_circuit_operator to 2022-02-24T22:41:42.171514+00:00
[2022-02-26 06:41:42,174] {processor.py:171} INFO - Processing /Users/andyhsu/tutorial-env/lib/python3.9/site-packages/airflow/example_dags/example_short_circuit_operator.py took 0.027 seconds
[2022-02-26 07:50:22,524] {processor.py:163} INFO - Started process (PID=5868) to work on /Users/andyhsu/tutorial-env/lib/python3.9/site-packages/airflow/example_dags/example_short_circuit_operator.py
[2022-02-26 07:50:22,525] {processor.py:642} INFO - Processing file /Users/andyhsu/tutorial-env/lib/python3.9/site-packages/airflow/example_dags/example_short_circuit_operator.py for tasks to queue
[2022-02-26 07:50:22,525] {logging_mixin.py:109} INFO - [2022-02-26 07:50:22,525] {dagbag.py:500} INFO - Filling up the DagBag from /Users/andyhsu/tutorial-env/lib/python3.9/site-packages/airflow/example_dags/example_short_circuit_operator.py
[2022-02-26 07:50:22,539] {processor.py:654} INFO - DAG(s) dict_keys(['example_short_circuit_operator']) retrieved from /Users/andyhsu/tutorial-env/lib/python3.9/site-packages/airflow/example_dags/example_short_circuit_operator.py
[2022-02-26 07:50:22,545] {logging_mixin.py:109} INFO - [2022-02-26 07:50:22,545] {dag.py:2396} INFO - Sync 1 DAGs
[2022-02-26 07:50:22,548] {logging_mixin.py:109} INFO - [2022-02-26 07:50:22,548] {dag.py:2935} INFO - Setting next_dagrun for example_short_circuit_operator to 2022-02-24T23:50:22.548522+00:00
[2022-02-26 07:50:22,551] {processor.py:171} INFO - Processing /Users/andyhsu/tutorial-env/lib/python3.9/site-packages/airflow/example_dags/example_short_circuit_operator.py took 0.027 seconds
