[2022-02-26 03:32:54,630] {processor.py:163} INFO - Started process (PID=5324) to work on /Users/andyhsu/tutorial-env/lib/python3.9/site-packages/airflow/example_dags/example_time_delta_sensor_async.py
[2022-02-26 03:32:54,630] {processor.py:642} INFO - Processing file /Users/andyhsu/tutorial-env/lib/python3.9/site-packages/airflow/example_dags/example_time_delta_sensor_async.py for tasks to queue
[2022-02-26 03:32:54,630] {logging_mixin.py:109} INFO - [2022-02-26 03:32:54,630] {dagbag.py:500} INFO - Filling up the DagBag from /Users/andyhsu/tutorial-env/lib/python3.9/site-packages/airflow/example_dags/example_time_delta_sensor_async.py
[2022-02-26 03:32:54,640] {processor.py:654} INFO - DAG(s) dict_keys(['example_time_delta_sensor_async']) retrieved from /Users/andyhsu/tutorial-env/lib/python3.9/site-packages/airflow/example_dags/example_time_delta_sensor_async.py
[2022-02-26 03:32:54,646] {logging_mixin.py:109} INFO - [2022-02-26 03:32:54,646] {dag.py:2396} INFO - Sync 1 DAGs
[2022-02-26 03:32:54,649] {logging_mixin.py:109} INFO - [2022-02-26 03:32:54,649] {dag.py:2935} INFO - Setting next_dagrun for example_time_delta_sensor_async to None
[2022-02-26 03:32:54,652] {processor.py:171} INFO - Processing /Users/andyhsu/tutorial-env/lib/python3.9/site-packages/airflow/example_dags/example_time_delta_sensor_async.py took 0.023 seconds
[2022-02-26 03:33:43,766] {processor.py:163} INFO - Started process (PID=5372) to work on /Users/andyhsu/tutorial-env/lib/python3.9/site-packages/airflow/example_dags/example_time_delta_sensor_async.py
[2022-02-26 03:33:43,767] {processor.py:642} INFO - Processing file /Users/andyhsu/tutorial-env/lib/python3.9/site-packages/airflow/example_dags/example_time_delta_sensor_async.py for tasks to queue
[2022-02-26 03:33:43,767] {logging_mixin.py:109} INFO - [2022-02-26 03:33:43,767] {dagbag.py:500} INFO - Filling up the DagBag from /Users/andyhsu/tutorial-env/lib/python3.9/site-packages/airflow/example_dags/example_time_delta_sensor_async.py
[2022-02-26 03:33:43,778] {processor.py:654} INFO - DAG(s) dict_keys(['example_time_delta_sensor_async']) retrieved from /Users/andyhsu/tutorial-env/lib/python3.9/site-packages/airflow/example_dags/example_time_delta_sensor_async.py
[2022-02-26 03:33:43,785] {logging_mixin.py:109} INFO - [2022-02-26 03:33:43,785] {dag.py:2396} INFO - Sync 1 DAGs
[2022-02-26 03:33:43,788] {logging_mixin.py:109} INFO - [2022-02-26 03:33:43,788] {dag.py:2935} INFO - Setting next_dagrun for example_time_delta_sensor_async to None
[2022-02-26 03:33:43,790] {processor.py:171} INFO - Processing /Users/andyhsu/tutorial-env/lib/python3.9/site-packages/airflow/example_dags/example_time_delta_sensor_async.py took 0.024 seconds
[2022-02-26 04:07:24,229] {processor.py:163} INFO - Started process (PID=5466) to work on /Users/andyhsu/tutorial-env/lib/python3.9/site-packages/airflow/example_dags/example_time_delta_sensor_async.py
[2022-02-26 04:07:24,229] {processor.py:642} INFO - Processing file /Users/andyhsu/tutorial-env/lib/python3.9/site-packages/airflow/example_dags/example_time_delta_sensor_async.py for tasks to queue
[2022-02-26 04:07:24,229] {logging_mixin.py:109} INFO - [2022-02-26 04:07:24,229] {dagbag.py:500} INFO - Filling up the DagBag from /Users/andyhsu/tutorial-env/lib/python3.9/site-packages/airflow/example_dags/example_time_delta_sensor_async.py
[2022-02-26 04:07:24,243] {processor.py:654} INFO - DAG(s) dict_keys(['example_time_delta_sensor_async']) retrieved from /Users/andyhsu/tutorial-env/lib/python3.9/site-packages/airflow/example_dags/example_time_delta_sensor_async.py
[2022-02-26 04:07:24,346] {logging_mixin.py:109} INFO - [2022-02-26 04:07:24,346] {dag.py:2396} INFO - Sync 1 DAGs
[2022-02-26 04:07:24,354] {logging_mixin.py:109} INFO - [2022-02-26 04:07:24,354] {dag.py:2935} INFO - Setting next_dagrun for example_time_delta_sensor_async to None
[2022-02-26 04:07:24,359] {processor.py:171} INFO - Processing /Users/andyhsu/tutorial-env/lib/python3.9/site-packages/airflow/example_dags/example_time_delta_sensor_async.py took 0.131 seconds
[2022-02-26 04:22:48,864] {processor.py:163} INFO - Started process (PID=5510) to work on /Users/andyhsu/tutorial-env/lib/python3.9/site-packages/airflow/example_dags/example_time_delta_sensor_async.py
[2022-02-26 04:22:48,865] {processor.py:642} INFO - Processing file /Users/andyhsu/tutorial-env/lib/python3.9/site-packages/airflow/example_dags/example_time_delta_sensor_async.py for tasks to queue
[2022-02-26 04:22:48,865] {logging_mixin.py:109} INFO - [2022-02-26 04:22:48,865] {dagbag.py:500} INFO - Filling up the DagBag from /Users/andyhsu/tutorial-env/lib/python3.9/site-packages/airflow/example_dags/example_time_delta_sensor_async.py
[2022-02-26 04:22:48,874] {processor.py:654} INFO - DAG(s) dict_keys(['example_time_delta_sensor_async']) retrieved from /Users/andyhsu/tutorial-env/lib/python3.9/site-packages/airflow/example_dags/example_time_delta_sensor_async.py
[2022-02-26 04:22:48,881] {logging_mixin.py:109} INFO - [2022-02-26 04:22:48,881] {dag.py:2396} INFO - Sync 1 DAGs
[2022-02-26 04:22:48,884] {logging_mixin.py:109} INFO - [2022-02-26 04:22:48,884] {dag.py:2935} INFO - Setting next_dagrun for example_time_delta_sensor_async to None
[2022-02-26 04:22:48,886] {processor.py:171} INFO - Processing /Users/andyhsu/tutorial-env/lib/python3.9/site-packages/airflow/example_dags/example_time_delta_sensor_async.py took 0.022 seconds
[2022-02-26 04:37:41,851] {processor.py:163} INFO - Started process (PID=5545) to work on /Users/andyhsu/tutorial-env/lib/python3.9/site-packages/airflow/example_dags/example_time_delta_sensor_async.py
[2022-02-26 04:37:41,851] {processor.py:642} INFO - Processing file /Users/andyhsu/tutorial-env/lib/python3.9/site-packages/airflow/example_dags/example_time_delta_sensor_async.py for tasks to queue
[2022-02-26 04:37:41,851] {logging_mixin.py:109} INFO - [2022-02-26 04:37:41,851] {dagbag.py:500} INFO - Filling up the DagBag from /Users/andyhsu/tutorial-env/lib/python3.9/site-packages/airflow/example_dags/example_time_delta_sensor_async.py
[2022-02-26 04:37:41,861] {processor.py:654} INFO - DAG(s) dict_keys(['example_time_delta_sensor_async']) retrieved from /Users/andyhsu/tutorial-env/lib/python3.9/site-packages/airflow/example_dags/example_time_delta_sensor_async.py
[2022-02-26 04:37:41,867] {logging_mixin.py:109} INFO - [2022-02-26 04:37:41,867] {dag.py:2396} INFO - Sync 1 DAGs
[2022-02-26 04:37:41,870] {logging_mixin.py:109} INFO - [2022-02-26 04:37:41,870] {dag.py:2935} INFO - Setting next_dagrun for example_time_delta_sensor_async to None
[2022-02-26 04:37:41,873] {processor.py:171} INFO - Processing /Users/andyhsu/tutorial-env/lib/python3.9/site-packages/airflow/example_dags/example_time_delta_sensor_async.py took 0.022 seconds
[2022-02-26 04:52:41,588] {processor.py:163} INFO - Started process (PID=5581) to work on /Users/andyhsu/tutorial-env/lib/python3.9/site-packages/airflow/example_dags/example_time_delta_sensor_async.py
[2022-02-26 04:52:41,588] {processor.py:642} INFO - Processing file /Users/andyhsu/tutorial-env/lib/python3.9/site-packages/airflow/example_dags/example_time_delta_sensor_async.py for tasks to queue
[2022-02-26 04:52:41,588] {logging_mixin.py:109} INFO - [2022-02-26 04:52:41,588] {dagbag.py:500} INFO - Filling up the DagBag from /Users/andyhsu/tutorial-env/lib/python3.9/site-packages/airflow/example_dags/example_time_delta_sensor_async.py
[2022-02-26 04:52:41,598] {processor.py:654} INFO - DAG(s) dict_keys(['example_time_delta_sensor_async']) retrieved from /Users/andyhsu/tutorial-env/lib/python3.9/site-packages/airflow/example_dags/example_time_delta_sensor_async.py
[2022-02-26 04:52:41,604] {logging_mixin.py:109} INFO - [2022-02-26 04:52:41,604] {dag.py:2396} INFO - Sync 1 DAGs
[2022-02-26 04:52:41,607] {logging_mixin.py:109} INFO - [2022-02-26 04:52:41,607] {dag.py:2935} INFO - Setting next_dagrun for example_time_delta_sensor_async to None
[2022-02-26 04:52:41,610] {processor.py:171} INFO - Processing /Users/andyhsu/tutorial-env/lib/python3.9/site-packages/airflow/example_dags/example_time_delta_sensor_async.py took 0.022 seconds
[2022-02-26 05:07:41,260] {processor.py:163} INFO - Started process (PID=5619) to work on /Users/andyhsu/tutorial-env/lib/python3.9/site-packages/airflow/example_dags/example_time_delta_sensor_async.py
[2022-02-26 05:07:41,261] {processor.py:642} INFO - Processing file /Users/andyhsu/tutorial-env/lib/python3.9/site-packages/airflow/example_dags/example_time_delta_sensor_async.py for tasks to queue
[2022-02-26 05:07:41,261] {logging_mixin.py:109} INFO - [2022-02-26 05:07:41,261] {dagbag.py:500} INFO - Filling up the DagBag from /Users/andyhsu/tutorial-env/lib/python3.9/site-packages/airflow/example_dags/example_time_delta_sensor_async.py
[2022-02-26 05:07:41,271] {processor.py:654} INFO - DAG(s) dict_keys(['example_time_delta_sensor_async']) retrieved from /Users/andyhsu/tutorial-env/lib/python3.9/site-packages/airflow/example_dags/example_time_delta_sensor_async.py
[2022-02-26 05:07:41,277] {logging_mixin.py:109} INFO - [2022-02-26 05:07:41,277] {dag.py:2396} INFO - Sync 1 DAGs
[2022-02-26 05:07:41,280] {logging_mixin.py:109} INFO - [2022-02-26 05:07:41,280] {dag.py:2935} INFO - Setting next_dagrun for example_time_delta_sensor_async to None
[2022-02-26 05:07:41,283] {processor.py:171} INFO - Processing /Users/andyhsu/tutorial-env/lib/python3.9/site-packages/airflow/example_dags/example_time_delta_sensor_async.py took 0.023 seconds
[2022-02-26 05:22:40,712] {processor.py:163} INFO - Started process (PID=5670) to work on /Users/andyhsu/tutorial-env/lib/python3.9/site-packages/airflow/example_dags/example_time_delta_sensor_async.py
[2022-02-26 05:22:40,712] {processor.py:642} INFO - Processing file /Users/andyhsu/tutorial-env/lib/python3.9/site-packages/airflow/example_dags/example_time_delta_sensor_async.py for tasks to queue
[2022-02-26 05:22:40,712] {logging_mixin.py:109} INFO - [2022-02-26 05:22:40,712] {dagbag.py:500} INFO - Filling up the DagBag from /Users/andyhsu/tutorial-env/lib/python3.9/site-packages/airflow/example_dags/example_time_delta_sensor_async.py
[2022-02-26 05:22:40,722] {processor.py:654} INFO - DAG(s) dict_keys(['example_time_delta_sensor_async']) retrieved from /Users/andyhsu/tutorial-env/lib/python3.9/site-packages/airflow/example_dags/example_time_delta_sensor_async.py
[2022-02-26 05:22:40,728] {logging_mixin.py:109} INFO - [2022-02-26 05:22:40,728] {dag.py:2396} INFO - Sync 1 DAGs
[2022-02-26 05:22:40,731] {logging_mixin.py:109} INFO - [2022-02-26 05:22:40,731] {dag.py:2935} INFO - Setting next_dagrun for example_time_delta_sensor_async to None
[2022-02-26 05:22:40,734] {processor.py:171} INFO - Processing /Users/andyhsu/tutorial-env/lib/python3.9/site-packages/airflow/example_dags/example_time_delta_sensor_async.py took 0.023 seconds
[2022-02-26 05:37:42,374] {processor.py:163} INFO - Started process (PID=5712) to work on /Users/andyhsu/tutorial-env/lib/python3.9/site-packages/airflow/example_dags/example_time_delta_sensor_async.py
[2022-02-26 05:37:42,374] {processor.py:642} INFO - Processing file /Users/andyhsu/tutorial-env/lib/python3.9/site-packages/airflow/example_dags/example_time_delta_sensor_async.py for tasks to queue
[2022-02-26 05:37:42,374] {logging_mixin.py:109} INFO - [2022-02-26 05:37:42,374] {dagbag.py:500} INFO - Filling up the DagBag from /Users/andyhsu/tutorial-env/lib/python3.9/site-packages/airflow/example_dags/example_time_delta_sensor_async.py
[2022-02-26 05:37:42,384] {processor.py:654} INFO - DAG(s) dict_keys(['example_time_delta_sensor_async']) retrieved from /Users/andyhsu/tutorial-env/lib/python3.9/site-packages/airflow/example_dags/example_time_delta_sensor_async.py
[2022-02-26 05:37:42,390] {logging_mixin.py:109} INFO - [2022-02-26 05:37:42,390] {dag.py:2396} INFO - Sync 1 DAGs
[2022-02-26 05:37:42,393] {logging_mixin.py:109} INFO - [2022-02-26 05:37:42,393] {dag.py:2935} INFO - Setting next_dagrun for example_time_delta_sensor_async to None
[2022-02-26 05:37:42,396] {processor.py:171} INFO - Processing /Users/andyhsu/tutorial-env/lib/python3.9/site-packages/airflow/example_dags/example_time_delta_sensor_async.py took 0.022 seconds
[2022-02-26 05:52:42,027] {processor.py:163} INFO - Started process (PID=5757) to work on /Users/andyhsu/tutorial-env/lib/python3.9/site-packages/airflow/example_dags/example_time_delta_sensor_async.py
[2022-02-26 05:52:42,027] {processor.py:642} INFO - Processing file /Users/andyhsu/tutorial-env/lib/python3.9/site-packages/airflow/example_dags/example_time_delta_sensor_async.py for tasks to queue
[2022-02-26 05:52:42,027] {logging_mixin.py:109} INFO - [2022-02-26 05:52:42,027] {dagbag.py:500} INFO - Filling up the DagBag from /Users/andyhsu/tutorial-env/lib/python3.9/site-packages/airflow/example_dags/example_time_delta_sensor_async.py
[2022-02-26 05:52:42,037] {processor.py:654} INFO - DAG(s) dict_keys(['example_time_delta_sensor_async']) retrieved from /Users/andyhsu/tutorial-env/lib/python3.9/site-packages/airflow/example_dags/example_time_delta_sensor_async.py
[2022-02-26 05:52:42,043] {logging_mixin.py:109} INFO - [2022-02-26 05:52:42,043] {dag.py:2396} INFO - Sync 1 DAGs
[2022-02-26 05:52:42,046] {logging_mixin.py:109} INFO - [2022-02-26 05:52:42,046] {dag.py:2935} INFO - Setting next_dagrun for example_time_delta_sensor_async to None
[2022-02-26 05:52:42,049] {processor.py:171} INFO - Processing /Users/andyhsu/tutorial-env/lib/python3.9/site-packages/airflow/example_dags/example_time_delta_sensor_async.py took 0.022 seconds
[2022-02-26 06:26:33,783] {processor.py:163} INFO - Started process (PID=5795) to work on /Users/andyhsu/tutorial-env/lib/python3.9/site-packages/airflow/example_dags/example_time_delta_sensor_async.py
[2022-02-26 06:26:33,783] {processor.py:642} INFO - Processing file /Users/andyhsu/tutorial-env/lib/python3.9/site-packages/airflow/example_dags/example_time_delta_sensor_async.py for tasks to queue
[2022-02-26 06:26:33,783] {logging_mixin.py:109} INFO - [2022-02-26 06:26:33,783] {dagbag.py:500} INFO - Filling up the DagBag from /Users/andyhsu/tutorial-env/lib/python3.9/site-packages/airflow/example_dags/example_time_delta_sensor_async.py
[2022-02-26 06:26:33,793] {processor.py:654} INFO - DAG(s) dict_keys(['example_time_delta_sensor_async']) retrieved from /Users/andyhsu/tutorial-env/lib/python3.9/site-packages/airflow/example_dags/example_time_delta_sensor_async.py
[2022-02-26 06:26:33,799] {logging_mixin.py:109} INFO - [2022-02-26 06:26:33,799] {dag.py:2396} INFO - Sync 1 DAGs
[2022-02-26 06:26:33,802] {logging_mixin.py:109} INFO - [2022-02-26 06:26:33,802] {dag.py:2935} INFO - Setting next_dagrun for example_time_delta_sensor_async to None
[2022-02-26 06:26:33,805] {processor.py:171} INFO - Processing /Users/andyhsu/tutorial-env/lib/python3.9/site-packages/airflow/example_dags/example_time_delta_sensor_async.py took 0.022 seconds
[2022-02-26 07:34:20,738] {processor.py:163} INFO - Started process (PID=5860) to work on /Users/andyhsu/tutorial-env/lib/python3.9/site-packages/airflow/example_dags/example_time_delta_sensor_async.py
[2022-02-26 07:34:20,739] {processor.py:642} INFO - Processing file /Users/andyhsu/tutorial-env/lib/python3.9/site-packages/airflow/example_dags/example_time_delta_sensor_async.py for tasks to queue
[2022-02-26 07:34:20,739] {logging_mixin.py:109} INFO - [2022-02-26 07:34:20,739] {dagbag.py:500} INFO - Filling up the DagBag from /Users/andyhsu/tutorial-env/lib/python3.9/site-packages/airflow/example_dags/example_time_delta_sensor_async.py
[2022-02-26 07:34:20,749] {processor.py:654} INFO - DAG(s) dict_keys(['example_time_delta_sensor_async']) retrieved from /Users/andyhsu/tutorial-env/lib/python3.9/site-packages/airflow/example_dags/example_time_delta_sensor_async.py
[2022-02-26 07:34:20,755] {logging_mixin.py:109} INFO - [2022-02-26 07:34:20,755] {dag.py:2396} INFO - Sync 1 DAGs
[2022-02-26 07:34:20,758] {logging_mixin.py:109} INFO - [2022-02-26 07:34:20,758] {dag.py:2935} INFO - Setting next_dagrun for example_time_delta_sensor_async to None
[2022-02-26 07:34:20,761] {processor.py:171} INFO - Processing /Users/andyhsu/tutorial-env/lib/python3.9/site-packages/airflow/example_dags/example_time_delta_sensor_async.py took 0.023 seconds
