[2022-02-26 03:33:02,925] {processor.py:163} INFO - Started process (PID=5337) to work on /Users/andyhsu/tutorial-env/lib/python3.9/site-packages/airflow/example_dags/example_skip_dag.py
[2022-02-26 03:33:02,926] {processor.py:642} INFO - Processing file /Users/andyhsu/tutorial-env/lib/python3.9/site-packages/airflow/example_dags/example_skip_dag.py for tasks to queue
[2022-02-26 03:33:02,926] {logging_mixin.py:109} INFO - [2022-02-26 03:33:02,926] {dagbag.py:500} INFO - Filling up the DagBag from /Users/andyhsu/tutorial-env/lib/python3.9/site-packages/airflow/example_dags/example_skip_dag.py
[2022-02-26 03:33:02,937] {processor.py:654} INFO - DAG(s) dict_keys(['example_skip_dag']) retrieved from /Users/andyhsu/tutorial-env/lib/python3.9/site-packages/airflow/example_dags/example_skip_dag.py
[2022-02-26 03:33:02,944] {logging_mixin.py:109} INFO - [2022-02-26 03:33:02,944] {dag.py:2396} INFO - Sync 1 DAGs
[2022-02-26 03:33:02,948] {logging_mixin.py:109} INFO - [2022-02-26 03:33:02,948] {dag.py:2935} INFO - Setting next_dagrun for example_skip_dag to 2022-02-24T19:33:02.948319+00:00
[2022-02-26 03:33:02,951] {processor.py:171} INFO - Processing /Users/andyhsu/tutorial-env/lib/python3.9/site-packages/airflow/example_dags/example_skip_dag.py took 0.026 seconds
[2022-02-26 03:33:52,962] {processor.py:163} INFO - Started process (PID=5383) to work on /Users/andyhsu/tutorial-env/lib/python3.9/site-packages/airflow/example_dags/example_skip_dag.py
[2022-02-26 03:33:52,963] {processor.py:642} INFO - Processing file /Users/andyhsu/tutorial-env/lib/python3.9/site-packages/airflow/example_dags/example_skip_dag.py for tasks to queue
[2022-02-26 03:33:52,963] {logging_mixin.py:109} INFO - [2022-02-26 03:33:52,963] {dagbag.py:500} INFO - Filling up the DagBag from /Users/andyhsu/tutorial-env/lib/python3.9/site-packages/airflow/example_dags/example_skip_dag.py
[2022-02-26 03:33:52,974] {processor.py:654} INFO - DAG(s) dict_keys(['example_skip_dag']) retrieved from /Users/andyhsu/tutorial-env/lib/python3.9/site-packages/airflow/example_dags/example_skip_dag.py
[2022-02-26 03:33:52,981] {logging_mixin.py:109} INFO - [2022-02-26 03:33:52,981] {dag.py:2396} INFO - Sync 1 DAGs
[2022-02-26 03:33:52,984] {logging_mixin.py:109} INFO - [2022-02-26 03:33:52,984] {dag.py:2935} INFO - Setting next_dagrun for example_skip_dag to 2022-02-24T19:33:52.984158+00:00
[2022-02-26 03:33:52,986] {processor.py:171} INFO - Processing /Users/andyhsu/tutorial-env/lib/python3.9/site-packages/airflow/example_dags/example_skip_dag.py took 0.024 seconds
[2022-02-26 04:07:31,619] {processor.py:163} INFO - Started process (PID=5477) to work on /Users/andyhsu/tutorial-env/lib/python3.9/site-packages/airflow/example_dags/example_skip_dag.py
[2022-02-26 04:07:31,619] {processor.py:642} INFO - Processing file /Users/andyhsu/tutorial-env/lib/python3.9/site-packages/airflow/example_dags/example_skip_dag.py for tasks to queue
[2022-02-26 04:07:31,619] {logging_mixin.py:109} INFO - [2022-02-26 04:07:31,619] {dagbag.py:500} INFO - Filling up the DagBag from /Users/andyhsu/tutorial-env/lib/python3.9/site-packages/airflow/example_dags/example_skip_dag.py
[2022-02-26 04:07:31,629] {processor.py:654} INFO - DAG(s) dict_keys(['example_skip_dag']) retrieved from /Users/andyhsu/tutorial-env/lib/python3.9/site-packages/airflow/example_dags/example_skip_dag.py
[2022-02-26 04:07:31,636] {logging_mixin.py:109} INFO - [2022-02-26 04:07:31,636] {dag.py:2396} INFO - Sync 1 DAGs
[2022-02-26 04:07:31,639] {logging_mixin.py:109} INFO - [2022-02-26 04:07:31,639] {dag.py:2935} INFO - Setting next_dagrun for example_skip_dag to 2022-02-24T20:07:31.639022+00:00
[2022-02-26 04:07:31,642] {processor.py:171} INFO - Processing /Users/andyhsu/tutorial-env/lib/python3.9/site-packages/airflow/example_dags/example_skip_dag.py took 0.023 seconds
[2022-02-26 04:22:56,079] {processor.py:163} INFO - Started process (PID=5515) to work on /Users/andyhsu/tutorial-env/lib/python3.9/site-packages/airflow/example_dags/example_skip_dag.py
[2022-02-26 04:22:56,079] {processor.py:642} INFO - Processing file /Users/andyhsu/tutorial-env/lib/python3.9/site-packages/airflow/example_dags/example_skip_dag.py for tasks to queue
[2022-02-26 04:22:56,079] {logging_mixin.py:109} INFO - [2022-02-26 04:22:56,079] {dagbag.py:500} INFO - Filling up the DagBag from /Users/andyhsu/tutorial-env/lib/python3.9/site-packages/airflow/example_dags/example_skip_dag.py
[2022-02-26 04:22:56,089] {processor.py:654} INFO - DAG(s) dict_keys(['example_skip_dag']) retrieved from /Users/andyhsu/tutorial-env/lib/python3.9/site-packages/airflow/example_dags/example_skip_dag.py
[2022-02-26 04:22:56,096] {logging_mixin.py:109} INFO - [2022-02-26 04:22:56,096] {dag.py:2396} INFO - Sync 1 DAGs
[2022-02-26 04:22:56,099] {logging_mixin.py:109} INFO - [2022-02-26 04:22:56,099] {dag.py:2935} INFO - Setting next_dagrun for example_skip_dag to 2022-02-24T20:22:56.099261+00:00
[2022-02-26 04:22:56,102] {processor.py:171} INFO - Processing /Users/andyhsu/tutorial-env/lib/python3.9/site-packages/airflow/example_dags/example_skip_dag.py took 0.023 seconds
[2022-02-26 04:37:48,334] {processor.py:163} INFO - Started process (PID=5550) to work on /Users/andyhsu/tutorial-env/lib/python3.9/site-packages/airflow/example_dags/example_skip_dag.py
[2022-02-26 04:37:48,334] {processor.py:642} INFO - Processing file /Users/andyhsu/tutorial-env/lib/python3.9/site-packages/airflow/example_dags/example_skip_dag.py for tasks to queue
[2022-02-26 04:37:48,334] {logging_mixin.py:109} INFO - [2022-02-26 04:37:48,334] {dagbag.py:500} INFO - Filling up the DagBag from /Users/andyhsu/tutorial-env/lib/python3.9/site-packages/airflow/example_dags/example_skip_dag.py
[2022-02-26 04:37:48,344] {processor.py:654} INFO - DAG(s) dict_keys(['example_skip_dag']) retrieved from /Users/andyhsu/tutorial-env/lib/python3.9/site-packages/airflow/example_dags/example_skip_dag.py
[2022-02-26 04:37:48,351] {logging_mixin.py:109} INFO - [2022-02-26 04:37:48,351] {dag.py:2396} INFO - Sync 1 DAGs
[2022-02-26 04:37:48,354] {logging_mixin.py:109} INFO - [2022-02-26 04:37:48,354] {dag.py:2935} INFO - Setting next_dagrun for example_skip_dag to 2022-02-24T20:37:48.354099+00:00
[2022-02-26 04:37:48,357] {processor.py:171} INFO - Processing /Users/andyhsu/tutorial-env/lib/python3.9/site-packages/airflow/example_dags/example_skip_dag.py took 0.023 seconds
[2022-02-26 04:52:48,065] {processor.py:163} INFO - Started process (PID=5586) to work on /Users/andyhsu/tutorial-env/lib/python3.9/site-packages/airflow/example_dags/example_skip_dag.py
[2022-02-26 04:52:48,066] {processor.py:642} INFO - Processing file /Users/andyhsu/tutorial-env/lib/python3.9/site-packages/airflow/example_dags/example_skip_dag.py for tasks to queue
[2022-02-26 04:52:48,066] {logging_mixin.py:109} INFO - [2022-02-26 04:52:48,066] {dagbag.py:500} INFO - Filling up the DagBag from /Users/andyhsu/tutorial-env/lib/python3.9/site-packages/airflow/example_dags/example_skip_dag.py
[2022-02-26 04:52:48,076] {processor.py:654} INFO - DAG(s) dict_keys(['example_skip_dag']) retrieved from /Users/andyhsu/tutorial-env/lib/python3.9/site-packages/airflow/example_dags/example_skip_dag.py
[2022-02-26 04:52:48,082] {logging_mixin.py:109} INFO - [2022-02-26 04:52:48,082] {dag.py:2396} INFO - Sync 1 DAGs
[2022-02-26 04:52:48,085] {logging_mixin.py:109} INFO - [2022-02-26 04:52:48,085] {dag.py:2935} INFO - Setting next_dagrun for example_skip_dag to 2022-02-24T20:52:48.085532+00:00
[2022-02-26 04:52:48,088] {processor.py:171} INFO - Processing /Users/andyhsu/tutorial-env/lib/python3.9/site-packages/airflow/example_dags/example_skip_dag.py took 0.023 seconds
[2022-02-26 05:07:47,820] {processor.py:163} INFO - Started process (PID=5624) to work on /Users/andyhsu/tutorial-env/lib/python3.9/site-packages/airflow/example_dags/example_skip_dag.py
[2022-02-26 05:07:47,820] {processor.py:642} INFO - Processing file /Users/andyhsu/tutorial-env/lib/python3.9/site-packages/airflow/example_dags/example_skip_dag.py for tasks to queue
[2022-02-26 05:07:47,820] {logging_mixin.py:109} INFO - [2022-02-26 05:07:47,820] {dagbag.py:500} INFO - Filling up the DagBag from /Users/andyhsu/tutorial-env/lib/python3.9/site-packages/airflow/example_dags/example_skip_dag.py
[2022-02-26 05:07:47,830] {processor.py:654} INFO - DAG(s) dict_keys(['example_skip_dag']) retrieved from /Users/andyhsu/tutorial-env/lib/python3.9/site-packages/airflow/example_dags/example_skip_dag.py
[2022-02-26 05:07:47,837] {logging_mixin.py:109} INFO - [2022-02-26 05:07:47,837] {dag.py:2396} INFO - Sync 1 DAGs
[2022-02-26 05:07:47,840] {logging_mixin.py:109} INFO - [2022-02-26 05:07:47,840] {dag.py:2935} INFO - Setting next_dagrun for example_skip_dag to 2022-02-24T21:07:47.840310+00:00
[2022-02-26 05:07:47,843] {processor.py:171} INFO - Processing /Users/andyhsu/tutorial-env/lib/python3.9/site-packages/airflow/example_dags/example_skip_dag.py took 0.023 seconds
[2022-02-26 05:22:47,664] {processor.py:163} INFO - Started process (PID=5676) to work on /Users/andyhsu/tutorial-env/lib/python3.9/site-packages/airflow/example_dags/example_skip_dag.py
[2022-02-26 05:22:47,664] {processor.py:642} INFO - Processing file /Users/andyhsu/tutorial-env/lib/python3.9/site-packages/airflow/example_dags/example_skip_dag.py for tasks to queue
[2022-02-26 05:22:47,664] {logging_mixin.py:109} INFO - [2022-02-26 05:22:47,664] {dagbag.py:500} INFO - Filling up the DagBag from /Users/andyhsu/tutorial-env/lib/python3.9/site-packages/airflow/example_dags/example_skip_dag.py
[2022-02-26 05:22:47,674] {processor.py:654} INFO - DAG(s) dict_keys(['example_skip_dag']) retrieved from /Users/andyhsu/tutorial-env/lib/python3.9/site-packages/airflow/example_dags/example_skip_dag.py
[2022-02-26 05:22:47,681] {logging_mixin.py:109} INFO - [2022-02-26 05:22:47,681] {dag.py:2396} INFO - Sync 1 DAGs
[2022-02-26 05:22:47,684] {logging_mixin.py:109} INFO - [2022-02-26 05:22:47,684] {dag.py:2935} INFO - Setting next_dagrun for example_skip_dag to 2022-02-24T21:22:47.684189+00:00
[2022-02-26 05:22:47,687] {processor.py:171} INFO - Processing /Users/andyhsu/tutorial-env/lib/python3.9/site-packages/airflow/example_dags/example_skip_dag.py took 0.023 seconds
[2022-02-26 05:37:49,586] {processor.py:163} INFO - Started process (PID=5728) to work on /Users/andyhsu/tutorial-env/lib/python3.9/site-packages/airflow/example_dags/example_skip_dag.py
[2022-02-26 05:37:49,587] {processor.py:642} INFO - Processing file /Users/andyhsu/tutorial-env/lib/python3.9/site-packages/airflow/example_dags/example_skip_dag.py for tasks to queue
[2022-02-26 05:37:49,587] {logging_mixin.py:109} INFO - [2022-02-26 05:37:49,587] {dagbag.py:500} INFO - Filling up the DagBag from /Users/andyhsu/tutorial-env/lib/python3.9/site-packages/airflow/example_dags/example_skip_dag.py
[2022-02-26 05:37:49,597] {processor.py:654} INFO - DAG(s) dict_keys(['example_skip_dag']) retrieved from /Users/andyhsu/tutorial-env/lib/python3.9/site-packages/airflow/example_dags/example_skip_dag.py
[2022-02-26 05:37:49,603] {logging_mixin.py:109} INFO - [2022-02-26 05:37:49,603] {dag.py:2396} INFO - Sync 1 DAGs
[2022-02-26 05:37:49,606] {logging_mixin.py:109} INFO - [2022-02-26 05:37:49,606] {dag.py:2935} INFO - Setting next_dagrun for example_skip_dag to 2022-02-24T21:37:49.606592+00:00
[2022-02-26 05:37:49,609] {processor.py:171} INFO - Processing /Users/andyhsu/tutorial-env/lib/python3.9/site-packages/airflow/example_dags/example_skip_dag.py took 0.023 seconds
[2022-02-26 05:52:49,224] {processor.py:163} INFO - Started process (PID=5762) to work on /Users/andyhsu/tutorial-env/lib/python3.9/site-packages/airflow/example_dags/example_skip_dag.py
[2022-02-26 05:52:49,224] {processor.py:642} INFO - Processing file /Users/andyhsu/tutorial-env/lib/python3.9/site-packages/airflow/example_dags/example_skip_dag.py for tasks to queue
[2022-02-26 05:52:49,224] {logging_mixin.py:109} INFO - [2022-02-26 05:52:49,224] {dagbag.py:500} INFO - Filling up the DagBag from /Users/andyhsu/tutorial-env/lib/python3.9/site-packages/airflow/example_dags/example_skip_dag.py
[2022-02-26 05:52:49,234] {processor.py:654} INFO - DAG(s) dict_keys(['example_skip_dag']) retrieved from /Users/andyhsu/tutorial-env/lib/python3.9/site-packages/airflow/example_dags/example_skip_dag.py
[2022-02-26 05:52:49,241] {logging_mixin.py:109} INFO - [2022-02-26 05:52:49,241] {dag.py:2396} INFO - Sync 1 DAGs
[2022-02-26 05:52:49,244] {logging_mixin.py:109} INFO - [2022-02-26 05:52:49,244] {dag.py:2935} INFO - Setting next_dagrun for example_skip_dag to 2022-02-24T21:52:49.243971+00:00
[2022-02-26 05:52:49,247] {processor.py:171} INFO - Processing /Users/andyhsu/tutorial-env/lib/python3.9/site-packages/airflow/example_dags/example_skip_dag.py took 0.023 seconds
[2022-02-26 06:41:40,523] {processor.py:163} INFO - Started process (PID=5806) to work on /Users/andyhsu/tutorial-env/lib/python3.9/site-packages/airflow/example_dags/example_skip_dag.py
[2022-02-26 06:41:40,523] {processor.py:642} INFO - Processing file /Users/andyhsu/tutorial-env/lib/python3.9/site-packages/airflow/example_dags/example_skip_dag.py for tasks to queue
[2022-02-26 06:41:40,523] {logging_mixin.py:109} INFO - [2022-02-26 06:41:40,523] {dagbag.py:500} INFO - Filling up the DagBag from /Users/andyhsu/tutorial-env/lib/python3.9/site-packages/airflow/example_dags/example_skip_dag.py
[2022-02-26 06:41:40,533] {processor.py:654} INFO - DAG(s) dict_keys(['example_skip_dag']) retrieved from /Users/andyhsu/tutorial-env/lib/python3.9/site-packages/airflow/example_dags/example_skip_dag.py
[2022-02-26 06:41:40,540] {logging_mixin.py:109} INFO - [2022-02-26 06:41:40,540] {dag.py:2396} INFO - Sync 1 DAGs
[2022-02-26 06:41:40,543] {logging_mixin.py:109} INFO - [2022-02-26 06:41:40,543] {dag.py:2935} INFO - Setting next_dagrun for example_skip_dag to 2022-02-24T22:41:40.543303+00:00
[2022-02-26 06:41:40,546] {processor.py:171} INFO - Processing /Users/andyhsu/tutorial-env/lib/python3.9/site-packages/airflow/example_dags/example_skip_dag.py took 0.023 seconds
[2022-02-26 07:50:20,917] {processor.py:163} INFO - Started process (PID=5867) to work on /Users/andyhsu/tutorial-env/lib/python3.9/site-packages/airflow/example_dags/example_skip_dag.py
[2022-02-26 07:50:20,917] {processor.py:642} INFO - Processing file /Users/andyhsu/tutorial-env/lib/python3.9/site-packages/airflow/example_dags/example_skip_dag.py for tasks to queue
[2022-02-26 07:50:20,917] {logging_mixin.py:109} INFO - [2022-02-26 07:50:20,917] {dagbag.py:500} INFO - Filling up the DagBag from /Users/andyhsu/tutorial-env/lib/python3.9/site-packages/airflow/example_dags/example_skip_dag.py
[2022-02-26 07:50:20,927] {processor.py:654} INFO - DAG(s) dict_keys(['example_skip_dag']) retrieved from /Users/andyhsu/tutorial-env/lib/python3.9/site-packages/airflow/example_dags/example_skip_dag.py
[2022-02-26 07:50:20,934] {logging_mixin.py:109} INFO - [2022-02-26 07:50:20,934] {dag.py:2396} INFO - Sync 1 DAGs
[2022-02-26 07:50:20,937] {logging_mixin.py:109} INFO - [2022-02-26 07:50:20,937] {dag.py:2935} INFO - Setting next_dagrun for example_skip_dag to 2022-02-24T23:50:20.937118+00:00
[2022-02-26 07:50:20,940] {processor.py:171} INFO - Processing /Users/andyhsu/tutorial-env/lib/python3.9/site-packages/airflow/example_dags/example_skip_dag.py took 0.023 seconds
