[2022-02-26 03:33:26,415] {processor.py:163} INFO - Started process (PID=5357) to work on /Users/andyhsu/tutorial-env/lib/python3.9/site-packages/airflow/example_dags/example_bash_operator.py
[2022-02-26 03:33:26,415] {processor.py:642} INFO - Processing file /Users/andyhsu/tutorial-env/lib/python3.9/site-packages/airflow/example_dags/example_bash_operator.py for tasks to queue
[2022-02-26 03:33:26,416] {logging_mixin.py:109} INFO - [2022-02-26 03:33:26,416] {dagbag.py:500} INFO - Filling up the DagBag from /Users/andyhsu/tutorial-env/lib/python3.9/site-packages/airflow/example_dags/example_bash_operator.py
[2022-02-26 03:33:26,428] {processor.py:654} INFO - DAG(s) dict_keys(['example_bash_operator']) retrieved from /Users/andyhsu/tutorial-env/lib/python3.9/site-packages/airflow/example_dags/example_bash_operator.py
[2022-02-26 03:33:26,435] {logging_mixin.py:109} INFO - [2022-02-26 03:33:26,434] {dag.py:2396} INFO - Sync 1 DAGs
[2022-02-26 03:33:26,438] {logging_mixin.py:109} INFO - [2022-02-26 03:33:26,438] {dag.py:2935} INFO - Setting next_dagrun for example_bash_operator to 2022-02-24 00:00:00+00:00
[2022-02-26 03:33:26,440] {processor.py:171} INFO - Processing /Users/andyhsu/tutorial-env/lib/python3.9/site-packages/airflow/example_dags/example_bash_operator.py took 0.025 seconds
[2022-02-26 03:51:51,624] {processor.py:163} INFO - Started process (PID=5458) to work on /Users/andyhsu/tutorial-env/lib/python3.9/site-packages/airflow/example_dags/example_bash_operator.py
[2022-02-26 03:51:51,624] {processor.py:642} INFO - Processing file /Users/andyhsu/tutorial-env/lib/python3.9/site-packages/airflow/example_dags/example_bash_operator.py for tasks to queue
[2022-02-26 03:51:51,624] {logging_mixin.py:109} INFO - [2022-02-26 03:51:51,624] {dagbag.py:500} INFO - Filling up the DagBag from /Users/andyhsu/tutorial-env/lib/python3.9/site-packages/airflow/example_dags/example_bash_operator.py
[2022-02-26 03:51:51,635] {processor.py:654} INFO - DAG(s) dict_keys(['example_bash_operator']) retrieved from /Users/andyhsu/tutorial-env/lib/python3.9/site-packages/airflow/example_dags/example_bash_operator.py
[2022-02-26 03:51:51,642] {logging_mixin.py:109} INFO - [2022-02-26 03:51:51,642] {dag.py:2396} INFO - Sync 1 DAGs
[2022-02-26 03:51:51,645] {logging_mixin.py:109} INFO - [2022-02-26 03:51:51,645] {dag.py:2935} INFO - Setting next_dagrun for example_bash_operator to 2022-02-24 00:00:00+00:00
[2022-02-26 03:51:51,648] {processor.py:171} INFO - Processing /Users/andyhsu/tutorial-env/lib/python3.9/site-packages/airflow/example_dags/example_bash_operator.py took 0.024 seconds
[2022-02-26 04:37:24,745] {processor.py:163} INFO - Started process (PID=5526) to work on /Users/andyhsu/tutorial-env/lib/python3.9/site-packages/airflow/example_dags/example_bash_operator.py
[2022-02-26 04:37:24,745] {processor.py:642} INFO - Processing file /Users/andyhsu/tutorial-env/lib/python3.9/site-packages/airflow/example_dags/example_bash_operator.py for tasks to queue
[2022-02-26 04:37:24,745] {logging_mixin.py:109} INFO - [2022-02-26 04:37:24,745] {dagbag.py:500} INFO - Filling up the DagBag from /Users/andyhsu/tutorial-env/lib/python3.9/site-packages/airflow/example_dags/example_bash_operator.py
[2022-02-26 04:37:24,756] {processor.py:654} INFO - DAG(s) dict_keys(['example_bash_operator']) retrieved from /Users/andyhsu/tutorial-env/lib/python3.9/site-packages/airflow/example_dags/example_bash_operator.py
[2022-02-26 04:37:24,762] {logging_mixin.py:109} INFO - [2022-02-26 04:37:24,762] {dag.py:2396} INFO - Sync 1 DAGs
[2022-02-26 04:37:24,766] {logging_mixin.py:109} INFO - [2022-02-26 04:37:24,766] {dag.py:2935} INFO - Setting next_dagrun for example_bash_operator to 2022-02-24 00:00:00+00:00
[2022-02-26 04:37:24,768] {processor.py:171} INFO - Processing /Users/andyhsu/tutorial-env/lib/python3.9/site-packages/airflow/example_dags/example_bash_operator.py took 0.024 seconds
[2022-02-26 05:07:24,252] {processor.py:163} INFO - Started process (PID=5603) to work on /Users/andyhsu/tutorial-env/lib/python3.9/site-packages/airflow/example_dags/example_bash_operator.py
[2022-02-26 05:07:24,252] {processor.py:642} INFO - Processing file /Users/andyhsu/tutorial-env/lib/python3.9/site-packages/airflow/example_dags/example_bash_operator.py for tasks to queue
[2022-02-26 05:07:24,252] {logging_mixin.py:109} INFO - [2022-02-26 05:07:24,252] {dagbag.py:500} INFO - Filling up the DagBag from /Users/andyhsu/tutorial-env/lib/python3.9/site-packages/airflow/example_dags/example_bash_operator.py
[2022-02-26 05:07:24,265] {processor.py:654} INFO - DAG(s) dict_keys(['example_bash_operator']) retrieved from /Users/andyhsu/tutorial-env/lib/python3.9/site-packages/airflow/example_dags/example_bash_operator.py
[2022-02-26 05:07:24,274] {logging_mixin.py:109} INFO - [2022-02-26 05:07:24,273] {dag.py:2396} INFO - Sync 1 DAGs
[2022-02-26 05:07:24,278] {logging_mixin.py:109} INFO - [2022-02-26 05:07:24,278] {dag.py:2935} INFO - Setting next_dagrun for example_bash_operator to 2022-02-24 00:00:00+00:00
[2022-02-26 05:07:24,282] {processor.py:171} INFO - Processing /Users/andyhsu/tutorial-env/lib/python3.9/site-packages/airflow/example_dags/example_bash_operator.py took 0.031 seconds
[2022-02-26 05:37:24,578] {processor.py:163} INFO - Started process (PID=5693) to work on /Users/andyhsu/tutorial-env/lib/python3.9/site-packages/airflow/example_dags/example_bash_operator.py
[2022-02-26 05:37:24,578] {processor.py:642} INFO - Processing file /Users/andyhsu/tutorial-env/lib/python3.9/site-packages/airflow/example_dags/example_bash_operator.py for tasks to queue
[2022-02-26 05:37:24,578] {logging_mixin.py:109} INFO - [2022-02-26 05:37:24,578] {dagbag.py:500} INFO - Filling up the DagBag from /Users/andyhsu/tutorial-env/lib/python3.9/site-packages/airflow/example_dags/example_bash_operator.py
[2022-02-26 05:37:24,589] {processor.py:654} INFO - DAG(s) dict_keys(['example_bash_operator']) retrieved from /Users/andyhsu/tutorial-env/lib/python3.9/site-packages/airflow/example_dags/example_bash_operator.py
[2022-02-26 05:37:24,596] {logging_mixin.py:109} INFO - [2022-02-26 05:37:24,596] {dag.py:2396} INFO - Sync 1 DAGs
[2022-02-26 05:37:24,599] {logging_mixin.py:109} INFO - [2022-02-26 05:37:24,599] {dag.py:2935} INFO - Setting next_dagrun for example_bash_operator to 2022-02-24 00:00:00+00:00
[2022-02-26 05:37:24,602] {processor.py:171} INFO - Processing /Users/andyhsu/tutorial-env/lib/python3.9/site-packages/airflow/example_dags/example_bash_operator.py took 0.024 seconds
[2022-02-26 06:10:53,560] {processor.py:163} INFO - Started process (PID=5781) to work on /Users/andyhsu/tutorial-env/lib/python3.9/site-packages/airflow/example_dags/example_bash_operator.py
[2022-02-26 06:10:53,560] {processor.py:642} INFO - Processing file /Users/andyhsu/tutorial-env/lib/python3.9/site-packages/airflow/example_dags/example_bash_operator.py for tasks to queue
[2022-02-26 06:10:53,560] {logging_mixin.py:109} INFO - [2022-02-26 06:10:53,560] {dagbag.py:500} INFO - Filling up the DagBag from /Users/andyhsu/tutorial-env/lib/python3.9/site-packages/airflow/example_dags/example_bash_operator.py
[2022-02-26 06:10:53,571] {processor.py:654} INFO - DAG(s) dict_keys(['example_bash_operator']) retrieved from /Users/andyhsu/tutorial-env/lib/python3.9/site-packages/airflow/example_dags/example_bash_operator.py
[2022-02-26 06:10:53,577] {logging_mixin.py:109} INFO - [2022-02-26 06:10:53,577] {dag.py:2396} INFO - Sync 1 DAGs
[2022-02-26 06:10:53,581] {logging_mixin.py:109} INFO - [2022-02-26 06:10:53,581] {dag.py:2935} INFO - Setting next_dagrun for example_bash_operator to 2022-02-24 00:00:00+00:00
[2022-02-26 06:10:53,583] {processor.py:171} INFO - Processing /Users/andyhsu/tutorial-env/lib/python3.9/site-packages/airflow/example_dags/example_bash_operator.py took 0.024 seconds
