[2022-02-26 03:33:12,570] {processor.py:163} INFO - Started process (PID=5346) to work on /Users/andyhsu/tutorial-env/lib/python3.9/site-packages/airflow/example_dags/example_kubernetes_executor.py
[2022-02-26 03:33:12,571] {processor.py:642} INFO - Processing file /Users/andyhsu/tutorial-env/lib/python3.9/site-packages/airflow/example_dags/example_kubernetes_executor.py for tasks to queue
[2022-02-26 03:33:12,571] {logging_mixin.py:109} INFO - [2022-02-26 03:33:12,571] {dagbag.py:500} INFO - Filling up the DagBag from /Users/andyhsu/tutorial-env/lib/python3.9/site-packages/airflow/example_dags/example_kubernetes_executor.py
[2022-02-26 03:33:12,578] {logging_mixin.py:109} INFO - [2022-02-26 03:33:12,578] {example_kubernetes_executor.py:38} WARNING - The example_kubernetes_executor example DAG requires the kubernetes provider. Please install it with: pip install apache-airflow[cncf.kubernetes]
[2022-02-26 03:33:12,586] {processor.py:656} WARNING - No viable dags retrieved from /Users/andyhsu/tutorial-env/lib/python3.9/site-packages/airflow/example_dags/example_kubernetes_executor.py
[2022-02-26 03:33:12,586] {processor.py:171} INFO - Processing /Users/andyhsu/tutorial-env/lib/python3.9/site-packages/airflow/example_dags/example_kubernetes_executor.py took 0.016 seconds
[2022-02-26 03:34:02,499] {processor.py:163} INFO - Started process (PID=5404) to work on /Users/andyhsu/tutorial-env/lib/python3.9/site-packages/airflow/example_dags/example_kubernetes_executor.py
[2022-02-26 03:34:02,500] {processor.py:642} INFO - Processing file /Users/andyhsu/tutorial-env/lib/python3.9/site-packages/airflow/example_dags/example_kubernetes_executor.py for tasks to queue
[2022-02-26 03:34:02,501] {logging_mixin.py:109} INFO - [2022-02-26 03:34:02,501] {dagbag.py:500} INFO - Filling up the DagBag from /Users/andyhsu/tutorial-env/lib/python3.9/site-packages/airflow/example_dags/example_kubernetes_executor.py
[2022-02-26 03:34:02,507] {logging_mixin.py:109} INFO - [2022-02-26 03:34:02,507] {example_kubernetes_executor.py:38} WARNING - The example_kubernetes_executor example DAG requires the kubernetes provider. Please install it with: pip install apache-airflow[cncf.kubernetes]
[2022-02-26 03:34:02,515] {processor.py:656} WARNING - No viable dags retrieved from /Users/andyhsu/tutorial-env/lib/python3.9/site-packages/airflow/example_dags/example_kubernetes_executor.py
[2022-02-26 03:34:02,516] {processor.py:171} INFO - Processing /Users/andyhsu/tutorial-env/lib/python3.9/site-packages/airflow/example_dags/example_kubernetes_executor.py took 0.017 seconds
[2022-02-26 04:22:31,114] {processor.py:163} INFO - Started process (PID=5486) to work on /Users/andyhsu/tutorial-env/lib/python3.9/site-packages/airflow/example_dags/example_kubernetes_executor.py
[2022-02-26 04:22:31,114] {processor.py:642} INFO - Processing file /Users/andyhsu/tutorial-env/lib/python3.9/site-packages/airflow/example_dags/example_kubernetes_executor.py for tasks to queue
[2022-02-26 04:22:31,114] {logging_mixin.py:109} INFO - [2022-02-26 04:22:31,114] {dagbag.py:500} INFO - Filling up the DagBag from /Users/andyhsu/tutorial-env/lib/python3.9/site-packages/airflow/example_dags/example_kubernetes_executor.py
[2022-02-26 04:22:31,120] {logging_mixin.py:109} INFO - [2022-02-26 04:22:31,120] {example_kubernetes_executor.py:38} WARNING - The example_kubernetes_executor example DAG requires the kubernetes provider. Please install it with: pip install apache-airflow[cncf.kubernetes]
[2022-02-26 04:22:31,128] {processor.py:656} WARNING - No viable dags retrieved from /Users/andyhsu/tutorial-env/lib/python3.9/site-packages/airflow/example_dags/example_kubernetes_executor.py
[2022-02-26 04:22:31,128] {processor.py:171} INFO - Processing /Users/andyhsu/tutorial-env/lib/python3.9/site-packages/airflow/example_dags/example_kubernetes_executor.py took 0.015 seconds
[2022-02-26 04:37:58,758] {processor.py:163} INFO - Started process (PID=5557) to work on /Users/andyhsu/tutorial-env/lib/python3.9/site-packages/airflow/example_dags/example_kubernetes_executor.py
[2022-02-26 04:37:58,758] {processor.py:642} INFO - Processing file /Users/andyhsu/tutorial-env/lib/python3.9/site-packages/airflow/example_dags/example_kubernetes_executor.py for tasks to queue
[2022-02-26 04:37:58,759] {logging_mixin.py:109} INFO - [2022-02-26 04:37:58,759] {dagbag.py:500} INFO - Filling up the DagBag from /Users/andyhsu/tutorial-env/lib/python3.9/site-packages/airflow/example_dags/example_kubernetes_executor.py
[2022-02-26 04:37:58,764] {logging_mixin.py:109} INFO - [2022-02-26 04:37:58,764] {example_kubernetes_executor.py:38} WARNING - The example_kubernetes_executor example DAG requires the kubernetes provider. Please install it with: pip install apache-airflow[cncf.kubernetes]
[2022-02-26 04:37:58,773] {processor.py:656} WARNING - No viable dags retrieved from /Users/andyhsu/tutorial-env/lib/python3.9/site-packages/airflow/example_dags/example_kubernetes_executor.py
[2022-02-26 04:37:58,773] {processor.py:171} INFO - Processing /Users/andyhsu/tutorial-env/lib/python3.9/site-packages/airflow/example_dags/example_kubernetes_executor.py took 0.015 seconds
[2022-02-26 04:52:58,456] {processor.py:163} INFO - Started process (PID=5593) to work on /Users/andyhsu/tutorial-env/lib/python3.9/site-packages/airflow/example_dags/example_kubernetes_executor.py
[2022-02-26 04:52:58,456] {processor.py:642} INFO - Processing file /Users/andyhsu/tutorial-env/lib/python3.9/site-packages/airflow/example_dags/example_kubernetes_executor.py for tasks to queue
[2022-02-26 04:52:58,456] {logging_mixin.py:109} INFO - [2022-02-26 04:52:58,456] {dagbag.py:500} INFO - Filling up the DagBag from /Users/andyhsu/tutorial-env/lib/python3.9/site-packages/airflow/example_dags/example_kubernetes_executor.py
[2022-02-26 04:52:58,462] {logging_mixin.py:109} INFO - [2022-02-26 04:52:58,462] {example_kubernetes_executor.py:38} WARNING - The example_kubernetes_executor example DAG requires the kubernetes provider. Please install it with: pip install apache-airflow[cncf.kubernetes]
[2022-02-26 04:52:58,470] {processor.py:656} WARNING - No viable dags retrieved from /Users/andyhsu/tutorial-env/lib/python3.9/site-packages/airflow/example_dags/example_kubernetes_executor.py
[2022-02-26 04:52:58,471] {processor.py:171} INFO - Processing /Users/andyhsu/tutorial-env/lib/python3.9/site-packages/airflow/example_dags/example_kubernetes_executor.py took 0.015 seconds
[2022-02-26 05:07:58,237] {processor.py:163} INFO - Started process (PID=5631) to work on /Users/andyhsu/tutorial-env/lib/python3.9/site-packages/airflow/example_dags/example_kubernetes_executor.py
[2022-02-26 05:07:58,238] {processor.py:642} INFO - Processing file /Users/andyhsu/tutorial-env/lib/python3.9/site-packages/airflow/example_dags/example_kubernetes_executor.py for tasks to queue
[2022-02-26 05:07:58,238] {logging_mixin.py:109} INFO - [2022-02-26 05:07:58,238] {dagbag.py:500} INFO - Filling up the DagBag from /Users/andyhsu/tutorial-env/lib/python3.9/site-packages/airflow/example_dags/example_kubernetes_executor.py
[2022-02-26 05:07:58,244] {logging_mixin.py:109} INFO - [2022-02-26 05:07:58,244] {example_kubernetes_executor.py:38} WARNING - The example_kubernetes_executor example DAG requires the kubernetes provider. Please install it with: pip install apache-airflow[cncf.kubernetes]
[2022-02-26 05:07:58,252] {processor.py:656} WARNING - No viable dags retrieved from /Users/andyhsu/tutorial-env/lib/python3.9/site-packages/airflow/example_dags/example_kubernetes_executor.py
[2022-02-26 05:07:58,252] {processor.py:171} INFO - Processing /Users/andyhsu/tutorial-env/lib/python3.9/site-packages/airflow/example_dags/example_kubernetes_executor.py took 0.015 seconds
[2022-02-26 05:22:57,912] {processor.py:163} INFO - Started process (PID=5683) to work on /Users/andyhsu/tutorial-env/lib/python3.9/site-packages/airflow/example_dags/example_kubernetes_executor.py
[2022-02-26 05:22:57,912] {processor.py:642} INFO - Processing file /Users/andyhsu/tutorial-env/lib/python3.9/site-packages/airflow/example_dags/example_kubernetes_executor.py for tasks to queue
[2022-02-26 05:22:57,912] {logging_mixin.py:109} INFO - [2022-02-26 05:22:57,912] {dagbag.py:500} INFO - Filling up the DagBag from /Users/andyhsu/tutorial-env/lib/python3.9/site-packages/airflow/example_dags/example_kubernetes_executor.py
[2022-02-26 05:22:57,918] {logging_mixin.py:109} INFO - [2022-02-26 05:22:57,918] {example_kubernetes_executor.py:38} WARNING - The example_kubernetes_executor example DAG requires the kubernetes provider. Please install it with: pip install apache-airflow[cncf.kubernetes]
[2022-02-26 05:22:57,926] {processor.py:656} WARNING - No viable dags retrieved from /Users/andyhsu/tutorial-env/lib/python3.9/site-packages/airflow/example_dags/example_kubernetes_executor.py
[2022-02-26 05:22:57,927] {processor.py:171} INFO - Processing /Users/andyhsu/tutorial-env/lib/python3.9/site-packages/airflow/example_dags/example_kubernetes_executor.py took 0.015 seconds
[2022-02-26 05:37:59,188] {processor.py:163} INFO - Started process (PID=5735) to work on /Users/andyhsu/tutorial-env/lib/python3.9/site-packages/airflow/example_dags/example_kubernetes_executor.py
[2022-02-26 05:37:59,188] {processor.py:642} INFO - Processing file /Users/andyhsu/tutorial-env/lib/python3.9/site-packages/airflow/example_dags/example_kubernetes_executor.py for tasks to queue
[2022-02-26 05:37:59,188] {logging_mixin.py:109} INFO - [2022-02-26 05:37:59,188] {dagbag.py:500} INFO - Filling up the DagBag from /Users/andyhsu/tutorial-env/lib/python3.9/site-packages/airflow/example_dags/example_kubernetes_executor.py
[2022-02-26 05:37:59,194] {logging_mixin.py:109} INFO - [2022-02-26 05:37:59,194] {example_kubernetes_executor.py:38} WARNING - The example_kubernetes_executor example DAG requires the kubernetes provider. Please install it with: pip install apache-airflow[cncf.kubernetes]
[2022-02-26 05:37:59,202] {processor.py:656} WARNING - No viable dags retrieved from /Users/andyhsu/tutorial-env/lib/python3.9/site-packages/airflow/example_dags/example_kubernetes_executor.py
[2022-02-26 05:37:59,203] {processor.py:171} INFO - Processing /Users/andyhsu/tutorial-env/lib/python3.9/site-packages/airflow/example_dags/example_kubernetes_executor.py took 0.015 seconds
[2022-02-26 05:52:58,818] {processor.py:163} INFO - Started process (PID=5769) to work on /Users/andyhsu/tutorial-env/lib/python3.9/site-packages/airflow/example_dags/example_kubernetes_executor.py
[2022-02-26 05:52:58,818] {processor.py:642} INFO - Processing file /Users/andyhsu/tutorial-env/lib/python3.9/site-packages/airflow/example_dags/example_kubernetes_executor.py for tasks to queue
[2022-02-26 05:52:58,818] {logging_mixin.py:109} INFO - [2022-02-26 05:52:58,818] {dagbag.py:500} INFO - Filling up the DagBag from /Users/andyhsu/tutorial-env/lib/python3.9/site-packages/airflow/example_dags/example_kubernetes_executor.py
[2022-02-26 05:52:58,824] {logging_mixin.py:109} INFO - [2022-02-26 05:52:58,824] {example_kubernetes_executor.py:38} WARNING - The example_kubernetes_executor example DAG requires the kubernetes provider. Please install it with: pip install apache-airflow[cncf.kubernetes]
[2022-02-26 05:52:58,832] {processor.py:656} WARNING - No viable dags retrieved from /Users/andyhsu/tutorial-env/lib/python3.9/site-packages/airflow/example_dags/example_kubernetes_executor.py
[2022-02-26 05:52:58,833] {processor.py:171} INFO - Processing /Users/andyhsu/tutorial-env/lib/python3.9/site-packages/airflow/example_dags/example_kubernetes_executor.py took 0.015 seconds
[2022-02-26 06:57:30,552] {processor.py:163} INFO - Started process (PID=5817) to work on /Users/andyhsu/tutorial-env/lib/python3.9/site-packages/airflow/example_dags/example_kubernetes_executor.py
[2022-02-26 06:57:30,552] {processor.py:642} INFO - Processing file /Users/andyhsu/tutorial-env/lib/python3.9/site-packages/airflow/example_dags/example_kubernetes_executor.py for tasks to queue
[2022-02-26 06:57:30,552] {logging_mixin.py:109} INFO - [2022-02-26 06:57:30,552] {dagbag.py:500} INFO - Filling up the DagBag from /Users/andyhsu/tutorial-env/lib/python3.9/site-packages/airflow/example_dags/example_kubernetes_executor.py
[2022-02-26 06:57:30,558] {logging_mixin.py:109} INFO - [2022-02-26 06:57:30,558] {example_kubernetes_executor.py:38} WARNING - The example_kubernetes_executor example DAG requires the kubernetes provider. Please install it with: pip install apache-airflow[cncf.kubernetes]
[2022-02-26 06:57:30,566] {processor.py:656} WARNING - No viable dags retrieved from /Users/andyhsu/tutorial-env/lib/python3.9/site-packages/airflow/example_dags/example_kubernetes_executor.py
[2022-02-26 06:57:30,566] {processor.py:171} INFO - Processing /Users/andyhsu/tutorial-env/lib/python3.9/site-packages/airflow/example_dags/example_kubernetes_executor.py took 0.015 seconds
