[2022-02-26 03:32:57,935] {processor.py:163} INFO - Started process (PID=5328) to work on /Users/andyhsu/tutorial-env/lib/python3.9/site-packages/airflow/example_dags/example_task_group.py
[2022-02-26 03:32:57,935] {processor.py:642} INFO - Processing file /Users/andyhsu/tutorial-env/lib/python3.9/site-packages/airflow/example_dags/example_task_group.py for tasks to queue
[2022-02-26 03:32:57,935] {logging_mixin.py:109} INFO - [2022-02-26 03:32:57,935] {dagbag.py:500} INFO - Filling up the DagBag from /Users/andyhsu/tutorial-env/lib/python3.9/site-packages/airflow/example_dags/example_task_group.py
[2022-02-26 03:32:57,946] {processor.py:654} INFO - DAG(s) dict_keys(['example_task_group']) retrieved from /Users/andyhsu/tutorial-env/lib/python3.9/site-packages/airflow/example_dags/example_task_group.py
[2022-02-26 03:32:57,952] {logging_mixin.py:109} INFO - [2022-02-26 03:32:57,952] {dag.py:2396} INFO - Sync 1 DAGs
[2022-02-26 03:32:57,955] {logging_mixin.py:109} INFO - [2022-02-26 03:32:57,955] {dag.py:2935} INFO - Setting next_dagrun for example_task_group to 2022-02-24T19:32:57.955820+00:00
[2022-02-26 03:32:57,958] {processor.py:171} INFO - Processing /Users/andyhsu/tutorial-env/lib/python3.9/site-packages/airflow/example_dags/example_task_group.py took 0.024 seconds
[2022-02-26 03:33:48,032] {processor.py:163} INFO - Started process (PID=5376) to work on /Users/andyhsu/tutorial-env/lib/python3.9/site-packages/airflow/example_dags/example_task_group.py
[2022-02-26 03:33:48,033] {processor.py:642} INFO - Processing file /Users/andyhsu/tutorial-env/lib/python3.9/site-packages/airflow/example_dags/example_task_group.py for tasks to queue
[2022-02-26 03:33:48,033] {logging_mixin.py:109} INFO - [2022-02-26 03:33:48,033] {dagbag.py:500} INFO - Filling up the DagBag from /Users/andyhsu/tutorial-env/lib/python3.9/site-packages/airflow/example_dags/example_task_group.py
[2022-02-26 03:33:48,044] {processor.py:654} INFO - DAG(s) dict_keys(['example_task_group']) retrieved from /Users/andyhsu/tutorial-env/lib/python3.9/site-packages/airflow/example_dags/example_task_group.py
[2022-02-26 03:33:48,050] {logging_mixin.py:109} INFO - [2022-02-26 03:33:48,050] {dag.py:2396} INFO - Sync 1 DAGs
[2022-02-26 03:33:48,053] {logging_mixin.py:109} INFO - [2022-02-26 03:33:48,053] {dag.py:2935} INFO - Setting next_dagrun for example_task_group to 2022-02-24T19:33:48.053782+00:00
[2022-02-26 03:33:48,056] {processor.py:171} INFO - Processing /Users/andyhsu/tutorial-env/lib/python3.9/site-packages/airflow/example_dags/example_task_group.py took 0.025 seconds
[2022-02-26 04:07:27,696] {processor.py:163} INFO - Started process (PID=5474) to work on /Users/andyhsu/tutorial-env/lib/python3.9/site-packages/airflow/example_dags/example_task_group.py
[2022-02-26 04:07:27,696] {processor.py:642} INFO - Processing file /Users/andyhsu/tutorial-env/lib/python3.9/site-packages/airflow/example_dags/example_task_group.py for tasks to queue
[2022-02-26 04:07:27,696] {logging_mixin.py:109} INFO - [2022-02-26 04:07:27,696] {dagbag.py:500} INFO - Filling up the DagBag from /Users/andyhsu/tutorial-env/lib/python3.9/site-packages/airflow/example_dags/example_task_group.py
[2022-02-26 04:07:27,707] {processor.py:654} INFO - DAG(s) dict_keys(['example_task_group']) retrieved from /Users/andyhsu/tutorial-env/lib/python3.9/site-packages/airflow/example_dags/example_task_group.py
[2022-02-26 04:07:27,713] {logging_mixin.py:109} INFO - [2022-02-26 04:07:27,713] {dag.py:2396} INFO - Sync 1 DAGs
[2022-02-26 04:07:27,716] {logging_mixin.py:109} INFO - [2022-02-26 04:07:27,716] {dag.py:2935} INFO - Setting next_dagrun for example_task_group to 2022-02-24T20:07:27.716796+00:00
[2022-02-26 04:07:27,719] {processor.py:171} INFO - Processing /Users/andyhsu/tutorial-env/lib/python3.9/site-packages/airflow/example_dags/example_task_group.py took 0.024 seconds
[2022-02-26 04:22:51,980] {processor.py:163} INFO - Started process (PID=5512) to work on /Users/andyhsu/tutorial-env/lib/python3.9/site-packages/airflow/example_dags/example_task_group.py
[2022-02-26 04:22:51,980] {processor.py:642} INFO - Processing file /Users/andyhsu/tutorial-env/lib/python3.9/site-packages/airflow/example_dags/example_task_group.py for tasks to queue
[2022-02-26 04:22:51,980] {logging_mixin.py:109} INFO - [2022-02-26 04:22:51,980] {dagbag.py:500} INFO - Filling up the DagBag from /Users/andyhsu/tutorial-env/lib/python3.9/site-packages/airflow/example_dags/example_task_group.py
[2022-02-26 04:22:51,991] {processor.py:654} INFO - DAG(s) dict_keys(['example_task_group']) retrieved from /Users/andyhsu/tutorial-env/lib/python3.9/site-packages/airflow/example_dags/example_task_group.py
[2022-02-26 04:22:51,997] {logging_mixin.py:109} INFO - [2022-02-26 04:22:51,997] {dag.py:2396} INFO - Sync 1 DAGs
[2022-02-26 04:22:52,000] {logging_mixin.py:109} INFO - [2022-02-26 04:22:52,000] {dag.py:2935} INFO - Setting next_dagrun for example_task_group to 2022-02-24T20:22:52.000765+00:00
[2022-02-26 04:22:52,003] {processor.py:171} INFO - Processing /Users/andyhsu/tutorial-env/lib/python3.9/site-packages/airflow/example_dags/example_task_group.py took 0.024 seconds
[2022-02-26 04:37:44,329] {processor.py:163} INFO - Started process (PID=5547) to work on /Users/andyhsu/tutorial-env/lib/python3.9/site-packages/airflow/example_dags/example_task_group.py
[2022-02-26 04:37:44,329] {processor.py:642} INFO - Processing file /Users/andyhsu/tutorial-env/lib/python3.9/site-packages/airflow/example_dags/example_task_group.py for tasks to queue
[2022-02-26 04:37:44,330] {logging_mixin.py:109} INFO - [2022-02-26 04:37:44,330] {dagbag.py:500} INFO - Filling up the DagBag from /Users/andyhsu/tutorial-env/lib/python3.9/site-packages/airflow/example_dags/example_task_group.py
[2022-02-26 04:37:44,340] {processor.py:654} INFO - DAG(s) dict_keys(['example_task_group']) retrieved from /Users/andyhsu/tutorial-env/lib/python3.9/site-packages/airflow/example_dags/example_task_group.py
[2022-02-26 04:37:44,347] {logging_mixin.py:109} INFO - [2022-02-26 04:37:44,347] {dag.py:2396} INFO - Sync 1 DAGs
[2022-02-26 04:37:44,350] {logging_mixin.py:109} INFO - [2022-02-26 04:37:44,350] {dag.py:2935} INFO - Setting next_dagrun for example_task_group to 2022-02-24T20:37:44.350129+00:00
[2022-02-26 04:37:44,353] {processor.py:171} INFO - Processing /Users/andyhsu/tutorial-env/lib/python3.9/site-packages/airflow/example_dags/example_task_group.py took 0.023 seconds
[2022-02-26 04:52:44,074] {processor.py:163} INFO - Started process (PID=5583) to work on /Users/andyhsu/tutorial-env/lib/python3.9/site-packages/airflow/example_dags/example_task_group.py
[2022-02-26 04:52:44,074] {processor.py:642} INFO - Processing file /Users/andyhsu/tutorial-env/lib/python3.9/site-packages/airflow/example_dags/example_task_group.py for tasks to queue
[2022-02-26 04:52:44,075] {logging_mixin.py:109} INFO - [2022-02-26 04:52:44,075] {dagbag.py:500} INFO - Filling up the DagBag from /Users/andyhsu/tutorial-env/lib/python3.9/site-packages/airflow/example_dags/example_task_group.py
[2022-02-26 04:52:44,085] {processor.py:654} INFO - DAG(s) dict_keys(['example_task_group']) retrieved from /Users/andyhsu/tutorial-env/lib/python3.9/site-packages/airflow/example_dags/example_task_group.py
[2022-02-26 04:52:44,092] {logging_mixin.py:109} INFO - [2022-02-26 04:52:44,092] {dag.py:2396} INFO - Sync 1 DAGs
[2022-02-26 04:52:44,095] {logging_mixin.py:109} INFO - [2022-02-26 04:52:44,095] {dag.py:2935} INFO - Setting next_dagrun for example_task_group to 2022-02-24T20:52:44.095068+00:00
[2022-02-26 04:52:44,097] {processor.py:171} INFO - Processing /Users/andyhsu/tutorial-env/lib/python3.9/site-packages/airflow/example_dags/example_task_group.py took 0.023 seconds
[2022-02-26 05:07:43,182] {processor.py:163} INFO - Started process (PID=5621) to work on /Users/andyhsu/tutorial-env/lib/python3.9/site-packages/airflow/example_dags/example_task_group.py
[2022-02-26 05:07:43,182] {processor.py:642} INFO - Processing file /Users/andyhsu/tutorial-env/lib/python3.9/site-packages/airflow/example_dags/example_task_group.py for tasks to queue
[2022-02-26 05:07:43,182] {logging_mixin.py:109} INFO - [2022-02-26 05:07:43,182] {dagbag.py:500} INFO - Filling up the DagBag from /Users/andyhsu/tutorial-env/lib/python3.9/site-packages/airflow/example_dags/example_task_group.py
[2022-02-26 05:07:43,193] {processor.py:654} INFO - DAG(s) dict_keys(['example_task_group']) retrieved from /Users/andyhsu/tutorial-env/lib/python3.9/site-packages/airflow/example_dags/example_task_group.py
[2022-02-26 05:07:43,199] {logging_mixin.py:109} INFO - [2022-02-26 05:07:43,199] {dag.py:2396} INFO - Sync 1 DAGs
[2022-02-26 05:07:43,202] {logging_mixin.py:109} INFO - [2022-02-26 05:07:43,202] {dag.py:2935} INFO - Setting next_dagrun for example_task_group to 2022-02-24T21:07:43.202598+00:00
[2022-02-26 05:07:43,205] {processor.py:171} INFO - Processing /Users/andyhsu/tutorial-env/lib/python3.9/site-packages/airflow/example_dags/example_task_group.py took 0.024 seconds
[2022-02-26 05:22:43,662] {processor.py:163} INFO - Started process (PID=5672) to work on /Users/andyhsu/tutorial-env/lib/python3.9/site-packages/airflow/example_dags/example_task_group.py
[2022-02-26 05:22:43,663] {processor.py:642} INFO - Processing file /Users/andyhsu/tutorial-env/lib/python3.9/site-packages/airflow/example_dags/example_task_group.py for tasks to queue
[2022-02-26 05:22:43,663] {logging_mixin.py:109} INFO - [2022-02-26 05:22:43,663] {dagbag.py:500} INFO - Filling up the DagBag from /Users/andyhsu/tutorial-env/lib/python3.9/site-packages/airflow/example_dags/example_task_group.py
[2022-02-26 05:22:43,673] {processor.py:654} INFO - DAG(s) dict_keys(['example_task_group']) retrieved from /Users/andyhsu/tutorial-env/lib/python3.9/site-packages/airflow/example_dags/example_task_group.py
[2022-02-26 05:22:43,680] {logging_mixin.py:109} INFO - [2022-02-26 05:22:43,680] {dag.py:2396} INFO - Sync 1 DAGs
[2022-02-26 05:22:43,683] {logging_mixin.py:109} INFO - [2022-02-26 05:22:43,683] {dag.py:2935} INFO - Setting next_dagrun for example_task_group to 2022-02-24T21:22:43.683146+00:00
[2022-02-26 05:22:43,686] {processor.py:171} INFO - Processing /Users/andyhsu/tutorial-env/lib/python3.9/site-packages/airflow/example_dags/example_task_group.py took 0.024 seconds
[2022-02-26 05:37:45,654] {processor.py:163} INFO - Started process (PID=5714) to work on /Users/andyhsu/tutorial-env/lib/python3.9/site-packages/airflow/example_dags/example_task_group.py
[2022-02-26 05:37:45,654] {processor.py:642} INFO - Processing file /Users/andyhsu/tutorial-env/lib/python3.9/site-packages/airflow/example_dags/example_task_group.py for tasks to queue
[2022-02-26 05:37:45,654] {logging_mixin.py:109} INFO - [2022-02-26 05:37:45,654] {dagbag.py:500} INFO - Filling up the DagBag from /Users/andyhsu/tutorial-env/lib/python3.9/site-packages/airflow/example_dags/example_task_group.py
[2022-02-26 05:37:45,665] {processor.py:654} INFO - DAG(s) dict_keys(['example_task_group']) retrieved from /Users/andyhsu/tutorial-env/lib/python3.9/site-packages/airflow/example_dags/example_task_group.py
[2022-02-26 05:37:45,672] {logging_mixin.py:109} INFO - [2022-02-26 05:37:45,672] {dag.py:2396} INFO - Sync 1 DAGs
[2022-02-26 05:37:45,675] {logging_mixin.py:109} INFO - [2022-02-26 05:37:45,675] {dag.py:2935} INFO - Setting next_dagrun for example_task_group to 2022-02-24T21:37:45.675018+00:00
[2022-02-26 05:37:45,677] {processor.py:171} INFO - Processing /Users/andyhsu/tutorial-env/lib/python3.9/site-packages/airflow/example_dags/example_task_group.py took 0.024 seconds
[2022-02-26 05:52:44,411] {processor.py:163} INFO - Started process (PID=5759) to work on /Users/andyhsu/tutorial-env/lib/python3.9/site-packages/airflow/example_dags/example_task_group.py
[2022-02-26 05:52:44,412] {processor.py:642} INFO - Processing file /Users/andyhsu/tutorial-env/lib/python3.9/site-packages/airflow/example_dags/example_task_group.py for tasks to queue
[2022-02-26 05:52:44,412] {logging_mixin.py:109} INFO - [2022-02-26 05:52:44,412] {dagbag.py:500} INFO - Filling up the DagBag from /Users/andyhsu/tutorial-env/lib/python3.9/site-packages/airflow/example_dags/example_task_group.py
[2022-02-26 05:52:44,422] {processor.py:654} INFO - DAG(s) dict_keys(['example_task_group']) retrieved from /Users/andyhsu/tutorial-env/lib/python3.9/site-packages/airflow/example_dags/example_task_group.py
[2022-02-26 05:52:44,429] {logging_mixin.py:109} INFO - [2022-02-26 05:52:44,429] {dag.py:2396} INFO - Sync 1 DAGs
[2022-02-26 05:52:44,432] {logging_mixin.py:109} INFO - [2022-02-26 05:52:44,432] {dag.py:2935} INFO - Setting next_dagrun for example_task_group to 2022-02-24T21:52:44.432265+00:00
[2022-02-26 05:52:44,435] {processor.py:171} INFO - Processing /Users/andyhsu/tutorial-env/lib/python3.9/site-packages/airflow/example_dags/example_task_group.py took 0.023 seconds
[2022-02-26 06:26:36,760] {processor.py:163} INFO - Started process (PID=5797) to work on /Users/andyhsu/tutorial-env/lib/python3.9/site-packages/airflow/example_dags/example_task_group.py
[2022-02-26 06:26:36,760] {processor.py:642} INFO - Processing file /Users/andyhsu/tutorial-env/lib/python3.9/site-packages/airflow/example_dags/example_task_group.py for tasks to queue
[2022-02-26 06:26:36,760] {logging_mixin.py:109} INFO - [2022-02-26 06:26:36,760] {dagbag.py:500} INFO - Filling up the DagBag from /Users/andyhsu/tutorial-env/lib/python3.9/site-packages/airflow/example_dags/example_task_group.py
[2022-02-26 06:26:36,770] {processor.py:654} INFO - DAG(s) dict_keys(['example_task_group']) retrieved from /Users/andyhsu/tutorial-env/lib/python3.9/site-packages/airflow/example_dags/example_task_group.py
[2022-02-26 06:26:36,777] {logging_mixin.py:109} INFO - [2022-02-26 06:26:36,777] {dag.py:2396} INFO - Sync 1 DAGs
[2022-02-26 06:26:36,780] {logging_mixin.py:109} INFO - [2022-02-26 06:26:36,780] {dag.py:2935} INFO - Setting next_dagrun for example_task_group to 2022-02-24T22:26:36.780816+00:00
[2022-02-26 06:26:36,784] {processor.py:171} INFO - Processing /Users/andyhsu/tutorial-env/lib/python3.9/site-packages/airflow/example_dags/example_task_group.py took 0.024 seconds
[2022-02-26 07:34:23,226] {processor.py:163} INFO - Started process (PID=5862) to work on /Users/andyhsu/tutorial-env/lib/python3.9/site-packages/airflow/example_dags/example_task_group.py
[2022-02-26 07:34:23,226] {processor.py:642} INFO - Processing file /Users/andyhsu/tutorial-env/lib/python3.9/site-packages/airflow/example_dags/example_task_group.py for tasks to queue
[2022-02-26 07:34:23,226] {logging_mixin.py:109} INFO - [2022-02-26 07:34:23,226] {dagbag.py:500} INFO - Filling up the DagBag from /Users/andyhsu/tutorial-env/lib/python3.9/site-packages/airflow/example_dags/example_task_group.py
[2022-02-26 07:34:23,237] {processor.py:654} INFO - DAG(s) dict_keys(['example_task_group']) retrieved from /Users/andyhsu/tutorial-env/lib/python3.9/site-packages/airflow/example_dags/example_task_group.py
[2022-02-26 07:34:23,244] {logging_mixin.py:109} INFO - [2022-02-26 07:34:23,243] {dag.py:2396} INFO - Sync 1 DAGs
[2022-02-26 07:34:23,247] {logging_mixin.py:109} INFO - [2022-02-26 07:34:23,247] {dag.py:2935} INFO - Setting next_dagrun for example_task_group to 2022-02-24T23:34:23.246950+00:00
[2022-02-26 07:34:23,249] {processor.py:171} INFO - Processing /Users/andyhsu/tutorial-env/lib/python3.9/site-packages/airflow/example_dags/example_task_group.py took 0.024 seconds
