[2022-02-26 03:33:08,478] {processor.py:163} INFO - Started process (PID=5343) to work on /Users/andyhsu/tutorial-env/lib/python3.9/site-packages/airflow/example_dags/example_nested_branch_dag.py
[2022-02-26 03:33:08,479] {processor.py:642} INFO - Processing file /Users/andyhsu/tutorial-env/lib/python3.9/site-packages/airflow/example_dags/example_nested_branch_dag.py for tasks to queue
[2022-02-26 03:33:08,479] {logging_mixin.py:109} INFO - [2022-02-26 03:33:08,479] {dagbag.py:500} INFO - Filling up the DagBag from /Users/andyhsu/tutorial-env/lib/python3.9/site-packages/airflow/example_dags/example_nested_branch_dag.py
[2022-02-26 03:33:08,494] {processor.py:654} INFO - DAG(s) dict_keys(['example_nested_branch_dag']) retrieved from /Users/andyhsu/tutorial-env/lib/python3.9/site-packages/airflow/example_dags/example_nested_branch_dag.py
[2022-02-26 03:33:08,500] {logging_mixin.py:109} INFO - [2022-02-26 03:33:08,500] {dag.py:2396} INFO - Sync 1 DAGs
[2022-02-26 03:33:08,503] {logging_mixin.py:109} INFO - [2022-02-26 03:33:08,503] {dag.py:2935} INFO - Setting next_dagrun for example_nested_branch_dag to 2022-02-24 00:00:00+00:00
[2022-02-26 03:33:08,508] {processor.py:171} INFO - Processing /Users/andyhsu/tutorial-env/lib/python3.9/site-packages/airflow/example_dags/example_nested_branch_dag.py took 0.030 seconds
[2022-02-26 03:33:57,735] {processor.py:163} INFO - Started process (PID=5401) to work on /Users/andyhsu/tutorial-env/lib/python3.9/site-packages/airflow/example_dags/example_nested_branch_dag.py
[2022-02-26 03:33:57,736] {processor.py:642} INFO - Processing file /Users/andyhsu/tutorial-env/lib/python3.9/site-packages/airflow/example_dags/example_nested_branch_dag.py for tasks to queue
[2022-02-26 03:33:57,737] {logging_mixin.py:109} INFO - [2022-02-26 03:33:57,737] {dagbag.py:500} INFO - Filling up the DagBag from /Users/andyhsu/tutorial-env/lib/python3.9/site-packages/airflow/example_dags/example_nested_branch_dag.py
[2022-02-26 03:33:57,752] {processor.py:654} INFO - DAG(s) dict_keys(['example_nested_branch_dag']) retrieved from /Users/andyhsu/tutorial-env/lib/python3.9/site-packages/airflow/example_dags/example_nested_branch_dag.py
[2022-02-26 03:33:57,758] {logging_mixin.py:109} INFO - [2022-02-26 03:33:57,758] {dag.py:2396} INFO - Sync 1 DAGs
[2022-02-26 03:33:57,761] {logging_mixin.py:109} INFO - [2022-02-26 03:33:57,761] {dag.py:2935} INFO - Setting next_dagrun for example_nested_branch_dag to 2022-02-24 00:00:00+00:00
[2022-02-26 03:33:57,764] {processor.py:171} INFO - Processing /Users/andyhsu/tutorial-env/lib/python3.9/site-packages/airflow/example_dags/example_nested_branch_dag.py took 0.029 seconds
[2022-02-26 04:22:26,298] {processor.py:163} INFO - Started process (PID=5483) to work on /Users/andyhsu/tutorial-env/lib/python3.9/site-packages/airflow/example_dags/example_nested_branch_dag.py
[2022-02-26 04:22:26,298] {processor.py:642} INFO - Processing file /Users/andyhsu/tutorial-env/lib/python3.9/site-packages/airflow/example_dags/example_nested_branch_dag.py for tasks to queue
[2022-02-26 04:22:26,298] {logging_mixin.py:109} INFO - [2022-02-26 04:22:26,298] {dagbag.py:500} INFO - Filling up the DagBag from /Users/andyhsu/tutorial-env/lib/python3.9/site-packages/airflow/example_dags/example_nested_branch_dag.py
[2022-02-26 04:22:26,313] {processor.py:654} INFO - DAG(s) dict_keys(['example_nested_branch_dag']) retrieved from /Users/andyhsu/tutorial-env/lib/python3.9/site-packages/airflow/example_dags/example_nested_branch_dag.py
[2022-02-26 04:22:26,319] {logging_mixin.py:109} INFO - [2022-02-26 04:22:26,319] {dag.py:2396} INFO - Sync 1 DAGs
[2022-02-26 04:22:26,322] {logging_mixin.py:109} INFO - [2022-02-26 04:22:26,322] {dag.py:2935} INFO - Setting next_dagrun for example_nested_branch_dag to 2022-02-24 00:00:00+00:00
[2022-02-26 04:22:26,325] {processor.py:171} INFO - Processing /Users/andyhsu/tutorial-env/lib/python3.9/site-packages/airflow/example_dags/example_nested_branch_dag.py took 0.028 seconds
[2022-02-26 04:37:53,939] {processor.py:163} INFO - Started process (PID=5554) to work on /Users/andyhsu/tutorial-env/lib/python3.9/site-packages/airflow/example_dags/example_nested_branch_dag.py
[2022-02-26 04:37:53,939] {processor.py:642} INFO - Processing file /Users/andyhsu/tutorial-env/lib/python3.9/site-packages/airflow/example_dags/example_nested_branch_dag.py for tasks to queue
[2022-02-26 04:37:53,940] {logging_mixin.py:109} INFO - [2022-02-26 04:37:53,940] {dagbag.py:500} INFO - Filling up the DagBag from /Users/andyhsu/tutorial-env/lib/python3.9/site-packages/airflow/example_dags/example_nested_branch_dag.py
[2022-02-26 04:37:53,954] {processor.py:654} INFO - DAG(s) dict_keys(['example_nested_branch_dag']) retrieved from /Users/andyhsu/tutorial-env/lib/python3.9/site-packages/airflow/example_dags/example_nested_branch_dag.py
[2022-02-26 04:37:53,960] {logging_mixin.py:109} INFO - [2022-02-26 04:37:53,960] {dag.py:2396} INFO - Sync 1 DAGs
[2022-02-26 04:37:53,964] {logging_mixin.py:109} INFO - [2022-02-26 04:37:53,964] {dag.py:2935} INFO - Setting next_dagrun for example_nested_branch_dag to 2022-02-24 00:00:00+00:00
[2022-02-26 04:37:53,967] {processor.py:171} INFO - Processing /Users/andyhsu/tutorial-env/lib/python3.9/site-packages/airflow/example_dags/example_nested_branch_dag.py took 0.028 seconds
[2022-02-26 04:52:53,669] {processor.py:163} INFO - Started process (PID=5590) to work on /Users/andyhsu/tutorial-env/lib/python3.9/site-packages/airflow/example_dags/example_nested_branch_dag.py
[2022-02-26 04:52:53,669] {processor.py:642} INFO - Processing file /Users/andyhsu/tutorial-env/lib/python3.9/site-packages/airflow/example_dags/example_nested_branch_dag.py for tasks to queue
[2022-02-26 04:52:53,669] {logging_mixin.py:109} INFO - [2022-02-26 04:52:53,669] {dagbag.py:500} INFO - Filling up the DagBag from /Users/andyhsu/tutorial-env/lib/python3.9/site-packages/airflow/example_dags/example_nested_branch_dag.py
[2022-02-26 04:52:53,684] {processor.py:654} INFO - DAG(s) dict_keys(['example_nested_branch_dag']) retrieved from /Users/andyhsu/tutorial-env/lib/python3.9/site-packages/airflow/example_dags/example_nested_branch_dag.py
[2022-02-26 04:52:53,690] {logging_mixin.py:109} INFO - [2022-02-26 04:52:53,690] {dag.py:2396} INFO - Sync 1 DAGs
[2022-02-26 04:52:53,693] {logging_mixin.py:109} INFO - [2022-02-26 04:52:53,693] {dag.py:2935} INFO - Setting next_dagrun for example_nested_branch_dag to 2022-02-24 00:00:00+00:00
[2022-02-26 04:52:53,696] {processor.py:171} INFO - Processing /Users/andyhsu/tutorial-env/lib/python3.9/site-packages/airflow/example_dags/example_nested_branch_dag.py took 0.027 seconds
[2022-02-26 05:07:53,421] {processor.py:163} INFO - Started process (PID=5628) to work on /Users/andyhsu/tutorial-env/lib/python3.9/site-packages/airflow/example_dags/example_nested_branch_dag.py
[2022-02-26 05:07:53,421] {processor.py:642} INFO - Processing file /Users/andyhsu/tutorial-env/lib/python3.9/site-packages/airflow/example_dags/example_nested_branch_dag.py for tasks to queue
[2022-02-26 05:07:53,421] {logging_mixin.py:109} INFO - [2022-02-26 05:07:53,421] {dagbag.py:500} INFO - Filling up the DagBag from /Users/andyhsu/tutorial-env/lib/python3.9/site-packages/airflow/example_dags/example_nested_branch_dag.py
[2022-02-26 05:07:53,436] {processor.py:654} INFO - DAG(s) dict_keys(['example_nested_branch_dag']) retrieved from /Users/andyhsu/tutorial-env/lib/python3.9/site-packages/airflow/example_dags/example_nested_branch_dag.py
[2022-02-26 05:07:53,442] {logging_mixin.py:109} INFO - [2022-02-26 05:07:53,442] {dag.py:2396} INFO - Sync 1 DAGs
[2022-02-26 05:07:53,445] {logging_mixin.py:109} INFO - [2022-02-26 05:07:53,445] {dag.py:2935} INFO - Setting next_dagrun for example_nested_branch_dag to 2022-02-24 00:00:00+00:00
[2022-02-26 05:07:53,448] {processor.py:171} INFO - Processing /Users/andyhsu/tutorial-env/lib/python3.9/site-packages/airflow/example_dags/example_nested_branch_dag.py took 0.028 seconds
[2022-02-26 05:22:53,272] {processor.py:163} INFO - Started process (PID=5680) to work on /Users/andyhsu/tutorial-env/lib/python3.9/site-packages/airflow/example_dags/example_nested_branch_dag.py
[2022-02-26 05:22:53,272] {processor.py:642} INFO - Processing file /Users/andyhsu/tutorial-env/lib/python3.9/site-packages/airflow/example_dags/example_nested_branch_dag.py for tasks to queue
[2022-02-26 05:22:53,272] {logging_mixin.py:109} INFO - [2022-02-26 05:22:53,272] {dagbag.py:500} INFO - Filling up the DagBag from /Users/andyhsu/tutorial-env/lib/python3.9/site-packages/airflow/example_dags/example_nested_branch_dag.py
[2022-02-26 05:22:53,287] {processor.py:654} INFO - DAG(s) dict_keys(['example_nested_branch_dag']) retrieved from /Users/andyhsu/tutorial-env/lib/python3.9/site-packages/airflow/example_dags/example_nested_branch_dag.py
[2022-02-26 05:22:53,293] {logging_mixin.py:109} INFO - [2022-02-26 05:22:53,293] {dag.py:2396} INFO - Sync 1 DAGs
[2022-02-26 05:22:53,296] {logging_mixin.py:109} INFO - [2022-02-26 05:22:53,296] {dag.py:2935} INFO - Setting next_dagrun for example_nested_branch_dag to 2022-02-24 00:00:00+00:00
[2022-02-26 05:22:53,299] {processor.py:171} INFO - Processing /Users/andyhsu/tutorial-env/lib/python3.9/site-packages/airflow/example_dags/example_nested_branch_dag.py took 0.027 seconds
[2022-02-26 05:37:55,194] {processor.py:163} INFO - Started process (PID=5732) to work on /Users/andyhsu/tutorial-env/lib/python3.9/site-packages/airflow/example_dags/example_nested_branch_dag.py
[2022-02-26 05:37:55,194] {processor.py:642} INFO - Processing file /Users/andyhsu/tutorial-env/lib/python3.9/site-packages/airflow/example_dags/example_nested_branch_dag.py for tasks to queue
[2022-02-26 05:37:55,194] {logging_mixin.py:109} INFO - [2022-02-26 05:37:55,194] {dagbag.py:500} INFO - Filling up the DagBag from /Users/andyhsu/tutorial-env/lib/python3.9/site-packages/airflow/example_dags/example_nested_branch_dag.py
[2022-02-26 05:37:55,209] {processor.py:654} INFO - DAG(s) dict_keys(['example_nested_branch_dag']) retrieved from /Users/andyhsu/tutorial-env/lib/python3.9/site-packages/airflow/example_dags/example_nested_branch_dag.py
[2022-02-26 05:37:55,215] {logging_mixin.py:109} INFO - [2022-02-26 05:37:55,215] {dag.py:2396} INFO - Sync 1 DAGs
[2022-02-26 05:37:55,219] {logging_mixin.py:109} INFO - [2022-02-26 05:37:55,219] {dag.py:2935} INFO - Setting next_dagrun for example_nested_branch_dag to 2022-02-24 00:00:00+00:00
[2022-02-26 05:37:55,221] {processor.py:171} INFO - Processing /Users/andyhsu/tutorial-env/lib/python3.9/site-packages/airflow/example_dags/example_nested_branch_dag.py took 0.027 seconds
[2022-02-26 05:52:54,833] {processor.py:163} INFO - Started process (PID=5766) to work on /Users/andyhsu/tutorial-env/lib/python3.9/site-packages/airflow/example_dags/example_nested_branch_dag.py
[2022-02-26 05:52:54,834] {processor.py:642} INFO - Processing file /Users/andyhsu/tutorial-env/lib/python3.9/site-packages/airflow/example_dags/example_nested_branch_dag.py for tasks to queue
[2022-02-26 05:52:54,834] {logging_mixin.py:109} INFO - [2022-02-26 05:52:54,834] {dagbag.py:500} INFO - Filling up the DagBag from /Users/andyhsu/tutorial-env/lib/python3.9/site-packages/airflow/example_dags/example_nested_branch_dag.py
[2022-02-26 05:52:54,848] {processor.py:654} INFO - DAG(s) dict_keys(['example_nested_branch_dag']) retrieved from /Users/andyhsu/tutorial-env/lib/python3.9/site-packages/airflow/example_dags/example_nested_branch_dag.py
[2022-02-26 05:52:54,854] {logging_mixin.py:109} INFO - [2022-02-26 05:52:54,854] {dag.py:2396} INFO - Sync 1 DAGs
[2022-02-26 05:52:54,858] {logging_mixin.py:109} INFO - [2022-02-26 05:52:54,858] {dag.py:2935} INFO - Setting next_dagrun for example_nested_branch_dag to 2022-02-24 00:00:00+00:00
[2022-02-26 05:52:54,861] {processor.py:171} INFO - Processing /Users/andyhsu/tutorial-env/lib/python3.9/site-packages/airflow/example_dags/example_nested_branch_dag.py took 0.027 seconds
[2022-02-26 06:41:46,139] {processor.py:163} INFO - Started process (PID=5811) to work on /Users/andyhsu/tutorial-env/lib/python3.9/site-packages/airflow/example_dags/example_nested_branch_dag.py
[2022-02-26 06:41:46,139] {processor.py:642} INFO - Processing file /Users/andyhsu/tutorial-env/lib/python3.9/site-packages/airflow/example_dags/example_nested_branch_dag.py for tasks to queue
[2022-02-26 06:41:46,139] {logging_mixin.py:109} INFO - [2022-02-26 06:41:46,139] {dagbag.py:500} INFO - Filling up the DagBag from /Users/andyhsu/tutorial-env/lib/python3.9/site-packages/airflow/example_dags/example_nested_branch_dag.py
[2022-02-26 06:41:46,154] {processor.py:654} INFO - DAG(s) dict_keys(['example_nested_branch_dag']) retrieved from /Users/andyhsu/tutorial-env/lib/python3.9/site-packages/airflow/example_dags/example_nested_branch_dag.py
[2022-02-26 06:41:46,160] {logging_mixin.py:109} INFO - [2022-02-26 06:41:46,160] {dag.py:2396} INFO - Sync 1 DAGs
[2022-02-26 06:41:46,163] {logging_mixin.py:109} INFO - [2022-02-26 06:41:46,163] {dag.py:2935} INFO - Setting next_dagrun for example_nested_branch_dag to 2022-02-24 00:00:00+00:00
[2022-02-26 06:41:46,166] {processor.py:171} INFO - Processing /Users/andyhsu/tutorial-env/lib/python3.9/site-packages/airflow/example_dags/example_nested_branch_dag.py took 0.027 seconds
[2022-02-26 07:50:26,520] {processor.py:163} INFO - Started process (PID=5871) to work on /Users/andyhsu/tutorial-env/lib/python3.9/site-packages/airflow/example_dags/example_nested_branch_dag.py
[2022-02-26 07:50:26,520] {processor.py:642} INFO - Processing file /Users/andyhsu/tutorial-env/lib/python3.9/site-packages/airflow/example_dags/example_nested_branch_dag.py for tasks to queue
[2022-02-26 07:50:26,520] {logging_mixin.py:109} INFO - [2022-02-26 07:50:26,520] {dagbag.py:500} INFO - Filling up the DagBag from /Users/andyhsu/tutorial-env/lib/python3.9/site-packages/airflow/example_dags/example_nested_branch_dag.py
[2022-02-26 07:50:26,535] {processor.py:654} INFO - DAG(s) dict_keys(['example_nested_branch_dag']) retrieved from /Users/andyhsu/tutorial-env/lib/python3.9/site-packages/airflow/example_dags/example_nested_branch_dag.py
[2022-02-26 07:50:26,541] {logging_mixin.py:109} INFO - [2022-02-26 07:50:26,541] {dag.py:2396} INFO - Sync 1 DAGs
[2022-02-26 07:50:26,544] {logging_mixin.py:109} INFO - [2022-02-26 07:50:26,544] {dag.py:2935} INFO - Setting next_dagrun for example_nested_branch_dag to 2022-02-24 00:00:00+00:00
[2022-02-26 07:50:26,547] {processor.py:171} INFO - Processing /Users/andyhsu/tutorial-env/lib/python3.9/site-packages/airflow/example_dags/example_nested_branch_dag.py took 0.028 seconds
