[2022-02-26 03:32:45,653] {processor.py:163} INFO - Started process (PID=5318) to work on /Users/andyhsu/tutorial-env/lib/python3.9/site-packages/airflow/example_dags/tutorial_etl_dag.py
[2022-02-26 03:32:45,653] {processor.py:642} INFO - Processing file /Users/andyhsu/tutorial-env/lib/python3.9/site-packages/airflow/example_dags/tutorial_etl_dag.py for tasks to queue
[2022-02-26 03:32:45,653] {logging_mixin.py:109} INFO - [2022-02-26 03:32:45,653] {dagbag.py:500} INFO - Filling up the DagBag from /Users/andyhsu/tutorial-env/lib/python3.9/site-packages/airflow/example_dags/tutorial_etl_dag.py
[2022-02-26 03:32:45,668] {processor.py:654} INFO - DAG(s) dict_keys(['tutorial_etl_dag']) retrieved from /Users/andyhsu/tutorial-env/lib/python3.9/site-packages/airflow/example_dags/tutorial_etl_dag.py
[2022-02-26 03:32:45,675] {logging_mixin.py:109} INFO - [2022-02-26 03:32:45,675] {dag.py:2396} INFO - Sync 1 DAGs
[2022-02-26 03:32:45,678] {logging_mixin.py:109} INFO - [2022-02-26 03:32:45,678] {dag.py:2935} INFO - Setting next_dagrun for tutorial_etl_dag to None
[2022-02-26 03:32:45,680] {processor.py:171} INFO - Processing /Users/andyhsu/tutorial-env/lib/python3.9/site-packages/airflow/example_dags/tutorial_etl_dag.py took 0.027 seconds
[2022-02-26 03:33:34,766] {processor.py:163} INFO - Started process (PID=5363) to work on /Users/andyhsu/tutorial-env/lib/python3.9/site-packages/airflow/example_dags/tutorial_etl_dag.py
[2022-02-26 03:33:34,767] {processor.py:642} INFO - Processing file /Users/andyhsu/tutorial-env/lib/python3.9/site-packages/airflow/example_dags/tutorial_etl_dag.py for tasks to queue
[2022-02-26 03:33:34,767] {logging_mixin.py:109} INFO - [2022-02-26 03:33:34,767] {dagbag.py:500} INFO - Filling up the DagBag from /Users/andyhsu/tutorial-env/lib/python3.9/site-packages/airflow/example_dags/tutorial_etl_dag.py
[2022-02-26 03:33:34,782] {processor.py:654} INFO - DAG(s) dict_keys(['tutorial_etl_dag']) retrieved from /Users/andyhsu/tutorial-env/lib/python3.9/site-packages/airflow/example_dags/tutorial_etl_dag.py
[2022-02-26 03:33:34,788] {logging_mixin.py:109} INFO - [2022-02-26 03:33:34,788] {dag.py:2396} INFO - Sync 1 DAGs
[2022-02-26 03:33:34,791] {logging_mixin.py:109} INFO - [2022-02-26 03:33:34,791] {dag.py:2935} INFO - Setting next_dagrun for tutorial_etl_dag to None
[2022-02-26 03:33:34,793] {processor.py:171} INFO - Processing /Users/andyhsu/tutorial-env/lib/python3.9/site-packages/airflow/example_dags/tutorial_etl_dag.py took 0.028 seconds
[2022-02-26 03:51:40,538] {processor.py:163} INFO - Started process (PID=5449) to work on /Users/andyhsu/tutorial-env/lib/python3.9/site-packages/airflow/example_dags/tutorial_etl_dag.py
[2022-02-26 03:51:40,538] {processor.py:642} INFO - Processing file /Users/andyhsu/tutorial-env/lib/python3.9/site-packages/airflow/example_dags/tutorial_etl_dag.py for tasks to queue
[2022-02-26 03:51:40,538] {logging_mixin.py:109} INFO - [2022-02-26 03:51:40,538] {dagbag.py:500} INFO - Filling up the DagBag from /Users/andyhsu/tutorial-env/lib/python3.9/site-packages/airflow/example_dags/tutorial_etl_dag.py
[2022-02-26 03:51:40,552] {processor.py:654} INFO - DAG(s) dict_keys(['tutorial_etl_dag']) retrieved from /Users/andyhsu/tutorial-env/lib/python3.9/site-packages/airflow/example_dags/tutorial_etl_dag.py
[2022-02-26 03:51:40,558] {logging_mixin.py:109} INFO - [2022-02-26 03:51:40,558] {dag.py:2396} INFO - Sync 1 DAGs
[2022-02-26 03:51:40,561] {logging_mixin.py:109} INFO - [2022-02-26 03:51:40,561] {dag.py:2935} INFO - Setting next_dagrun for tutorial_etl_dag to None
[2022-02-26 03:51:40,564] {processor.py:171} INFO - Processing /Users/andyhsu/tutorial-env/lib/python3.9/site-packages/airflow/example_dags/tutorial_etl_dag.py took 0.026 seconds
[2022-02-26 04:22:40,885] {processor.py:163} INFO - Started process (PID=5504) to work on /Users/andyhsu/tutorial-env/lib/python3.9/site-packages/airflow/example_dags/tutorial_etl_dag.py
[2022-02-26 04:22:40,885] {processor.py:642} INFO - Processing file /Users/andyhsu/tutorial-env/lib/python3.9/site-packages/airflow/example_dags/tutorial_etl_dag.py for tasks to queue
[2022-02-26 04:22:40,885] {logging_mixin.py:109} INFO - [2022-02-26 04:22:40,885] {dagbag.py:500} INFO - Filling up the DagBag from /Users/andyhsu/tutorial-env/lib/python3.9/site-packages/airflow/example_dags/tutorial_etl_dag.py
[2022-02-26 04:22:40,899] {processor.py:654} INFO - DAG(s) dict_keys(['tutorial_etl_dag']) retrieved from /Users/andyhsu/tutorial-env/lib/python3.9/site-packages/airflow/example_dags/tutorial_etl_dag.py
[2022-02-26 04:22:40,905] {logging_mixin.py:109} INFO - [2022-02-26 04:22:40,905] {dag.py:2396} INFO - Sync 1 DAGs
[2022-02-26 04:22:40,908] {logging_mixin.py:109} INFO - [2022-02-26 04:22:40,908] {dag.py:2935} INFO - Setting next_dagrun for tutorial_etl_dag to None
[2022-02-26 04:22:40,911] {processor.py:171} INFO - Processing /Users/andyhsu/tutorial-env/lib/python3.9/site-packages/airflow/example_dags/tutorial_etl_dag.py took 0.027 seconds
[2022-02-26 04:37:32,946] {processor.py:163} INFO - Started process (PID=5539) to work on /Users/andyhsu/tutorial-env/lib/python3.9/site-packages/airflow/example_dags/tutorial_etl_dag.py
[2022-02-26 04:37:32,946] {processor.py:642} INFO - Processing file /Users/andyhsu/tutorial-env/lib/python3.9/site-packages/airflow/example_dags/tutorial_etl_dag.py for tasks to queue
[2022-02-26 04:37:32,947] {logging_mixin.py:109} INFO - [2022-02-26 04:37:32,947] {dagbag.py:500} INFO - Filling up the DagBag from /Users/andyhsu/tutorial-env/lib/python3.9/site-packages/airflow/example_dags/tutorial_etl_dag.py
[2022-02-26 04:37:32,961] {processor.py:654} INFO - DAG(s) dict_keys(['tutorial_etl_dag']) retrieved from /Users/andyhsu/tutorial-env/lib/python3.9/site-packages/airflow/example_dags/tutorial_etl_dag.py
[2022-02-26 04:37:32,966] {logging_mixin.py:109} INFO - [2022-02-26 04:37:32,966] {dag.py:2396} INFO - Sync 1 DAGs
[2022-02-26 04:37:32,969] {logging_mixin.py:109} INFO - [2022-02-26 04:37:32,969] {dag.py:2935} INFO - Setting next_dagrun for tutorial_etl_dag to None
[2022-02-26 04:37:32,972] {processor.py:171} INFO - Processing /Users/andyhsu/tutorial-env/lib/python3.9/site-packages/airflow/example_dags/tutorial_etl_dag.py took 0.026 seconds
[2022-02-26 04:52:32,685] {processor.py:163} INFO - Started process (PID=5575) to work on /Users/andyhsu/tutorial-env/lib/python3.9/site-packages/airflow/example_dags/tutorial_etl_dag.py
[2022-02-26 04:52:32,685] {processor.py:642} INFO - Processing file /Users/andyhsu/tutorial-env/lib/python3.9/site-packages/airflow/example_dags/tutorial_etl_dag.py for tasks to queue
[2022-02-26 04:52:32,685] {logging_mixin.py:109} INFO - [2022-02-26 04:52:32,685] {dagbag.py:500} INFO - Filling up the DagBag from /Users/andyhsu/tutorial-env/lib/python3.9/site-packages/airflow/example_dags/tutorial_etl_dag.py
[2022-02-26 04:52:32,699] {processor.py:654} INFO - DAG(s) dict_keys(['tutorial_etl_dag']) retrieved from /Users/andyhsu/tutorial-env/lib/python3.9/site-packages/airflow/example_dags/tutorial_etl_dag.py
[2022-02-26 04:52:32,705] {logging_mixin.py:109} INFO - [2022-02-26 04:52:32,705] {dag.py:2396} INFO - Sync 1 DAGs
[2022-02-26 04:52:32,708] {logging_mixin.py:109} INFO - [2022-02-26 04:52:32,708] {dag.py:2935} INFO - Setting next_dagrun for tutorial_etl_dag to None
[2022-02-26 04:52:32,711] {processor.py:171} INFO - Processing /Users/andyhsu/tutorial-env/lib/python3.9/site-packages/airflow/example_dags/tutorial_etl_dag.py took 0.026 seconds
[2022-02-26 05:07:32,436] {processor.py:163} INFO - Started process (PID=5613) to work on /Users/andyhsu/tutorial-env/lib/python3.9/site-packages/airflow/example_dags/tutorial_etl_dag.py
[2022-02-26 05:07:32,437] {processor.py:642} INFO - Processing file /Users/andyhsu/tutorial-env/lib/python3.9/site-packages/airflow/example_dags/tutorial_etl_dag.py for tasks to queue
[2022-02-26 05:07:32,437] {logging_mixin.py:109} INFO - [2022-02-26 05:07:32,437] {dagbag.py:500} INFO - Filling up the DagBag from /Users/andyhsu/tutorial-env/lib/python3.9/site-packages/airflow/example_dags/tutorial_etl_dag.py
[2022-02-26 05:07:32,451] {processor.py:654} INFO - DAG(s) dict_keys(['tutorial_etl_dag']) retrieved from /Users/andyhsu/tutorial-env/lib/python3.9/site-packages/airflow/example_dags/tutorial_etl_dag.py
[2022-02-26 05:07:32,457] {logging_mixin.py:109} INFO - [2022-02-26 05:07:32,457] {dag.py:2396} INFO - Sync 1 DAGs
[2022-02-26 05:07:32,460] {logging_mixin.py:109} INFO - [2022-02-26 05:07:32,460] {dag.py:2935} INFO - Setting next_dagrun for tutorial_etl_dag to None
[2022-02-26 05:07:32,462] {processor.py:171} INFO - Processing /Users/andyhsu/tutorial-env/lib/python3.9/site-packages/airflow/example_dags/tutorial_etl_dag.py took 0.026 seconds
[2022-02-26 05:22:32,276] {processor.py:163} INFO - Started process (PID=5664) to work on /Users/andyhsu/tutorial-env/lib/python3.9/site-packages/airflow/example_dags/tutorial_etl_dag.py
[2022-02-26 05:22:32,276] {processor.py:642} INFO - Processing file /Users/andyhsu/tutorial-env/lib/python3.9/site-packages/airflow/example_dags/tutorial_etl_dag.py for tasks to queue
[2022-02-26 05:22:32,276] {logging_mixin.py:109} INFO - [2022-02-26 05:22:32,276] {dagbag.py:500} INFO - Filling up the DagBag from /Users/andyhsu/tutorial-env/lib/python3.9/site-packages/airflow/example_dags/tutorial_etl_dag.py
[2022-02-26 05:22:32,290] {processor.py:654} INFO - DAG(s) dict_keys(['tutorial_etl_dag']) retrieved from /Users/andyhsu/tutorial-env/lib/python3.9/site-packages/airflow/example_dags/tutorial_etl_dag.py
[2022-02-26 05:22:32,296] {logging_mixin.py:109} INFO - [2022-02-26 05:22:32,296] {dag.py:2396} INFO - Sync 1 DAGs
[2022-02-26 05:22:32,299] {logging_mixin.py:109} INFO - [2022-02-26 05:22:32,299] {dag.py:2935} INFO - Setting next_dagrun for tutorial_etl_dag to None
[2022-02-26 05:22:32,302] {processor.py:171} INFO - Processing /Users/andyhsu/tutorial-env/lib/python3.9/site-packages/airflow/example_dags/tutorial_etl_dag.py took 0.026 seconds
[2022-02-26 05:37:34,596] {processor.py:163} INFO - Started process (PID=5706) to work on /Users/andyhsu/tutorial-env/lib/python3.9/site-packages/airflow/example_dags/tutorial_etl_dag.py
[2022-02-26 05:37:34,596] {processor.py:642} INFO - Processing file /Users/andyhsu/tutorial-env/lib/python3.9/site-packages/airflow/example_dags/tutorial_etl_dag.py for tasks to queue
[2022-02-26 05:37:34,597] {logging_mixin.py:109} INFO - [2022-02-26 05:37:34,597] {dagbag.py:500} INFO - Filling up the DagBag from /Users/andyhsu/tutorial-env/lib/python3.9/site-packages/airflow/example_dags/tutorial_etl_dag.py
[2022-02-26 05:37:34,611] {processor.py:654} INFO - DAG(s) dict_keys(['tutorial_etl_dag']) retrieved from /Users/andyhsu/tutorial-env/lib/python3.9/site-packages/airflow/example_dags/tutorial_etl_dag.py
[2022-02-26 05:37:34,617] {logging_mixin.py:109} INFO - [2022-02-26 05:37:34,617] {dag.py:2396} INFO - Sync 1 DAGs
[2022-02-26 05:37:34,620] {logging_mixin.py:109} INFO - [2022-02-26 05:37:34,620] {dag.py:2935} INFO - Setting next_dagrun for tutorial_etl_dag to None
[2022-02-26 05:37:34,623] {processor.py:171} INFO - Processing /Users/andyhsu/tutorial-env/lib/python3.9/site-packages/airflow/example_dags/tutorial_etl_dag.py took 0.026 seconds
[2022-02-26 05:52:33,232] {processor.py:163} INFO - Started process (PID=5751) to work on /Users/andyhsu/tutorial-env/lib/python3.9/site-packages/airflow/example_dags/tutorial_etl_dag.py
[2022-02-26 05:52:33,232] {processor.py:642} INFO - Processing file /Users/andyhsu/tutorial-env/lib/python3.9/site-packages/airflow/example_dags/tutorial_etl_dag.py for tasks to queue
[2022-02-26 05:52:33,233] {logging_mixin.py:109} INFO - [2022-02-26 05:52:33,233] {dagbag.py:500} INFO - Filling up the DagBag from /Users/andyhsu/tutorial-env/lib/python3.9/site-packages/airflow/example_dags/tutorial_etl_dag.py
[2022-02-26 05:52:33,247] {processor.py:654} INFO - DAG(s) dict_keys(['tutorial_etl_dag']) retrieved from /Users/andyhsu/tutorial-env/lib/python3.9/site-packages/airflow/example_dags/tutorial_etl_dag.py
[2022-02-26 05:52:33,253] {logging_mixin.py:109} INFO - [2022-02-26 05:52:33,252] {dag.py:2396} INFO - Sync 1 DAGs
[2022-02-26 05:52:33,255] {logging_mixin.py:109} INFO - [2022-02-26 05:52:33,255] {dag.py:2935} INFO - Setting next_dagrun for tutorial_etl_dag to None
[2022-02-26 05:52:33,258] {processor.py:171} INFO - Processing /Users/andyhsu/tutorial-env/lib/python3.9/site-packages/airflow/example_dags/tutorial_etl_dag.py took 0.026 seconds
[2022-02-26 06:11:02,367] {processor.py:163} INFO - Started process (PID=5787) to work on /Users/andyhsu/tutorial-env/lib/python3.9/site-packages/airflow/example_dags/tutorial_etl_dag.py
[2022-02-26 06:11:02,368] {processor.py:642} INFO - Processing file /Users/andyhsu/tutorial-env/lib/python3.9/site-packages/airflow/example_dags/tutorial_etl_dag.py for tasks to queue
[2022-02-26 06:11:02,368] {logging_mixin.py:109} INFO - [2022-02-26 06:11:02,368] {dagbag.py:500} INFO - Filling up the DagBag from /Users/andyhsu/tutorial-env/lib/python3.9/site-packages/airflow/example_dags/tutorial_etl_dag.py
[2022-02-26 06:11:02,382] {processor.py:654} INFO - DAG(s) dict_keys(['tutorial_etl_dag']) retrieved from /Users/andyhsu/tutorial-env/lib/python3.9/site-packages/airflow/example_dags/tutorial_etl_dag.py
[2022-02-26 06:11:02,388] {logging_mixin.py:109} INFO - [2022-02-26 06:11:02,388] {dag.py:2396} INFO - Sync 1 DAGs
[2022-02-26 06:11:02,391] {logging_mixin.py:109} INFO - [2022-02-26 06:11:02,391] {dag.py:2935} INFO - Setting next_dagrun for tutorial_etl_dag to None
[2022-02-26 06:11:02,393] {processor.py:171} INFO - Processing /Users/andyhsu/tutorial-env/lib/python3.9/site-packages/airflow/example_dags/tutorial_etl_dag.py took 0.026 seconds
[2022-02-26 07:15:02,181] {processor.py:163} INFO - Started process (PID=5851) to work on /Users/andyhsu/tutorial-env/lib/python3.9/site-packages/airflow/example_dags/tutorial_etl_dag.py
[2022-02-26 07:15:02,181] {processor.py:642} INFO - Processing file /Users/andyhsu/tutorial-env/lib/python3.9/site-packages/airflow/example_dags/tutorial_etl_dag.py for tasks to queue
[2022-02-26 07:15:02,181] {logging_mixin.py:109} INFO - [2022-02-26 07:15:02,181] {dagbag.py:500} INFO - Filling up the DagBag from /Users/andyhsu/tutorial-env/lib/python3.9/site-packages/airflow/example_dags/tutorial_etl_dag.py
[2022-02-26 07:15:02,195] {processor.py:654} INFO - DAG(s) dict_keys(['tutorial_etl_dag']) retrieved from /Users/andyhsu/tutorial-env/lib/python3.9/site-packages/airflow/example_dags/tutorial_etl_dag.py
[2022-02-26 07:15:02,201] {logging_mixin.py:109} INFO - [2022-02-26 07:15:02,201] {dag.py:2396} INFO - Sync 1 DAGs
[2022-02-26 07:15:02,204] {logging_mixin.py:109} INFO - [2022-02-26 07:15:02,204] {dag.py:2935} INFO - Setting next_dagrun for tutorial_etl_dag to None
[2022-02-26 07:15:02,207] {processor.py:171} INFO - Processing /Users/andyhsu/tutorial-env/lib/python3.9/site-packages/airflow/example_dags/tutorial_etl_dag.py took 0.026 seconds
