[2022-02-26 03:32:47,312] {processor.py:163} INFO - Started process (PID=5319) to work on /Users/andyhsu/tutorial-env/lib/python3.9/site-packages/airflow/example_dags/tutorial.py
[2022-02-26 03:32:47,312] {processor.py:642} INFO - Processing file /Users/andyhsu/tutorial-env/lib/python3.9/site-packages/airflow/example_dags/tutorial.py for tasks to queue
[2022-02-26 03:32:47,312] {logging_mixin.py:109} INFO - [2022-02-26 03:32:47,312] {dagbag.py:500} INFO - Filling up the DagBag from /Users/andyhsu/tutorial-env/lib/python3.9/site-packages/airflow/example_dags/tutorial.py
[2022-02-26 03:32:47,322] {processor.py:654} INFO - DAG(s) dict_keys(['tutorial']) retrieved from /Users/andyhsu/tutorial-env/lib/python3.9/site-packages/airflow/example_dags/tutorial.py
[2022-02-26 03:32:47,329] {logging_mixin.py:109} INFO - [2022-02-26 03:32:47,329] {dag.py:2396} INFO - Sync 1 DAGs
[2022-02-26 03:32:47,332] {logging_mixin.py:109} INFO - [2022-02-26 03:32:47,332] {dag.py:2935} INFO - Setting next_dagrun for tutorial to 2022-02-24T19:32:47.332145+00:00
[2022-02-26 03:32:47,335] {processor.py:171} INFO - Processing /Users/andyhsu/tutorial-env/lib/python3.9/site-packages/airflow/example_dags/tutorial.py took 0.023 seconds
[2022-02-26 03:33:36,359] {processor.py:163} INFO - Started process (PID=5364) to work on /Users/andyhsu/tutorial-env/lib/python3.9/site-packages/airflow/example_dags/tutorial.py
[2022-02-26 03:33:36,360] {processor.py:642} INFO - Processing file /Users/andyhsu/tutorial-env/lib/python3.9/site-packages/airflow/example_dags/tutorial.py for tasks to queue
[2022-02-26 03:33:36,360] {logging_mixin.py:109} INFO - [2022-02-26 03:33:36,360] {dagbag.py:500} INFO - Filling up the DagBag from /Users/andyhsu/tutorial-env/lib/python3.9/site-packages/airflow/example_dags/tutorial.py
[2022-02-26 03:33:36,372] {processor.py:654} INFO - DAG(s) dict_keys(['tutorial']) retrieved from /Users/andyhsu/tutorial-env/lib/python3.9/site-packages/airflow/example_dags/tutorial.py
[2022-02-26 03:33:36,380] {logging_mixin.py:109} INFO - [2022-02-26 03:33:36,379] {dag.py:2396} INFO - Sync 1 DAGs
[2022-02-26 03:33:36,383] {logging_mixin.py:109} INFO - [2022-02-26 03:33:36,383] {dag.py:2935} INFO - Setting next_dagrun for tutorial to 2022-02-24T19:33:36.383367+00:00
[2022-02-26 03:33:36,386] {processor.py:171} INFO - Processing /Users/andyhsu/tutorial-env/lib/python3.9/site-packages/airflow/example_dags/tutorial.py took 0.027 seconds
[2022-02-26 03:51:55,610] {processor.py:163} INFO - Started process (PID=5461) to work on /Users/andyhsu/tutorial-env/lib/python3.9/site-packages/airflow/example_dags/tutorial.py
[2022-02-26 03:51:55,610] {processor.py:642} INFO - Processing file /Users/andyhsu/tutorial-env/lib/python3.9/site-packages/airflow/example_dags/tutorial.py for tasks to queue
[2022-02-26 03:51:55,611] {logging_mixin.py:109} INFO - [2022-02-26 03:51:55,611] {dagbag.py:500} INFO - Filling up the DagBag from /Users/andyhsu/tutorial-env/lib/python3.9/site-packages/airflow/example_dags/tutorial.py
[2022-02-26 03:51:55,621] {processor.py:654} INFO - DAG(s) dict_keys(['tutorial']) retrieved from /Users/andyhsu/tutorial-env/lib/python3.9/site-packages/airflow/example_dags/tutorial.py
[2022-02-26 03:51:55,627] {logging_mixin.py:109} INFO - [2022-02-26 03:51:55,627] {dag.py:2396} INFO - Sync 1 DAGs
[2022-02-26 03:51:55,630] {logging_mixin.py:109} INFO - [2022-02-26 03:51:55,630] {dag.py:2935} INFO - Setting next_dagrun for tutorial to 2022-02-24T19:51:55.630532+00:00
[2022-02-26 03:51:55,633] {processor.py:171} INFO - Processing /Users/andyhsu/tutorial-env/lib/python3.9/site-packages/airflow/example_dags/tutorial.py took 0.023 seconds
[2022-02-26 04:22:42,491] {processor.py:163} INFO - Started process (PID=5505) to work on /Users/andyhsu/tutorial-env/lib/python3.9/site-packages/airflow/example_dags/tutorial.py
[2022-02-26 04:22:42,491] {processor.py:642} INFO - Processing file /Users/andyhsu/tutorial-env/lib/python3.9/site-packages/airflow/example_dags/tutorial.py for tasks to queue
[2022-02-26 04:22:42,491] {logging_mixin.py:109} INFO - [2022-02-26 04:22:42,491] {dagbag.py:500} INFO - Filling up the DagBag from /Users/andyhsu/tutorial-env/lib/python3.9/site-packages/airflow/example_dags/tutorial.py
[2022-02-26 04:22:42,502] {processor.py:654} INFO - DAG(s) dict_keys(['tutorial']) retrieved from /Users/andyhsu/tutorial-env/lib/python3.9/site-packages/airflow/example_dags/tutorial.py
[2022-02-26 04:22:42,508] {logging_mixin.py:109} INFO - [2022-02-26 04:22:42,508] {dag.py:2396} INFO - Sync 1 DAGs
[2022-02-26 04:22:42,511] {logging_mixin.py:109} INFO - [2022-02-26 04:22:42,511] {dag.py:2935} INFO - Setting next_dagrun for tutorial to 2022-02-24T20:22:42.511339+00:00
[2022-02-26 04:22:42,514] {processor.py:171} INFO - Processing /Users/andyhsu/tutorial-env/lib/python3.9/site-packages/airflow/example_dags/tutorial.py took 0.023 seconds
[2022-02-26 04:37:34,549] {processor.py:163} INFO - Started process (PID=5540) to work on /Users/andyhsu/tutorial-env/lib/python3.9/site-packages/airflow/example_dags/tutorial.py
[2022-02-26 04:37:34,549] {processor.py:642} INFO - Processing file /Users/andyhsu/tutorial-env/lib/python3.9/site-packages/airflow/example_dags/tutorial.py for tasks to queue
[2022-02-26 04:37:34,549] {logging_mixin.py:109} INFO - [2022-02-26 04:37:34,549] {dagbag.py:500} INFO - Filling up the DagBag from /Users/andyhsu/tutorial-env/lib/python3.9/site-packages/airflow/example_dags/tutorial.py
[2022-02-26 04:37:34,559] {processor.py:654} INFO - DAG(s) dict_keys(['tutorial']) retrieved from /Users/andyhsu/tutorial-env/lib/python3.9/site-packages/airflow/example_dags/tutorial.py
[2022-02-26 04:37:34,566] {logging_mixin.py:109} INFO - [2022-02-26 04:37:34,565] {dag.py:2396} INFO - Sync 1 DAGs
[2022-02-26 04:37:34,568] {logging_mixin.py:109} INFO - [2022-02-26 04:37:34,568] {dag.py:2935} INFO - Setting next_dagrun for tutorial to 2022-02-24T20:37:34.568892+00:00
[2022-02-26 04:37:34,571] {processor.py:171} INFO - Processing /Users/andyhsu/tutorial-env/lib/python3.9/site-packages/airflow/example_dags/tutorial.py took 0.023 seconds
[2022-02-26 04:52:34,291] {processor.py:163} INFO - Started process (PID=5576) to work on /Users/andyhsu/tutorial-env/lib/python3.9/site-packages/airflow/example_dags/tutorial.py
[2022-02-26 04:52:34,291] {processor.py:642} INFO - Processing file /Users/andyhsu/tutorial-env/lib/python3.9/site-packages/airflow/example_dags/tutorial.py for tasks to queue
[2022-02-26 04:52:34,291] {logging_mixin.py:109} INFO - [2022-02-26 04:52:34,291] {dagbag.py:500} INFO - Filling up the DagBag from /Users/andyhsu/tutorial-env/lib/python3.9/site-packages/airflow/example_dags/tutorial.py
[2022-02-26 04:52:34,301] {processor.py:654} INFO - DAG(s) dict_keys(['tutorial']) retrieved from /Users/andyhsu/tutorial-env/lib/python3.9/site-packages/airflow/example_dags/tutorial.py
[2022-02-26 04:52:34,308] {logging_mixin.py:109} INFO - [2022-02-26 04:52:34,308] {dag.py:2396} INFO - Sync 1 DAGs
[2022-02-26 04:52:34,311] {logging_mixin.py:109} INFO - [2022-02-26 04:52:34,311] {dag.py:2935} INFO - Setting next_dagrun for tutorial to 2022-02-24T20:52:34.311179+00:00
[2022-02-26 04:52:34,314] {processor.py:171} INFO - Processing /Users/andyhsu/tutorial-env/lib/python3.9/site-packages/airflow/example_dags/tutorial.py took 0.023 seconds
[2022-02-26 05:07:34,042] {processor.py:163} INFO - Started process (PID=5614) to work on /Users/andyhsu/tutorial-env/lib/python3.9/site-packages/airflow/example_dags/tutorial.py
[2022-02-26 05:07:34,042] {processor.py:642} INFO - Processing file /Users/andyhsu/tutorial-env/lib/python3.9/site-packages/airflow/example_dags/tutorial.py for tasks to queue
[2022-02-26 05:07:34,042] {logging_mixin.py:109} INFO - [2022-02-26 05:07:34,042] {dagbag.py:500} INFO - Filling up the DagBag from /Users/andyhsu/tutorial-env/lib/python3.9/site-packages/airflow/example_dags/tutorial.py
[2022-02-26 05:07:34,052] {processor.py:654} INFO - DAG(s) dict_keys(['tutorial']) retrieved from /Users/andyhsu/tutorial-env/lib/python3.9/site-packages/airflow/example_dags/tutorial.py
[2022-02-26 05:07:34,059] {logging_mixin.py:109} INFO - [2022-02-26 05:07:34,059] {dag.py:2396} INFO - Sync 1 DAGs
[2022-02-26 05:07:34,062] {logging_mixin.py:109} INFO - [2022-02-26 05:07:34,062] {dag.py:2935} INFO - Setting next_dagrun for tutorial to 2022-02-24T21:07:34.061982+00:00
[2022-02-26 05:07:34,064] {processor.py:171} INFO - Processing /Users/andyhsu/tutorial-env/lib/python3.9/site-packages/airflow/example_dags/tutorial.py took 0.023 seconds
[2022-02-26 05:22:33,882] {processor.py:163} INFO - Started process (PID=5665) to work on /Users/andyhsu/tutorial-env/lib/python3.9/site-packages/airflow/example_dags/tutorial.py
[2022-02-26 05:22:33,882] {processor.py:642} INFO - Processing file /Users/andyhsu/tutorial-env/lib/python3.9/site-packages/airflow/example_dags/tutorial.py for tasks to queue
[2022-02-26 05:22:33,883] {logging_mixin.py:109} INFO - [2022-02-26 05:22:33,883] {dagbag.py:500} INFO - Filling up the DagBag from /Users/andyhsu/tutorial-env/lib/python3.9/site-packages/airflow/example_dags/tutorial.py
[2022-02-26 05:22:33,893] {processor.py:654} INFO - DAG(s) dict_keys(['tutorial']) retrieved from /Users/andyhsu/tutorial-env/lib/python3.9/site-packages/airflow/example_dags/tutorial.py
[2022-02-26 05:22:33,899] {logging_mixin.py:109} INFO - [2022-02-26 05:22:33,899] {dag.py:2396} INFO - Sync 1 DAGs
[2022-02-26 05:22:33,902] {logging_mixin.py:109} INFO - [2022-02-26 05:22:33,902] {dag.py:2935} INFO - Setting next_dagrun for tutorial to 2022-02-24T21:22:33.902534+00:00
[2022-02-26 05:22:33,905] {processor.py:171} INFO - Processing /Users/andyhsu/tutorial-env/lib/python3.9/site-packages/airflow/example_dags/tutorial.py took 0.023 seconds
[2022-02-26 05:37:35,172] {processor.py:163} INFO - Started process (PID=5707) to work on /Users/andyhsu/tutorial-env/lib/python3.9/site-packages/airflow/example_dags/tutorial.py
[2022-02-26 05:37:35,172] {processor.py:642} INFO - Processing file /Users/andyhsu/tutorial-env/lib/python3.9/site-packages/airflow/example_dags/tutorial.py for tasks to queue
[2022-02-26 05:37:35,172] {logging_mixin.py:109} INFO - [2022-02-26 05:37:35,172] {dagbag.py:500} INFO - Filling up the DagBag from /Users/andyhsu/tutorial-env/lib/python3.9/site-packages/airflow/example_dags/tutorial.py
[2022-02-26 05:37:35,182] {processor.py:654} INFO - DAG(s) dict_keys(['tutorial']) retrieved from /Users/andyhsu/tutorial-env/lib/python3.9/site-packages/airflow/example_dags/tutorial.py
[2022-02-26 05:37:35,189] {logging_mixin.py:109} INFO - [2022-02-26 05:37:35,189] {dag.py:2396} INFO - Sync 1 DAGs
[2022-02-26 05:37:35,192] {logging_mixin.py:109} INFO - [2022-02-26 05:37:35,192] {dag.py:2935} INFO - Setting next_dagrun for tutorial to 2022-02-24T21:37:35.192158+00:00
[2022-02-26 05:37:35,195] {processor.py:171} INFO - Processing /Users/andyhsu/tutorial-env/lib/python3.9/site-packages/airflow/example_dags/tutorial.py took 0.023 seconds
[2022-02-26 05:52:33,798] {processor.py:163} INFO - Started process (PID=5752) to work on /Users/andyhsu/tutorial-env/lib/python3.9/site-packages/airflow/example_dags/tutorial.py
[2022-02-26 05:52:33,799] {processor.py:642} INFO - Processing file /Users/andyhsu/tutorial-env/lib/python3.9/site-packages/airflow/example_dags/tutorial.py for tasks to queue
[2022-02-26 05:52:33,799] {logging_mixin.py:109} INFO - [2022-02-26 05:52:33,799] {dagbag.py:500} INFO - Filling up the DagBag from /Users/andyhsu/tutorial-env/lib/python3.9/site-packages/airflow/example_dags/tutorial.py
[2022-02-26 05:52:33,809] {processor.py:654} INFO - DAG(s) dict_keys(['tutorial']) retrieved from /Users/andyhsu/tutorial-env/lib/python3.9/site-packages/airflow/example_dags/tutorial.py
[2022-02-26 05:52:33,815] {logging_mixin.py:109} INFO - [2022-02-26 05:52:33,815] {dag.py:2396} INFO - Sync 1 DAGs
[2022-02-26 05:52:33,818] {logging_mixin.py:109} INFO - [2022-02-26 05:52:33,818] {dag.py:2935} INFO - Setting next_dagrun for tutorial to 2022-02-24T21:52:33.818625+00:00
[2022-02-26 05:52:33,821] {processor.py:171} INFO - Processing /Users/andyhsu/tutorial-env/lib/python3.9/site-packages/airflow/example_dags/tutorial.py took 0.023 seconds
[2022-02-26 06:26:26,958] {processor.py:163} INFO - Started process (PID=5789) to work on /Users/andyhsu/tutorial-env/lib/python3.9/site-packages/airflow/example_dags/tutorial.py
[2022-02-26 06:26:26,958] {processor.py:642} INFO - Processing file /Users/andyhsu/tutorial-env/lib/python3.9/site-packages/airflow/example_dags/tutorial.py for tasks to queue
[2022-02-26 06:26:26,958] {logging_mixin.py:109} INFO - [2022-02-26 06:26:26,958] {dagbag.py:500} INFO - Filling up the DagBag from /Users/andyhsu/tutorial-env/lib/python3.9/site-packages/airflow/example_dags/tutorial.py
[2022-02-26 06:26:26,968] {processor.py:654} INFO - DAG(s) dict_keys(['tutorial']) retrieved from /Users/andyhsu/tutorial-env/lib/python3.9/site-packages/airflow/example_dags/tutorial.py
[2022-02-26 06:26:26,974] {logging_mixin.py:109} INFO - [2022-02-26 06:26:26,974] {dag.py:2396} INFO - Sync 1 DAGs
[2022-02-26 06:26:26,977] {logging_mixin.py:109} INFO - [2022-02-26 06:26:26,977] {dag.py:2935} INFO - Setting next_dagrun for tutorial to 2022-02-24T22:26:26.977864+00:00
[2022-02-26 06:26:26,980] {processor.py:171} INFO - Processing /Users/andyhsu/tutorial-env/lib/python3.9/site-packages/airflow/example_dags/tutorial.py took 0.023 seconds
[2022-02-26 07:34:13,480] {processor.py:163} INFO - Started process (PID=5853) to work on /Users/andyhsu/tutorial-env/lib/python3.9/site-packages/airflow/example_dags/tutorial.py
[2022-02-26 07:34:13,480] {processor.py:642} INFO - Processing file /Users/andyhsu/tutorial-env/lib/python3.9/site-packages/airflow/example_dags/tutorial.py for tasks to queue
[2022-02-26 07:34:13,480] {logging_mixin.py:109} INFO - [2022-02-26 07:34:13,480] {dagbag.py:500} INFO - Filling up the DagBag from /Users/andyhsu/tutorial-env/lib/python3.9/site-packages/airflow/example_dags/tutorial.py
[2022-02-26 07:34:13,491] {processor.py:654} INFO - DAG(s) dict_keys(['tutorial']) retrieved from /Users/andyhsu/tutorial-env/lib/python3.9/site-packages/airflow/example_dags/tutorial.py
[2022-02-26 07:34:13,497] {logging_mixin.py:109} INFO - [2022-02-26 07:34:13,497] {dag.py:2396} INFO - Sync 1 DAGs
[2022-02-26 07:34:13,500] {logging_mixin.py:109} INFO - [2022-02-26 07:34:13,500] {dag.py:2935} INFO - Setting next_dagrun for tutorial to 2022-02-24T23:34:13.500658+00:00
[2022-02-26 07:34:13,503] {processor.py:171} INFO - Processing /Users/andyhsu/tutorial-env/lib/python3.9/site-packages/airflow/example_dags/tutorial.py took 0.024 seconds
