[2022-02-26 03:32:43,946] {processor.py:163} INFO - Started process (PID=5317) to work on /Users/andyhsu/tutorial-env/lib/python3.9/site-packages/airflow/example_dags/tutorial_taskflow_api_etl.py
[2022-02-26 03:32:43,946] {processor.py:642} INFO - Processing file /Users/andyhsu/tutorial-env/lib/python3.9/site-packages/airflow/example_dags/tutorial_taskflow_api_etl.py for tasks to queue
[2022-02-26 03:32:43,946] {logging_mixin.py:109} INFO - [2022-02-26 03:32:43,946] {dagbag.py:500} INFO - Filling up the DagBag from /Users/andyhsu/tutorial-env/lib/python3.9/site-packages/airflow/example_dags/tutorial_taskflow_api_etl.py
[2022-02-26 03:32:43,962] {processor.py:654} INFO - DAG(s) dict_keys(['tutorial_taskflow_api_etl']) retrieved from /Users/andyhsu/tutorial-env/lib/python3.9/site-packages/airflow/example_dags/tutorial_taskflow_api_etl.py
[2022-02-26 03:32:44,033] {logging_mixin.py:109} INFO - [2022-02-26 03:32:44,033] {dag.py:2396} INFO - Sync 1 DAGs
[2022-02-26 03:32:44,036] {logging_mixin.py:109} INFO - [2022-02-26 03:32:44,036] {dag.py:2935} INFO - Setting next_dagrun for tutorial_taskflow_api_etl to None
[2022-02-26 03:32:44,040] {processor.py:171} INFO - Processing /Users/andyhsu/tutorial-env/lib/python3.9/site-packages/airflow/example_dags/tutorial_taskflow_api_etl.py took 0.095 seconds
[2022-02-26 03:33:33,077] {processor.py:163} INFO - Started process (PID=5362) to work on /Users/andyhsu/tutorial-env/lib/python3.9/site-packages/airflow/example_dags/tutorial_taskflow_api_etl.py
[2022-02-26 03:33:33,078] {processor.py:642} INFO - Processing file /Users/andyhsu/tutorial-env/lib/python3.9/site-packages/airflow/example_dags/tutorial_taskflow_api_etl.py for tasks to queue
[2022-02-26 03:33:33,078] {logging_mixin.py:109} INFO - [2022-02-26 03:33:33,078] {dagbag.py:500} INFO - Filling up the DagBag from /Users/andyhsu/tutorial-env/lib/python3.9/site-packages/airflow/example_dags/tutorial_taskflow_api_etl.py
[2022-02-26 03:33:33,093] {processor.py:654} INFO - DAG(s) dict_keys(['tutorial_taskflow_api_etl']) retrieved from /Users/andyhsu/tutorial-env/lib/python3.9/site-packages/airflow/example_dags/tutorial_taskflow_api_etl.py
[2022-02-26 03:33:33,164] {logging_mixin.py:109} INFO - [2022-02-26 03:33:33,164] {dag.py:2396} INFO - Sync 1 DAGs
[2022-02-26 03:33:33,167] {logging_mixin.py:109} INFO - [2022-02-26 03:33:33,167] {dag.py:2935} INFO - Setting next_dagrun for tutorial_taskflow_api_etl to None
[2022-02-26 03:33:33,171] {processor.py:171} INFO - Processing /Users/andyhsu/tutorial-env/lib/python3.9/site-packages/airflow/example_dags/tutorial_taskflow_api_etl.py took 0.094 seconds
[2022-02-26 03:51:38,845] {processor.py:163} INFO - Started process (PID=5447) to work on /Users/andyhsu/tutorial-env/lib/python3.9/site-packages/airflow/example_dags/tutorial_taskflow_api_etl.py
[2022-02-26 03:51:38,845] {processor.py:642} INFO - Processing file /Users/andyhsu/tutorial-env/lib/python3.9/site-packages/airflow/example_dags/tutorial_taskflow_api_etl.py for tasks to queue
[2022-02-26 03:51:38,846] {logging_mixin.py:109} INFO - [2022-02-26 03:51:38,846] {dagbag.py:500} INFO - Filling up the DagBag from /Users/andyhsu/tutorial-env/lib/python3.9/site-packages/airflow/example_dags/tutorial_taskflow_api_etl.py
[2022-02-26 03:51:38,861] {processor.py:654} INFO - DAG(s) dict_keys(['tutorial_taskflow_api_etl']) retrieved from /Users/andyhsu/tutorial-env/lib/python3.9/site-packages/airflow/example_dags/tutorial_taskflow_api_etl.py
[2022-02-26 03:51:38,930] {logging_mixin.py:109} INFO - [2022-02-26 03:51:38,930] {dag.py:2396} INFO - Sync 1 DAGs
[2022-02-26 03:51:38,933] {logging_mixin.py:109} INFO - [2022-02-26 03:51:38,933] {dag.py:2935} INFO - Setting next_dagrun for tutorial_taskflow_api_etl to None
[2022-02-26 03:51:38,936] {processor.py:171} INFO - Processing /Users/andyhsu/tutorial-env/lib/python3.9/site-packages/airflow/example_dags/tutorial_taskflow_api_etl.py took 0.091 seconds
[2022-02-26 04:22:39,201] {processor.py:163} INFO - Started process (PID=5503) to work on /Users/andyhsu/tutorial-env/lib/python3.9/site-packages/airflow/example_dags/tutorial_taskflow_api_etl.py
[2022-02-26 04:22:39,201] {processor.py:642} INFO - Processing file /Users/andyhsu/tutorial-env/lib/python3.9/site-packages/airflow/example_dags/tutorial_taskflow_api_etl.py for tasks to queue
[2022-02-26 04:22:39,201] {logging_mixin.py:109} INFO - [2022-02-26 04:22:39,201] {dagbag.py:500} INFO - Filling up the DagBag from /Users/andyhsu/tutorial-env/lib/python3.9/site-packages/airflow/example_dags/tutorial_taskflow_api_etl.py
[2022-02-26 04:22:39,216] {processor.py:654} INFO - DAG(s) dict_keys(['tutorial_taskflow_api_etl']) retrieved from /Users/andyhsu/tutorial-env/lib/python3.9/site-packages/airflow/example_dags/tutorial_taskflow_api_etl.py
[2022-02-26 04:22:39,285] {logging_mixin.py:109} INFO - [2022-02-26 04:22:39,285] {dag.py:2396} INFO - Sync 1 DAGs
[2022-02-26 04:22:39,288] {logging_mixin.py:109} INFO - [2022-02-26 04:22:39,288] {dag.py:2935} INFO - Setting next_dagrun for tutorial_taskflow_api_etl to None
[2022-02-26 04:22:39,292] {processor.py:171} INFO - Processing /Users/andyhsu/tutorial-env/lib/python3.9/site-packages/airflow/example_dags/tutorial_taskflow_api_etl.py took 0.091 seconds
[2022-02-26 04:37:31,249] {processor.py:163} INFO - Started process (PID=5538) to work on /Users/andyhsu/tutorial-env/lib/python3.9/site-packages/airflow/example_dags/tutorial_taskflow_api_etl.py
[2022-02-26 04:37:31,249] {processor.py:642} INFO - Processing file /Users/andyhsu/tutorial-env/lib/python3.9/site-packages/airflow/example_dags/tutorial_taskflow_api_etl.py for tasks to queue
[2022-02-26 04:37:31,249] {logging_mixin.py:109} INFO - [2022-02-26 04:37:31,249] {dagbag.py:500} INFO - Filling up the DagBag from /Users/andyhsu/tutorial-env/lib/python3.9/site-packages/airflow/example_dags/tutorial_taskflow_api_etl.py
[2022-02-26 04:37:31,264] {processor.py:654} INFO - DAG(s) dict_keys(['tutorial_taskflow_api_etl']) retrieved from /Users/andyhsu/tutorial-env/lib/python3.9/site-packages/airflow/example_dags/tutorial_taskflow_api_etl.py
[2022-02-26 04:37:31,333] {logging_mixin.py:109} INFO - [2022-02-26 04:37:31,333] {dag.py:2396} INFO - Sync 1 DAGs
[2022-02-26 04:37:31,336] {logging_mixin.py:109} INFO - [2022-02-26 04:37:31,336] {dag.py:2935} INFO - Setting next_dagrun for tutorial_taskflow_api_etl to None
[2022-02-26 04:37:31,340] {processor.py:171} INFO - Processing /Users/andyhsu/tutorial-env/lib/python3.9/site-packages/airflow/example_dags/tutorial_taskflow_api_etl.py took 0.091 seconds
[2022-02-26 04:52:30,993] {processor.py:163} INFO - Started process (PID=5574) to work on /Users/andyhsu/tutorial-env/lib/python3.9/site-packages/airflow/example_dags/tutorial_taskflow_api_etl.py
[2022-02-26 04:52:30,993] {processor.py:642} INFO - Processing file /Users/andyhsu/tutorial-env/lib/python3.9/site-packages/airflow/example_dags/tutorial_taskflow_api_etl.py for tasks to queue
[2022-02-26 04:52:30,994] {logging_mixin.py:109} INFO - [2022-02-26 04:52:30,994] {dagbag.py:500} INFO - Filling up the DagBag from /Users/andyhsu/tutorial-env/lib/python3.9/site-packages/airflow/example_dags/tutorial_taskflow_api_etl.py
[2022-02-26 04:52:31,009] {processor.py:654} INFO - DAG(s) dict_keys(['tutorial_taskflow_api_etl']) retrieved from /Users/andyhsu/tutorial-env/lib/python3.9/site-packages/airflow/example_dags/tutorial_taskflow_api_etl.py
[2022-02-26 04:52:31,078] {logging_mixin.py:109} INFO - [2022-02-26 04:52:31,078] {dag.py:2396} INFO - Sync 1 DAGs
[2022-02-26 04:52:31,081] {logging_mixin.py:109} INFO - [2022-02-26 04:52:31,081] {dag.py:2935} INFO - Setting next_dagrun for tutorial_taskflow_api_etl to None
[2022-02-26 04:52:31,085] {processor.py:171} INFO - Processing /Users/andyhsu/tutorial-env/lib/python3.9/site-packages/airflow/example_dags/tutorial_taskflow_api_etl.py took 0.092 seconds
[2022-02-26 05:07:30,739] {processor.py:163} INFO - Started process (PID=5612) to work on /Users/andyhsu/tutorial-env/lib/python3.9/site-packages/airflow/example_dags/tutorial_taskflow_api_etl.py
[2022-02-26 05:07:30,739] {processor.py:642} INFO - Processing file /Users/andyhsu/tutorial-env/lib/python3.9/site-packages/airflow/example_dags/tutorial_taskflow_api_etl.py for tasks to queue
[2022-02-26 05:07:30,740] {logging_mixin.py:109} INFO - [2022-02-26 05:07:30,740] {dagbag.py:500} INFO - Filling up the DagBag from /Users/andyhsu/tutorial-env/lib/python3.9/site-packages/airflow/example_dags/tutorial_taskflow_api_etl.py
[2022-02-26 05:07:30,755] {processor.py:654} INFO - DAG(s) dict_keys(['tutorial_taskflow_api_etl']) retrieved from /Users/andyhsu/tutorial-env/lib/python3.9/site-packages/airflow/example_dags/tutorial_taskflow_api_etl.py
[2022-02-26 05:07:30,824] {logging_mixin.py:109} INFO - [2022-02-26 05:07:30,824] {dag.py:2396} INFO - Sync 1 DAGs
[2022-02-26 05:07:30,827] {logging_mixin.py:109} INFO - [2022-02-26 05:07:30,827] {dag.py:2935} INFO - Setting next_dagrun for tutorial_taskflow_api_etl to None
[2022-02-26 05:07:30,830] {processor.py:171} INFO - Processing /Users/andyhsu/tutorial-env/lib/python3.9/site-packages/airflow/example_dags/tutorial_taskflow_api_etl.py took 0.091 seconds
[2022-02-26 05:22:30,576] {processor.py:163} INFO - Started process (PID=5663) to work on /Users/andyhsu/tutorial-env/lib/python3.9/site-packages/airflow/example_dags/tutorial_taskflow_api_etl.py
[2022-02-26 05:22:30,577] {processor.py:642} INFO - Processing file /Users/andyhsu/tutorial-env/lib/python3.9/site-packages/airflow/example_dags/tutorial_taskflow_api_etl.py for tasks to queue
[2022-02-26 05:22:30,577] {logging_mixin.py:109} INFO - [2022-02-26 05:22:30,577] {dagbag.py:500} INFO - Filling up the DagBag from /Users/andyhsu/tutorial-env/lib/python3.9/site-packages/airflow/example_dags/tutorial_taskflow_api_etl.py
[2022-02-26 05:22:30,592] {processor.py:654} INFO - DAG(s) dict_keys(['tutorial_taskflow_api_etl']) retrieved from /Users/andyhsu/tutorial-env/lib/python3.9/site-packages/airflow/example_dags/tutorial_taskflow_api_etl.py
[2022-02-26 05:22:30,661] {logging_mixin.py:109} INFO - [2022-02-26 05:22:30,661] {dag.py:2396} INFO - Sync 1 DAGs
[2022-02-26 05:22:30,664] {logging_mixin.py:109} INFO - [2022-02-26 05:22:30,664] {dag.py:2935} INFO - Setting next_dagrun for tutorial_taskflow_api_etl to None
[2022-02-26 05:22:30,667] {processor.py:171} INFO - Processing /Users/andyhsu/tutorial-env/lib/python3.9/site-packages/airflow/example_dags/tutorial_taskflow_api_etl.py took 0.091 seconds
[2022-02-26 05:37:32,906] {processor.py:163} INFO - Started process (PID=5704) to work on /Users/andyhsu/tutorial-env/lib/python3.9/site-packages/airflow/example_dags/tutorial_taskflow_api_etl.py
[2022-02-26 05:37:32,906] {processor.py:642} INFO - Processing file /Users/andyhsu/tutorial-env/lib/python3.9/site-packages/airflow/example_dags/tutorial_taskflow_api_etl.py for tasks to queue
[2022-02-26 05:37:32,906] {logging_mixin.py:109} INFO - [2022-02-26 05:37:32,906] {dagbag.py:500} INFO - Filling up the DagBag from /Users/andyhsu/tutorial-env/lib/python3.9/site-packages/airflow/example_dags/tutorial_taskflow_api_etl.py
[2022-02-26 05:37:32,922] {processor.py:654} INFO - DAG(s) dict_keys(['tutorial_taskflow_api_etl']) retrieved from /Users/andyhsu/tutorial-env/lib/python3.9/site-packages/airflow/example_dags/tutorial_taskflow_api_etl.py
[2022-02-26 05:37:32,991] {logging_mixin.py:109} INFO - [2022-02-26 05:37:32,991] {dag.py:2396} INFO - Sync 1 DAGs
[2022-02-26 05:37:32,994] {logging_mixin.py:109} INFO - [2022-02-26 05:37:32,994] {dag.py:2935} INFO - Setting next_dagrun for tutorial_taskflow_api_etl to None
[2022-02-26 05:37:32,997] {processor.py:171} INFO - Processing /Users/andyhsu/tutorial-env/lib/python3.9/site-packages/airflow/example_dags/tutorial_taskflow_api_etl.py took 0.092 seconds
[2022-02-26 05:52:31,536] {processor.py:163} INFO - Started process (PID=5750) to work on /Users/andyhsu/tutorial-env/lib/python3.9/site-packages/airflow/example_dags/tutorial_taskflow_api_etl.py
[2022-02-26 05:52:31,536] {processor.py:642} INFO - Processing file /Users/andyhsu/tutorial-env/lib/python3.9/site-packages/airflow/example_dags/tutorial_taskflow_api_etl.py for tasks to queue
[2022-02-26 05:52:31,536] {logging_mixin.py:109} INFO - [2022-02-26 05:52:31,536] {dagbag.py:500} INFO - Filling up the DagBag from /Users/andyhsu/tutorial-env/lib/python3.9/site-packages/airflow/example_dags/tutorial_taskflow_api_etl.py
[2022-02-26 05:52:31,551] {processor.py:654} INFO - DAG(s) dict_keys(['tutorial_taskflow_api_etl']) retrieved from /Users/andyhsu/tutorial-env/lib/python3.9/site-packages/airflow/example_dags/tutorial_taskflow_api_etl.py
[2022-02-26 05:52:31,620] {logging_mixin.py:109} INFO - [2022-02-26 05:52:31,620] {dag.py:2396} INFO - Sync 1 DAGs
[2022-02-26 05:52:31,623] {logging_mixin.py:109} INFO - [2022-02-26 05:52:31,623] {dag.py:2935} INFO - Setting next_dagrun for tutorial_taskflow_api_etl to None
[2022-02-26 05:52:31,626] {processor.py:171} INFO - Processing /Users/andyhsu/tutorial-env/lib/python3.9/site-packages/airflow/example_dags/tutorial_taskflow_api_etl.py took 0.091 seconds
[2022-02-26 06:11:00,667] {processor.py:163} INFO - Started process (PID=5786) to work on /Users/andyhsu/tutorial-env/lib/python3.9/site-packages/airflow/example_dags/tutorial_taskflow_api_etl.py
[2022-02-26 06:11:00,667] {processor.py:642} INFO - Processing file /Users/andyhsu/tutorial-env/lib/python3.9/site-packages/airflow/example_dags/tutorial_taskflow_api_etl.py for tasks to queue
[2022-02-26 06:11:00,668] {logging_mixin.py:109} INFO - [2022-02-26 06:11:00,668] {dagbag.py:500} INFO - Filling up the DagBag from /Users/andyhsu/tutorial-env/lib/python3.9/site-packages/airflow/example_dags/tutorial_taskflow_api_etl.py
[2022-02-26 06:11:00,683] {processor.py:654} INFO - DAG(s) dict_keys(['tutorial_taskflow_api_etl']) retrieved from /Users/andyhsu/tutorial-env/lib/python3.9/site-packages/airflow/example_dags/tutorial_taskflow_api_etl.py
[2022-02-26 06:11:00,752] {logging_mixin.py:109} INFO - [2022-02-26 06:11:00,752] {dag.py:2396} INFO - Sync 1 DAGs
[2022-02-26 06:11:00,755] {logging_mixin.py:109} INFO - [2022-02-26 06:11:00,755] {dag.py:2935} INFO - Setting next_dagrun for tutorial_taskflow_api_etl to None
[2022-02-26 06:11:00,758] {processor.py:171} INFO - Processing /Users/andyhsu/tutorial-env/lib/python3.9/site-packages/airflow/example_dags/tutorial_taskflow_api_etl.py took 0.091 seconds
[2022-02-26 07:15:00,492] {processor.py:163} INFO - Started process (PID=5846) to work on /Users/andyhsu/tutorial-env/lib/python3.9/site-packages/airflow/example_dags/tutorial_taskflow_api_etl.py
[2022-02-26 07:15:00,492] {processor.py:642} INFO - Processing file /Users/andyhsu/tutorial-env/lib/python3.9/site-packages/airflow/example_dags/tutorial_taskflow_api_etl.py for tasks to queue
[2022-02-26 07:15:00,492] {logging_mixin.py:109} INFO - [2022-02-26 07:15:00,492] {dagbag.py:500} INFO - Filling up the DagBag from /Users/andyhsu/tutorial-env/lib/python3.9/site-packages/airflow/example_dags/tutorial_taskflow_api_etl.py
[2022-02-26 07:15:00,508] {processor.py:654} INFO - DAG(s) dict_keys(['tutorial_taskflow_api_etl']) retrieved from /Users/andyhsu/tutorial-env/lib/python3.9/site-packages/airflow/example_dags/tutorial_taskflow_api_etl.py
[2022-02-26 07:15:00,578] {logging_mixin.py:109} INFO - [2022-02-26 07:15:00,578] {dag.py:2396} INFO - Sync 1 DAGs
[2022-02-26 07:15:00,581] {logging_mixin.py:109} INFO - [2022-02-26 07:15:00,581] {dag.py:2935} INFO - Setting next_dagrun for tutorial_taskflow_api_etl to None
[2022-02-26 07:15:00,585] {processor.py:171} INFO - Processing /Users/andyhsu/tutorial-env/lib/python3.9/site-packages/airflow/example_dags/tutorial_taskflow_api_etl.py took 0.093 seconds
