[2022-02-26 03:32:42,215] {processor.py:163} INFO - Started process (PID=5316) to work on /Users/andyhsu/tutorial-env/lib/python3.9/site-packages/airflow/example_dags/tutorial_taskflow_api_etl_virtualenv.py
[2022-02-26 03:32:42,215] {processor.py:642} INFO - Processing file /Users/andyhsu/tutorial-env/lib/python3.9/site-packages/airflow/example_dags/tutorial_taskflow_api_etl_virtualenv.py for tasks to queue
[2022-02-26 03:32:42,215] {logging_mixin.py:109} INFO - [2022-02-26 03:32:42,215] {dagbag.py:500} INFO - Filling up the DagBag from /Users/andyhsu/tutorial-env/lib/python3.9/site-packages/airflow/example_dags/tutorial_taskflow_api_etl_virtualenv.py
[2022-02-26 03:32:42,232] {processor.py:654} INFO - DAG(s) dict_keys(['tutorial_taskflow_api_etl_virtualenv']) retrieved from /Users/andyhsu/tutorial-env/lib/python3.9/site-packages/airflow/example_dags/tutorial_taskflow_api_etl_virtualenv.py
[2022-02-26 03:32:42,325] {logging_mixin.py:109} INFO - [2022-02-26 03:32:42,324] {dag.py:2396} INFO - Sync 1 DAGs
[2022-02-26 03:32:42,328] {logging_mixin.py:109} INFO - [2022-02-26 03:32:42,328] {dag.py:2935} INFO - Setting next_dagrun for tutorial_taskflow_api_etl_virtualenv to None
[2022-02-26 03:32:42,331] {processor.py:171} INFO - Processing /Users/andyhsu/tutorial-env/lib/python3.9/site-packages/airflow/example_dags/tutorial_taskflow_api_etl_virtualenv.py took 0.116 seconds
[2022-02-26 03:33:32,268] {processor.py:163} INFO - Started process (PID=5361) to work on /Users/andyhsu/tutorial-env/lib/python3.9/site-packages/airflow/example_dags/tutorial_taskflow_api_etl_virtualenv.py
[2022-02-26 03:33:32,269] {processor.py:642} INFO - Processing file /Users/andyhsu/tutorial-env/lib/python3.9/site-packages/airflow/example_dags/tutorial_taskflow_api_etl_virtualenv.py for tasks to queue
[2022-02-26 03:33:32,269] {logging_mixin.py:109} INFO - [2022-02-26 03:33:32,269] {dagbag.py:500} INFO - Filling up the DagBag from /Users/andyhsu/tutorial-env/lib/python3.9/site-packages/airflow/example_dags/tutorial_taskflow_api_etl_virtualenv.py
[2022-02-26 03:33:32,286] {processor.py:654} INFO - DAG(s) dict_keys(['tutorial_taskflow_api_etl_virtualenv']) retrieved from /Users/andyhsu/tutorial-env/lib/python3.9/site-packages/airflow/example_dags/tutorial_taskflow_api_etl_virtualenv.py
[2022-02-26 03:33:32,378] {logging_mixin.py:109} INFO - [2022-02-26 03:33:32,378] {dag.py:2396} INFO - Sync 1 DAGs
[2022-02-26 03:33:32,381] {logging_mixin.py:109} INFO - [2022-02-26 03:33:32,381] {dag.py:2935} INFO - Setting next_dagrun for tutorial_taskflow_api_etl_virtualenv to None
[2022-02-26 03:33:32,384] {processor.py:171} INFO - Processing /Users/andyhsu/tutorial-env/lib/python3.9/site-packages/airflow/example_dags/tutorial_taskflow_api_etl_virtualenv.py took 0.116 seconds
[2022-02-26 03:51:37,127] {processor.py:163} INFO - Started process (PID=5445) to work on /Users/andyhsu/tutorial-env/lib/python3.9/site-packages/airflow/example_dags/tutorial_taskflow_api_etl_virtualenv.py
[2022-02-26 03:51:37,127] {processor.py:642} INFO - Processing file /Users/andyhsu/tutorial-env/lib/python3.9/site-packages/airflow/example_dags/tutorial_taskflow_api_etl_virtualenv.py for tasks to queue
[2022-02-26 03:51:37,127] {logging_mixin.py:109} INFO - [2022-02-26 03:51:37,127] {dagbag.py:500} INFO - Filling up the DagBag from /Users/andyhsu/tutorial-env/lib/python3.9/site-packages/airflow/example_dags/tutorial_taskflow_api_etl_virtualenv.py
[2022-02-26 03:51:37,142] {processor.py:654} INFO - DAG(s) dict_keys(['tutorial_taskflow_api_etl_virtualenv']) retrieved from /Users/andyhsu/tutorial-env/lib/python3.9/site-packages/airflow/example_dags/tutorial_taskflow_api_etl_virtualenv.py
[2022-02-26 03:51:37,215] {logging_mixin.py:109} INFO - [2022-02-26 03:51:37,214] {dag.py:2396} INFO - Sync 1 DAGs
[2022-02-26 03:51:37,218] {logging_mixin.py:109} INFO - [2022-02-26 03:51:37,218] {dag.py:2935} INFO - Setting next_dagrun for tutorial_taskflow_api_etl_virtualenv to None
[2022-02-26 03:51:37,221] {processor.py:171} INFO - Processing /Users/andyhsu/tutorial-env/lib/python3.9/site-packages/airflow/example_dags/tutorial_taskflow_api_etl_virtualenv.py took 0.095 seconds
[2022-02-26 04:22:37,507] {processor.py:163} INFO - Started process (PID=5502) to work on /Users/andyhsu/tutorial-env/lib/python3.9/site-packages/airflow/example_dags/tutorial_taskflow_api_etl_virtualenv.py
[2022-02-26 04:22:37,507] {processor.py:642} INFO - Processing file /Users/andyhsu/tutorial-env/lib/python3.9/site-packages/airflow/example_dags/tutorial_taskflow_api_etl_virtualenv.py for tasks to queue
[2022-02-26 04:22:37,507] {logging_mixin.py:109} INFO - [2022-02-26 04:22:37,507] {dagbag.py:500} INFO - Filling up the DagBag from /Users/andyhsu/tutorial-env/lib/python3.9/site-packages/airflow/example_dags/tutorial_taskflow_api_etl_virtualenv.py
[2022-02-26 04:22:37,523] {processor.py:654} INFO - DAG(s) dict_keys(['tutorial_taskflow_api_etl_virtualenv']) retrieved from /Users/andyhsu/tutorial-env/lib/python3.9/site-packages/airflow/example_dags/tutorial_taskflow_api_etl_virtualenv.py
[2022-02-26 04:22:37,594] {logging_mixin.py:109} INFO - [2022-02-26 04:22:37,594] {dag.py:2396} INFO - Sync 1 DAGs
[2022-02-26 04:22:37,597] {logging_mixin.py:109} INFO - [2022-02-26 04:22:37,597] {dag.py:2935} INFO - Setting next_dagrun for tutorial_taskflow_api_etl_virtualenv to None
[2022-02-26 04:22:37,600] {processor.py:171} INFO - Processing /Users/andyhsu/tutorial-env/lib/python3.9/site-packages/airflow/example_dags/tutorial_taskflow_api_etl_virtualenv.py took 0.093 seconds
[2022-02-26 04:37:30,425] {processor.py:163} INFO - Started process (PID=5537) to work on /Users/andyhsu/tutorial-env/lib/python3.9/site-packages/airflow/example_dags/tutorial_taskflow_api_etl_virtualenv.py
[2022-02-26 04:37:30,425] {processor.py:642} INFO - Processing file /Users/andyhsu/tutorial-env/lib/python3.9/site-packages/airflow/example_dags/tutorial_taskflow_api_etl_virtualenv.py for tasks to queue
[2022-02-26 04:37:30,425] {logging_mixin.py:109} INFO - [2022-02-26 04:37:30,425] {dagbag.py:500} INFO - Filling up the DagBag from /Users/andyhsu/tutorial-env/lib/python3.9/site-packages/airflow/example_dags/tutorial_taskflow_api_etl_virtualenv.py
[2022-02-26 04:37:30,441] {processor.py:654} INFO - DAG(s) dict_keys(['tutorial_taskflow_api_etl_virtualenv']) retrieved from /Users/andyhsu/tutorial-env/lib/python3.9/site-packages/airflow/example_dags/tutorial_taskflow_api_etl_virtualenv.py
[2022-02-26 04:37:30,513] {logging_mixin.py:109} INFO - [2022-02-26 04:37:30,513] {dag.py:2396} INFO - Sync 1 DAGs
[2022-02-26 04:37:30,516] {logging_mixin.py:109} INFO - [2022-02-26 04:37:30,516] {dag.py:2935} INFO - Setting next_dagrun for tutorial_taskflow_api_etl_virtualenv to None
[2022-02-26 04:37:30,519] {processor.py:171} INFO - Processing /Users/andyhsu/tutorial-env/lib/python3.9/site-packages/airflow/example_dags/tutorial_taskflow_api_etl_virtualenv.py took 0.094 seconds
[2022-02-26 04:52:30,157] {processor.py:163} INFO - Started process (PID=5573) to work on /Users/andyhsu/tutorial-env/lib/python3.9/site-packages/airflow/example_dags/tutorial_taskflow_api_etl_virtualenv.py
[2022-02-26 04:52:30,157] {processor.py:642} INFO - Processing file /Users/andyhsu/tutorial-env/lib/python3.9/site-packages/airflow/example_dags/tutorial_taskflow_api_etl_virtualenv.py for tasks to queue
[2022-02-26 04:52:30,157] {logging_mixin.py:109} INFO - [2022-02-26 04:52:30,157] {dagbag.py:500} INFO - Filling up the DagBag from /Users/andyhsu/tutorial-env/lib/python3.9/site-packages/airflow/example_dags/tutorial_taskflow_api_etl_virtualenv.py
[2022-02-26 04:52:30,172] {processor.py:654} INFO - DAG(s) dict_keys(['tutorial_taskflow_api_etl_virtualenv']) retrieved from /Users/andyhsu/tutorial-env/lib/python3.9/site-packages/airflow/example_dags/tutorial_taskflow_api_etl_virtualenv.py
[2022-02-26 04:52:30,242] {logging_mixin.py:109} INFO - [2022-02-26 04:52:30,242] {dag.py:2396} INFO - Sync 1 DAGs
[2022-02-26 04:52:30,245] {logging_mixin.py:109} INFO - [2022-02-26 04:52:30,245] {dag.py:2935} INFO - Setting next_dagrun for tutorial_taskflow_api_etl_virtualenv to None
[2022-02-26 04:52:30,248] {processor.py:171} INFO - Processing /Users/andyhsu/tutorial-env/lib/python3.9/site-packages/airflow/example_dags/tutorial_taskflow_api_etl_virtualenv.py took 0.091 seconds
[2022-02-26 05:07:29,913] {processor.py:163} INFO - Started process (PID=5611) to work on /Users/andyhsu/tutorial-env/lib/python3.9/site-packages/airflow/example_dags/tutorial_taskflow_api_etl_virtualenv.py
[2022-02-26 05:07:29,913] {processor.py:642} INFO - Processing file /Users/andyhsu/tutorial-env/lib/python3.9/site-packages/airflow/example_dags/tutorial_taskflow_api_etl_virtualenv.py for tasks to queue
[2022-02-26 05:07:29,914] {logging_mixin.py:109} INFO - [2022-02-26 05:07:29,914] {dagbag.py:500} INFO - Filling up the DagBag from /Users/andyhsu/tutorial-env/lib/python3.9/site-packages/airflow/example_dags/tutorial_taskflow_api_etl_virtualenv.py
[2022-02-26 05:07:29,929] {processor.py:654} INFO - DAG(s) dict_keys(['tutorial_taskflow_api_etl_virtualenv']) retrieved from /Users/andyhsu/tutorial-env/lib/python3.9/site-packages/airflow/example_dags/tutorial_taskflow_api_etl_virtualenv.py
[2022-02-26 05:07:29,998] {logging_mixin.py:109} INFO - [2022-02-26 05:07:29,998] {dag.py:2396} INFO - Sync 1 DAGs
[2022-02-26 05:07:30,001] {logging_mixin.py:109} INFO - [2022-02-26 05:07:30,001] {dag.py:2935} INFO - Setting next_dagrun for tutorial_taskflow_api_etl_virtualenv to None
[2022-02-26 05:07:30,005] {processor.py:171} INFO - Processing /Users/andyhsu/tutorial-env/lib/python3.9/site-packages/airflow/example_dags/tutorial_taskflow_api_etl_virtualenv.py took 0.092 seconds
[2022-02-26 05:22:29,753] {processor.py:163} INFO - Started process (PID=5662) to work on /Users/andyhsu/tutorial-env/lib/python3.9/site-packages/airflow/example_dags/tutorial_taskflow_api_etl_virtualenv.py
[2022-02-26 05:22:29,753] {processor.py:642} INFO - Processing file /Users/andyhsu/tutorial-env/lib/python3.9/site-packages/airflow/example_dags/tutorial_taskflow_api_etl_virtualenv.py for tasks to queue
[2022-02-26 05:22:29,753] {logging_mixin.py:109} INFO - [2022-02-26 05:22:29,753] {dagbag.py:500} INFO - Filling up the DagBag from /Users/andyhsu/tutorial-env/lib/python3.9/site-packages/airflow/example_dags/tutorial_taskflow_api_etl_virtualenv.py
[2022-02-26 05:22:29,768] {processor.py:654} INFO - DAG(s) dict_keys(['tutorial_taskflow_api_etl_virtualenv']) retrieved from /Users/andyhsu/tutorial-env/lib/python3.9/site-packages/airflow/example_dags/tutorial_taskflow_api_etl_virtualenv.py
[2022-02-26 05:22:29,838] {logging_mixin.py:109} INFO - [2022-02-26 05:22:29,837] {dag.py:2396} INFO - Sync 1 DAGs
[2022-02-26 05:22:29,841] {logging_mixin.py:109} INFO - [2022-02-26 05:22:29,840] {dag.py:2935} INFO - Setting next_dagrun for tutorial_taskflow_api_etl_virtualenv to None
[2022-02-26 05:22:29,844] {processor.py:171} INFO - Processing /Users/andyhsu/tutorial-env/lib/python3.9/site-packages/airflow/example_dags/tutorial_taskflow_api_etl_virtualenv.py took 0.091 seconds
[2022-02-26 05:37:31,209] {processor.py:163} INFO - Started process (PID=5703) to work on /Users/andyhsu/tutorial-env/lib/python3.9/site-packages/airflow/example_dags/tutorial_taskflow_api_etl_virtualenv.py
[2022-02-26 05:37:31,209] {processor.py:642} INFO - Processing file /Users/andyhsu/tutorial-env/lib/python3.9/site-packages/airflow/example_dags/tutorial_taskflow_api_etl_virtualenv.py for tasks to queue
[2022-02-26 05:37:31,209] {logging_mixin.py:109} INFO - [2022-02-26 05:37:31,209] {dagbag.py:500} INFO - Filling up the DagBag from /Users/andyhsu/tutorial-env/lib/python3.9/site-packages/airflow/example_dags/tutorial_taskflow_api_etl_virtualenv.py
[2022-02-26 05:37:31,225] {processor.py:654} INFO - DAG(s) dict_keys(['tutorial_taskflow_api_etl_virtualenv']) retrieved from /Users/andyhsu/tutorial-env/lib/python3.9/site-packages/airflow/example_dags/tutorial_taskflow_api_etl_virtualenv.py
[2022-02-26 05:37:31,294] {logging_mixin.py:109} INFO - [2022-02-26 05:37:31,294] {dag.py:2396} INFO - Sync 1 DAGs
[2022-02-26 05:37:31,297] {logging_mixin.py:109} INFO - [2022-02-26 05:37:31,297] {dag.py:2935} INFO - Setting next_dagrun for tutorial_taskflow_api_etl_virtualenv to None
[2022-02-26 05:37:31,301] {processor.py:171} INFO - Processing /Users/andyhsu/tutorial-env/lib/python3.9/site-packages/airflow/example_dags/tutorial_taskflow_api_etl_virtualenv.py took 0.092 seconds
[2022-02-26 05:52:29,843] {processor.py:163} INFO - Started process (PID=5749) to work on /Users/andyhsu/tutorial-env/lib/python3.9/site-packages/airflow/example_dags/tutorial_taskflow_api_etl_virtualenv.py
[2022-02-26 05:52:29,843] {processor.py:642} INFO - Processing file /Users/andyhsu/tutorial-env/lib/python3.9/site-packages/airflow/example_dags/tutorial_taskflow_api_etl_virtualenv.py for tasks to queue
[2022-02-26 05:52:29,844] {logging_mixin.py:109} INFO - [2022-02-26 05:52:29,844] {dagbag.py:500} INFO - Filling up the DagBag from /Users/andyhsu/tutorial-env/lib/python3.9/site-packages/airflow/example_dags/tutorial_taskflow_api_etl_virtualenv.py
[2022-02-26 05:52:29,859] {processor.py:654} INFO - DAG(s) dict_keys(['tutorial_taskflow_api_etl_virtualenv']) retrieved from /Users/andyhsu/tutorial-env/lib/python3.9/site-packages/airflow/example_dags/tutorial_taskflow_api_etl_virtualenv.py
[2022-02-26 05:52:29,928] {logging_mixin.py:109} INFO - [2022-02-26 05:52:29,928] {dag.py:2396} INFO - Sync 1 DAGs
[2022-02-26 05:52:29,931] {logging_mixin.py:109} INFO - [2022-02-26 05:52:29,931] {dag.py:2935} INFO - Setting next_dagrun for tutorial_taskflow_api_etl_virtualenv to None
[2022-02-26 05:52:29,935] {processor.py:171} INFO - Processing /Users/andyhsu/tutorial-env/lib/python3.9/site-packages/airflow/example_dags/tutorial_taskflow_api_etl_virtualenv.py took 0.091 seconds
[2022-02-26 06:10:59,850] {processor.py:163} INFO - Started process (PID=5785) to work on /Users/andyhsu/tutorial-env/lib/python3.9/site-packages/airflow/example_dags/tutorial_taskflow_api_etl_virtualenv.py
[2022-02-26 06:10:59,850] {processor.py:642} INFO - Processing file /Users/andyhsu/tutorial-env/lib/python3.9/site-packages/airflow/example_dags/tutorial_taskflow_api_etl_virtualenv.py for tasks to queue
[2022-02-26 06:10:59,850] {logging_mixin.py:109} INFO - [2022-02-26 06:10:59,850] {dagbag.py:500} INFO - Filling up the DagBag from /Users/andyhsu/tutorial-env/lib/python3.9/site-packages/airflow/example_dags/tutorial_taskflow_api_etl_virtualenv.py
[2022-02-26 06:10:59,866] {processor.py:654} INFO - DAG(s) dict_keys(['tutorial_taskflow_api_etl_virtualenv']) retrieved from /Users/andyhsu/tutorial-env/lib/python3.9/site-packages/airflow/example_dags/tutorial_taskflow_api_etl_virtualenv.py
[2022-02-26 06:10:59,935] {logging_mixin.py:109} INFO - [2022-02-26 06:10:59,935] {dag.py:2396} INFO - Sync 1 DAGs
[2022-02-26 06:10:59,938] {logging_mixin.py:109} INFO - [2022-02-26 06:10:59,938] {dag.py:2935} INFO - Setting next_dagrun for tutorial_taskflow_api_etl_virtualenv to None
[2022-02-26 06:10:59,942] {processor.py:171} INFO - Processing /Users/andyhsu/tutorial-env/lib/python3.9/site-packages/airflow/example_dags/tutorial_taskflow_api_etl_virtualenv.py took 0.092 seconds
[2022-02-26 07:14:58,817] {processor.py:163} INFO - Started process (PID=5835) to work on /Users/andyhsu/tutorial-env/lib/python3.9/site-packages/airflow/example_dags/tutorial_taskflow_api_etl_virtualenv.py
[2022-02-26 07:14:58,817] {processor.py:642} INFO - Processing file /Users/andyhsu/tutorial-env/lib/python3.9/site-packages/airflow/example_dags/tutorial_taskflow_api_etl_virtualenv.py for tasks to queue
[2022-02-26 07:14:58,817] {logging_mixin.py:109} INFO - [2022-02-26 07:14:58,817] {dagbag.py:500} INFO - Filling up the DagBag from /Users/andyhsu/tutorial-env/lib/python3.9/site-packages/airflow/example_dags/tutorial_taskflow_api_etl_virtualenv.py
[2022-02-26 07:14:58,833] {processor.py:654} INFO - DAG(s) dict_keys(['tutorial_taskflow_api_etl_virtualenv']) retrieved from /Users/andyhsu/tutorial-env/lib/python3.9/site-packages/airflow/example_dags/tutorial_taskflow_api_etl_virtualenv.py
[2022-02-26 07:14:58,902] {logging_mixin.py:109} INFO - [2022-02-26 07:14:58,902] {dag.py:2396} INFO - Sync 1 DAGs
[2022-02-26 07:14:58,905] {logging_mixin.py:109} INFO - [2022-02-26 07:14:58,905] {dag.py:2935} INFO - Setting next_dagrun for tutorial_taskflow_api_etl_virtualenv to None
[2022-02-26 07:14:58,909] {processor.py:171} INFO - Processing /Users/andyhsu/tutorial-env/lib/python3.9/site-packages/airflow/example_dags/tutorial_taskflow_api_etl_virtualenv.py took 0.092 seconds
