[2022-02-26 23:01:13,390] {processor.py:163} INFO - Started process (PID=17021) to work on /Users/andyhsu/Desktop/airflow_tutorial/airflow/dags/download_stock_price_2.py
[2022-02-26 23:01:13,391] {processor.py:642} INFO - Processing file /Users/andyhsu/Desktop/airflow_tutorial/airflow/dags/download_stock_price_2.py for tasks to queue
[2022-02-26 23:01:13,391] {logging_mixin.py:109} INFO - [2022-02-26 23:01:13,391] {dagbag.py:500} INFO - Filling up the DagBag from /Users/andyhsu/Desktop/airflow_tutorial/airflow/dags/download_stock_price_2.py
[2022-02-26 23:01:13,593] {processor.py:654} INFO - DAG(s) dict_keys(['Download_Stock_Price']) retrieved from /Users/andyhsu/Desktop/airflow_tutorial/airflow/dags/download_stock_price_2.py
[2022-02-26 23:01:13,727] {logging_mixin.py:109} INFO - [2022-02-26 23:01:13,727] {dag.py:2396} INFO - Sync 1 DAGs
[2022-02-26 23:01:13,731] {logging_mixin.py:109} INFO - [2022-02-26 23:01:13,731] {dag.py:2935} INFO - Setting next_dagrun for Download_Stock_Price to 2022-02-26T00:00:00+00:00
[2022-02-26 23:01:13,734] {processor.py:171} INFO - Processing /Users/andyhsu/Desktop/airflow_tutorial/airflow/dags/download_stock_price_2.py took 0.344 seconds
[2022-02-26 23:01:34,926] {processor.py:163} INFO - Started process (PID=17050) to work on /Users/andyhsu/Desktop/airflow_tutorial/airflow/dags/download_stock_price_2.py
[2022-02-26 23:01:34,927] {processor.py:642} INFO - Processing file /Users/andyhsu/Desktop/airflow_tutorial/airflow/dags/download_stock_price_2.py for tasks to queue
[2022-02-26 23:01:34,927] {logging_mixin.py:109} INFO - [2022-02-26 23:01:34,927] {dagbag.py:500} INFO - Filling up the DagBag from /Users/andyhsu/Desktop/airflow_tutorial/airflow/dags/download_stock_price_2.py
[2022-02-26 23:01:35,195] {processor.py:654} INFO - DAG(s) dict_keys(['Download_Stock_Price']) retrieved from /Users/andyhsu/Desktop/airflow_tutorial/airflow/dags/download_stock_price_2.py
[2022-02-26 23:01:35,205] {logging_mixin.py:109} INFO - [2022-02-26 23:01:35,205] {dag.py:2396} INFO - Sync 1 DAGs
[2022-02-26 23:01:35,238] {logging_mixin.py:109} INFO - [2022-02-26 23:01:35,238] {dag.py:2935} INFO - Setting next_dagrun for Download_Stock_Price to 2022-02-26T00:00:00+00:00
[2022-02-26 23:01:35,241] {processor.py:171} INFO - Processing /Users/andyhsu/Desktop/airflow_tutorial/airflow/dags/download_stock_price_2.py took 0.315 seconds
[2022-02-26 23:01:59,159] {processor.py:163} INFO - Started process (PID=17073) to work on /Users/andyhsu/Desktop/airflow_tutorial/airflow/dags/download_stock_price_2.py
[2022-02-26 23:01:59,159] {processor.py:642} INFO - Processing file /Users/andyhsu/Desktop/airflow_tutorial/airflow/dags/download_stock_price_2.py for tasks to queue
[2022-02-26 23:01:59,159] {logging_mixin.py:109} INFO - [2022-02-26 23:01:59,159] {dagbag.py:500} INFO - Filling up the DagBag from /Users/andyhsu/Desktop/airflow_tutorial/airflow/dags/download_stock_price_2.py
[2022-02-26 23:01:59,387] {processor.py:654} INFO - DAG(s) dict_keys(['Download_Stock_Price']) retrieved from /Users/andyhsu/Desktop/airflow_tutorial/airflow/dags/download_stock_price_2.py
[2022-02-26 23:01:59,444] {logging_mixin.py:109} INFO - [2022-02-26 23:01:59,444] {dag.py:2396} INFO - Sync 1 DAGs
[2022-02-26 23:01:59,449] {logging_mixin.py:109} INFO - [2022-02-26 23:01:59,449] {dag.py:2935} INFO - Setting next_dagrun for Download_Stock_Price to 2022-02-26T00:00:00+00:00
[2022-02-26 23:01:59,452] {processor.py:171} INFO - Processing /Users/andyhsu/Desktop/airflow_tutorial/airflow/dags/download_stock_price_2.py took 0.293 seconds
[2022-02-26 23:02:21,221] {processor.py:163} INFO - Started process (PID=17094) to work on /Users/andyhsu/Desktop/airflow_tutorial/airflow/dags/download_stock_price_2.py
[2022-02-26 23:02:21,221] {processor.py:642} INFO - Processing file /Users/andyhsu/Desktop/airflow_tutorial/airflow/dags/download_stock_price_2.py for tasks to queue
[2022-02-26 23:02:21,221] {logging_mixin.py:109} INFO - [2022-02-26 23:02:21,221] {dagbag.py:500} INFO - Filling up the DagBag from /Users/andyhsu/Desktop/airflow_tutorial/airflow/dags/download_stock_price_2.py
[2022-02-26 23:02:21,380] {processor.py:654} INFO - DAG(s) dict_keys(['Download_Stock_Price_2']) retrieved from /Users/andyhsu/Desktop/airflow_tutorial/airflow/dags/download_stock_price_2.py
[2022-02-26 23:02:21,578] {logging_mixin.py:109} INFO - [2022-02-26 23:02:21,578] {manager.py:496} INFO - Created Permission View: can edit on DAG:Download_Stock_Price_2
[2022-02-26 23:02:21,580] {logging_mixin.py:109} INFO - [2022-02-26 23:02:21,580] {manager.py:496} INFO - Created Permission View: can read on DAG:Download_Stock_Price_2
[2022-02-26 23:02:21,580] {logging_mixin.py:109} INFO - [2022-02-26 23:02:21,580] {dag.py:2396} INFO - Sync 1 DAGs
[2022-02-26 23:02:21,582] {logging_mixin.py:109} INFO - [2022-02-26 23:02:21,582] {dag.py:2415} INFO - Creating ORM DAG for Download_Stock_Price_2
[2022-02-26 23:02:21,584] {logging_mixin.py:109} INFO - [2022-02-26 23:02:21,584] {dag.py:2935} INFO - Setting next_dagrun for Download_Stock_Price_2 to 2022-02-24T00:00:00+00:00
[2022-02-26 23:02:21,587] {processor.py:171} INFO - Processing /Users/andyhsu/Desktop/airflow_tutorial/airflow/dags/download_stock_price_2.py took 0.367 seconds
[2022-02-26 23:02:44,565] {processor.py:163} INFO - Started process (PID=17118) to work on /Users/andyhsu/Desktop/airflow_tutorial/airflow/dags/download_stock_price_2.py
[2022-02-26 23:02:44,565] {processor.py:642} INFO - Processing file /Users/andyhsu/Desktop/airflow_tutorial/airflow/dags/download_stock_price_2.py for tasks to queue
[2022-02-26 23:02:44,565] {logging_mixin.py:109} INFO - [2022-02-26 23:02:44,565] {dagbag.py:500} INFO - Filling up the DagBag from /Users/andyhsu/Desktop/airflow_tutorial/airflow/dags/download_stock_price_2.py
[2022-02-26 23:02:44,573] {processor.py:690} INFO - Deactivated 1 DAGs which are no longer present in /Users/andyhsu/Desktop/airflow_tutorial/airflow/dags/download_stock_price_2.py
[2022-02-26 23:02:44,573] {processor.py:656} WARNING - No viable dags retrieved from /Users/andyhsu/Desktop/airflow_tutorial/airflow/dags/download_stock_price_2.py
[2022-02-26 23:02:44,574] {processor.py:171} INFO - Processing /Users/andyhsu/Desktop/airflow_tutorial/airflow/dags/download_stock_price_2.py took 0.009 seconds
