[2022-02-26 23:36:17,258] {processor.py:163} INFO - Started process (PID=18659) to work on /Users/andyhsu/Desktop/airflow_tutorial/airflow/dags/download_stock_price_ver2.py
[2022-02-26 23:36:17,258] {processor.py:642} INFO - Processing file /Users/andyhsu/Desktop/airflow_tutorial/airflow/dags/download_stock_price_ver2.py for tasks to queue
[2022-02-26 23:36:17,258] {logging_mixin.py:109} INFO - [2022-02-26 23:36:17,258] {dagbag.py:500} INFO - Filling up the DagBag from /Users/andyhsu/Desktop/airflow_tutorial/airflow/dags/download_stock_price_ver2.py
[2022-02-26 23:36:17,543] {processor.py:654} INFO - DAG(s) dict_keys(['Download_Stock_Price_ver2']) retrieved from /Users/andyhsu/Desktop/airflow_tutorial/airflow/dags/download_stock_price_ver2.py
[2022-02-26 23:36:17,705] {logging_mixin.py:109} INFO - [2022-02-26 23:36:17,705] {manager.py:496} INFO - Created Permission View: can edit on DAG:Download_Stock_Price_ver2
[2022-02-26 23:36:17,707] {logging_mixin.py:109} INFO - [2022-02-26 23:36:17,707] {manager.py:496} INFO - Created Permission View: can read on DAG:Download_Stock_Price_ver2
[2022-02-26 23:36:17,707] {logging_mixin.py:109} INFO - [2022-02-26 23:36:17,707] {dag.py:2396} INFO - Sync 1 DAGs
[2022-02-26 23:36:17,709] {logging_mixin.py:109} INFO - [2022-02-26 23:36:17,709] {dag.py:2415} INFO - Creating ORM DAG for Download_Stock_Price_ver2
[2022-02-26 23:36:17,711] {logging_mixin.py:109} INFO - [2022-02-26 23:36:17,711] {dag.py:2935} INFO - Setting next_dagrun for Download_Stock_Price_ver2 to 2022-02-24T00:00:00+00:00
[2022-02-26 23:36:17,713] {processor.py:171} INFO - Processing /Users/andyhsu/Desktop/airflow_tutorial/airflow/dags/download_stock_price_ver2.py took 0.456 seconds
[2022-02-26 23:36:39,420] {processor.py:163} INFO - Started process (PID=18674) to work on /Users/andyhsu/Desktop/airflow_tutorial/airflow/dags/download_stock_price_ver2.py
[2022-02-26 23:36:39,421] {processor.py:642} INFO - Processing file /Users/andyhsu/Desktop/airflow_tutorial/airflow/dags/download_stock_price_ver2.py for tasks to queue
[2022-02-26 23:36:39,421] {logging_mixin.py:109} INFO - [2022-02-26 23:36:39,421] {dagbag.py:500} INFO - Filling up the DagBag from /Users/andyhsu/Desktop/airflow_tutorial/airflow/dags/download_stock_price_ver2.py
[2022-02-26 23:36:39,636] {processor.py:654} INFO - DAG(s) dict_keys(['Download_Stock_Price_ver2']) retrieved from /Users/andyhsu/Desktop/airflow_tutorial/airflow/dags/download_stock_price_ver2.py
[2022-02-26 23:36:39,644] {logging_mixin.py:109} INFO - [2022-02-26 23:36:39,644] {dag.py:2396} INFO - Sync 1 DAGs
[2022-02-26 23:36:39,684] {logging_mixin.py:109} INFO - [2022-02-26 23:36:39,684] {dag.py:2935} INFO - Setting next_dagrun for Download_Stock_Price_ver2 to 2022-02-24T00:00:00+00:00
[2022-02-26 23:36:39,687] {processor.py:171} INFO - Processing /Users/andyhsu/Desktop/airflow_tutorial/airflow/dags/download_stock_price_ver2.py took 0.267 seconds
[2022-02-26 23:37:01,671] {processor.py:163} INFO - Started process (PID=18691) to work on /Users/andyhsu/Desktop/airflow_tutorial/airflow/dags/download_stock_price_ver2.py
[2022-02-26 23:37:01,671] {processor.py:642} INFO - Processing file /Users/andyhsu/Desktop/airflow_tutorial/airflow/dags/download_stock_price_ver2.py for tasks to queue
[2022-02-26 23:37:01,671] {logging_mixin.py:109} INFO - [2022-02-26 23:37:01,671] {dagbag.py:500} INFO - Filling up the DagBag from /Users/andyhsu/Desktop/airflow_tutorial/airflow/dags/download_stock_price_ver2.py
[2022-02-26 23:37:01,961] {processor.py:654} INFO - DAG(s) dict_keys(['Download_Stock_Price_ver2']) retrieved from /Users/andyhsu/Desktop/airflow_tutorial/airflow/dags/download_stock_price_ver2.py
[2022-02-26 23:37:01,992] {logging_mixin.py:109} INFO - [2022-02-26 23:37:01,992] {dag.py:2396} INFO - Sync 1 DAGs
[2022-02-26 23:37:01,996] {logging_mixin.py:109} INFO - [2022-02-26 23:37:01,996] {dag.py:2935} INFO - Setting next_dagrun for Download_Stock_Price_ver2 to 2022-02-24T00:00:00+00:00
[2022-02-26 23:37:01,999] {processor.py:171} INFO - Processing /Users/andyhsu/Desktop/airflow_tutorial/airflow/dags/download_stock_price_ver2.py took 0.328 seconds
[2022-02-26 23:37:23,051] {processor.py:163} INFO - Started process (PID=18705) to work on /Users/andyhsu/Desktop/airflow_tutorial/airflow/dags/download_stock_price_ver2.py
[2022-02-26 23:37:23,051] {processor.py:642} INFO - Processing file /Users/andyhsu/Desktop/airflow_tutorial/airflow/dags/download_stock_price_ver2.py for tasks to queue
[2022-02-26 23:37:23,051] {logging_mixin.py:109} INFO - [2022-02-26 23:37:23,051] {dagbag.py:500} INFO - Filling up the DagBag from /Users/andyhsu/Desktop/airflow_tutorial/airflow/dags/download_stock_price_ver2.py
[2022-02-26 23:37:23,246] {processor.py:654} INFO - DAG(s) dict_keys(['Download_Stock_Price_ver2']) retrieved from /Users/andyhsu/Desktop/airflow_tutorial/airflow/dags/download_stock_price_ver2.py
[2022-02-26 23:37:23,297] {logging_mixin.py:109} INFO - [2022-02-26 23:37:23,297] {dag.py:2396} INFO - Sync 1 DAGs
[2022-02-26 23:37:23,324] {logging_mixin.py:109} INFO - [2022-02-26 23:37:23,324] {dag.py:2935} INFO - Setting next_dagrun for Download_Stock_Price_ver2 to 2022-02-24T00:00:00+00:00
[2022-02-26 23:37:23,327] {processor.py:171} INFO - Processing /Users/andyhsu/Desktop/airflow_tutorial/airflow/dags/download_stock_price_ver2.py took 0.277 seconds
[2022-02-26 23:37:45,377] {processor.py:163} INFO - Started process (PID=18720) to work on /Users/andyhsu/Desktop/airflow_tutorial/airflow/dags/download_stock_price_ver2.py
[2022-02-26 23:37:45,377] {processor.py:642} INFO - Processing file /Users/andyhsu/Desktop/airflow_tutorial/airflow/dags/download_stock_price_ver2.py for tasks to queue
[2022-02-26 23:37:45,377] {logging_mixin.py:109} INFO - [2022-02-26 23:37:45,377] {dagbag.py:500} INFO - Filling up the DagBag from /Users/andyhsu/Desktop/airflow_tutorial/airflow/dags/download_stock_price_ver2.py
[2022-02-26 23:37:45,528] {processor.py:654} INFO - DAG(s) dict_keys(['Download_Stock_Price_ver2']) retrieved from /Users/andyhsu/Desktop/airflow_tutorial/airflow/dags/download_stock_price_ver2.py
[2022-02-26 23:37:45,572] {logging_mixin.py:109} INFO - [2022-02-26 23:37:45,572] {dag.py:2396} INFO - Sync 1 DAGs
[2022-02-26 23:37:45,580] {logging_mixin.py:109} INFO - [2022-02-26 23:37:45,576] {dag.py:2935} INFO - Setting next_dagrun for Download_Stock_Price_ver2 to 2022-02-24T00:00:00+00:00
[2022-02-26 23:37:45,604] {processor.py:171} INFO - Processing /Users/andyhsu/Desktop/airflow_tutorial/airflow/dags/download_stock_price_ver2.py took 0.227 seconds
[2022-02-26 23:38:07,326] {processor.py:163} INFO - Started process (PID=18738) to work on /Users/andyhsu/Desktop/airflow_tutorial/airflow/dags/download_stock_price_ver2.py
[2022-02-26 23:38:07,326] {processor.py:642} INFO - Processing file /Users/andyhsu/Desktop/airflow_tutorial/airflow/dags/download_stock_price_ver2.py for tasks to queue
[2022-02-26 23:38:07,326] {logging_mixin.py:109} INFO - [2022-02-26 23:38:07,326] {dagbag.py:500} INFO - Filling up the DagBag from /Users/andyhsu/Desktop/airflow_tutorial/airflow/dags/download_stock_price_ver2.py
[2022-02-26 23:38:07,543] {processor.py:654} INFO - DAG(s) dict_keys(['Download_Stock_Price_ver2']) retrieved from /Users/andyhsu/Desktop/airflow_tutorial/airflow/dags/download_stock_price_ver2.py
[2022-02-26 23:38:07,570] {logging_mixin.py:109} INFO - [2022-02-26 23:38:07,570] {dag.py:2396} INFO - Sync 1 DAGs
[2022-02-26 23:38:07,582] {logging_mixin.py:109} INFO - [2022-02-26 23:38:07,582] {dag.py:2935} INFO - Setting next_dagrun for Download_Stock_Price_ver2 to 2022-02-24T00:00:00+00:00
[2022-02-26 23:38:07,586] {processor.py:171} INFO - Processing /Users/andyhsu/Desktop/airflow_tutorial/airflow/dags/download_stock_price_ver2.py took 0.260 seconds
[2022-02-26 23:38:28,828] {processor.py:163} INFO - Started process (PID=18752) to work on /Users/andyhsu/Desktop/airflow_tutorial/airflow/dags/download_stock_price_ver2.py
[2022-02-26 23:38:28,828] {processor.py:642} INFO - Processing file /Users/andyhsu/Desktop/airflow_tutorial/airflow/dags/download_stock_price_ver2.py for tasks to queue
[2022-02-26 23:38:28,828] {logging_mixin.py:109} INFO - [2022-02-26 23:38:28,828] {dagbag.py:500} INFO - Filling up the DagBag from /Users/andyhsu/Desktop/airflow_tutorial/airflow/dags/download_stock_price_ver2.py
[2022-02-26 23:38:29,049] {processor.py:654} INFO - DAG(s) dict_keys(['Download_Stock_Price_ver2']) retrieved from /Users/andyhsu/Desktop/airflow_tutorial/airflow/dags/download_stock_price_ver2.py
[2022-02-26 23:38:29,078] {logging_mixin.py:109} INFO - [2022-02-26 23:38:29,078] {dag.py:2396} INFO - Sync 1 DAGs
[2022-02-26 23:38:29,082] {logging_mixin.py:109} INFO - [2022-02-26 23:38:29,082] {dag.py:2935} INFO - Setting next_dagrun for Download_Stock_Price_ver2 to 2022-02-24T00:00:00+00:00
[2022-02-26 23:38:29,085] {processor.py:171} INFO - Processing /Users/andyhsu/Desktop/airflow_tutorial/airflow/dags/download_stock_price_ver2.py took 0.257 seconds
[2022-02-26 23:38:50,804] {processor.py:163} INFO - Started process (PID=18768) to work on /Users/andyhsu/Desktop/airflow_tutorial/airflow/dags/download_stock_price_ver2.py
[2022-02-26 23:38:50,804] {processor.py:642} INFO - Processing file /Users/andyhsu/Desktop/airflow_tutorial/airflow/dags/download_stock_price_ver2.py for tasks to queue
[2022-02-26 23:38:50,805] {logging_mixin.py:109} INFO - [2022-02-26 23:38:50,805] {dagbag.py:500} INFO - Filling up the DagBag from /Users/andyhsu/Desktop/airflow_tutorial/airflow/dags/download_stock_price_ver2.py
[2022-02-26 23:38:51,006] {processor.py:654} INFO - DAG(s) dict_keys(['Download_Stock_Price_ver2']) retrieved from /Users/andyhsu/Desktop/airflow_tutorial/airflow/dags/download_stock_price_ver2.py
[2022-02-26 23:38:51,058] {logging_mixin.py:109} INFO - [2022-02-26 23:38:51,057] {dag.py:2396} INFO - Sync 1 DAGs
[2022-02-26 23:38:51,076] {logging_mixin.py:109} INFO - [2022-02-26 23:38:51,076] {dag.py:2935} INFO - Setting next_dagrun for Download_Stock_Price_ver2 to 2022-02-24T00:00:00+00:00
[2022-02-26 23:38:51,080] {processor.py:171} INFO - Processing /Users/andyhsu/Desktop/airflow_tutorial/airflow/dags/download_stock_price_ver2.py took 0.276 seconds
[2022-02-26 23:39:14,030] {processor.py:163} INFO - Started process (PID=18786) to work on /Users/andyhsu/Desktop/airflow_tutorial/airflow/dags/download_stock_price_ver2.py
[2022-02-26 23:39:14,030] {processor.py:642} INFO - Processing file /Users/andyhsu/Desktop/airflow_tutorial/airflow/dags/download_stock_price_ver2.py for tasks to queue
[2022-02-26 23:39:14,031] {logging_mixin.py:109} INFO - [2022-02-26 23:39:14,031] {dagbag.py:500} INFO - Filling up the DagBag from /Users/andyhsu/Desktop/airflow_tutorial/airflow/dags/download_stock_price_ver2.py
[2022-02-26 23:39:14,272] {processor.py:654} INFO - DAG(s) dict_keys(['Download_Stock_Price_ver2']) retrieved from /Users/andyhsu/Desktop/airflow_tutorial/airflow/dags/download_stock_price_ver2.py
[2022-02-26 23:39:14,308] {logging_mixin.py:109} INFO - [2022-02-26 23:39:14,308] {dag.py:2396} INFO - Sync 1 DAGs
[2022-02-26 23:39:14,311] {logging_mixin.py:109} INFO - [2022-02-26 23:39:14,311] {dag.py:2935} INFO - Setting next_dagrun for Download_Stock_Price_ver2 to 2022-02-24T00:00:00+00:00
[2022-02-26 23:39:14,314] {processor.py:171} INFO - Processing /Users/andyhsu/Desktop/airflow_tutorial/airflow/dags/download_stock_price_ver2.py took 0.284 seconds
[2022-02-26 23:39:35,991] {processor.py:163} INFO - Started process (PID=18801) to work on /Users/andyhsu/Desktop/airflow_tutorial/airflow/dags/download_stock_price_ver2.py
[2022-02-26 23:39:35,991] {processor.py:642} INFO - Processing file /Users/andyhsu/Desktop/airflow_tutorial/airflow/dags/download_stock_price_ver2.py for tasks to queue
[2022-02-26 23:39:35,991] {logging_mixin.py:109} INFO - [2022-02-26 23:39:35,991] {dagbag.py:500} INFO - Filling up the DagBag from /Users/andyhsu/Desktop/airflow_tutorial/airflow/dags/download_stock_price_ver2.py
[2022-02-26 23:39:36,138] {processor.py:654} INFO - DAG(s) dict_keys(['Download_Stock_Price_ver2']) retrieved from /Users/andyhsu/Desktop/airflow_tutorial/airflow/dags/download_stock_price_ver2.py
[2022-02-26 23:39:36,175] {logging_mixin.py:109} INFO - [2022-02-26 23:39:36,175] {dag.py:2396} INFO - Sync 1 DAGs
[2022-02-26 23:39:36,183] {logging_mixin.py:109} INFO - [2022-02-26 23:39:36,183] {dag.py:2935} INFO - Setting next_dagrun for Download_Stock_Price_ver2 to 2022-02-24T00:00:00+00:00
[2022-02-26 23:39:36,188] {processor.py:171} INFO - Processing /Users/andyhsu/Desktop/airflow_tutorial/airflow/dags/download_stock_price_ver2.py took 0.197 seconds
[2022-02-26 23:39:57,617] {processor.py:163} INFO - Started process (PID=18815) to work on /Users/andyhsu/Desktop/airflow_tutorial/airflow/dags/download_stock_price_ver2.py
[2022-02-26 23:39:57,617] {processor.py:642} INFO - Processing file /Users/andyhsu/Desktop/airflow_tutorial/airflow/dags/download_stock_price_ver2.py for tasks to queue
[2022-02-26 23:39:57,617] {logging_mixin.py:109} INFO - [2022-02-26 23:39:57,617] {dagbag.py:500} INFO - Filling up the DagBag from /Users/andyhsu/Desktop/airflow_tutorial/airflow/dags/download_stock_price_ver2.py
[2022-02-26 23:39:57,763] {processor.py:654} INFO - DAG(s) dict_keys(['Download_Stock_Price_ver2']) retrieved from /Users/andyhsu/Desktop/airflow_tutorial/airflow/dags/download_stock_price_ver2.py
[2022-02-26 23:39:57,800] {logging_mixin.py:109} INFO - [2022-02-26 23:39:57,800] {dag.py:2396} INFO - Sync 1 DAGs
[2022-02-26 23:39:57,807] {logging_mixin.py:109} INFO - [2022-02-26 23:39:57,807] {dag.py:2935} INFO - Setting next_dagrun for Download_Stock_Price_ver2 to 2022-02-24T00:00:00+00:00
[2022-02-26 23:39:57,810] {processor.py:171} INFO - Processing /Users/andyhsu/Desktop/airflow_tutorial/airflow/dags/download_stock_price_ver2.py took 0.194 seconds
[2022-02-26 23:40:19,487] {processor.py:163} INFO - Started process (PID=18830) to work on /Users/andyhsu/Desktop/airflow_tutorial/airflow/dags/download_stock_price_ver2.py
[2022-02-26 23:40:19,487] {processor.py:642} INFO - Processing file /Users/andyhsu/Desktop/airflow_tutorial/airflow/dags/download_stock_price_ver2.py for tasks to queue
[2022-02-26 23:40:19,487] {logging_mixin.py:109} INFO - [2022-02-26 23:40:19,487] {dagbag.py:500} INFO - Filling up the DagBag from /Users/andyhsu/Desktop/airflow_tutorial/airflow/dags/download_stock_price_ver2.py
[2022-02-26 23:40:19,676] {processor.py:654} INFO - DAG(s) dict_keys(['Download_Stock_Price_ver2']) retrieved from /Users/andyhsu/Desktop/airflow_tutorial/airflow/dags/download_stock_price_ver2.py
[2022-02-26 23:40:19,717] {logging_mixin.py:109} INFO - [2022-02-26 23:40:19,717] {dag.py:2396} INFO - Sync 1 DAGs
[2022-02-26 23:40:19,720] {logging_mixin.py:109} INFO - [2022-02-26 23:40:19,720] {dag.py:2935} INFO - Setting next_dagrun for Download_Stock_Price_ver2 to 2022-02-24T00:00:00+00:00
[2022-02-26 23:40:19,725] {processor.py:171} INFO - Processing /Users/andyhsu/Desktop/airflow_tutorial/airflow/dags/download_stock_price_ver2.py took 0.239 seconds
[2022-02-26 23:40:41,093] {processor.py:163} INFO - Started process (PID=18844) to work on /Users/andyhsu/Desktop/airflow_tutorial/airflow/dags/download_stock_price_ver2.py
[2022-02-26 23:40:41,093] {processor.py:642} INFO - Processing file /Users/andyhsu/Desktop/airflow_tutorial/airflow/dags/download_stock_price_ver2.py for tasks to queue
[2022-02-26 23:40:41,093] {logging_mixin.py:109} INFO - [2022-02-26 23:40:41,093] {dagbag.py:500} INFO - Filling up the DagBag from /Users/andyhsu/Desktop/airflow_tutorial/airflow/dags/download_stock_price_ver2.py
[2022-02-26 23:40:41,283] {processor.py:654} INFO - DAG(s) dict_keys(['Download_Stock_Price_ver2']) retrieved from /Users/andyhsu/Desktop/airflow_tutorial/airflow/dags/download_stock_price_ver2.py
[2022-02-26 23:40:41,332] {logging_mixin.py:109} INFO - [2022-02-26 23:40:41,332] {dag.py:2396} INFO - Sync 1 DAGs
[2022-02-26 23:40:41,340] {logging_mixin.py:109} INFO - [2022-02-26 23:40:41,337] {dag.py:2935} INFO - Setting next_dagrun for Download_Stock_Price_ver2 to 2022-02-24T00:00:00+00:00
[2022-02-26 23:40:41,345] {processor.py:171} INFO - Processing /Users/andyhsu/Desktop/airflow_tutorial/airflow/dags/download_stock_price_ver2.py took 0.252 seconds
[2022-02-26 23:41:03,210] {processor.py:163} INFO - Started process (PID=18860) to work on /Users/andyhsu/Desktop/airflow_tutorial/airflow/dags/download_stock_price_ver2.py
[2022-02-26 23:41:03,211] {processor.py:642} INFO - Processing file /Users/andyhsu/Desktop/airflow_tutorial/airflow/dags/download_stock_price_ver2.py for tasks to queue
[2022-02-26 23:41:03,211] {logging_mixin.py:109} INFO - [2022-02-26 23:41:03,211] {dagbag.py:500} INFO - Filling up the DagBag from /Users/andyhsu/Desktop/airflow_tutorial/airflow/dags/download_stock_price_ver2.py
[2022-02-26 23:41:03,488] {processor.py:654} INFO - DAG(s) dict_keys(['Download_Stock_Price_ver2']) retrieved from /Users/andyhsu/Desktop/airflow_tutorial/airflow/dags/download_stock_price_ver2.py
[2022-02-26 23:41:03,515] {logging_mixin.py:109} INFO - [2022-02-26 23:41:03,515] {dag.py:2396} INFO - Sync 1 DAGs
[2022-02-26 23:41:03,518] {logging_mixin.py:109} INFO - [2022-02-26 23:41:03,518] {dag.py:2935} INFO - Setting next_dagrun for Download_Stock_Price_ver2 to 2022-02-24T00:00:00+00:00
[2022-02-26 23:41:03,521] {processor.py:171} INFO - Processing /Users/andyhsu/Desktop/airflow_tutorial/airflow/dags/download_stock_price_ver2.py took 0.311 seconds
[2022-02-26 23:41:25,591] {processor.py:163} INFO - Started process (PID=18874) to work on /Users/andyhsu/Desktop/airflow_tutorial/airflow/dags/download_stock_price_ver2.py
[2022-02-26 23:41:25,591] {processor.py:642} INFO - Processing file /Users/andyhsu/Desktop/airflow_tutorial/airflow/dags/download_stock_price_ver2.py for tasks to queue
[2022-02-26 23:41:25,591] {logging_mixin.py:109} INFO - [2022-02-26 23:41:25,591] {dagbag.py:500} INFO - Filling up the DagBag from /Users/andyhsu/Desktop/airflow_tutorial/airflow/dags/download_stock_price_ver2.py
[2022-02-26 23:41:25,728] {processor.py:654} INFO - DAG(s) dict_keys(['Download_Stock_Price_ver2']) retrieved from /Users/andyhsu/Desktop/airflow_tutorial/airflow/dags/download_stock_price_ver2.py
[2022-02-26 23:41:25,771] {logging_mixin.py:109} INFO - [2022-02-26 23:41:25,770] {dag.py:2396} INFO - Sync 1 DAGs
[2022-02-26 23:41:25,780] {logging_mixin.py:109} INFO - [2022-02-26 23:41:25,780] {dag.py:2935} INFO - Setting next_dagrun for Download_Stock_Price_ver2 to 2022-02-24T00:00:00+00:00
[2022-02-26 23:41:25,809] {processor.py:171} INFO - Processing /Users/andyhsu/Desktop/airflow_tutorial/airflow/dags/download_stock_price_ver2.py took 0.219 seconds
[2022-02-26 23:41:49,150] {processor.py:163} INFO - Started process (PID=18890) to work on /Users/andyhsu/Desktop/airflow_tutorial/airflow/dags/download_stock_price_ver2.py
[2022-02-26 23:41:49,151] {processor.py:642} INFO - Processing file /Users/andyhsu/Desktop/airflow_tutorial/airflow/dags/download_stock_price_ver2.py for tasks to queue
[2022-02-26 23:41:49,151] {logging_mixin.py:109} INFO - [2022-02-26 23:41:49,151] {dagbag.py:500} INFO - Filling up the DagBag from /Users/andyhsu/Desktop/airflow_tutorial/airflow/dags/download_stock_price_ver2.py
[2022-02-26 23:41:49,304] {processor.py:654} INFO - DAG(s) dict_keys(['Download_Stock_Price_ver2']) retrieved from /Users/andyhsu/Desktop/airflow_tutorial/airflow/dags/download_stock_price_ver2.py
[2022-02-26 23:41:49,342] {logging_mixin.py:109} INFO - [2022-02-26 23:41:49,341] {dag.py:2396} INFO - Sync 1 DAGs
[2022-02-26 23:41:49,350] {logging_mixin.py:109} INFO - [2022-02-26 23:41:49,350] {dag.py:2935} INFO - Setting next_dagrun for Download_Stock_Price_ver2 to 2022-02-24T00:00:00+00:00
[2022-02-26 23:41:49,354] {processor.py:171} INFO - Processing /Users/andyhsu/Desktop/airflow_tutorial/airflow/dags/download_stock_price_ver2.py took 0.204 seconds
[2022-02-26 23:42:13,301] {processor.py:163} INFO - Started process (PID=18905) to work on /Users/andyhsu/Desktop/airflow_tutorial/airflow/dags/download_stock_price_ver2.py
[2022-02-26 23:42:13,301] {processor.py:642} INFO - Processing file /Users/andyhsu/Desktop/airflow_tutorial/airflow/dags/download_stock_price_ver2.py for tasks to queue
[2022-02-26 23:42:13,301] {logging_mixin.py:109} INFO - [2022-02-26 23:42:13,301] {dagbag.py:500} INFO - Filling up the DagBag from /Users/andyhsu/Desktop/airflow_tutorial/airflow/dags/download_stock_price_ver2.py
[2022-02-26 23:42:13,447] {processor.py:654} INFO - DAG(s) dict_keys(['Download_Stock_Price_ver2']) retrieved from /Users/andyhsu/Desktop/airflow_tutorial/airflow/dags/download_stock_price_ver2.py
[2022-02-26 23:42:13,486] {logging_mixin.py:109} INFO - [2022-02-26 23:42:13,486] {dag.py:2396} INFO - Sync 1 DAGs
[2022-02-26 23:42:13,492] {logging_mixin.py:109} INFO - [2022-02-26 23:42:13,492] {dag.py:2935} INFO - Setting next_dagrun for Download_Stock_Price_ver2 to 2022-02-24T00:00:00+00:00
[2022-02-26 23:42:13,497] {processor.py:171} INFO - Processing /Users/andyhsu/Desktop/airflow_tutorial/airflow/dags/download_stock_price_ver2.py took 0.197 seconds
[2022-02-26 23:42:36,913] {processor.py:163} INFO - Started process (PID=18921) to work on /Users/andyhsu/Desktop/airflow_tutorial/airflow/dags/download_stock_price_ver2.py
[2022-02-26 23:42:36,913] {processor.py:642} INFO - Processing file /Users/andyhsu/Desktop/airflow_tutorial/airflow/dags/download_stock_price_ver2.py for tasks to queue
[2022-02-26 23:42:36,913] {logging_mixin.py:109} INFO - [2022-02-26 23:42:36,913] {dagbag.py:500} INFO - Filling up the DagBag from /Users/andyhsu/Desktop/airflow_tutorial/airflow/dags/download_stock_price_ver2.py
[2022-02-26 23:42:37,122] {processor.py:654} INFO - DAG(s) dict_keys(['Download_Stock_Price_ver2']) retrieved from /Users/andyhsu/Desktop/airflow_tutorial/airflow/dags/download_stock_price_ver2.py
[2022-02-26 23:42:37,161] {logging_mixin.py:109} INFO - [2022-02-26 23:42:37,161] {dag.py:2396} INFO - Sync 1 DAGs
[2022-02-26 23:42:37,165] {logging_mixin.py:109} INFO - [2022-02-26 23:42:37,165] {dag.py:2935} INFO - Setting next_dagrun for Download_Stock_Price_ver2 to 2022-02-24T00:00:00+00:00
[2022-02-26 23:42:37,168] {processor.py:171} INFO - Processing /Users/andyhsu/Desktop/airflow_tutorial/airflow/dags/download_stock_price_ver2.py took 0.256 seconds
